
Load existing NView match, begin...
Load temp.nvm...

Loading 334 3D points...
Loading temp.0.ply, 302 vertices ...
You can view existing dense reconstructions
by using Menu "View->Dense 3D Points"
# images loaded:	210
**************************************
Change the number of pixel-loaded images by 
modifying param_visual_data_budget in nv.ini
Use the PAUSE button to skip the pixel loading
**************************************
Loading image pixel data ...done in 0s
Loading matching records ...done in 0s
----------------------------------------------------------------
Load existing NView match, finished
Totally 1.000 seconds used

0: 24
image_size:	82x176
#sift count:	192

