Program called with the following parameters:
 * downscale = 2
 * exportIntermediateResults = 0
 * imagesFolder = "D:/Automated-3D-Modeling-Project/Demonstration-for-regular-meeting/7.27/1time-40frame/meshroom/MeshroomCache/PrepareDenseScene/1b7c289090f76d11b5333f361f4d7251face5446"
 * input = "D:/Automated-3D-Modeling-Project/Demonstration-for-regular-meeting/7.27/1time-40frame/meshroom/MeshroomCache/StructureFromMotion/824c4768f7ef1555379779a33d8570d739f96deb/sfm.abc"
 * maxViewAngle = 70
 * minViewAngle = 2
 * nbGPUs = 0
 * output = "D:/Automated-3D-Modeling-Project/Demonstration-for-regular-meeting/7.27/1time-40frame/meshroom/MeshroomCache/DepthMap/62279136e0205f6561bd3211d3031e2b2d69128d"
 * rangeSize = 3
 * rangeStart = 0
 * refineGammaC = 15.5
 * refineGammaP = 8
 * refineMaxTCams = 6
 * refineNDepthsToRefine = 31
 * refineNSamplesHalf = 150
 * refineNiters = 100
 * refineSigma = 15
 * refineUseTcOrRcPixSize = 0
 * refineWSH = 3
 * sgmGammaC = 5.5
 * sgmGammaP = 8
 * sgmMaxTCams = 10
 * sgmWSH = 4
 * verboseLevel = "info"

[01:36:39.541437][info] CUDA-Enabled GPU.
Device information:
	- id:                      0
	- name:                    GeForce RTX 2070 SUPER
	- compute capability:      7.5
	- total device memory:     8192 MB 
	- device memory available: 6688 MB 
	- per-block shared memory: 49152
	- warp size:               32
	- max threads per block:   1024
	- max threads per SM(X):   1024
	- max block sizes:         {1024,1024,64}
	- max grid sizes:          {2147483647,65535,65535}
	- max 2D array texture:    {131072,65536}
	- max 3D array texture:    {16384,16384,16384}
	- max 2D linear texture:   {131072,65000,2097120}
	- max 2D layered texture:  {32768,32768,2048}
	- number of SM(x)s:        40
	- registers per SM(x):     65536
	- registers per block:     65536
	- concurrent kernels:      yes
	- mapping host memory:     yes
	- unified addressing:      yes
	- texture alignment:       512 byte
	- pitch alignment:         32 byte

[01:36:39.841092][info] Supported CUDA-Enabled GPU detected.
[01:36:39.857092][info] Found 45 image dimension(s): 
[01:36:39.857092][info] 	- [153x1080]
[01:36:39.857092][info] 	- [247x996]
[01:36:39.857092][info] 	- [283x995]
[01:36:39.857092][info] 	- [320x1030]
[01:36:39.857092][info] 	- [351x972]
[01:36:39.857092][info] 	- [354x942]
[01:36:39.857092][info] 	- [387x1016]
[01:36:39.857092][info] 	- [390x976]
[01:36:39.857092][info] 	- [411x999]
[01:36:39.857092][info] 	- [414x1057]
[01:36:39.857092][info] 	- [419x1080]
[01:36:39.857092][info] 	- [422x1033]
[01:36:39.857092][info] 	- [426x1044]
[01:36:39.857092][info] 	- [429x1058]
[01:36:39.857092][info] 	- [438x1035]
[01:36:39.857092][info] 	- [444x1051]
[01:36:39.857092][info] 	- [450x1080]
[01:36:39.857092][info] 	- [454x1080]
[01:36:39.857092][info] 	- [456x1080]
[01:36:39.857092][info] 	- [462x1080]
[01:36:39.857092][info] 	- [468x1080]
[01:36:39.857092][info] 	- [477x1032]
[01:36:39.857092][info] 	- [501x1080]
[01:36:39.857092][info] 	- [504x1080]
[01:36:39.857092][info] 	- [511x1080]
[01:36:39.857092][info] 	- [513x1080]
[01:36:39.857092][info] 	- [519x1080]
[01:36:39.857092][info] 	- [522x1080]
[01:36:39.857092][info] 	- [525x1080]
[01:36:39.857092][info] 	- [546x1080]
[01:36:39.857092][info] 	- [555x1080]
[01:36:39.857092][info] 	- [556x1080]
[01:36:39.857092][info] 	- [570x1080]
[01:36:39.857092][info] 	- [579x1080]
[01:36:39.857092][info] 	- [582x1080]
[01:36:39.857092][info] 	- [588x1080]
[01:36:39.857092][info] 	- [594x1080]
[01:36:39.857092][info] 	- [597x1080]
[01:36:39.857092][info] 	- [606x1080]
[01:36:39.857092][info] 	- [612x1080]
[01:36:39.857092][info] 	- [615x1080]
[01:36:39.857092][info] 	- [621x1080]
[01:36:39.857092][info] 	- [639x1080]
[01:36:39.857092][info] 	- [642x1080]
[01:36:39.857092][info] 	- [660x1080]
[01:36:39.924091][info] Overall maximum dimension: [660x1080]
[01:36:39.924091][info] Create depth maps.
number of CUDA devices:	1
   0: GeForce RTX 2070 SUPER
[01:36:39.924091][info] # GPU devices: 1, # CPU threads: 16
[01:36:39.925090][info] Plane sweeping parameters:
	- scale: 2
	- step: 1
[01:36:39.925090][info] PlaneSweepingCuda:
	- _nImgsInGPUAtTime: 29
	- scales: 2
	- subPixel: Yes
	- varianceWSH: 4
CUDA device no 0 for 0
Device 0 memory - used: 1503.962524, free: 6688.037598, total: 8192.000000
Device 0 memory - used: 1620.962524, free: 6571.037598, total: 8192.000000
[01:36:40.242084][info] Estimate depth map, view id: 4006058
Device 0 memory - used: 1639.025024, free: 6552.975098, total: 8192.000000
total size of volume map in GPU memory: 18.015137
nDepths 157, nDepthsToSearch 157 
ps_computeSimilarityVolume elapsed time: 2.000000 ms 
Device 0 memory - used: 1636.962524, free: 6555.037598, total: 8192.000000
total size of volume map in GPU memory: 15.949707
nDepths 139, nDepthsToSearch 139 
ps_computeSimilarityVolume elapsed time: 2.000000 ms 
Device 0 memory - used: 1640.587524, free: 6551.412598, total: 8192.000000
total size of volume map in GPU memory: 19.621582
nDepths 171, nDepthsToSearch 171 
ps_computeSimilarityVolume elapsed time: 3.000000 ms 
Device 0 memory - used: 1636.962524, free: 6555.037598, total: 8192.000000
total size of volume map in GPU memory: 15.949707
nDepths 139, nDepthsToSearch 139 
ps_computeSimilarityVolume elapsed time: 2.000000 ms 
Device 0 memory - used: 1637.650024, free: 6554.350098, total: 8192.000000
total size of volume map in GPU memory: 16.638184
nDepths 145, nDepthsToSearch 145 
ps_computeSimilarityVolume elapsed time: 2.000000 ms 
Device 0 memory - used: 1637.400024, free: 6554.600098, total: 8192.000000
total size of volume map in GPU memory: 16.408691
nDepths 143, nDepthsToSearch 143 
ps_computeSimilarityVolume elapsed time: 2.000000 ms 
Device 0 memory - used: 1636.962524, free: 6555.037598, total: 8192.000000
total size of volume map in GPU memory: 15.949707
nDepths 139, nDepthsToSearch 139 
ps_computeSimilarityVolume elapsed time: 2.000000 ms 
Device 0 memory - used: 1636.275024, free: 6555.725098, total: 8192.000000
total size of volume map in GPU memory: 15.261230
nDepths 133, nDepthsToSearch 133 
ps_computeSimilarityVolume elapsed time: 2.000000 ms 
Device 0 memory - used: 1636.462524, free: 6555.537598, total: 8192.000000
total size of volume map in GPU memory: 15.490723
nDepths 135, nDepthsToSearch 135 
ps_computeSimilarityVolume elapsed time: 1.000000 ms 
Device 0 memory - used: 1635.337524, free: 6556.662598, total: 8192.000000
total size of volume map in GPU memory: 14.343262
nDepths 125, nDepthsToSearch 125 
ps_computeSimilarityVolume elapsed time: 1.000000 ms 
ps_SGMoptimizeSimVolume
ps_updateAggrVolume
ps_aggregatePathVolume
ps_aggregatePathVolume done
ps_updateAggrVolume done
ps_updateAggrVolume
ps_aggregatePathVolume
ps_aggregatePathVolume done
ps_updateAggrVolume done
ps_updateAggrVolume
ps_aggregatePathVolume
ps_aggregatePathVolume done
ps_updateAggrVolume done
ps_updateAggrVolume
ps_aggregatePathVolume
ps_aggregatePathVolume done
ps_updateAggrVolume done
SGM volume gpu elapsed time: 37.000000 ms 
ps_SGMoptimizeSimVolume done
[01:36:40.619086][info] Refine depth map, view id: 4006058
gpu elapsed time: 7.000000 ms 
gpu elapsed time: 6.000000 ms 
gpu elapsed time: 5.000000 ms 
gpu elapsed time: 3.000000 ms 
gpu elapsed time: 4.000000 ms 
gpu elapsed time: 7.000000 ms 
gpu elapsed time: 6.000000 ms 
gpu elapsed time: 6.000000 ms 
gpu elapsed time: 5.000000 ms 
gpu elapsed time: 8.000000 ms 
gpu elapsed time: 3.000000 ms 
gpu elapsed time: 3.000000 ms 
gpu elapsed time: 6.000000 ms 
gpu elapsed time: 7.000000 ms 
gpu elapsed time: 5.000000 ms 
gpu elapsed time: 3.000000 ms 
gpu elapsed time: 4.000000 ms 
gpu elapsed time: 5.000000 ms 
gpu elapsed time: 7.000000 ms 
gpu elapsed time: 4.000000 ms 
gpu elapsed time: 5.000000 ms 
gpu elapsed time: 6.000000 ms 
gpu elapsed time: 5.000000 ms 
gpu elapsed time: 5.000000 ms 
gpu elapsed time: 11.000000 ms 
gpu elapsed time: 17.000000 ms 
gpu elapsed time: 9.000000 ms 
gpu elapsed time: 9.000000 ms 
rc: 0, gpu elapsed time: 4.000000 ms 
rc: 0, gpu elapsed time: 3.000000 ms 
rc: 0, gpu elapsed time: 2.000000 ms 
rc: 0, gpu elapsed time: 3.000000 ms 
[01:36:41.287090][info] Estimate depth map, view id: 26080133
Device 0 memory - used: 1648.400024, free: 6543.600098, total: 8192.000000
total size of volume map in GPU memory: 27.421875
nDepths 208, nDepthsToSearch 208 
ps_computeSimilarityVolume elapsed time: 2.000000 ms 
Device 0 memory - used: 1648.650024, free: 6543.350098, total: 8192.000000
total size of volume map in GPU memory: 27.685547
nDepths 210, nDepthsToSearch 210 
ps_computeSimilarityVolume elapsed time: 4.000000 ms 
Device 0 memory - used: 1646.150024, free: 6545.850098, total: 8192.000000
total size of volume map in GPU memory: 25.180664
nDepths 191, nDepthsToSearch 191 
ps_computeSimilarityVolume elapsed time: 3.000000 ms 
Device 0 memory - used: 1646.462524, free: 6545.537598, total: 8192.000000
total size of volume map in GPU memory: 25.444336
nDepths 193, nDepthsToSearch 193 
ps_computeSimilarityVolume elapsed time: 2.000000 ms 
Device 0 memory - used: 1646.462524, free: 6545.537598, total: 8192.000000
total size of volume map in GPU memory: 25.444336
nDepths 193, nDepthsToSearch 193 
ps_computeSimilarityVolume elapsed time: 2.000000 ms 
Device 0 memory - used: 1644.212524, free: 6547.787598, total: 8192.000000
total size of volume map in GPU memory: 23.203125
nDepths 176, nDepthsToSearch 176 
ps_computeSimilarityVolume elapsed time: 2.000000 ms 
Device 0 memory - used: 1644.712524, free: 6547.287598, total: 8192.000000
total size of volume map in GPU memory: 23.730469
nDepths 180, nDepthsToSearch 180 
ps_computeSimilarityVolume elapsed time: 2.000000 ms 
Device 0 memory - used: 1642.337524, free: 6549.662598, total: 8192.000000
total size of volume map in GPU memory: 21.357422
nDepths 162, nDepthsToSearch 162 
ps_computeSimilarityVolume elapsed time: 2.000000 ms 
Device 0 memory - used: 1640.900024, free: 6551.100098, total: 8192.000000
total size of volume map in GPU memory: 19.907227
nDepths 151, nDepthsToSearch 151 
ps_computeSimilarityVolume elapsed time: 2.000000 ms 
Device 0 memory - used: 1641.025024, free: 6550.975098, total: 8192.000000
total size of volume map in GPU memory: 20.039063
nDepths 152, nDepthsToSearch 152 
ps_computeSimilarityVolume elapsed time: 2.000000 ms 
ps_SGMoptimizeSimVolume
ps_updateAggrVolume
ps_aggregatePathVolume
ps_aggregatePathVolume done
ps_updateAggrVolume done
ps_updateAggrVolume
ps_aggregatePathVolume
ps_aggregatePathVolume done
ps_updateAggrVolume done
ps_updateAggrVolume
ps_aggregatePathVolume
ps_aggregatePathVolume done
ps_updateAggrVolume done
ps_updateAggrVolume
ps_aggregatePathVolume
ps_aggregatePathVolume done
ps_updateAggrVolume done
SGM volume gpu elapsed time: 53.000000 ms 
ps_SGMoptimizeSimVolume done
[01:36:41.996091][info] Refine depth map, view id: 26080133
gpu elapsed time: 7.000000 ms 
gpu elapsed time: 6.000000 ms 
gpu elapsed time: 8.000000 ms 
gpu elapsed time: 6.000000 ms 
gpu elapsed time: 6.000000 ms 
gpu elapsed time: 8.000000 ms 
gpu elapsed time: 6.000000 ms 
gpu elapsed time: 6.000000 ms 
gpu elapsed time: 6.000000 ms 
gpu elapsed time: 9.000000 ms 
gpu elapsed time: 6.000000 ms 
gpu elapsed time: 6.000000 ms 
gpu elapsed time: 7.000000 ms 
gpu elapsed time: 6.000000 ms 
gpu elapsed time: 6.000000 ms 
gpu elapsed time: 7.000000 ms 
gpu elapsed time: 8.000000 ms 
gpu elapsed time: 7.000000 ms 
gpu elapsed time: 6.000000 ms 
gpu elapsed time: 6.000000 ms 
gpu elapsed time: 8.000000 ms 
gpu elapsed time: 7.000000 ms 
gpu elapsed time: 6.000000 ms 
gpu elapsed time: 7.000000 ms 
gpu elapsed time: 22.000000 ms 
gpu elapsed time: 10.000000 ms 
gpu elapsed time: 9.000000 ms 
gpu elapsed time: 10.000000 ms 
rc: 1, gpu elapsed time: 3.000000 ms 
rc: 1, gpu elapsed time: 4.000000 ms 
rc: 1, gpu elapsed time: 4.000000 ms 
rc: 1, gpu elapsed time: 5.000000 ms 
[01:36:42.448093][info] Estimate depth map, view id: 56196414
Device 0 memory - used: 1648.275024, free: 6543.725098, total: 8192.000000
total size of volume map in GPU memory: 27.290039
nDepths 207, nDepthsToSearch 207 
ps_computeSimilarityVolume elapsed time: 2.000000 ms 
Device 0 memory - used: 1643.525024, free: 6548.475098, total: 8192.000000
total size of volume map in GPU memory: 22.543945
nDepths 171, nDepthsToSearch 171 
ps_computeSimilarityVolume elapsed time: 5.000000 ms 
Device 0 memory - used: 1644.462524, free: 6547.537598, total: 8192.000000
total size of volume map in GPU memory: 23.466797
nDepths 178, nDepthsToSearch 178 
ps_computeSimilarityVolume elapsed time: 2.000000 ms 
Device 0 memory - used: 1640.525024, free: 6551.475098, total: 8192.000000
total size of volume map in GPU memory: 19.511719
nDepths 148, nDepthsToSearch 148 
ps_computeSimilarityVolume elapsed time: 2.000000 ms 
Device 0 memory - used: 1643.025024, free: 6548.975098, total: 8192.000000
total size of volume map in GPU memory: 22.016602
nDepths 167, nDepthsToSearch 167 
ps_computeSimilarityVolume elapsed time: 3.000000 ms 
Device 0 memory - used: 1648.650024, free: 6543.350098, total: 8192.000000
total size of volume map in GPU memory: 27.685547
nDepths 210, nDepthsToSearch 210 
ps_computeSimilarityVolume elapsed time: 2.000000 ms 
Device 0 memory - used: 1647.775024, free: 6544.225098, total: 8192.000000
total size of volume map in GPU memory: 26.762695
nDepths 203, nDepthsToSearch 203 
ps_computeSimilarityVolume elapsed time: 3.000000 ms 
Device 0 memory - used: 1643.275024, free: 6548.725098, total: 8192.000000
total size of volume map in GPU memory: 22.280273
nDepths 169, nDepthsToSearch 169 
ps_computeSimilarityVolume elapsed time: 3.000000 ms 
Device 0 memory - used: 1646.712524, free: 6545.287598, total: 8192.000000
total size of volume map in GPU memory: 25.708008
nDepths 195, nDepthsToSearch 195 
ps_computeSimilarityVolume elapsed time: 2.000000 ms 
Device 0 memory - used: 1643.962524, free: 6548.037598, total: 8192.000000
total size of volume map in GPU memory: 22.939453
nDepths 174, nDepthsToSearch 174 
ps_computeSimilarityVolume elapsed time: 2.000000 ms 
ps_SGMoptimizeSimVolume
ps_updateAggrVolume
ps_aggregatePathVolume
ps_aggregatePathVolume done
ps_updateAggrVolume done
ps_updateAggrVolume
ps_aggregatePathVolume
ps_aggregatePathVolume done
ps_updateAggrVolume done
ps_updateAggrVolume
ps_aggregatePathVolume
ps_aggregatePathVolume done
ps_updateAggrVolume done
ps_updateAggrVolume
ps_aggregatePathVolume
ps_aggregatePathVolume done
ps_updateAggrVolume done
SGM volume gpu elapsed time: 63.000000 ms 
ps_SGMoptimizeSimVolume done
[01:36:43.232099][info] Refine depth map, view id: 56196414
gpu elapsed time: 9.000000 ms 
gpu elapsed time: 9.000000 ms 
gpu elapsed time: 8.000000 ms 
gpu elapsed time: 7.000000 ms 
gpu elapsed time: 9.000000 ms 
gpu elapsed time: 9.000000 ms 
gpu elapsed time: 11.000000 ms 
gpu elapsed time: 7.000000 ms 
gpu elapsed time: 6.000000 ms 
gpu elapsed time: 11.000000 ms 
gpu elapsed time: 9.000000 ms 
gpu elapsed time: 9.000000 ms 
gpu elapsed time: 11.000000 ms 
gpu elapsed time: 8.000000 ms 
gpu elapsed time: 10.000000 ms 
gpu elapsed time: 8.000000 ms 
gpu elapsed time: 7.000000 ms 
gpu elapsed time: 11.000000 ms 
gpu elapsed time: 9.000000 ms 
gpu elapsed time: 8.000000 ms 
gpu elapsed time: 10.000000 ms 
gpu elapsed time: 9.000000 ms 
gpu elapsed time: 11.000000 ms 
gpu elapsed time: 7.000000 ms 
gpu elapsed time: 20.000000 ms 
gpu elapsed time: 11.000000 ms 
gpu elapsed time: 13.000000 ms 
gpu elapsed time: 12.000000 ms 
rc: 2, gpu elapsed time: 5.000000 ms 
rc: 2, gpu elapsed time: 4.000000 ms 
rc: 2, gpu elapsed time: 4.000000 ms 
rc: 2, gpu elapsed time: 4.000000 ms 
[01:36:43.693098][info] Task done in (s): 4.153000
