Program called with the following parameters:
 * downscale = 2
 * exportIntermediateResults = 0
 * imagesFolder = "D:/Automated-3D-Modeling-Project/Demonstration-for-regular-meeting/7.27/1time-40frame/meshroom/MeshroomCache/PrepareDenseScene/1b7c289090f76d11b5333f361f4d7251face5446"
 * input = "D:/Automated-3D-Modeling-Project/Demonstration-for-regular-meeting/7.27/1time-40frame/meshroom/MeshroomCache/StructureFromMotion/824c4768f7ef1555379779a33d8570d739f96deb/sfm.abc"
 * maxViewAngle = 70
 * minViewAngle = 2
 * nbGPUs = 0
 * output = "D:/Automated-3D-Modeling-Project/Demonstration-for-regular-meeting/7.27/1time-40frame/meshroom/MeshroomCache/DepthMap/62279136e0205f6561bd3211d3031e2b2d69128d"
 * rangeSize = 3
 * rangeStart = 39
 * refineGammaC = 15.5
 * refineGammaP = 8
 * refineMaxTCams = 6
 * refineNDepthsToRefine = 31
 * refineNSamplesHalf = 150
 * refineNiters = 100
 * refineSigma = 15
 * refineUseTcOrRcPixSize = 0
 * refineWSH = 3
 * sgmGammaC = 5.5
 * sgmGammaP = 8
 * sgmMaxTCams = 10
 * sgmWSH = 4
 * verboseLevel = "info"

[01:37:35.252393][info] CUDA-Enabled GPU.
Device information:
	- id:                      0
	- name:                    GeForce RTX 2070 SUPER
	- compute capability:      7.5
	- total device memory:     8192 MB 
	- device memory available: 6688 MB 
	- per-block shared memory: 49152
	- warp size:               32
	- max threads per block:   1024
	- max threads per SM(X):   1024
	- max block sizes:         {1024,1024,64}
	- max grid sizes:          {2147483647,65535,65535}
	- max 2D array texture:    {131072,65536}
	- max 3D array texture:    {16384,16384,16384}
	- max 2D linear texture:   {131072,65000,2097120}
	- max 2D layered texture:  {32768,32768,2048}
	- number of SM(x)s:        40
	- registers per SM(x):     65536
	- registers per block:     65536
	- concurrent kernels:      yes
	- mapping host memory:     yes
	- unified addressing:      yes
	- texture alignment:       512 byte
	- pitch alignment:         32 byte

[01:37:35.437398][info] Supported CUDA-Enabled GPU detected.
[01:37:35.450395][info] Found 45 image dimension(s): 
[01:37:35.451395][info] 	- [153x1080]
[01:37:35.451395][info] 	- [247x996]
[01:37:35.451395][info] 	- [283x995]
[01:37:35.451395][info] 	- [320x1030]
[01:37:35.451395][info] 	- [351x972]
[01:37:35.451395][info] 	- [354x942]
[01:37:35.451395][info] 	- [387x1016]
[01:37:35.451395][info] 	- [390x976]
[01:37:35.451395][info] 	- [411x999]
[01:37:35.451395][info] 	- [414x1057]
[01:37:35.451395][info] 	- [419x1080]
[01:37:35.451395][info] 	- [422x1033]
[01:37:35.451395][info] 	- [426x1044]
[01:37:35.451395][info] 	- [429x1058]
[01:37:35.451395][info] 	- [438x1035]
[01:37:35.451395][info] 	- [444x1051]
[01:37:35.451395][info] 	- [450x1080]
[01:37:35.451395][info] 	- [454x1080]
[01:37:35.451395][info] 	- [456x1080]
[01:37:35.451395][info] 	- [462x1080]
[01:37:35.451395][info] 	- [468x1080]
[01:37:35.451395][info] 	- [477x1032]
[01:37:35.451395][info] 	- [501x1080]
[01:37:35.451395][info] 	- [504x1080]
[01:37:35.451395][info] 	- [511x1080]
[01:37:35.451395][info] 	- [513x1080]
[01:37:35.451395][info] 	- [519x1080]
[01:37:35.451395][info] 	- [522x1080]
[01:37:35.451395][info] 	- [525x1080]
[01:37:35.451395][info] 	- [546x1080]
[01:37:35.451395][info] 	- [555x1080]
[01:37:35.451395][info] 	- [556x1080]
[01:37:35.451395][info] 	- [570x1080]
[01:37:35.451395][info] 	- [579x1080]
[01:37:35.451395][info] 	- [582x1080]
[01:37:35.451395][info] 	- [588x1080]
[01:37:35.451395][info] 	- [594x1080]
[01:37:35.451395][info] 	- [597x1080]
[01:37:35.451395][info] 	- [606x1080]
[01:37:35.451395][info] 	- [612x1080]
[01:37:35.451395][info] 	- [615x1080]
[01:37:35.451395][info] 	- [621x1080]
[01:37:35.451395][info] 	- [639x1080]
[01:37:35.451395][info] 	- [642x1080]
[01:37:35.451395][info] 	- [660x1080]
[01:37:35.490398][info] Overall maximum dimension: [660x1080]
[01:37:35.490398][info] Create depth maps.
number of CUDA devices:	1
   0: GeForce RTX 2070 SUPER
[01:37:35.490398][info] # GPU devices: 1, # CPU threads: 16
[01:37:35.490398][info] Plane sweeping parameters:
	- scale: 2
	- step: 1
[01:37:35.490398][info] PlaneSweepingCuda:
	- _nImgsInGPUAtTime: 29
	- scales: 2
	- subPixel: Yes
	- varianceWSH: 4
CUDA device no 0 for 0
Device 0 memory - used: 1503.962524, free: 6688.037598, total: 8192.000000
Device 0 memory - used: 1620.962524, free: 6571.037598, total: 8192.000000
[01:37:35.884393][info] Estimate depth map, view id: 1676500074
Device 0 memory - used: 1643.525024, free: 6548.475098, total: 8192.000000
total size of volume map in GPU memory: 22.543945
nDepths 171, nDepthsToSearch 171 
ps_computeSimilarityVolume elapsed time: 2.000000 ms 
Device 0 memory - used: 1641.150024, free: 6550.850098, total: 8192.000000
total size of volume map in GPU memory: 20.170898
nDepths 153, nDepthsToSearch 153 
ps_computeSimilarityVolume elapsed time: 4.000000 ms 
Device 0 memory - used: 1644.962524, free: 6547.037598, total: 8192.000000
total size of volume map in GPU memory: 23.994141
nDepths 182, nDepthsToSearch 182 
ps_computeSimilarityVolume elapsed time: 2.000000 ms 
Device 0 memory - used: 1642.587524, free: 6549.412598, total: 8192.000000
total size of volume map in GPU memory: 21.621094
nDepths 164, nDepthsToSearch 164 
ps_computeSimilarityVolume elapsed time: 3.000000 ms 
Device 0 memory - used: 1642.775024, free: 6549.225098, total: 8192.000000
total size of volume map in GPU memory: 21.752930
nDepths 165, nDepthsToSearch 165 
ps_computeSimilarityVolume elapsed time: 2.000000 ms 
Device 0 memory - used: 1645.150024, free: 6546.850098, total: 8192.000000
total size of volume map in GPU memory: 24.125977
nDepths 183, nDepthsToSearch 183 
ps_computeSimilarityVolume elapsed time: 2.000000 ms 
Device 0 memory - used: 1639.025024, free: 6552.975098, total: 8192.000000
total size of volume map in GPU memory: 18.061523
nDepths 137, nDepthsToSearch 137 
ps_computeSimilarityVolume elapsed time: 2.000000 ms 
Device 0 memory - used: 1643.400024, free: 6548.600098, total: 8192.000000
total size of volume map in GPU memory: 22.412109
nDepths 170, nDepthsToSearch 170 
ps_computeSimilarityVolume elapsed time: 2.000000 ms 
Device 0 memory - used: 1641.150024, free: 6550.850098, total: 8192.000000
total size of volume map in GPU memory: 20.170898
nDepths 153, nDepthsToSearch 153 
ps_computeSimilarityVolume elapsed time: 2.000000 ms 
Device 0 memory - used: 1644.462524, free: 6547.537598, total: 8192.000000
total size of volume map in GPU memory: 23.466797
nDepths 178, nDepthsToSearch 178 
ps_computeSimilarityVolume elapsed time: 2.000000 ms 
ps_SGMoptimizeSimVolume
ps_updateAggrVolume
ps_aggregatePathVolume
ps_aggregatePathVolume done
ps_updateAggrVolume done
ps_updateAggrVolume
ps_aggregatePathVolume
ps_aggregatePathVolume done
ps_updateAggrVolume done
ps_updateAggrVolume
ps_aggregatePathVolume
ps_aggregatePathVolume done
ps_updateAggrVolume done
ps_updateAggrVolume
ps_aggregatePathVolume
ps_aggregatePathVolume done
ps_updateAggrVolume done
SGM volume gpu elapsed time: 51.000000 ms 
ps_SGMoptimizeSimVolume done
[01:37:36.659398][info] Refine depth map, view id: 1676500074
gpu elapsed time: 7.000000 ms 
gpu elapsed time: 9.000000 ms 
gpu elapsed time: 10.000000 ms 
gpu elapsed time: 9.000000 ms 
gpu elapsed time: 8.000000 ms 
gpu elapsed time: 11.000000 ms 
gpu elapsed time: 9.000000 ms 
gpu elapsed time: 7.000000 ms 
gpu elapsed time: 7.000000 ms 
gpu elapsed time: 8.000000 ms 
gpu elapsed time: 11.000000 ms 
gpu elapsed time: 7.000000 ms 
gpu elapsed time: 7.000000 ms 
gpu elapsed time: 11.000000 ms 
gpu elapsed time: 8.000000 ms 
gpu elapsed time: 9.000000 ms 
gpu elapsed time: 8.000000 ms 
gpu elapsed time: 9.000000 ms 
gpu elapsed time: 9.000000 ms 
gpu elapsed time: 8.000000 ms 
gpu elapsed time: 6.000000 ms 
gpu elapsed time: 7.000000 ms 
gpu elapsed time: 8.000000 ms 
gpu elapsed time: 7.000000 ms 
gpu elapsed time: 27.000000 ms 
gpu elapsed time: 12.000000 ms 
gpu elapsed time: 11.000000 ms 
gpu elapsed time: 11.000000 ms 
rc: 39, gpu elapsed time: 4.000000 ms 
rc: 39, gpu elapsed time: 4.000000 ms 
rc: 39, gpu elapsed time: 4.000000 ms 
rc: 39, gpu elapsed time: 4.000000 ms 
[01:37:37.316400][info] Estimate depth map, view id: 1704613598
Device 0 memory - used: 1633.462524, free: 6558.537598, total: 8192.000000
total size of volume map in GPU memory: 12.471680
nDepths 99, nDepthsToSearch 99 
ps_computeSimilarityVolume elapsed time: 2.000000 ms 
Device 0 memory - used: 1640.650024, free: 6551.350098, total: 8192.000000
total size of volume map in GPU memory: 19.652344
nDepths 156, nDepthsToSearch 156 
ps_computeSimilarityVolume elapsed time: 4.000000 ms 
Device 0 memory - used: 1639.525024, free: 6552.475098, total: 8192.000000
total size of volume map in GPU memory: 18.518555
nDepths 147, nDepthsToSearch 147 
ps_computeSimilarityVolume elapsed time: 2.000000 ms 
Device 0 memory - used: 1637.525024, free: 6554.475098, total: 8192.000000
total size of volume map in GPU memory: 16.502930
nDepths 131, nDepthsToSearch 131 
ps_computeSimilarityVolume elapsed time: 2.000000 ms 
Device 0 memory - used: 1640.275024, free: 6551.725098, total: 8192.000000
total size of volume map in GPU memory: 19.274414
nDepths 153, nDepthsToSearch 153 
ps_computeSimilarityVolume elapsed time: 3.000000 ms 
Device 0 memory - used: 1641.650024, free: 6550.350098, total: 8192.000000
total size of volume map in GPU memory: 20.660156
nDepths 164, nDepthsToSearch 164 
ps_computeSimilarityVolume elapsed time: 2.000000 ms 
Device 0 memory - used: 1643.900024, free: 6548.100098, total: 8192.000000
total size of volume map in GPU memory: 22.927734
nDepths 182, nDepthsToSearch 182 
ps_computeSimilarityVolume elapsed time: 2.000000 ms 
Device 0 memory - used: 1641.275024, free: 6550.725098, total: 8192.000000
total size of volume map in GPU memory: 20.282227
nDepths 161, nDepthsToSearch 161 
ps_computeSimilarityVolume elapsed time: 2.000000 ms 
Device 0 memory - used: 1644.400024, free: 6547.600098, total: 8192.000000
total size of volume map in GPU memory: 23.431641
nDepths 186, nDepthsToSearch 186 
ps_computeSimilarityVolume elapsed time: 2.000000 ms 
Device 0 memory - used: 1644.525024, free: 6547.475098, total: 8192.000000
total size of volume map in GPU memory: 23.557617
nDepths 187, nDepthsToSearch 187 
ps_computeSimilarityVolume elapsed time: 2.000000 ms 
ps_SGMoptimizeSimVolume
ps_updateAggrVolume
ps_aggregatePathVolume
ps_aggregatePathVolume done
ps_updateAggrVolume done
ps_updateAggrVolume
ps_aggregatePathVolume
ps_aggregatePathVolume done
ps_updateAggrVolume done
ps_updateAggrVolume
ps_aggregatePathVolume
ps_aggregatePathVolume done
ps_updateAggrVolume done
ps_updateAggrVolume
ps_aggregatePathVolume
ps_aggregatePathVolume done
ps_updateAggrVolume done
SGM volume gpu elapsed time: 50.000000 ms 
ps_SGMoptimizeSimVolume done
[01:37:37.890403][info] Refine depth map, view id: 1704613598
gpu elapsed time: 6.000000 ms 
gpu elapsed time: 6.000000 ms 
gpu elapsed time: 7.000000 ms 
gpu elapsed time: 7.000000 ms 
gpu elapsed time: 6.000000 ms 
gpu elapsed time: 6.000000 ms 
gpu elapsed time: 7.000000 ms 
gpu elapsed time: 6.000000 ms 
gpu elapsed time: 7.000000 ms 
gpu elapsed time: 7.000000 ms 
gpu elapsed time: 7.000000 ms 
gpu elapsed time: 7.000000 ms 
gpu elapsed time: 8.000000 ms 
gpu elapsed time: 8.000000 ms 
gpu elapsed time: 7.000000 ms 
gpu elapsed time: 11.000000 ms 
gpu elapsed time: 6.000000 ms 
gpu elapsed time: 7.000000 ms 
gpu elapsed time: 7.000000 ms 
gpu elapsed time: 8.000000 ms 
gpu elapsed time: 5.000000 ms 
gpu elapsed time: 7.000000 ms 
gpu elapsed time: 9.000000 ms 
gpu elapsed time: 7.000000 ms 
gpu elapsed time: 19.000000 ms 
gpu elapsed time: 12.000000 ms 
gpu elapsed time: 10.000000 ms 
gpu elapsed time: 10.000000 ms 
rc: 40, gpu elapsed time: 3.000000 ms 
rc: 40, gpu elapsed time: 3.000000 ms 
rc: 40, gpu elapsed time: 3.000000 ms 
rc: 40, gpu elapsed time: 3.000000 ms 
[01:37:38.413403][info] Estimate depth map, view id: 1757274528
Device 0 memory - used: 1641.150024, free: 6550.850098, total: 8192.000000
total size of volume map in GPU memory: 20.170898
nDepths 153, nDepthsToSearch 153 
ps_computeSimilarityVolume elapsed time: 3.000000 ms 
Device 0 memory - used: 1642.087524, free: 6549.912598, total: 8192.000000
total size of volume map in GPU memory: 21.093750
nDepths 160, nDepthsToSearch 160 
ps_computeSimilarityVolume elapsed time: 6.000000 ms 
Device 0 memory - used: 1637.837524, free: 6554.162598, total: 8192.000000
total size of volume map in GPU memory: 16.875000
nDepths 128, nDepthsToSearch 128 
ps_computeSimilarityVolume elapsed time: 2.000000 ms 
Device 0 memory - used: 1639.962524, free: 6552.037598, total: 8192.000000
total size of volume map in GPU memory: 18.984375
nDepths 144, nDepthsToSearch 144 
ps_computeSimilarityVolume elapsed time: 2.000000 ms 
Device 0 memory - used: 1641.275024, free: 6550.725098, total: 8192.000000
total size of volume map in GPU memory: 20.302734
nDepths 154, nDepthsToSearch 154 
ps_computeSimilarityVolume elapsed time: 2.000000 ms 
Device 0 memory - used: 1643.025024, free: 6548.975098, total: 8192.000000
total size of volume map in GPU memory: 22.016602
nDepths 167, nDepthsToSearch 167 
ps_computeSimilarityVolume elapsed time: 2.000000 ms 
Device 0 memory - used: 1643.275024, free: 6548.725098, total: 8192.000000
total size of volume map in GPU memory: 22.280273
nDepths 169, nDepthsToSearch 169 
ps_computeSimilarityVolume elapsed time: 2.000000 ms 
Device 0 memory - used: 1643.525024, free: 6548.475098, total: 8192.000000
total size of volume map in GPU memory: 22.543945
nDepths 171, nDepthsToSearch 171 
ps_computeSimilarityVolume elapsed time: 2.000000 ms 
Device 0 memory - used: 1643.275024, free: 6548.725098, total: 8192.000000
total size of volume map in GPU memory: 22.280273
nDepths 169, nDepthsToSearch 169 
ps_computeSimilarityVolume elapsed time: 2.000000 ms 
Device 0 memory - used: 1641.025024, free: 6550.975098, total: 8192.000000
total size of volume map in GPU memory: 20.039063
nDepths 152, nDepthsToSearch 152 
ps_computeSimilarityVolume elapsed time: 2.000000 ms 
ps_SGMoptimizeSimVolume
ps_updateAggrVolume
ps_aggregatePathVolume
ps_aggregatePathVolume done
ps_updateAggrVolume done
ps_updateAggrVolume
ps_aggregatePathVolume
ps_aggregatePathVolume done
ps_updateAggrVolume done
ps_updateAggrVolume
ps_aggregatePathVolume
ps_aggregatePathVolume done
ps_updateAggrVolume done
ps_updateAggrVolume
ps_aggregatePathVolume
ps_aggregatePathVolume done
ps_updateAggrVolume done
SGM volume gpu elapsed time: 47.000000 ms 
ps_SGMoptimizeSimVolume done
[01:37:38.984406][info] Refine depth map, view id: 1757274528
gpu elapsed time: 6.000000 ms 
gpu elapsed time: 9.000000 ms 
gpu elapsed time: 8.000000 ms 
gpu elapsed time: 6.000000 ms 
gpu elapsed time: 6.000000 ms 
gpu elapsed time: 6.000000 ms 
gpu elapsed time: 9.000000 ms 
gpu elapsed time: 7.000000 ms 
gpu elapsed time: 7.000000 ms 
gpu elapsed time: 8.000000 ms 
gpu elapsed time: 10.000000 ms 
gpu elapsed time: 6.000000 ms 
gpu elapsed time: 6.000000 ms 
gpu elapsed time: 8.000000 ms 
gpu elapsed time: 8.000000 ms 
gpu elapsed time: 7.000000 ms 
gpu elapsed time: 6.000000 ms 
gpu elapsed time: 9.000000 ms 
gpu elapsed time: 8.000000 ms 
gpu elapsed time: 6.000000 ms 
gpu elapsed time: 7.000000 ms 
gpu elapsed time: 8.000000 ms 
gpu elapsed time: 8.000000 ms 
gpu elapsed time: 7.000000 ms 
gpu elapsed time: 26.000000 ms 
gpu elapsed time: 13.000000 ms 
gpu elapsed time: 10.000000 ms 
gpu elapsed time: 11.000000 ms 
rc: 41, gpu elapsed time: 3.000000 ms 
rc: 41, gpu elapsed time: 3.000000 ms 
rc: 41, gpu elapsed time: 4.000000 ms 
rc: 41, gpu elapsed time: 4.000000 ms 
[01:37:39.393407][info] Task done in (s): 4.142000
