Program called with the following parameters:
 * downscale = 2
 * exportIntermediateResults = 0
 * imagesFolder = "D:/Automated-3D-Modeling-Project/Demonstration-for-regular-meeting/7.27/1time-40frame/meshroom/MeshroomCache/PrepareDenseScene/1b7c289090f76d11b5333f361f4d7251face5446"
 * input = "D:/Automated-3D-Modeling-Project/Demonstration-for-regular-meeting/7.27/1time-40frame/meshroom/MeshroomCache/StructureFromMotion/824c4768f7ef1555379779a33d8570d739f96deb/sfm.abc"
 * maxViewAngle = 70
 * minViewAngle = 2
 * nbGPUs = 0
 * output = "D:/Automated-3D-Modeling-Project/Demonstration-for-regular-meeting/7.27/1time-40frame/meshroom/MeshroomCache/DepthMap/62279136e0205f6561bd3211d3031e2b2d69128d"
 * rangeSize = 3
 * rangeStart = 42
 * refineGammaC = 15.5
 * refineGammaP = 8
 * refineMaxTCams = 6
 * refineNDepthsToRefine = 31
 * refineNSamplesHalf = 150
 * refineNiters = 100
 * refineSigma = 15
 * refineUseTcOrRcPixSize = 0
 * refineWSH = 3
 * sgmGammaC = 5.5
 * sgmGammaP = 8
 * sgmMaxTCams = 10
 * sgmWSH = 4
 * verboseLevel = "info"

[01:37:39.721069][info] CUDA-Enabled GPU.
Device information:
	- id:                      0
	- name:                    GeForce RTX 2070 SUPER
	- compute capability:      7.5
	- total device memory:     8192 MB 
	- device memory available: 6688 MB 
	- per-block shared memory: 49152
	- warp size:               32
	- max threads per block:   1024
	- max threads per SM(X):   1024
	- max block sizes:         {1024,1024,64}
	- max grid sizes:          {2147483647,65535,65535}
	- max 2D array texture:    {131072,65536}
	- max 3D array texture:    {16384,16384,16384}
	- max 2D linear texture:   {131072,65000,2097120}
	- max 2D layered texture:  {32768,32768,2048}
	- number of SM(x)s:        40
	- registers per SM(x):     65536
	- registers per block:     65536
	- concurrent kernels:      yes
	- mapping host memory:     yes
	- unified addressing:      yes
	- texture alignment:       512 byte
	- pitch alignment:         32 byte

[01:37:39.901070][info] Supported CUDA-Enabled GPU detected.
[01:37:39.915069][info] Found 45 image dimension(s): 
[01:37:39.915069][info] 	- [153x1080]
[01:37:39.915069][info] 	- [247x996]
[01:37:39.915069][info] 	- [283x995]
[01:37:39.915069][info] 	- [320x1030]
[01:37:39.915069][info] 	- [351x972]
[01:37:39.915069][info] 	- [354x942]
[01:37:39.915069][info] 	- [387x1016]
[01:37:39.915069][info] 	- [390x976]
[01:37:39.915069][info] 	- [411x999]
[01:37:39.915069][info] 	- [414x1057]
[01:37:39.915069][info] 	- [419x1080]
[01:37:39.915069][info] 	- [422x1033]
[01:37:39.915069][info] 	- [426x1044]
[01:37:39.915069][info] 	- [429x1058]
[01:37:39.915069][info] 	- [438x1035]
[01:37:39.915069][info] 	- [444x1051]
[01:37:39.915069][info] 	- [450x1080]
[01:37:39.915069][info] 	- [454x1080]
[01:37:39.915069][info] 	- [456x1080]
[01:37:39.915069][info] 	- [462x1080]
[01:37:39.915069][info] 	- [468x1080]
[01:37:39.915069][info] 	- [477x1032]
[01:37:39.915069][info] 	- [501x1080]
[01:37:39.915069][info] 	- [504x1080]
[01:37:39.915069][info] 	- [511x1080]
[01:37:39.915069][info] 	- [513x1080]
[01:37:39.915069][info] 	- [519x1080]
[01:37:39.915069][info] 	- [522x1080]
[01:37:39.915069][info] 	- [525x1080]
[01:37:39.915069][info] 	- [546x1080]
[01:37:39.915069][info] 	- [555x1080]
[01:37:39.915069][info] 	- [556x1080]
[01:37:39.915069][info] 	- [570x1080]
[01:37:39.915069][info] 	- [579x1080]
[01:37:39.915069][info] 	- [582x1080]
[01:37:39.915069][info] 	- [588x1080]
[01:37:39.915069][info] 	- [594x1080]
[01:37:39.915069][info] 	- [597x1080]
[01:37:39.915069][info] 	- [606x1080]
[01:37:39.915069][info] 	- [612x1080]
[01:37:39.915069][info] 	- [615x1080]
[01:37:39.915069][info] 	- [621x1080]
[01:37:39.915069][info] 	- [639x1080]
[01:37:39.915069][info] 	- [642x1080]
[01:37:39.915069][info] 	- [660x1080]
[01:37:39.955072][info] Overall maximum dimension: [660x1080]
[01:37:39.955072][info] Create depth maps.
number of CUDA devices:	1
   0: GeForce RTX 2070 SUPER
[01:37:39.955072][info] # GPU devices: 1, # CPU threads: 16
[01:37:39.955072][info] Plane sweeping parameters:
	- scale: 2
	- step: 1
[01:37:39.955072][info] PlaneSweepingCuda:
	- _nImgsInGPUAtTime: 29
	- scales: 2
	- subPixel: Yes
	- varianceWSH: 4
CUDA device no 0 for 0
Device 0 memory - used: 1503.962524, free: 6688.037598, total: 8192.000000
Device 0 memory - used: 1620.962524, free: 6571.037598, total: 8192.000000
[01:37:40.372067][info] Estimate depth map, view id: 1768137885
Device 0 memory - used: 1641.712524, free: 6550.287598, total: 8192.000000
total size of volume map in GPU memory: 20.698242
nDepths 157, nDepthsToSearch 157 
ps_computeSimilarityVolume elapsed time: 2.000000 ms 
Device 0 memory - used: 1640.525024, free: 6551.475098, total: 8192.000000
total size of volume map in GPU memory: 19.511719
nDepths 148, nDepthsToSearch 148 
ps_computeSimilarityVolume elapsed time: 4.000000 ms 
Device 0 memory - used: 1641.712524, free: 6550.287598, total: 8192.000000
total size of volume map in GPU memory: 20.698242
nDepths 157, nDepthsToSearch 157 
ps_computeSimilarityVolume elapsed time: 2.000000 ms 
Device 0 memory - used: 1642.775024, free: 6549.225098, total: 8192.000000
total size of volume map in GPU memory: 21.752930
nDepths 165, nDepthsToSearch 165 
ps_computeSimilarityVolume elapsed time: 2.000000 ms 
Device 0 memory - used: 1638.025024, free: 6553.975098, total: 8192.000000
total size of volume map in GPU memory: 17.006836
nDepths 129, nDepthsToSearch 129 
ps_computeSimilarityVolume elapsed time: 2.000000 ms 
Device 0 memory - used: 1643.400024, free: 6548.600098, total: 8192.000000
total size of volume map in GPU memory: 22.412109
nDepths 170, nDepthsToSearch 170 
ps_computeSimilarityVolume elapsed time: 2.000000 ms 
Device 0 memory - used: 1643.650024, free: 6548.350098, total: 8192.000000
total size of volume map in GPU memory: 22.675781
nDepths 172, nDepthsToSearch 172 
ps_computeSimilarityVolume elapsed time: 2.000000 ms 
Device 0 memory - used: 1641.400024, free: 6550.600098, total: 8192.000000
total size of volume map in GPU memory: 20.434570
nDepths 155, nDepthsToSearch 155 
ps_computeSimilarityVolume elapsed time: 2.000000 ms 
Device 0 memory - used: 1643.525024, free: 6548.475098, total: 8192.000000
total size of volume map in GPU memory: 22.543945
nDepths 171, nDepthsToSearch 171 
ps_computeSimilarityVolume elapsed time: 2.000000 ms 
Device 0 memory - used: 1641.275024, free: 6550.725098, total: 8192.000000
total size of volume map in GPU memory: 20.302734
nDepths 154, nDepthsToSearch 154 
ps_computeSimilarityVolume elapsed time: 2.000000 ms 
ps_SGMoptimizeSimVolume
ps_updateAggrVolume
ps_aggregatePathVolume
ps_aggregatePathVolume done
ps_updateAggrVolume done
ps_updateAggrVolume
ps_aggregatePathVolume
ps_aggregatePathVolume done
ps_updateAggrVolume done
ps_updateAggrVolume
ps_aggregatePathVolume
ps_aggregatePathVolume done
ps_updateAggrVolume done
ps_updateAggrVolume
ps_aggregatePathVolume
ps_aggregatePathVolume done
ps_updateAggrVolume done
SGM volume gpu elapsed time: 46.000000 ms 
ps_SGMoptimizeSimVolume done
[01:37:40.985071][info] Refine depth map, view id: 1768137885
gpu elapsed time: 6.000000 ms 
gpu elapsed time: 9.000000 ms 
gpu elapsed time: 6.000000 ms 
gpu elapsed time: 6.000000 ms 
gpu elapsed time: 7.000000 ms 
gpu elapsed time: 6.000000 ms 
gpu elapsed time: 6.000000 ms 
gpu elapsed time: 6.000000 ms 
gpu elapsed time: 7.000000 ms 
gpu elapsed time: 6.000000 ms 
gpu elapsed time: 6.000000 ms 
gpu elapsed time: 7.000000 ms 
gpu elapsed time: 7.000000 ms 
gpu elapsed time: 6.000000 ms 
gpu elapsed time: 6.000000 ms 
gpu elapsed time: 5.000000 ms 
gpu elapsed time: 6.000000 ms 
gpu elapsed time: 6.000000 ms 
gpu elapsed time: 6.000000 ms 
gpu elapsed time: 6.000000 ms 
gpu elapsed time: 6.000000 ms 
gpu elapsed time: 6.000000 ms 
gpu elapsed time: 6.000000 ms 
gpu elapsed time: 6.000000 ms 
gpu elapsed time: 25.000000 ms 
gpu elapsed time: 11.000000 ms 
gpu elapsed time: 10.000000 ms 
gpu elapsed time: 9.000000 ms 
rc: 42, gpu elapsed time: 3.000000 ms 
rc: 42, gpu elapsed time: 4.000000 ms 
rc: 42, gpu elapsed time: 3.000000 ms 
rc: 42, gpu elapsed time: 4.000000 ms 
[01:37:41.603073][info] Estimate depth map, view id: 1772891979
Device 0 memory - used: 1644.212524, free: 6547.787598, total: 8192.000000
total size of volume map in GPU memory: 23.203125
nDepths 176, nDepthsToSearch 176 
ps_computeSimilarityVolume elapsed time: 2.000000 ms 
Device 0 memory - used: 1645.900024, free: 6546.100098, total: 8192.000000
total size of volume map in GPU memory: 24.916992
nDepths 189, nDepthsToSearch 189 
ps_computeSimilarityVolume elapsed time: 3.000000 ms 
Device 0 memory - used: 1646.462524, free: 6545.537598, total: 8192.000000
total size of volume map in GPU memory: 25.444336
nDepths 193, nDepthsToSearch 193 
ps_computeSimilarityVolume elapsed time: 2.000000 ms 
Device 0 memory - used: 1642.775024, free: 6549.225098, total: 8192.000000
total size of volume map in GPU memory: 21.752930
nDepths 165, nDepthsToSearch 165 
ps_computeSimilarityVolume elapsed time: 2.000000 ms 
Device 0 memory - used: 1644.462524, free: 6547.537598, total: 8192.000000
total size of volume map in GPU memory: 23.466797
nDepths 178, nDepthsToSearch 178 
ps_computeSimilarityVolume elapsed time: 2.000000 ms 
Device 0 memory - used: 1645.400024, free: 6546.600098, total: 8192.000000
total size of volume map in GPU memory: 24.389648
nDepths 185, nDepthsToSearch 185 
ps_computeSimilarityVolume elapsed time: 2.000000 ms 
Device 0 memory - used: 1640.525024, free: 6551.475098, total: 8192.000000
total size of volume map in GPU memory: 19.511719
nDepths 148, nDepthsToSearch 148 
ps_computeSimilarityVolume elapsed time: 2.000000 ms 
Device 0 memory - used: 1646.587524, free: 6545.412598, total: 8192.000000
total size of volume map in GPU memory: 25.576172
nDepths 194, nDepthsToSearch 194 
ps_computeSimilarityVolume elapsed time: 2.000000 ms 
Device 0 memory - used: 1644.212524, free: 6547.787598, total: 8192.000000
total size of volume map in GPU memory: 23.203125
nDepths 176, nDepthsToSearch 176 
ps_computeSimilarityVolume elapsed time: 2.000000 ms 
Device 0 memory - used: 1642.462524, free: 6549.537598, total: 8192.000000
total size of volume map in GPU memory: 21.489258
nDepths 163, nDepthsToSearch 163 
ps_computeSimilarityVolume elapsed time: 2.000000 ms 
ps_SGMoptimizeSimVolume
ps_updateAggrVolume
ps_aggregatePathVolume
ps_aggregatePathVolume done
ps_updateAggrVolume done
ps_updateAggrVolume
ps_aggregatePathVolume
ps_aggregatePathVolume done
ps_updateAggrVolume done
ps_updateAggrVolume
ps_aggregatePathVolume
ps_aggregatePathVolume done
ps_updateAggrVolume done
ps_updateAggrVolume
ps_aggregatePathVolume
ps_aggregatePathVolume done
ps_updateAggrVolume done
SGM volume gpu elapsed time: 54.000000 ms 
ps_SGMoptimizeSimVolume done
[01:37:42.330077][info] Refine depth map, view id: 1772891979
gpu elapsed time: 7.000000 ms 
gpu elapsed time: 9.000000 ms 
gpu elapsed time: 8.000000 ms 
gpu elapsed time: 7.000000 ms 
gpu elapsed time: 6.000000 ms 
gpu elapsed time: 9.000000 ms 
gpu elapsed time: 8.000000 ms 
gpu elapsed time: 6.000000 ms 
gpu elapsed time: 6.000000 ms 
gpu elapsed time: 6.000000 ms 
gpu elapsed time: 8.000000 ms 
gpu elapsed time: 6.000000 ms 
gpu elapsed time: 6.000000 ms 
gpu elapsed time: 9.000000 ms 
gpu elapsed time: 8.000000 ms 
gpu elapsed time: 7.000000 ms 
gpu elapsed time: 8.000000 ms 
gpu elapsed time: 8.000000 ms 
gpu elapsed time: 8.000000 ms 
gpu elapsed time: 7.000000 ms 
gpu elapsed time: 7.000000 ms 
gpu elapsed time: 8.000000 ms 
gpu elapsed time: 6.000000 ms 
gpu elapsed time: 7.000000 ms 
gpu elapsed time: 27.000000 ms 
gpu elapsed time: 13.000000 ms 
gpu elapsed time: 11.000000 ms 
gpu elapsed time: 11.000000 ms 
rc: 43, gpu elapsed time: 4.000000 ms 
rc: 43, gpu elapsed time: 4.000000 ms 
rc: 43, gpu elapsed time: 3.000000 ms 
rc: 43, gpu elapsed time: 3.000000 ms 
[01:37:42.971077][info] Estimate depth map, view id: 1838167405
Device 0 memory - used: 1641.462524, free: 6550.537598, total: 8192.000000
total size of volume map in GPU memory: 20.468750
nDepths 160, nDepthsToSearch 160 
ps_computeSimilarityVolume elapsed time: 2.000000 ms 
Device 0 memory - used: 1635.337524, free: 6556.662598, total: 8192.000000
total size of volume map in GPU memory: 14.328125
nDepths 112, nDepthsToSearch 112 
ps_computeSimilarityVolume elapsed time: 4.000000 ms 
Device 0 memory - used: 1643.650024, free: 6548.350098, total: 8192.000000
total size of volume map in GPU memory: 22.643555
nDepths 177, nDepthsToSearch 177 
ps_computeSimilarityVolume elapsed time: 2.000000 ms 
Device 0 memory - used: 1639.025024, free: 6552.975098, total: 8192.000000
total size of volume map in GPU memory: 18.038086
nDepths 141, nDepthsToSearch 141 
ps_computeSimilarityVolume elapsed time: 3.000000 ms 
Device 0 memory - used: 1645.837524, free: 6546.162598, total: 8192.000000
total size of volume map in GPU memory: 24.818359
nDepths 194, nDepthsToSearch 194 
ps_computeSimilarityVolume elapsed time: 2.000000 ms 
Device 0 memory - used: 1641.587524, free: 6550.412598, total: 8192.000000
total size of volume map in GPU memory: 20.596680
nDepths 161, nDepthsToSearch 161 
ps_computeSimilarityVolume elapsed time: 1.000000 ms 
Device 0 memory - used: 1646.337524, free: 6545.662598, total: 8192.000000
total size of volume map in GPU memory: 25.330078
nDepths 198, nDepthsToSearch 198 
ps_computeSimilarityVolume elapsed time: 2.000000 ms 
Device 0 memory - used: 1645.275024, free: 6546.725098, total: 8192.000000
total size of volume map in GPU memory: 24.306641
nDepths 190, nDepthsToSearch 190 
ps_computeSimilarityVolume elapsed time: 2.000000 ms 
Device 0 memory - used: 1644.650024, free: 6547.350098, total: 8192.000000
total size of volume map in GPU memory: 23.666992
nDepths 185, nDepthsToSearch 185 
ps_computeSimilarityVolume elapsed time: 2.000000 ms 
Device 0 memory - used: 1638.025024, free: 6553.975098, total: 8192.000000
total size of volume map in GPU memory: 17.014648
nDepths 133, nDepthsToSearch 133 
ps_computeSimilarityVolume elapsed time: 2.000000 ms 
ps_SGMoptimizeSimVolume
ps_updateAggrVolume
ps_aggregatePathVolume
ps_aggregatePathVolume done
ps_updateAggrVolume done
ps_updateAggrVolume
ps_aggregatePathVolume
ps_aggregatePathVolume done
ps_updateAggrVolume done
ps_updateAggrVolume
ps_aggregatePathVolume
ps_aggregatePathVolume done
ps_updateAggrVolume done
ps_updateAggrVolume
ps_aggregatePathVolume
ps_aggregatePathVolume done
ps_updateAggrVolume done
SGM volume gpu elapsed time: 50.000000 ms 
ps_SGMoptimizeSimVolume done
[01:37:43.553080][info] Refine depth map, view id: 1838167405
gpu elapsed time: 6.000000 ms 
gpu elapsed time: 6.000000 ms 
gpu elapsed time: 6.000000 ms 
gpu elapsed time: 6.000000 ms 
gpu elapsed time: 6.000000 ms 
gpu elapsed time: 6.000000 ms 
gpu elapsed time: 6.000000 ms 
gpu elapsed time: 6.000000 ms 
gpu elapsed time: 6.000000 ms 
gpu elapsed time: 6.000000 ms 
gpu elapsed time: 6.000000 ms 
gpu elapsed time: 6.000000 ms 
gpu elapsed time: 6.000000 ms 
gpu elapsed time: 6.000000 ms 
gpu elapsed time: 6.000000 ms 
gpu elapsed time: 6.000000 ms 
gpu elapsed time: 6.000000 ms 
gpu elapsed time: 6.000000 ms 
gpu elapsed time: 6.000000 ms 
gpu elapsed time: 7.000000 ms 
gpu elapsed time: 6.000000 ms 
gpu elapsed time: 6.000000 ms 
gpu elapsed time: 7.000000 ms 
gpu elapsed time: 5.000000 ms 
gpu elapsed time: 27.000000 ms 
gpu elapsed time: 12.000000 ms 
gpu elapsed time: 9.000000 ms 
gpu elapsed time: 10.000000 ms 
rc: 44, gpu elapsed time: 3.000000 ms 
rc: 44, gpu elapsed time: 4.000000 ms 
rc: 44, gpu elapsed time: 3.000000 ms 
rc: 44, gpu elapsed time: 4.000000 ms 
[01:37:43.916084][info] Task done in (s): 4.196000
