Program called with the following parameters:
 * downscale = 2
 * exportIntermediateResults = 0
 * imagesFolder = "D:/Automated-3D-Modeling-Project/Demonstration-for-regular-meeting/7.27/1time-40frame/meshroom/MeshroomCache/PrepareDenseScene/1b7c289090f76d11b5333f361f4d7251face5446"
 * input = "D:/Automated-3D-Modeling-Project/Demonstration-for-regular-meeting/7.27/1time-40frame/meshroom/MeshroomCache/StructureFromMotion/824c4768f7ef1555379779a33d8570d739f96deb/sfm.abc"
 * maxViewAngle = 70
 * minViewAngle = 2
 * nbGPUs = 0
 * output = "D:/Automated-3D-Modeling-Project/Demonstration-for-regular-meeting/7.27/1time-40frame/meshroom/MeshroomCache/DepthMap/62279136e0205f6561bd3211d3031e2b2d69128d"
 * rangeSize = 3
 * rangeStart = 48
 * refineGammaC = 15.5
 * refineGammaP = 8
 * refineMaxTCams = 6
 * refineNDepthsToRefine = 31
 * refineNSamplesHalf = 150
 * refineNiters = 100
 * refineSigma = 15
 * refineUseTcOrRcPixSize = 0
 * refineWSH = 3
 * sgmGammaC = 5.5
 * sgmGammaP = 8
 * sgmMaxTCams = 10
 * sgmWSH = 4
 * verboseLevel = "info"

[01:37:48.071193][info] CUDA-Enabled GPU.
Device information:
	- id:                      0
	- name:                    GeForce RTX 2070 SUPER
	- compute capability:      7.5
	- total device memory:     8192 MB 
	- device memory available: 6688 MB 
	- per-block shared memory: 49152
	- warp size:               32
	- max threads per block:   1024
	- max threads per SM(X):   1024
	- max block sizes:         {1024,1024,64}
	- max grid sizes:          {2147483647,65535,65535}
	- max 2D array texture:    {131072,65536}
	- max 3D array texture:    {16384,16384,16384}
	- max 2D linear texture:   {131072,65000,2097120}
	- max 2D layered texture:  {32768,32768,2048}
	- number of SM(x)s:        40
	- registers per SM(x):     65536
	- registers per block:     65536
	- concurrent kernels:      yes
	- mapping host memory:     yes
	- unified addressing:      yes
	- texture alignment:       512 byte
	- pitch alignment:         32 byte

[01:37:48.273191][info] Supported CUDA-Enabled GPU detected.
[01:37:48.287191][info] Found 45 image dimension(s): 
[01:37:48.287191][info] 	- [153x1080]
[01:37:48.287191][info] 	- [247x996]
[01:37:48.287191][info] 	- [283x995]
[01:37:48.287191][info] 	- [320x1030]
[01:37:48.287191][info] 	- [351x972]
[01:37:48.287191][info] 	- [354x942]
[01:37:48.287191][info] 	- [387x1016]
[01:37:48.287191][info] 	- [390x976]
[01:37:48.287191][info] 	- [411x999]
[01:37:48.287191][info] 	- [414x1057]
[01:37:48.287191][info] 	- [419x1080]
[01:37:48.287191][info] 	- [422x1033]
[01:37:48.287191][info] 	- [426x1044]
[01:37:48.287191][info] 	- [429x1058]
[01:37:48.287191][info] 	- [438x1035]
[01:37:48.287191][info] 	- [444x1051]
[01:37:48.287191][info] 	- [450x1080]
[01:37:48.287191][info] 	- [454x1080]
[01:37:48.287191][info] 	- [456x1080]
[01:37:48.287191][info] 	- [462x1080]
[01:37:48.287191][info] 	- [468x1080]
[01:37:48.287191][info] 	- [477x1032]
[01:37:48.287191][info] 	- [501x1080]
[01:37:48.287191][info] 	- [504x1080]
[01:37:48.287191][info] 	- [511x1080]
[01:37:48.287191][info] 	- [513x1080]
[01:37:48.287191][info] 	- [519x1080]
[01:37:48.287191][info] 	- [522x1080]
[01:37:48.287191][info] 	- [525x1080]
[01:37:48.287191][info] 	- [546x1080]
[01:37:48.287191][info] 	- [555x1080]
[01:37:48.287191][info] 	- [556x1080]
[01:37:48.287191][info] 	- [570x1080]
[01:37:48.287191][info] 	- [579x1080]
[01:37:48.287191][info] 	- [582x1080]
[01:37:48.287191][info] 	- [588x1080]
[01:37:48.287191][info] 	- [594x1080]
[01:37:48.287191][info] 	- [597x1080]
[01:37:48.287191][info] 	- [606x1080]
[01:37:48.287191][info] 	- [612x1080]
[01:37:48.287191][info] 	- [615x1080]
[01:37:48.287191][info] 	- [621x1080]
[01:37:48.287191][info] 	- [639x1080]
[01:37:48.287191][info] 	- [642x1080]
[01:37:48.287191][info] 	- [660x1080]
[01:37:48.325192][info] Overall maximum dimension: [660x1080]
[01:37:48.325192][info] Create depth maps.
number of CUDA devices:	1
   0: GeForce RTX 2070 SUPER
[01:37:48.325192][info] # GPU devices: 1, # CPU threads: 16
[01:37:48.325192][info] Plane sweeping parameters:
	- scale: 2
	- step: 1
[01:37:48.325192][info] PlaneSweepingCuda:
	- _nImgsInGPUAtTime: 29
	- scales: 2
	- subPixel: Yes
	- varianceWSH: 4
CUDA device no 0 for 0
Device 0 memory - used: 1503.962524, free: 6688.037598, total: 8192.000000
Device 0 memory - used: 1620.962524, free: 6571.037598, total: 8192.000000
[01:37:48.736187][info] Estimate depth map, view id: 1897946761
Device 0 memory - used: 1648.150024, free: 6543.850098, total: 8192.000000
total size of volume map in GPU memory: 27.158203
nDepths 206, nDepthsToSearch 206 
ps_computeSimilarityVolume elapsed time: 3.000000 ms 
Device 0 memory - used: 1650.275024, free: 6541.725098, total: 8192.000000
total size of volume map in GPU memory: 29.267578
nDepths 222, nDepthsToSearch 222 
ps_computeSimilarityVolume elapsed time: 3.000000 ms 
Device 0 memory - used: 1647.337524, free: 6544.662598, total: 8192.000000
total size of volume map in GPU memory: 26.367188
nDepths 200, nDepthsToSearch 200 
ps_computeSimilarityVolume elapsed time: 2.000000 ms 
Device 0 memory - used: 1649.337524, free: 6542.662598, total: 8192.000000
total size of volume map in GPU memory: 28.344727
nDepths 215, nDepthsToSearch 215 
ps_computeSimilarityVolume elapsed time: 3.000000 ms 
Device 0 memory - used: 1651.962524, free: 6540.037598, total: 8192.000000
total size of volume map in GPU memory: 30.981445
nDepths 235, nDepthsToSearch 235 
ps_computeSimilarityVolume elapsed time: 3.000000 ms 
Device 0 memory - used: 1649.587524, free: 6542.412598, total: 8192.000000
total size of volume map in GPU memory: 28.608398
nDepths 217, nDepthsToSearch 217 
ps_computeSimilarityVolume elapsed time: 2.000000 ms 
Device 0 memory - used: 1652.087524, free: 6539.912598, total: 8192.000000
total size of volume map in GPU memory: 31.113281
nDepths 236, nDepthsToSearch 236 
ps_computeSimilarityVolume elapsed time: 3.000000 ms 
Device 0 memory - used: 1651.212524, free: 6540.787598, total: 8192.000000
total size of volume map in GPU memory: 30.190430
nDepths 229, nDepthsToSearch 229 
ps_computeSimilarityVolume elapsed time: 2.000000 ms 
Device 0 memory - used: 1650.650024, free: 6541.350098, total: 8192.000000
total size of volume map in GPU memory: 29.663086
nDepths 225, nDepthsToSearch 225 
ps_computeSimilarityVolume elapsed time: 3.000000 ms 
Device 0 memory - used: 1658.462524, free: 6533.537598, total: 8192.000000
total size of volume map in GPU memory: 37.441406
nDepths 284, nDepthsToSearch 284 
ps_computeSimilarityVolume elapsed time: 3.000000 ms 
ps_SGMoptimizeSimVolume
ps_updateAggrVolume
ps_aggregatePathVolume
ps_aggregatePathVolume done
ps_updateAggrVolume done
ps_updateAggrVolume
ps_aggregatePathVolume
ps_aggregatePathVolume done
ps_updateAggrVolume done
ps_updateAggrVolume
ps_aggregatePathVolume
ps_aggregatePathVolume done
ps_updateAggrVolume done
ps_updateAggrVolume
ps_aggregatePathVolume
ps_aggregatePathVolume done
ps_updateAggrVolume done
SGM volume gpu elapsed time: 73.000000 ms 
ps_SGMoptimizeSimVolume done
[01:37:49.724235][info] Refine depth map, view id: 1897946761
gpu elapsed time: 7.000000 ms 
gpu elapsed time: 9.000000 ms 
gpu elapsed time: 10.000000 ms 
gpu elapsed time: 8.000000 ms 
gpu elapsed time: 7.000000 ms 
gpu elapsed time: 10.000000 ms 
gpu elapsed time: 8.000000 ms 
gpu elapsed time: 9.000000 ms 
gpu elapsed time: 8.000000 ms 
gpu elapsed time: 9.000000 ms 
gpu elapsed time: 9.000000 ms 
gpu elapsed time: 10.000000 ms 
gpu elapsed time: 6.000000 ms 
gpu elapsed time: 8.000000 ms 
gpu elapsed time: 10.000000 ms 
gpu elapsed time: 9.000000 ms 
gpu elapsed time: 6.000000 ms 
gpu elapsed time: 6.000000 ms 
gpu elapsed time: 9.000000 ms 
gpu elapsed time: 7.000000 ms 
gpu elapsed time: 7.000000 ms 
gpu elapsed time: 9.000000 ms 
gpu elapsed time: 10.000000 ms 
gpu elapsed time: 7.000000 ms 
gpu elapsed time: 24.000000 ms 
gpu elapsed time: 11.000000 ms 
gpu elapsed time: 12.000000 ms 
gpu elapsed time: 11.000000 ms 
rc: 48, gpu elapsed time: 5.000000 ms 
rc: 48, gpu elapsed time: 4.000000 ms 
rc: 48, gpu elapsed time: 4.000000 ms 
rc: 48, gpu elapsed time: 4.000000 ms 
[01:37:50.381229][info] Estimate depth map, view id: 1955067201
Device 0 memory - used: 1637.212524, free: 6554.787598, total: 8192.000000
total size of volume map in GPU memory: 16.215820
nDepths 123, nDepthsToSearch 123 
ps_computeSimilarityVolume elapsed time: 2.000000 ms 
Device 0 memory - used: 1639.712524, free: 6552.287598, total: 8192.000000
total size of volume map in GPU memory: 18.720703
nDepths 142, nDepthsToSearch 142 
ps_computeSimilarityVolume elapsed time: 3.000000 ms 
Device 0 memory - used: 1637.587524, free: 6554.412598, total: 8192.000000
total size of volume map in GPU memory: 16.611328
nDepths 126, nDepthsToSearch 126 
ps_computeSimilarityVolume elapsed time: 2.000000 ms 
Device 0 memory - used: 1635.775024, free: 6556.225098, total: 8192.000000
total size of volume map in GPU memory: 14.765625
nDepths 112, nDepthsToSearch 112 
ps_computeSimilarityVolume elapsed time: 2.000000 ms 
Device 0 memory - used: 1636.025024, free: 6555.975098, total: 8192.000000
total size of volume map in GPU memory: 15.029297
nDepths 114, nDepthsToSearch 114 
ps_computeSimilarityVolume elapsed time: 2.000000 ms 
Device 0 memory - used: 1634.150024, free: 6557.850098, total: 8192.000000
total size of volume map in GPU memory: 13.183594
nDepths 100, nDepthsToSearch 100 
ps_computeSimilarityVolume elapsed time: 1.000000 ms 
Device 0 memory - used: 1634.025024, free: 6557.975098, total: 8192.000000
total size of volume map in GPU memory: 13.051758
nDepths 99, nDepthsToSearch 99 
ps_computeSimilarityVolume elapsed time: 2.000000 ms 
Device 0 memory - used: 1634.150024, free: 6557.850098, total: 8192.000000
total size of volume map in GPU memory: 13.183594
nDepths 100, nDepthsToSearch 100 
ps_computeSimilarityVolume elapsed time: 2.000000 ms 
Device 0 memory - used: 1632.337524, free: 6559.662598, total: 8192.000000
total size of volume map in GPU memory: 11.337891
nDepths 86, nDepthsToSearch 86 
ps_computeSimilarityVolume elapsed time: 1.000000 ms 
Device 0 memory - used: 1637.212524, free: 6554.787598, total: 8192.000000
total size of volume map in GPU memory: 16.215820
nDepths 123, nDepthsToSearch 123 
ps_computeSimilarityVolume elapsed time: 2.000000 ms 
ps_SGMoptimizeSimVolume
ps_updateAggrVolume
ps_aggregatePathVolume
ps_aggregatePathVolume done
ps_updateAggrVolume done
ps_updateAggrVolume
ps_aggregatePathVolume
ps_aggregatePathVolume done
ps_updateAggrVolume done
ps_updateAggrVolume
ps_aggregatePathVolume
ps_aggregatePathVolume done
ps_updateAggrVolume done
ps_updateAggrVolume
ps_aggregatePathVolume
ps_aggregatePathVolume done
ps_updateAggrVolume done
SGM volume gpu elapsed time: 29.000000 ms 
ps_SGMoptimizeSimVolume done
[01:37:50.627229][info] Refine depth map, view id: 1955067201
gpu elapsed time: 3.000000 ms 
gpu elapsed time: 3.000000 ms 
gpu elapsed time: 3.000000 ms 
gpu elapsed time: 0.000000 ms 
gpu elapsed time: 3.000000 ms 
gpu elapsed time: 4.000000 ms 
gpu elapsed time: 4.000000 ms 
gpu elapsed time: 1.000000 ms 
gpu elapsed time: 3.000000 ms 
gpu elapsed time: 4.000000 ms 
gpu elapsed time: 5.000000 ms 
gpu elapsed time: 1.000000 ms 
gpu elapsed time: 3.000000 ms 
gpu elapsed time: 3.000000 ms 
gpu elapsed time: 3.000000 ms 
gpu elapsed time: 1.000000 ms 
gpu elapsed time: 4.000000 ms 
gpu elapsed time: 4.000000 ms 
gpu elapsed time: 0.000000 ms 
gpu elapsed time: 0.000000 ms 
gpu elapsed time: 4.000000 ms 
gpu elapsed time: 3.000000 ms 
gpu elapsed time: 3.000000 ms 
gpu elapsed time: 0.000000 ms 
gpu elapsed time: 10.000000 ms 
gpu elapsed time: 9.000000 ms 
gpu elapsed time: 9.000000 ms 
gpu elapsed time: 11.000000 ms 
rc: 49, gpu elapsed time: 3.000000 ms 
rc: 49, gpu elapsed time: 2.000000 ms 
rc: 49, gpu elapsed time: 3.000000 ms 
rc: 49, gpu elapsed time: 3.000000 ms 
[01:37:51.068231][info] Estimate depth map, view id: 2055436659
Device 0 memory - used: 1642.212524, free: 6549.787598, total: 8192.000000
total size of volume map in GPU memory: 21.225586
nDepths 161, nDepthsToSearch 161 
ps_computeSimilarityVolume elapsed time: 1.000000 ms 
Device 0 memory - used: 1636.025024, free: 6555.975098, total: 8192.000000
total size of volume map in GPU memory: 15.029297
nDepths 114, nDepthsToSearch 114 
ps_computeSimilarityVolume elapsed time: 4.000000 ms 
Device 0 memory - used: 1638.900024, free: 6553.100098, total: 8192.000000
total size of volume map in GPU memory: 17.929688
nDepths 136, nDepthsToSearch 136 
ps_computeSimilarityVolume elapsed time: 2.000000 ms 
Device 0 memory - used: 1644.837524, free: 6547.162598, total: 8192.000000
total size of volume map in GPU memory: 23.862305
nDepths 181, nDepthsToSearch 181 
ps_computeSimilarityVolume elapsed time: 2.000000 ms 
Device 0 memory - used: 1642.337524, free: 6549.662598, total: 8192.000000
total size of volume map in GPU memory: 21.357422
nDepths 162, nDepthsToSearch 162 
ps_computeSimilarityVolume elapsed time: 2.000000 ms 
Device 0 memory - used: 1646.712524, free: 6545.287598, total: 8192.000000
total size of volume map in GPU memory: 25.708008
nDepths 195, nDepthsToSearch 195 
ps_computeSimilarityVolume elapsed time: 2.000000 ms 
Device 0 memory - used: 1648.837524, free: 6543.162598, total: 8192.000000
total size of volume map in GPU memory: 27.817383
nDepths 211, nDepthsToSearch 211 
ps_computeSimilarityVolume elapsed time: 2.000000 ms 
Device 0 memory - used: 1648.025024, free: 6543.975098, total: 8192.000000
total size of volume map in GPU memory: 27.026367
nDepths 205, nDepthsToSearch 205 
ps_computeSimilarityVolume elapsed time: 2.000000 ms 
Device 0 memory - used: 1644.462524, free: 6547.537598, total: 8192.000000
total size of volume map in GPU memory: 23.466797
nDepths 178, nDepthsToSearch 178 
ps_computeSimilarityVolume elapsed time: 3.000000 ms 
Device 0 memory - used: 1647.462524, free: 6544.537598, total: 8192.000000
total size of volume map in GPU memory: 26.499023
nDepths 201, nDepthsToSearch 201 
ps_computeSimilarityVolume elapsed time: 2.000000 ms 
ps_SGMoptimizeSimVolume
ps_updateAggrVolume
ps_aggregatePathVolume
ps_aggregatePathVolume done
ps_updateAggrVolume done
ps_updateAggrVolume
ps_aggregatePathVolume
ps_aggregatePathVolume done
ps_updateAggrVolume done
ps_updateAggrVolume
ps_aggregatePathVolume
ps_aggregatePathVolume done
ps_updateAggrVolume done
ps_updateAggrVolume
ps_aggregatePathVolume
ps_aggregatePathVolume done
ps_updateAggrVolume done
SGM volume gpu elapsed time: 47.000000 ms 
ps_SGMoptimizeSimVolume done
[01:37:51.595232][info] Refine depth map, view id: 2055436659
gpu elapsed time: 7.000000 ms 
gpu elapsed time: 6.000000 ms 
gpu elapsed time: 6.000000 ms 
gpu elapsed time: 5.000000 ms 
gpu elapsed time: 7.000000 ms 
gpu elapsed time: 7.000000 ms 
gpu elapsed time: 7.000000 ms 
gpu elapsed time: 6.000000 ms 
gpu elapsed time: 6.000000 ms 
gpu elapsed time: 6.000000 ms 
gpu elapsed time: 7.000000 ms 
gpu elapsed time: 8.000000 ms 
gpu elapsed time: 6.000000 ms 
gpu elapsed time: 5.000000 ms 
gpu elapsed time: 6.000000 ms 
gpu elapsed time: 7.000000 ms 
gpu elapsed time: 6.000000 ms 
gpu elapsed time: 6.000000 ms 
gpu elapsed time: 6.000000 ms 
gpu elapsed time: 8.000000 ms 
gpu elapsed time: 6.000000 ms 
gpu elapsed time: 6.000000 ms 
gpu elapsed time: 6.000000 ms 
gpu elapsed time: 6.000000 ms 
gpu elapsed time: 12.000000 ms 
gpu elapsed time: 11.000000 ms 
gpu elapsed time: 13.000000 ms 
gpu elapsed time: 10.000000 ms 
rc: 50, gpu elapsed time: 3.000000 ms 
rc: 50, gpu elapsed time: 4.000000 ms 
rc: 50, gpu elapsed time: 3.000000 ms 
rc: 50, gpu elapsed time: 3.000000 ms 
[01:37:51.946235][info] Task done in (s): 3.876000
