Program called with the following parameters:
 * downscale = 2
 * exportIntermediateResults = 0
 * imagesFolder = "D:/Automated-3D-Modeling-Project/Demonstration-for-regular-meeting/7.27/1time-40frame/meshroom/MeshroomCache/PrepareDenseScene/1b7c289090f76d11b5333f361f4d7251face5446"
 * input = "D:/Automated-3D-Modeling-Project/Demonstration-for-regular-meeting/7.27/1time-40frame/meshroom/MeshroomCache/StructureFromMotion/824c4768f7ef1555379779a33d8570d739f96deb/sfm.abc"
 * maxViewAngle = 70
 * minViewAngle = 2
 * nbGPUs = 0
 * output = "D:/Automated-3D-Modeling-Project/Demonstration-for-regular-meeting/7.27/1time-40frame/meshroom/MeshroomCache/DepthMap/62279136e0205f6561bd3211d3031e2b2d69128d"
 * rangeSize = 3
 * rangeStart = 6
 * refineGammaC = 15.5
 * refineGammaP = 8
 * refineMaxTCams = 6
 * refineNDepthsToRefine = 31
 * refineNSamplesHalf = 150
 * refineNiters = 100
 * refineSigma = 15
 * refineUseTcOrRcPixSize = 0
 * refineWSH = 3
 * sgmGammaC = 5.5
 * sgmGammaP = 8
 * sgmMaxTCams = 10
 * sgmWSH = 4
 * verboseLevel = "info"

[01:36:48.839126][info] CUDA-Enabled GPU.
Device information:
	- id:                      0
	- name:                    GeForce RTX 2070 SUPER
	- compute capability:      7.5
	- total device memory:     8192 MB 
	- device memory available: 6688 MB 
	- per-block shared memory: 49152
	- warp size:               32
	- max threads per block:   1024
	- max threads per SM(X):   1024
	- max block sizes:         {1024,1024,64}
	- max grid sizes:          {2147483647,65535,65535}
	- max 2D array texture:    {131072,65536}
	- max 3D array texture:    {16384,16384,16384}
	- max 2D linear texture:   {131072,65000,2097120}
	- max 2D layered texture:  {32768,32768,2048}
	- number of SM(x)s:        40
	- registers per SM(x):     65536
	- registers per block:     65536
	- concurrent kernels:      yes
	- mapping host memory:     yes
	- unified addressing:      yes
	- texture alignment:       512 byte
	- pitch alignment:         32 byte

[01:36:49.055125][info] Supported CUDA-Enabled GPU detected.
[01:36:49.068124][info] Found 45 image dimension(s): 
[01:36:49.068124][info] 	- [153x1080]
[01:36:49.068124][info] 	- [247x996]
[01:36:49.068124][info] 	- [283x995]
[01:36:49.068124][info] 	- [320x1030]
[01:36:49.068124][info] 	- [351x972]
[01:36:49.068124][info] 	- [354x942]
[01:36:49.068124][info] 	- [387x1016]
[01:36:49.068124][info] 	- [390x976]
[01:36:49.068124][info] 	- [411x999]
[01:36:49.068124][info] 	- [414x1057]
[01:36:49.068124][info] 	- [419x1080]
[01:36:49.068124][info] 	- [422x1033]
[01:36:49.068124][info] 	- [426x1044]
[01:36:49.068124][info] 	- [429x1058]
[01:36:49.068124][info] 	- [438x1035]
[01:36:49.068124][info] 	- [444x1051]
[01:36:49.068124][info] 	- [450x1080]
[01:36:49.068124][info] 	- [454x1080]
[01:36:49.068124][info] 	- [456x1080]
[01:36:49.068124][info] 	- [462x1080]
[01:36:49.068124][info] 	- [468x1080]
[01:36:49.068124][info] 	- [477x1032]
[01:36:49.068124][info] 	- [501x1080]
[01:36:49.068124][info] 	- [504x1080]
[01:36:49.068124][info] 	- [511x1080]
[01:36:49.068124][info] 	- [513x1080]
[01:36:49.068124][info] 	- [519x1080]
[01:36:49.068124][info] 	- [522x1080]
[01:36:49.068124][info] 	- [525x1080]
[01:36:49.068124][info] 	- [546x1080]
[01:36:49.068124][info] 	- [555x1080]
[01:36:49.068124][info] 	- [556x1080]
[01:36:49.068124][info] 	- [570x1080]
[01:36:49.068124][info] 	- [579x1080]
[01:36:49.068124][info] 	- [582x1080]
[01:36:49.068124][info] 	- [588x1080]
[01:36:49.068124][info] 	- [594x1080]
[01:36:49.068124][info] 	- [597x1080]
[01:36:49.068124][info] 	- [606x1080]
[01:36:49.068124][info] 	- [612x1080]
[01:36:49.068124][info] 	- [615x1080]
[01:36:49.068124][info] 	- [621x1080]
[01:36:49.068124][info] 	- [639x1080]
[01:36:49.068124][info] 	- [642x1080]
[01:36:49.068124][info] 	- [660x1080]
[01:36:49.113125][info] Overall maximum dimension: [660x1080]
[01:36:49.113125][info] Create depth maps.
number of CUDA devices:	1
   0: GeForce RTX 2070 SUPER
[01:36:49.113125][info] # GPU devices: 1, # CPU threads: 16
[01:36:49.113125][info] Plane sweeping parameters:
	- scale: 2
	- step: 1
[01:36:49.113125][info] PlaneSweepingCuda:
	- _nImgsInGPUAtTime: 29
	- scales: 2
	- subPixel: Yes
	- varianceWSH: 4
CUDA device no 0 for 0
Device 0 memory - used: 1503.962524, free: 6688.037598, total: 8192.000000
Device 0 memory - used: 1620.962524, free: 6571.037598, total: 8192.000000
[01:36:49.499120][info] Estimate depth map, view id: 263469142
Device 0 memory - used: 1640.212524, free: 6551.787598, total: 8192.000000
total size of volume map in GPU memory: 19.248047
nDepths 146, nDepthsToSearch 146 
ps_computeSimilarityVolume elapsed time: 1.000000 ms 
Device 0 memory - used: 1636.962524, free: 6555.037598, total: 8192.000000
total size of volume map in GPU memory: 15.952148
nDepths 121, nDepthsToSearch 121 
ps_computeSimilarityVolume elapsed time: 3.000000 ms 
Device 0 memory - used: 1643.775024, free: 6548.225098, total: 8192.000000
total size of volume map in GPU memory: 22.807617
nDepths 173, nDepthsToSearch 173 
ps_computeSimilarityVolume elapsed time: 2.000000 ms 
Device 0 memory - used: 1646.150024, free: 6545.850098, total: 8192.000000
total size of volume map in GPU memory: 25.180664
nDepths 191, nDepthsToSearch 191 
ps_computeSimilarityVolume elapsed time: 3.000000 ms 
Device 0 memory - used: 1643.400024, free: 6548.600098, total: 8192.000000
total size of volume map in GPU memory: 22.412109
nDepths 170, nDepthsToSearch 170 
ps_computeSimilarityVolume elapsed time: 2.000000 ms 
Device 0 memory - used: 1649.837524, free: 6542.162598, total: 8192.000000
total size of volume map in GPU memory: 28.872070
nDepths 219, nDepthsToSearch 219 
ps_computeSimilarityVolume elapsed time: 2.000000 ms 
Device 0 memory - used: 1648.962524, free: 6543.037598, total: 8192.000000
total size of volume map in GPU memory: 27.949219
nDepths 212, nDepthsToSearch 212 
ps_computeSimilarityVolume elapsed time: 3.000000 ms 
Device 0 memory - used: 1647.775024, free: 6544.225098, total: 8192.000000
total size of volume map in GPU memory: 26.762695
nDepths 203, nDepthsToSearch 203 
ps_computeSimilarityVolume elapsed time: 2.000000 ms 
Device 0 memory - used: 1647.900024, free: 6544.100098, total: 8192.000000
total size of volume map in GPU memory: 26.894531
nDepths 204, nDepthsToSearch 204 
ps_computeSimilarityVolume elapsed time: 2.000000 ms 
Device 0 memory - used: 1647.775024, free: 6544.225098, total: 8192.000000
total size of volume map in GPU memory: 26.762695
nDepths 203, nDepthsToSearch 203 
ps_computeSimilarityVolume elapsed time: 2.000000 ms 
ps_SGMoptimizeSimVolume
ps_updateAggrVolume
ps_aggregatePathVolume
ps_aggregatePathVolume done
ps_updateAggrVolume done
ps_updateAggrVolume
ps_aggregatePathVolume
ps_aggregatePathVolume done
ps_updateAggrVolume done
ps_updateAggrVolume
ps_aggregatePathVolume
ps_aggregatePathVolume done
ps_updateAggrVolume done
ps_updateAggrVolume
ps_aggregatePathVolume
ps_aggregatePathVolume done
ps_updateAggrVolume done
SGM volume gpu elapsed time: 57.000000 ms 
ps_SGMoptimizeSimVolume done
[01:36:50.228123][info] Refine depth map, view id: 263469142
gpu elapsed time: 8.000000 ms 
gpu elapsed time: 7.000000 ms 
gpu elapsed time: 6.000000 ms 
gpu elapsed time: 8.000000 ms 
gpu elapsed time: 6.000000 ms 
gpu elapsed time: 6.000000 ms 
gpu elapsed time: 6.000000 ms 
gpu elapsed time: 7.000000 ms 
gpu elapsed time: 6.000000 ms 
gpu elapsed time: 7.000000 ms 
gpu elapsed time: 8.000000 ms 
gpu elapsed time: 6.000000 ms 
gpu elapsed time: 7.000000 ms 
gpu elapsed time: 6.000000 ms 
gpu elapsed time: 7.000000 ms 
gpu elapsed time: 6.000000 ms 
gpu elapsed time: 6.000000 ms 
gpu elapsed time: 7.000000 ms 
gpu elapsed time: 7.000000 ms 
gpu elapsed time: 7.000000 ms 
gpu elapsed time: 6.000000 ms 
gpu elapsed time: 8.000000 ms 
gpu elapsed time: 6.000000 ms 
gpu elapsed time: 6.000000 ms 
gpu elapsed time: 11.000000 ms 
gpu elapsed time: 11.000000 ms 
gpu elapsed time: 11.000000 ms 
gpu elapsed time: 10.000000 ms 
rc: 6, gpu elapsed time: 3.000000 ms 
rc: 6, gpu elapsed time: 4.000000 ms 
rc: 6, gpu elapsed time: 5.000000 ms 
rc: 6, gpu elapsed time: 4.000000 ms 
[01:36:50.916125][info] Estimate depth map, view id: 263598239
Device 0 memory - used: 1645.525024, free: 6546.475098, total: 8192.000000
total size of volume map in GPU memory: 24.521484
nDepths 186, nDepthsToSearch 186 
ps_computeSimilarityVolume elapsed time: 3.000000 ms 
Device 0 memory - used: 1638.650024, free: 6553.350098, total: 8192.000000
total size of volume map in GPU memory: 17.666016
nDepths 134, nDepthsToSearch 134 
ps_computeSimilarityVolume elapsed time: 2.000000 ms 
Device 0 memory - used: 1641.712524, free: 6550.287598, total: 8192.000000
total size of volume map in GPU memory: 20.698242
nDepths 157, nDepthsToSearch 157 
ps_computeSimilarityVolume elapsed time: 3.000000 ms 
Device 0 memory - used: 1644.337524, free: 6547.662598, total: 8192.000000
total size of volume map in GPU memory: 23.334961
nDepths 177, nDepthsToSearch 177 
ps_computeSimilarityVolume elapsed time: 2.000000 ms 
Device 0 memory - used: 1644.837524, free: 6547.162598, total: 8192.000000
total size of volume map in GPU memory: 23.862305
nDepths 181, nDepthsToSearch 181 
ps_computeSimilarityVolume elapsed time: 2.000000 ms 
Device 0 memory - used: 1642.587524, free: 6549.412598, total: 8192.000000
total size of volume map in GPU memory: 21.621094
nDepths 164, nDepthsToSearch 164 
ps_computeSimilarityVolume elapsed time: 2.000000 ms 
Device 0 memory - used: 1646.587524, free: 6545.412598, total: 8192.000000
total size of volume map in GPU memory: 25.576172
nDepths 194, nDepthsToSearch 194 
ps_computeSimilarityVolume elapsed time: 3.000000 ms 
Device 0 memory - used: 1646.587524, free: 6545.412598, total: 8192.000000
total size of volume map in GPU memory: 25.576172
nDepths 194, nDepthsToSearch 194 
ps_computeSimilarityVolume elapsed time: 2.000000 ms 
Device 0 memory - used: 1641.150024, free: 6550.850098, total: 8192.000000
total size of volume map in GPU memory: 20.170898
nDepths 153, nDepthsToSearch 153 
ps_computeSimilarityVolume elapsed time: 2.000000 ms 
Device 0 memory - used: 1642.337524, free: 6549.662598, total: 8192.000000
total size of volume map in GPU memory: 21.357422
nDepths 162, nDepthsToSearch 162 
ps_computeSimilarityVolume elapsed time: 2.000000 ms 
ps_SGMoptimizeSimVolume
ps_updateAggrVolume
ps_aggregatePathVolume
ps_aggregatePathVolume done
ps_updateAggrVolume done
ps_updateAggrVolume
ps_aggregatePathVolume
ps_aggregatePathVolume done
ps_updateAggrVolume done
ps_updateAggrVolume
ps_aggregatePathVolume
ps_aggregatePathVolume done
ps_updateAggrVolume done
ps_updateAggrVolume
ps_aggregatePathVolume
ps_aggregatePathVolume done
ps_updateAggrVolume done
SGM volume gpu elapsed time: 55.000000 ms 
ps_SGMoptimizeSimVolume done
[01:36:51.696130][info] Refine depth map, view id: 263598239
gpu elapsed time: 7.000000 ms 
gpu elapsed time: 9.000000 ms 
gpu elapsed time: 9.000000 ms 
gpu elapsed time: 7.000000 ms 
gpu elapsed time: 7.000000 ms 
gpu elapsed time: 8.000000 ms 
gpu elapsed time: 9.000000 ms 
gpu elapsed time: 8.000000 ms 
gpu elapsed time: 8.000000 ms 
gpu elapsed time: 9.000000 ms 
gpu elapsed time: 11.000000 ms 
gpu elapsed time: 6.000000 ms 
gpu elapsed time: 7.000000 ms 
gpu elapsed time: 11.000000 ms 
gpu elapsed time: 9.000000 ms 
gpu elapsed time: 7.000000 ms 
gpu elapsed time: 8.000000 ms 
gpu elapsed time: 6.000000 ms 
gpu elapsed time: 9.000000 ms 
gpu elapsed time: 8.000000 ms 
gpu elapsed time: 9.000000 ms 
gpu elapsed time: 8.000000 ms 
gpu elapsed time: 10.000000 ms 
gpu elapsed time: 7.000000 ms 
gpu elapsed time: 15.000000 ms 
gpu elapsed time: 12.000000 ms 
gpu elapsed time: 11.000000 ms 
gpu elapsed time: 11.000000 ms 
rc: 7, gpu elapsed time: 5.000000 ms 
rc: 7, gpu elapsed time: 4.000000 ms 
rc: 7, gpu elapsed time: 4.000000 ms 
rc: 7, gpu elapsed time: 4.000000 ms 
[01:36:52.192130][info] Estimate depth map, view id: 395914196
Device 0 memory - used: 1641.025024, free: 6550.975098, total: 8192.000000
total size of volume map in GPU memory: 20.039063
nDepths 152, nDepthsToSearch 152 
ps_computeSimilarityVolume elapsed time: 2.000000 ms 
Device 0 memory - used: 1643.962524, free: 6548.037598, total: 8192.000000
total size of volume map in GPU memory: 22.939453
nDepths 174, nDepthsToSearch 174 
ps_computeSimilarityVolume elapsed time: 3.000000 ms 
Device 0 memory - used: 1648.275024, free: 6543.725098, total: 8192.000000
total size of volume map in GPU memory: 27.290039
nDepths 207, nDepthsToSearch 207 
ps_computeSimilarityVolume elapsed time: 3.000000 ms 
Device 0 memory - used: 1637.087524, free: 6554.912598, total: 8192.000000
total size of volume map in GPU memory: 16.083984
nDepths 122, nDepthsToSearch 122 
ps_computeSimilarityVolume elapsed time: 2.000000 ms 
Device 0 memory - used: 1649.212524, free: 6542.787598, total: 8192.000000
total size of volume map in GPU memory: 28.212891
nDepths 214, nDepthsToSearch 214 
ps_computeSimilarityVolume elapsed time: 3.000000 ms 
Device 0 memory - used: 1644.337524, free: 6547.662598, total: 8192.000000
total size of volume map in GPU memory: 23.334961
nDepths 177, nDepthsToSearch 177 
ps_computeSimilarityVolume elapsed time: 2.000000 ms 
Device 0 memory - used: 1643.525024, free: 6548.475098, total: 8192.000000
total size of volume map in GPU memory: 22.543945
nDepths 171, nDepthsToSearch 171 
ps_computeSimilarityVolume elapsed time: 2.000000 ms 
Device 0 memory - used: 1646.275024, free: 6545.725098, total: 8192.000000
total size of volume map in GPU memory: 25.312500
nDepths 192, nDepthsToSearch 192 
ps_computeSimilarityVolume elapsed time: 2.000000 ms 
Device 0 memory - used: 1644.337524, free: 6547.662598, total: 8192.000000
total size of volume map in GPU memory: 23.334961
nDepths 177, nDepthsToSearch 177 
ps_computeSimilarityVolume elapsed time: 2.000000 ms 
Device 0 memory - used: 1648.025024, free: 6543.975098, total: 8192.000000
total size of volume map in GPU memory: 27.026367
nDepths 205, nDepthsToSearch 205 
ps_computeSimilarityVolume elapsed time: 3.000000 ms 
ps_SGMoptimizeSimVolume
ps_updateAggrVolume
ps_aggregatePathVolume
ps_aggregatePathVolume done
ps_updateAggrVolume done
ps_updateAggrVolume
ps_aggregatePathVolume
ps_aggregatePathVolume done
ps_updateAggrVolume done
ps_updateAggrVolume
ps_aggregatePathVolume
ps_aggregatePathVolume done
ps_updateAggrVolume done
ps_updateAggrVolume
ps_aggregatePathVolume
ps_aggregatePathVolume done
ps_updateAggrVolume done
SGM volume gpu elapsed time: 54.000000 ms 
ps_SGMoptimizeSimVolume done
[01:36:52.771132][info] Refine depth map, view id: 395914196
gpu elapsed time: 6.000000 ms 
gpu elapsed time: 6.000000 ms 
gpu elapsed time: 6.000000 ms 
gpu elapsed time: 7.000000 ms 
gpu elapsed time: 6.000000 ms 
gpu elapsed time: 6.000000 ms 
gpu elapsed time: 6.000000 ms 
gpu elapsed time: 8.000000 ms 
gpu elapsed time: 5.000000 ms 
gpu elapsed time: 6.000000 ms 
gpu elapsed time: 7.000000 ms 
gpu elapsed time: 5.000000 ms 
gpu elapsed time: 6.000000 ms 
gpu elapsed time: 6.000000 ms 
gpu elapsed time: 8.000000 ms 
gpu elapsed time: 6.000000 ms 
gpu elapsed time: 6.000000 ms 
gpu elapsed time: 6.000000 ms 
gpu elapsed time: 7.000000 ms 
gpu elapsed time: 6.000000 ms 
gpu elapsed time: 6.000000 ms 
gpu elapsed time: 7.000000 ms 
gpu elapsed time: 6.000000 ms 
gpu elapsed time: 6.000000 ms 
gpu elapsed time: 12.000000 ms 
gpu elapsed time: 13.000000 ms 
gpu elapsed time: 12.000000 ms 
gpu elapsed time: 11.000000 ms 
rc: 8, gpu elapsed time: 3.000000 ms 
rc: 8, gpu elapsed time: 5.000000 ms 
rc: 8, gpu elapsed time: 4.000000 ms 
rc: 8, gpu elapsed time: 4.000000 ms 
[01:36:53.139135][info] Task done in (s): 4.301000
