Program called with the following parameters:
 * downscale = 2
 * exportIntermediateResults = 0
 * imagesFolder = "D:/Automated-3D-Modeling-Project/Demonstration-for-regular-meeting/7.27/1time-40frame/meshroom/MeshroomCache/PrepareDenseScene/1b7c289090f76d11b5333f361f4d7251face5446"
 * input = "D:/Automated-3D-Modeling-Project/Demonstration-for-regular-meeting/7.27/1time-40frame/meshroom/MeshroomCache/StructureFromMotion/824c4768f7ef1555379779a33d8570d739f96deb/sfm.abc"
 * maxViewAngle = 70
 * minViewAngle = 2
 * nbGPUs = 0
 * output = "D:/Automated-3D-Modeling-Project/Demonstration-for-regular-meeting/7.27/1time-40frame/meshroom/MeshroomCache/DepthMap/62279136e0205f6561bd3211d3031e2b2d69128d"
 * rangeSize = 3
 * rangeStart = 12
 * refineGammaC = 15.5
 * refineGammaP = 8
 * refineMaxTCams = 6
 * refineNDepthsToRefine = 31
 * refineNSamplesHalf = 150
 * refineNiters = 100
 * refineSigma = 15
 * refineUseTcOrRcPixSize = 0
 * refineWSH = 3
 * sgmGammaC = 5.5
 * sgmGammaP = 8
 * sgmMaxTCams = 10
 * sgmWSH = 4
 * verboseLevel = "info"

[01:36:58.122153][info] CUDA-Enabled GPU.
Device information:
	- id:                      0
	- name:                    GeForce RTX 2070 SUPER
	- compute capability:      7.5
	- total device memory:     8192 MB 
	- device memory available: 6688 MB 
	- per-block shared memory: 49152
	- warp size:               32
	- max threads per block:   1024
	- max threads per SM(X):   1024
	- max block sizes:         {1024,1024,64}
	- max grid sizes:          {2147483647,65535,65535}
	- max 2D array texture:    {131072,65536}
	- max 3D array texture:    {16384,16384,16384}
	- max 2D linear texture:   {131072,65000,2097120}
	- max 2D layered texture:  {32768,32768,2048}
	- number of SM(x)s:        40
	- registers per SM(x):     65536
	- registers per block:     65536
	- concurrent kernels:      yes
	- mapping host memory:     yes
	- unified addressing:      yes
	- texture alignment:       512 byte
	- pitch alignment:         32 byte

[01:36:58.357157][info] Supported CUDA-Enabled GPU detected.
[01:36:58.371158][info] Found 45 image dimension(s): 
[01:36:58.371158][info] 	- [153x1080]
[01:36:58.371158][info] 	- [247x996]
[01:36:58.371158][info] 	- [283x995]
[01:36:58.371158][info] 	- [320x1030]
[01:36:58.371158][info] 	- [351x972]
[01:36:58.371158][info] 	- [354x942]
[01:36:58.371158][info] 	- [387x1016]
[01:36:58.371158][info] 	- [390x976]
[01:36:58.371158][info] 	- [411x999]
[01:36:58.371158][info] 	- [414x1057]
[01:36:58.371158][info] 	- [419x1080]
[01:36:58.371158][info] 	- [422x1033]
[01:36:58.371158][info] 	- [426x1044]
[01:36:58.371158][info] 	- [429x1058]
[01:36:58.371158][info] 	- [438x1035]
[01:36:58.371158][info] 	- [444x1051]
[01:36:58.371158][info] 	- [450x1080]
[01:36:58.371158][info] 	- [454x1080]
[01:36:58.371158][info] 	- [456x1080]
[01:36:58.371158][info] 	- [462x1080]
[01:36:58.371158][info] 	- [468x1080]
[01:36:58.371158][info] 	- [477x1032]
[01:36:58.371158][info] 	- [501x1080]
[01:36:58.371158][info] 	- [504x1080]
[01:36:58.371158][info] 	- [511x1080]
[01:36:58.371158][info] 	- [513x1080]
[01:36:58.371158][info] 	- [519x1080]
[01:36:58.371158][info] 	- [522x1080]
[01:36:58.371158][info] 	- [525x1080]
[01:36:58.371158][info] 	- [546x1080]
[01:36:58.371158][info] 	- [555x1080]
[01:36:58.371158][info] 	- [556x1080]
[01:36:58.371158][info] 	- [570x1080]
[01:36:58.371158][info] 	- [579x1080]
[01:36:58.371158][info] 	- [582x1080]
[01:36:58.371158][info] 	- [588x1080]
[01:36:58.371158][info] 	- [594x1080]
[01:36:58.371158][info] 	- [597x1080]
[01:36:58.371158][info] 	- [606x1080]
[01:36:58.371158][info] 	- [612x1080]
[01:36:58.371158][info] 	- [615x1080]
[01:36:58.371158][info] 	- [621x1080]
[01:36:58.371158][info] 	- [639x1080]
[01:36:58.371158][info] 	- [642x1080]
[01:36:58.371158][info] 	- [660x1080]
[01:36:58.430156][info] Overall maximum dimension: [660x1080]
[01:36:58.430156][info] Create depth maps.
number of CUDA devices:	1
   0: GeForce RTX 2070 SUPER
[01:36:58.431161][info] # GPU devices: 1, # CPU threads: 16
[01:36:58.431161][info] Plane sweeping parameters:
	- scale: 2
	- step: 1
[01:36:58.431161][info] PlaneSweepingCuda:
	- _nImgsInGPUAtTime: 29
	- scales: 2
	- subPixel: Yes
	- varianceWSH: 4
CUDA device no 0 for 0
Device 0 memory - used: 1503.962524, free: 6688.037598, total: 8192.000000
Device 0 memory - used: 1620.962524, free: 6571.037598, total: 8192.000000
[01:36:58.752158][info] Estimate depth map, view id: 590445685
Device 0 memory - used: 1633.900024, free: 6558.100098, total: 8192.000000
total size of volume map in GPU memory: 12.890625
nDepths 100, nDepthsToSearch 100 
ps_computeSimilarityVolume elapsed time: 2.000000 ms 
Device 0 memory - used: 1640.212524, free: 6551.787598, total: 8192.000000
total size of volume map in GPU memory: 19.207031
nDepths 149, nDepthsToSearch 149 
ps_computeSimilarityVolume elapsed time: 3.000000 ms 
Device 0 memory - used: 1642.900024, free: 6549.100098, total: 8192.000000
total size of volume map in GPU memory: 21.914063
nDepths 170, nDepthsToSearch 170 
ps_computeSimilarityVolume elapsed time: 2.000000 ms 
Device 0 memory - used: 1643.650024, free: 6548.350098, total: 8192.000000
total size of volume map in GPU memory: 22.687500
nDepths 176, nDepthsToSearch 176 
ps_computeSimilarityVolume elapsed time: 2.000000 ms 
Device 0 memory - used: 1646.525024, free: 6545.475098, total: 8192.000000
total size of volume map in GPU memory: 25.523438
nDepths 198, nDepthsToSearch 198 
ps_computeSimilarityVolume elapsed time: 2.000000 ms 
Device 0 memory - used: 1637.462524, free: 6554.537598, total: 8192.000000
total size of volume map in GPU memory: 16.500000
nDepths 128, nDepthsToSearch 128 
ps_computeSimilarityVolume elapsed time: 2.000000 ms 
Device 0 memory - used: 1646.275024, free: 6545.725098, total: 8192.000000
total size of volume map in GPU memory: 25.265625
nDepths 196, nDepthsToSearch 196 
ps_computeSimilarityVolume elapsed time: 3.000000 ms 
Device 0 memory - used: 1640.337524, free: 6551.662598, total: 8192.000000
total size of volume map in GPU memory: 19.335938
nDepths 150, nDepthsToSearch 150 
ps_computeSimilarityVolume elapsed time: 2.000000 ms 
Device 0 memory - used: 1639.275024, free: 6552.725098, total: 8192.000000
total size of volume map in GPU memory: 18.304688
nDepths 142, nDepthsToSearch 142 
ps_computeSimilarityVolume elapsed time: 2.000000 ms 
Device 0 memory - used: 1639.962524, free: 6552.037598, total: 8192.000000
total size of volume map in GPU memory: 18.949219
nDepths 147, nDepthsToSearch 147 
ps_computeSimilarityVolume elapsed time: 2.000000 ms 
ps_SGMoptimizeSimVolume
ps_updateAggrVolume
ps_aggregatePathVolume
ps_aggregatePathVolume done
ps_updateAggrVolume done
ps_updateAggrVolume
ps_aggregatePathVolume
ps_aggregatePathVolume done
ps_updateAggrVolume done
ps_updateAggrVolume
ps_aggregatePathVolume
ps_aggregatePathVolume done
ps_updateAggrVolume done
ps_updateAggrVolume
ps_aggregatePathVolume
ps_aggregatePathVolume done
ps_updateAggrVolume done
SGM volume gpu elapsed time: 45.000000 ms 
ps_SGMoptimizeSimVolume done
[01:36:59.268157][info] Refine depth map, view id: 590445685
gpu elapsed time: 5.000000 ms 
gpu elapsed time: 6.000000 ms 
gpu elapsed time: 6.000000 ms 
gpu elapsed time: 5.000000 ms 
gpu elapsed time: 5.000000 ms 
gpu elapsed time: 5.000000 ms 
gpu elapsed time: 6.000000 ms 
gpu elapsed time: 5.000000 ms 
gpu elapsed time: 6.000000 ms 
gpu elapsed time: 6.000000 ms 
gpu elapsed time: 6.000000 ms 
gpu elapsed time: 6.000000 ms 
gpu elapsed time: 5.000000 ms 
gpu elapsed time: 5.000000 ms 
gpu elapsed time: 7.000000 ms 
gpu elapsed time: 5.000000 ms 
gpu elapsed time: 5.000000 ms 
gpu elapsed time: 5.000000 ms 
gpu elapsed time: 6.000000 ms 
gpu elapsed time: 6.000000 ms 
gpu elapsed time: 5.000000 ms 
gpu elapsed time: 5.000000 ms 
gpu elapsed time: 5.000000 ms 
gpu elapsed time: 6.000000 ms 
gpu elapsed time: 17.000000 ms 
gpu elapsed time: 12.000000 ms 
gpu elapsed time: 9.000000 ms 
gpu elapsed time: 10.000000 ms 
rc: 12, gpu elapsed time: 2.000000 ms 
rc: 12, gpu elapsed time: 2.000000 ms 
rc: 12, gpu elapsed time: 2.000000 ms 
rc: 12, gpu elapsed time: 2.000000 ms 
[01:36:59.953160][info] Estimate depth map, view id: 672191495
Device 0 memory - used: 1643.150024, free: 6548.850098, total: 8192.000000
total size of volume map in GPU memory: 22.148438
nDepths 168, nDepthsToSearch 168 
ps_computeSimilarityVolume elapsed time: 1.000000 ms 
Device 0 memory - used: 1644.212524, free: 6547.787598, total: 8192.000000
total size of volume map in GPU memory: 23.203125
nDepths 176, nDepthsToSearch 176 
ps_computeSimilarityVolume elapsed time: 3.000000 ms 
Device 0 memory - used: 1641.962524, free: 6550.037598, total: 8192.000000
total size of volume map in GPU memory: 20.961914
nDepths 159, nDepthsToSearch 159 
ps_computeSimilarityVolume elapsed time: 2.000000 ms 
Device 0 memory - used: 1644.587524, free: 6547.412598, total: 8192.000000
total size of volume map in GPU memory: 23.598633
nDepths 179, nDepthsToSearch 179 
ps_computeSimilarityVolume elapsed time: 2.000000 ms 
Device 0 memory - used: 1642.212524, free: 6549.787598, total: 8192.000000
total size of volume map in GPU memory: 21.225586
nDepths 161, nDepthsToSearch 161 
ps_computeSimilarityVolume elapsed time: 2.000000 ms 
Device 0 memory - used: 1640.650024, free: 6551.350098, total: 8192.000000
total size of volume map in GPU memory: 19.643555
nDepths 149, nDepthsToSearch 149 
ps_computeSimilarityVolume elapsed time: 2.000000 ms 
Device 0 memory - used: 1643.962524, free: 6548.037598, total: 8192.000000
total size of volume map in GPU memory: 22.939453
nDepths 174, nDepthsToSearch 174 
ps_computeSimilarityVolume elapsed time: 2.000000 ms 
Device 0 memory - used: 1638.525024, free: 6553.475098, total: 8192.000000
total size of volume map in GPU memory: 17.534180
nDepths 133, nDepthsToSearch 133 
ps_computeSimilarityVolume elapsed time: 2.000000 ms 
Device 0 memory - used: 1640.212524, free: 6551.787598, total: 8192.000000
total size of volume map in GPU memory: 19.248047
nDepths 146, nDepthsToSearch 146 
ps_computeSimilarityVolume elapsed time: 2.000000 ms 
Device 0 memory - used: 1643.962524, free: 6548.037598, total: 8192.000000
total size of volume map in GPU memory: 22.939453
nDepths 174, nDepthsToSearch 174 
ps_computeSimilarityVolume elapsed time: 2.000000 ms 
ps_SGMoptimizeSimVolume
ps_updateAggrVolume
ps_aggregatePathVolume
ps_aggregatePathVolume done
ps_updateAggrVolume done
ps_updateAggrVolume
ps_aggregatePathVolume
ps_aggregatePathVolume done
ps_updateAggrVolume done
ps_updateAggrVolume
ps_aggregatePathVolume
ps_aggregatePathVolume done
ps_updateAggrVolume done
ps_updateAggrVolume
ps_aggregatePathVolume
ps_aggregatePathVolume done
ps_updateAggrVolume done
SGM volume gpu elapsed time: 48.000000 ms 
ps_SGMoptimizeSimVolume done
[01:37:00.628162][info] Refine depth map, view id: 672191495
gpu elapsed time: 5.000000 ms 
gpu elapsed time: 8.000000 ms 
gpu elapsed time: 7.000000 ms 
gpu elapsed time: 6.000000 ms 
gpu elapsed time: 5.000000 ms 
gpu elapsed time: 9.000000 ms 
gpu elapsed time: 7.000000 ms 
gpu elapsed time: 5.000000 ms 
gpu elapsed time: 6.000000 ms 
gpu elapsed time: 7.000000 ms 
gpu elapsed time: 6.000000 ms 
gpu elapsed time: 5.000000 ms 
gpu elapsed time: 6.000000 ms 
gpu elapsed time: 5.000000 ms 
gpu elapsed time: 7.000000 ms 
gpu elapsed time: 5.000000 ms 
gpu elapsed time: 6.000000 ms 
gpu elapsed time: 7.000000 ms 
gpu elapsed time: 7.000000 ms 
gpu elapsed time: 7.000000 ms 
gpu elapsed time: 6.000000 ms 
gpu elapsed time: 8.000000 ms 
gpu elapsed time: 7.000000 ms 
gpu elapsed time: 6.000000 ms 
gpu elapsed time: 11.000000 ms 
gpu elapsed time: 13.000000 ms 
gpu elapsed time: 11.000000 ms 
gpu elapsed time: 11.000000 ms 
rc: 13, gpu elapsed time: 4.000000 ms 
rc: 13, gpu elapsed time: 3.000000 ms 
rc: 13, gpu elapsed time: 3.000000 ms 
rc: 13, gpu elapsed time: 4.000000 ms 
[01:37:01.139164][info] Estimate depth map, view id: 704993788
Device 0 memory - used: 1640.212524, free: 6551.787598, total: 8192.000000
total size of volume map in GPU memory: 19.248047
nDepths 146, nDepthsToSearch 146 
ps_computeSimilarityVolume elapsed time: 2.000000 ms 
Device 0 memory - used: 1640.212524, free: 6551.787598, total: 8192.000000
total size of volume map in GPU memory: 19.248047
nDepths 146, nDepthsToSearch 146 
ps_computeSimilarityVolume elapsed time: 4.000000 ms 
Device 0 memory - used: 1638.775024, free: 6553.225098, total: 8192.000000
total size of volume map in GPU memory: 17.797852
nDepths 135, nDepthsToSearch 135 
ps_computeSimilarityVolume elapsed time: 2.000000 ms 
Device 0 memory - used: 1637.212524, free: 6554.787598, total: 8192.000000
total size of volume map in GPU memory: 16.215820
nDepths 123, nDepthsToSearch 123 
ps_computeSimilarityVolume elapsed time: 2.000000 ms 
Device 0 memory - used: 1638.650024, free: 6553.350098, total: 8192.000000
total size of volume map in GPU memory: 17.666016
nDepths 134, nDepthsToSearch 134 
ps_computeSimilarityVolume elapsed time: 2.000000 ms 
Device 0 memory - used: 1639.587524, free: 6552.412598, total: 8192.000000
total size of volume map in GPU memory: 18.588867
nDepths 141, nDepthsToSearch 141 
ps_computeSimilarityVolume elapsed time: 2.000000 ms 
Device 0 memory - used: 1640.087524, free: 6551.912598, total: 8192.000000
total size of volume map in GPU memory: 19.116211
nDepths 145, nDepthsToSearch 145 
ps_computeSimilarityVolume elapsed time: 2.000000 ms 
Device 0 memory - used: 1635.337524, free: 6556.662598, total: 8192.000000
total size of volume map in GPU memory: 14.370117
nDepths 109, nDepthsToSearch 109 
ps_computeSimilarityVolume elapsed time: 2.000000 ms 
Device 0 memory - used: 1638.525024, free: 6553.475098, total: 8192.000000
total size of volume map in GPU memory: 17.534180
nDepths 133, nDepthsToSearch 133 
ps_computeSimilarityVolume elapsed time: 2.000000 ms 
Device 0 memory - used: 1640.212524, free: 6551.787598, total: 8192.000000
total size of volume map in GPU memory: 19.248047
nDepths 146, nDepthsToSearch 146 
ps_computeSimilarityVolume elapsed time: 2.000000 ms 
ps_SGMoptimizeSimVolume
ps_updateAggrVolume
ps_aggregatePathVolume
ps_aggregatePathVolume done
ps_updateAggrVolume done
ps_updateAggrVolume
ps_aggregatePathVolume
ps_aggregatePathVolume done
ps_updateAggrVolume done
ps_updateAggrVolume
ps_aggregatePathVolume
ps_aggregatePathVolume done
ps_updateAggrVolume done
ps_updateAggrVolume
ps_aggregatePathVolume
ps_aggregatePathVolume done
ps_updateAggrVolume done
SGM volume gpu elapsed time: 42.000000 ms 
ps_SGMoptimizeSimVolume done
[01:37:01.655166][info] Refine depth map, view id: 704993788
gpu elapsed time: 5.000000 ms 
gpu elapsed time: 9.000000 ms 
gpu elapsed time: 8.000000 ms 
gpu elapsed time: 5.000000 ms 
gpu elapsed time: 6.000000 ms 
gpu elapsed time: 6.000000 ms 
gpu elapsed time: 7.000000 ms 
gpu elapsed time: 6.000000 ms 
gpu elapsed time: 7.000000 ms 
gpu elapsed time: 7.000000 ms 
gpu elapsed time: 7.000000 ms 
gpu elapsed time: 6.000000 ms 
gpu elapsed time: 6.000000 ms 
gpu elapsed time: 7.000000 ms 
gpu elapsed time: 7.000000 ms 
gpu elapsed time: 7.000000 ms 
gpu elapsed time: 6.000000 ms 
gpu elapsed time: 8.000000 ms 
gpu elapsed time: 10.000000 ms 
gpu elapsed time: 6.000000 ms 
gpu elapsed time: 7.000000 ms 
gpu elapsed time: 9.000000 ms 
gpu elapsed time: 6.000000 ms 
gpu elapsed time: 5.000000 ms 
gpu elapsed time: 27.000000 ms 
gpu elapsed time: 10.000000 ms 
gpu elapsed time: 10.000000 ms 
gpu elapsed time: 11.000000 ms 
rc: 14, gpu elapsed time: 3.000000 ms 
rc: 14, gpu elapsed time: 3.000000 ms 
rc: 14, gpu elapsed time: 4.000000 ms 
rc: 14, gpu elapsed time: 3.000000 ms 
[01:37:02.054168][info] Task done in (s): 3.933000
