Program called with the following parameters:
 * downscale = 2
 * exportIntermediateResults = 0
 * imagesFolder = "D:/Automated-3D-Modeling-Project/Demonstration-for-regular-meeting/7.27/1time-40frame/meshroom/MeshroomCache/PrepareDenseScene/1b7c289090f76d11b5333f361f4d7251face5446"
 * input = "D:/Automated-3D-Modeling-Project/Demonstration-for-regular-meeting/7.27/1time-40frame/meshroom/MeshroomCache/StructureFromMotion/824c4768f7ef1555379779a33d8570d739f96deb/sfm.abc"
 * maxViewAngle = 70
 * minViewAngle = 2
 * nbGPUs = 0
 * output = "D:/Automated-3D-Modeling-Project/Demonstration-for-regular-meeting/7.27/1time-40frame/meshroom/MeshroomCache/DepthMap/62279136e0205f6561bd3211d3031e2b2d69128d"
 * rangeSize = 3
 * rangeStart = 15
 * refineGammaC = 15.5
 * refineGammaP = 8
 * refineMaxTCams = 6
 * refineNDepthsToRefine = 31
 * refineNSamplesHalf = 150
 * refineNiters = 100
 * refineSigma = 15
 * refineUseTcOrRcPixSize = 0
 * refineWSH = 3
 * sgmGammaC = 5.5
 * sgmGammaP = 8
 * sgmMaxTCams = 10
 * sgmWSH = 4
 * verboseLevel = "info"

[01:37:02.408175][info] CUDA-Enabled GPU.
Device information:
	- id:                      0
	- name:                    GeForce RTX 2070 SUPER
	- compute capability:      7.5
	- total device memory:     8192 MB 
	- device memory available: 6688 MB 
	- per-block shared memory: 49152
	- warp size:               32
	- max threads per block:   1024
	- max threads per SM(X):   1024
	- max block sizes:         {1024,1024,64}
	- max grid sizes:          {2147483647,65535,65535}
	- max 2D array texture:    {131072,65536}
	- max 3D array texture:    {16384,16384,16384}
	- max 2D linear texture:   {131072,65000,2097120}
	- max 2D layered texture:  {32768,32768,2048}
	- number of SM(x)s:        40
	- registers per SM(x):     65536
	- registers per block:     65536
	- concurrent kernels:      yes
	- mapping host memory:     yes
	- unified addressing:      yes
	- texture alignment:       512 byte
	- pitch alignment:         32 byte

[01:37:02.628180][info] Supported CUDA-Enabled GPU detected.
[01:37:02.647177][info] Found 45 image dimension(s): 
[01:37:02.647177][info] 	- [153x1080]
[01:37:02.647177][info] 	- [247x996]
[01:37:02.647177][info] 	- [283x995]
[01:37:02.647177][info] 	- [320x1030]
[01:37:02.647177][info] 	- [351x972]
[01:37:02.647177][info] 	- [354x942]
[01:37:02.647177][info] 	- [387x1016]
[01:37:02.647177][info] 	- [390x976]
[01:37:02.647177][info] 	- [411x999]
[01:37:02.647177][info] 	- [414x1057]
[01:37:02.647177][info] 	- [419x1080]
[01:37:02.647177][info] 	- [422x1033]
[01:37:02.647177][info] 	- [426x1044]
[01:37:02.647177][info] 	- [429x1058]
[01:37:02.647177][info] 	- [438x1035]
[01:37:02.647177][info] 	- [444x1051]
[01:37:02.647177][info] 	- [450x1080]
[01:37:02.647177][info] 	- [454x1080]
[01:37:02.647177][info] 	- [456x1080]
[01:37:02.647177][info] 	- [462x1080]
[01:37:02.647177][info] 	- [468x1080]
[01:37:02.647177][info] 	- [477x1032]
[01:37:02.647177][info] 	- [501x1080]
[01:37:02.647177][info] 	- [504x1080]
[01:37:02.647177][info] 	- [511x1080]
[01:37:02.647177][info] 	- [513x1080]
[01:37:02.647177][info] 	- [519x1080]
[01:37:02.647177][info] 	- [522x1080]
[01:37:02.647177][info] 	- [525x1080]
[01:37:02.647177][info] 	- [546x1080]
[01:37:02.647177][info] 	- [555x1080]
[01:37:02.647177][info] 	- [556x1080]
[01:37:02.647177][info] 	- [570x1080]
[01:37:02.647177][info] 	- [579x1080]
[01:37:02.647177][info] 	- [582x1080]
[01:37:02.647177][info] 	- [588x1080]
[01:37:02.647177][info] 	- [594x1080]
[01:37:02.647177][info] 	- [597x1080]
[01:37:02.647177][info] 	- [606x1080]
[01:37:02.647177][info] 	- [612x1080]
[01:37:02.647177][info] 	- [615x1080]
[01:37:02.647177][info] 	- [621x1080]
[01:37:02.647177][info] 	- [639x1080]
[01:37:02.647177][info] 	- [642x1080]
[01:37:02.647177][info] 	- [660x1080]
[01:37:02.690179][info] Overall maximum dimension: [660x1080]
[01:37:02.690179][info] Create depth maps.
number of CUDA devices:	1
   0: GeForce RTX 2070 SUPER
[01:37:02.691176][info] # GPU devices: 1, # CPU threads: 16
[01:37:02.691176][info] Plane sweeping parameters:
	- scale: 2
	- step: 1
[01:37:02.691176][info] PlaneSweepingCuda:
	- _nImgsInGPUAtTime: 29
	- scales: 2
	- subPixel: Yes
	- varianceWSH: 4
CUDA device no 0 for 0
Device 0 memory - used: 1503.962524, free: 6688.037598, total: 8192.000000
Device 0 memory - used: 1620.962524, free: 6571.037598, total: 8192.000000
[01:37:03.116172][info] Estimate depth map, view id: 710202055
Device 0 memory - used: 1645.900024, free: 6546.100098, total: 8192.000000
total size of volume map in GPU memory: 24.916992
nDepths 189, nDepthsToSearch 189 
ps_computeSimilarityVolume elapsed time: 3.000000 ms 
Device 0 memory - used: 1643.775024, free: 6548.225098, total: 8192.000000
total size of volume map in GPU memory: 22.807617
nDepths 173, nDepthsToSearch 173 
ps_computeSimilarityVolume elapsed time: 4.000000 ms 
Device 0 memory - used: 1637.462524, free: 6554.537598, total: 8192.000000
total size of volume map in GPU memory: 16.479492
nDepths 125, nDepthsToSearch 125 
ps_computeSimilarityVolume elapsed time: 2.000000 ms 
Device 0 memory - used: 1643.525024, free: 6548.475098, total: 8192.000000
total size of volume map in GPU memory: 22.543945
nDepths 171, nDepthsToSearch 171 
ps_computeSimilarityVolume elapsed time: 2.000000 ms 
Device 0 memory - used: 1640.900024, free: 6551.100098, total: 8192.000000
total size of volume map in GPU memory: 19.907227
nDepths 151, nDepthsToSearch 151 
ps_computeSimilarityVolume elapsed time: 2.000000 ms 
Device 0 memory - used: 1650.275024, free: 6541.725098, total: 8192.000000
total size of volume map in GPU memory: 29.267578
nDepths 222, nDepthsToSearch 222 
ps_computeSimilarityVolume elapsed time: 2.000000 ms 
Device 0 memory - used: 1648.275024, free: 6543.725098, total: 8192.000000
total size of volume map in GPU memory: 27.290039
nDepths 207, nDepthsToSearch 207 
ps_computeSimilarityVolume elapsed time: 3.000000 ms 
Device 0 memory - used: 1647.462524, free: 6544.537598, total: 8192.000000
total size of volume map in GPU memory: 26.499023
nDepths 201, nDepthsToSearch 201 
ps_computeSimilarityVolume elapsed time: 2.000000 ms 
Device 0 memory - used: 1650.150024, free: 6541.850098, total: 8192.000000
total size of volume map in GPU memory: 29.135742
nDepths 221, nDepthsToSearch 221 
ps_computeSimilarityVolume elapsed time: 2.000000 ms 
Device 0 memory - used: 1649.837524, free: 6542.162598, total: 8192.000000
total size of volume map in GPU memory: 28.872070
nDepths 219, nDepthsToSearch 219 
ps_computeSimilarityVolume elapsed time: 3.000000 ms 
ps_SGMoptimizeSimVolume
ps_updateAggrVolume
ps_aggregatePathVolume
ps_aggregatePathVolume done
ps_updateAggrVolume done
ps_updateAggrVolume
ps_aggregatePathVolume
ps_aggregatePathVolume done
ps_updateAggrVolume done
ps_updateAggrVolume
ps_aggregatePathVolume
ps_aggregatePathVolume done
ps_updateAggrVolume done
ps_updateAggrVolume
ps_aggregatePathVolume
ps_aggregatePathVolume done
ps_updateAggrVolume done
SGM volume gpu elapsed time: 55.000000 ms 
ps_SGMoptimizeSimVolume done
[01:37:03.844175][info] Refine depth map, view id: 710202055
gpu elapsed time: 7.000000 ms 
gpu elapsed time: 8.000000 ms 
gpu elapsed time: 9.000000 ms 
gpu elapsed time: 7.000000 ms 
gpu elapsed time: 7.000000 ms 
gpu elapsed time: 9.000000 ms 
gpu elapsed time: 9.000000 ms 
gpu elapsed time: 6.000000 ms 
gpu elapsed time: 8.000000 ms 
gpu elapsed time: 8.000000 ms 
gpu elapsed time: 8.000000 ms 
gpu elapsed time: 7.000000 ms 
gpu elapsed time: 6.000000 ms 
gpu elapsed time: 9.000000 ms 
gpu elapsed time: 11.000000 ms 
gpu elapsed time: 6.000000 ms 
gpu elapsed time: 7.000000 ms 
gpu elapsed time: 10.000000 ms 
gpu elapsed time: 8.000000 ms 
gpu elapsed time: 7.000000 ms 
gpu elapsed time: 8.000000 ms 
gpu elapsed time: 7.000000 ms 
gpu elapsed time: 8.000000 ms 
gpu elapsed time: 7.000000 ms 
gpu elapsed time: 24.000000 ms 
gpu elapsed time: 11.000000 ms 
gpu elapsed time: 13.000000 ms 
gpu elapsed time: 11.000000 ms 
rc: 15, gpu elapsed time: 3.000000 ms 
rc: 15, gpu elapsed time: 5.000000 ms 
rc: 15, gpu elapsed time: 4.000000 ms 
rc: 15, gpu elapsed time: 3.000000 ms 
[01:37:04.487178][info] Estimate depth map, view id: 741873699
Device 0 memory - used: 1638.337524, free: 6553.662598, total: 8192.000000
total size of volume map in GPU memory: 17.317383
nDepths 138, nDepthsToSearch 138 
ps_computeSimilarityVolume elapsed time: 1.000000 ms 
Device 0 memory - used: 1638.962524, free: 6553.037598, total: 8192.000000
total size of volume map in GPU memory: 17.944824
nDepths 143, nDepthsToSearch 143 
ps_computeSimilarityVolume elapsed time: 2.000000 ms 
Device 0 memory - used: 1638.212524, free: 6553.787598, total: 8192.000000
total size of volume map in GPU memory: 17.191895
nDepths 137, nDepthsToSearch 137 
ps_computeSimilarityVolume elapsed time: 2.000000 ms 
Device 0 memory - used: 1637.962524, free: 6554.037598, total: 8192.000000
total size of volume map in GPU memory: 16.940918
nDepths 135, nDepthsToSearch 135 
ps_computeSimilarityVolume elapsed time: 2.000000 ms 
Device 0 memory - used: 1635.150024, free: 6556.850098, total: 8192.000000
total size of volume map in GPU memory: 14.180176
nDepths 113, nDepthsToSearch 113 
ps_computeSimilarityVolume elapsed time: 2.000000 ms 
Device 0 memory - used: 1634.900024, free: 6557.100098, total: 8192.000000
total size of volume map in GPU memory: 13.929199
nDepths 111, nDepthsToSearch 111 
ps_computeSimilarityVolume elapsed time: 1.000000 ms 
Device 0 memory - used: 1637.712524, free: 6554.287598, total: 8192.000000
total size of volume map in GPU memory: 16.689941
nDepths 133, nDepthsToSearch 133 
ps_computeSimilarityVolume elapsed time: 2.000000 ms 
Device 0 memory - used: 1637.712524, free: 6554.287598, total: 8192.000000
total size of volume map in GPU memory: 16.689941
nDepths 133, nDepthsToSearch 133 
ps_computeSimilarityVolume elapsed time: 2.000000 ms 
Device 0 memory - used: 1634.150024, free: 6557.850098, total: 8192.000000
total size of volume map in GPU memory: 13.176270
nDepths 105, nDepthsToSearch 105 
ps_computeSimilarityVolume elapsed time: 2.000000 ms 
Device 0 memory - used: 1634.150024, free: 6557.850098, total: 8192.000000
total size of volume map in GPU memory: 13.176270
nDepths 105, nDepthsToSearch 105 
ps_computeSimilarityVolume elapsed time: 2.000000 ms 
ps_SGMoptimizeSimVolume
ps_updateAggrVolume
ps_aggregatePathVolume
ps_aggregatePathVolume done
ps_updateAggrVolume done
ps_updateAggrVolume
ps_aggregatePathVolume
ps_aggregatePathVolume done
ps_updateAggrVolume done
ps_updateAggrVolume
ps_aggregatePathVolume
ps_aggregatePathVolume done
ps_updateAggrVolume done
ps_updateAggrVolume
ps_aggregatePathVolume
ps_aggregatePathVolume done
ps_updateAggrVolume done
SGM volume gpu elapsed time: 35.000000 ms 
ps_SGMoptimizeSimVolume done
[01:37:04.797178][info] Refine depth map, view id: 741873699
gpu elapsed time: 6.000000 ms 
gpu elapsed time: 6.000000 ms 
gpu elapsed time: 5.000000 ms 
gpu elapsed time: 3.000000 ms 
gpu elapsed time: 6.000000 ms 
gpu elapsed time: 6.000000 ms 
gpu elapsed time: 5.000000 ms 
gpu elapsed time: 4.000000 ms 
gpu elapsed time: 6.000000 ms 
gpu elapsed time: 6.000000 ms 
gpu elapsed time: 5.000000 ms 
gpu elapsed time: 3.000000 ms 
gpu elapsed time: 5.000000 ms 
gpu elapsed time: 5.000000 ms 
gpu elapsed time: 4.000000 ms 
gpu elapsed time: 4.000000 ms 
gpu elapsed time: 6.000000 ms 
gpu elapsed time: 6.000000 ms 
gpu elapsed time: 6.000000 ms 
gpu elapsed time: 3.000000 ms 
gpu elapsed time: 5.000000 ms 
gpu elapsed time: 5.000000 ms 
gpu elapsed time: 6.000000 ms 
gpu elapsed time: 3.000000 ms 
gpu elapsed time: 21.000000 ms 
gpu elapsed time: 14.000000 ms 
gpu elapsed time: 9.000000 ms 
gpu elapsed time: 9.000000 ms 
rc: 16, gpu elapsed time: 2.000000 ms 
rc: 16, gpu elapsed time: 3.000000 ms 
rc: 16, gpu elapsed time: 3.000000 ms 
rc: 16, gpu elapsed time: 3.000000 ms 
[01:37:05.203179][info] Estimate depth map, view id: 865425758
Device 0 memory - used: 1644.087524, free: 6547.912598, total: 8192.000000
total size of volume map in GPU memory: 23.071289
nDepths 175, nDepthsToSearch 175 
ps_computeSimilarityVolume elapsed time: 2.000000 ms 
Device 0 memory - used: 1641.275024, free: 6550.725098, total: 8192.000000
total size of volume map in GPU memory: 20.302734
nDepths 154, nDepthsToSearch 154 
ps_computeSimilarityVolume elapsed time: 5.000000 ms 
Device 0 memory - used: 1634.712524, free: 6557.287598, total: 8192.000000
total size of volume map in GPU memory: 13.710938
nDepths 104, nDepthsToSearch 104 
ps_computeSimilarityVolume elapsed time: 2.000000 ms 
Device 0 memory - used: 1638.775024, free: 6553.225098, total: 8192.000000
total size of volume map in GPU memory: 17.797852
nDepths 135, nDepthsToSearch 135 
ps_computeSimilarityVolume elapsed time: 2.000000 ms 
Device 0 memory - used: 1644.337524, free: 6547.662598, total: 8192.000000
total size of volume map in GPU memory: 23.334961
nDepths 177, nDepthsToSearch 177 
ps_computeSimilarityVolume elapsed time: 2.000000 ms 
Device 0 memory - used: 1646.275024, free: 6545.725098, total: 8192.000000
total size of volume map in GPU memory: 25.312500
nDepths 192, nDepthsToSearch 192 
ps_computeSimilarityVolume elapsed time: 3.000000 ms 
Device 0 memory - used: 1641.712524, free: 6550.287598, total: 8192.000000
total size of volume map in GPU memory: 20.698242
nDepths 157, nDepthsToSearch 157 
ps_computeSimilarityVolume elapsed time: 2.000000 ms 
Device 0 memory - used: 1642.462524, free: 6549.537598, total: 8192.000000
total size of volume map in GPU memory: 21.489258
nDepths 163, nDepthsToSearch 163 
ps_computeSimilarityVolume elapsed time: 2.000000 ms 
Device 0 memory - used: 1643.525024, free: 6548.475098, total: 8192.000000
total size of volume map in GPU memory: 22.543945
nDepths 171, nDepthsToSearch 171 
ps_computeSimilarityVolume elapsed time: 2.000000 ms 
Device 0 memory - used: 1646.150024, free: 6545.850098, total: 8192.000000
total size of volume map in GPU memory: 25.180664
nDepths 191, nDepthsToSearch 191 
ps_computeSimilarityVolume elapsed time: 2.000000 ms 
ps_SGMoptimizeSimVolume
ps_updateAggrVolume
ps_aggregatePathVolume
ps_aggregatePathVolume done
ps_updateAggrVolume done
ps_updateAggrVolume
ps_aggregatePathVolume
ps_aggregatePathVolume done
ps_updateAggrVolume done
ps_updateAggrVolume
ps_aggregatePathVolume
ps_aggregatePathVolume done
ps_updateAggrVolume done
ps_updateAggrVolume
ps_aggregatePathVolume
ps_aggregatePathVolume done
ps_updateAggrVolume done
SGM volume gpu elapsed time: 48.000000 ms 
ps_SGMoptimizeSimVolume done
[01:37:05.759182][info] Refine depth map, view id: 865425758
gpu elapsed time: 6.000000 ms 
gpu elapsed time: 7.000000 ms 
gpu elapsed time: 6.000000 ms 
gpu elapsed time: 6.000000 ms 
gpu elapsed time: 7.000000 ms 
gpu elapsed time: 7.000000 ms 
gpu elapsed time: 6.000000 ms 
gpu elapsed time: 7.000000 ms 
gpu elapsed time: 6.000000 ms 
gpu elapsed time: 6.000000 ms 
gpu elapsed time: 6.000000 ms 
gpu elapsed time: 6.000000 ms 
gpu elapsed time: 6.000000 ms 
gpu elapsed time: 6.000000 ms 
gpu elapsed time: 7.000000 ms 
gpu elapsed time: 6.000000 ms 
gpu elapsed time: 6.000000 ms 
gpu elapsed time: 7.000000 ms 
gpu elapsed time: 7.000000 ms 
gpu elapsed time: 7.000000 ms 
gpu elapsed time: 6.000000 ms 
gpu elapsed time: 6.000000 ms 
gpu elapsed time: 7.000000 ms 
gpu elapsed time: 7.000000 ms 
gpu elapsed time: 15.000000 ms 
gpu elapsed time: 17.000000 ms 
gpu elapsed time: 9.000000 ms 
gpu elapsed time: 10.000000 ms 
rc: 17, gpu elapsed time: 3.000000 ms 
rc: 17, gpu elapsed time: 3.000000 ms 
rc: 17, gpu elapsed time: 3.000000 ms 
rc: 17, gpu elapsed time: 3.000000 ms 
[01:37:06.110183][info] Task done in (s): 3.704000
