Program called with the following parameters:
 * downscale = 2
 * exportIntermediateResults = 0
 * imagesFolder = "D:/Automated-3D-Modeling-Project/Demonstration-for-regular-meeting/7.27/1time-40frame/meshroom/MeshroomCache/PrepareDenseScene/1b7c289090f76d11b5333f361f4d7251face5446"
 * input = "D:/Automated-3D-Modeling-Project/Demonstration-for-regular-meeting/7.27/1time-40frame/meshroom/MeshroomCache/StructureFromMotion/824c4768f7ef1555379779a33d8570d739f96deb/sfm.abc"
 * maxViewAngle = 70
 * minViewAngle = 2
 * nbGPUs = 0
 * output = "D:/Automated-3D-Modeling-Project/Demonstration-for-regular-meeting/7.27/1time-40frame/meshroom/MeshroomCache/DepthMap/62279136e0205f6561bd3211d3031e2b2d69128d"
 * rangeSize = 3
 * rangeStart = 18
 * refineGammaC = 15.5
 * refineGammaP = 8
 * refineMaxTCams = 6
 * refineNDepthsToRefine = 31
 * refineNSamplesHalf = 150
 * refineNiters = 100
 * refineSigma = 15
 * refineUseTcOrRcPixSize = 0
 * refineWSH = 3
 * sgmGammaC = 5.5
 * sgmGammaP = 8
 * sgmMaxTCams = 10
 * sgmWSH = 4
 * verboseLevel = "info"

[01:37:06.471188][info] CUDA-Enabled GPU.
Device information:
	- id:                      0
	- name:                    GeForce RTX 2070 SUPER
	- compute capability:      7.5
	- total device memory:     8192 MB 
	- device memory available: 6688 MB 
	- per-block shared memory: 49152
	- warp size:               32
	- max threads per block:   1024
	- max threads per SM(X):   1024
	- max block sizes:         {1024,1024,64}
	- max grid sizes:          {2147483647,65535,65535}
	- max 2D array texture:    {131072,65536}
	- max 3D array texture:    {16384,16384,16384}
	- max 2D linear texture:   {131072,65000,2097120}
	- max 2D layered texture:  {32768,32768,2048}
	- number of SM(x)s:        40
	- registers per SM(x):     65536
	- registers per block:     65536
	- concurrent kernels:      yes
	- mapping host memory:     yes
	- unified addressing:      yes
	- texture alignment:       512 byte
	- pitch alignment:         32 byte

[01:37:06.702294][info] Supported CUDA-Enabled GPU detected.
[01:37:06.716291][info] Found 45 image dimension(s): 
[01:37:06.716291][info] 	- [153x1080]
[01:37:06.716291][info] 	- [247x996]
[01:37:06.716291][info] 	- [283x995]
[01:37:06.716291][info] 	- [320x1030]
[01:37:06.716291][info] 	- [351x972]
[01:37:06.716291][info] 	- [354x942]
[01:37:06.716291][info] 	- [387x1016]
[01:37:06.716291][info] 	- [390x976]
[01:37:06.716291][info] 	- [411x999]
[01:37:06.716291][info] 	- [414x1057]
[01:37:06.716291][info] 	- [419x1080]
[01:37:06.716291][info] 	- [422x1033]
[01:37:06.716291][info] 	- [426x1044]
[01:37:06.716291][info] 	- [429x1058]
[01:37:06.716291][info] 	- [438x1035]
[01:37:06.716291][info] 	- [444x1051]
[01:37:06.716291][info] 	- [450x1080]
[01:37:06.716291][info] 	- [454x1080]
[01:37:06.716291][info] 	- [456x1080]
[01:37:06.716291][info] 	- [462x1080]
[01:37:06.716291][info] 	- [468x1080]
[01:37:06.716291][info] 	- [477x1032]
[01:37:06.716291][info] 	- [501x1080]
[01:37:06.716291][info] 	- [504x1080]
[01:37:06.716291][info] 	- [511x1080]
[01:37:06.716291][info] 	- [513x1080]
[01:37:06.716291][info] 	- [519x1080]
[01:37:06.716291][info] 	- [522x1080]
[01:37:06.716291][info] 	- [525x1080]
[01:37:06.716291][info] 	- [546x1080]
[01:37:06.716291][info] 	- [555x1080]
[01:37:06.716291][info] 	- [556x1080]
[01:37:06.716291][info] 	- [570x1080]
[01:37:06.716291][info] 	- [579x1080]
[01:37:06.716291][info] 	- [582x1080]
[01:37:06.716291][info] 	- [588x1080]
[01:37:06.716291][info] 	- [594x1080]
[01:37:06.716291][info] 	- [597x1080]
[01:37:06.716291][info] 	- [606x1080]
[01:37:06.716291][info] 	- [612x1080]
[01:37:06.716291][info] 	- [615x1080]
[01:37:06.716291][info] 	- [621x1080]
[01:37:06.716291][info] 	- [639x1080]
[01:37:06.716291][info] 	- [642x1080]
[01:37:06.716291][info] 	- [660x1080]
[01:37:06.783293][info] Overall maximum dimension: [660x1080]
[01:37:06.784293][info] Create depth maps.
number of CUDA devices:	1
   0: GeForce RTX 2070 SUPER
[01:37:06.784293][info] # GPU devices: 1, # CPU threads: 16
[01:37:06.784293][info] Plane sweeping parameters:
	- scale: 2
	- step: 1
[01:37:06.784293][info] PlaneSweepingCuda:
	- _nImgsInGPUAtTime: 29
	- scales: 2
	- subPixel: Yes
	- varianceWSH: 4
CUDA device no 0 for 0
Device 0 memory - used: 1503.962524, free: 6688.037598, total: 8192.000000
Device 0 memory - used: 1620.962524, free: 6571.037598, total: 8192.000000
[01:37:07.093288][info] Estimate depth map, view id: 949647164
Device 0 memory - used: 1641.900024, free: 6550.100098, total: 8192.000000
total size of volume map in GPU memory: 20.912109
nDepths 172, nDepthsToSearch 172 
ps_computeSimilarityVolume elapsed time: 2.000000 ms 
Device 0 memory - used: 1642.525024, free: 6549.475098, total: 8192.000000
total size of volume map in GPU memory: 21.520020
nDepths 177, nDepthsToSearch 177 
ps_computeSimilarityVolume elapsed time: 3.000000 ms 
Device 0 memory - used: 1641.900024, free: 6550.100098, total: 8192.000000
total size of volume map in GPU memory: 20.912109
nDepths 172, nDepthsToSearch 172 
ps_computeSimilarityVolume elapsed time: 2.000000 ms 
Device 0 memory - used: 1640.212524, free: 6551.787598, total: 8192.000000
total size of volume map in GPU memory: 19.209961
nDepths 158, nDepthsToSearch 158 
ps_computeSimilarityVolume elapsed time: 2.000000 ms 
Device 0 memory - used: 1639.837524, free: 6552.162598, total: 8192.000000
total size of volume map in GPU memory: 18.845215
nDepths 155, nDepthsToSearch 155 
ps_computeSimilarityVolume elapsed time: 2.000000 ms 
Device 0 memory - used: 1639.962524, free: 6552.037598, total: 8192.000000
total size of volume map in GPU memory: 18.966797
nDepths 156, nDepthsToSearch 156 
ps_computeSimilarityVolume elapsed time: 2.000000 ms 
Device 0 memory - used: 1641.900024, free: 6550.100098, total: 8192.000000
total size of volume map in GPU memory: 20.912109
nDepths 172, nDepthsToSearch 172 
ps_computeSimilarityVolume elapsed time: 2.000000 ms 
Device 0 memory - used: 1637.400024, free: 6554.600098, total: 8192.000000
total size of volume map in GPU memory: 16.413574
nDepths 135, nDepthsToSearch 135 
ps_computeSimilarityVolume elapsed time: 2.000000 ms 
Device 0 memory - used: 1637.400024, free: 6554.600098, total: 8192.000000
total size of volume map in GPU memory: 16.413574
nDepths 135, nDepthsToSearch 135 
ps_computeSimilarityVolume elapsed time: 2.000000 ms 
Device 0 memory - used: 1636.212524, free: 6555.787598, total: 8192.000000
total size of volume map in GPU memory: 15.197754
nDepths 125, nDepthsToSearch 125 
ps_computeSimilarityVolume elapsed time: 2.000000 ms 
ps_SGMoptimizeSimVolume
ps_updateAggrVolume
ps_aggregatePathVolume
ps_aggregatePathVolume done
ps_updateAggrVolume done
ps_updateAggrVolume
ps_aggregatePathVolume
ps_aggregatePathVolume done
ps_updateAggrVolume done
ps_updateAggrVolume
ps_aggregatePathVolume
ps_aggregatePathVolume done
ps_updateAggrVolume done
ps_updateAggrVolume
ps_aggregatePathVolume
ps_aggregatePathVolume done
ps_updateAggrVolume done
SGM volume gpu elapsed time: 34.000000 ms 
ps_SGMoptimizeSimVolume done
[01:37:07.438285][info] Refine depth map, view id: 949647164
gpu elapsed time: 3.000000 ms 
gpu elapsed time: 3.000000 ms 
gpu elapsed time: 3.000000 ms 
gpu elapsed time: 3.000000 ms 
gpu elapsed time: 3.000000 ms 
gpu elapsed time: 4.000000 ms 
gpu elapsed time: 3.000000 ms 
gpu elapsed time: 3.000000 ms 
gpu elapsed time: 4.000000 ms 
gpu elapsed time: 3.000000 ms 
gpu elapsed time: 3.000000 ms 
gpu elapsed time: 3.000000 ms 
gpu elapsed time: 3.000000 ms 
gpu elapsed time: 4.000000 ms 
gpu elapsed time: 4.000000 ms 
gpu elapsed time: 4.000000 ms 
gpu elapsed time: 3.000000 ms 
gpu elapsed time: 4.000000 ms 
gpu elapsed time: 3.000000 ms 
gpu elapsed time: 3.000000 ms 
gpu elapsed time: 4.000000 ms 
gpu elapsed time: 3.000000 ms 
gpu elapsed time: 3.000000 ms 
gpu elapsed time: 3.000000 ms 
gpu elapsed time: 9.000000 ms 
gpu elapsed time: 9.000000 ms 
gpu elapsed time: 9.000000 ms 
gpu elapsed time: 9.000000 ms 
rc: 18, gpu elapsed time: 2.000000 ms 
rc: 18, gpu elapsed time: 3.000000 ms 
rc: 18, gpu elapsed time: 3.000000 ms 
rc: 18, gpu elapsed time: 3.000000 ms 
[01:37:08.001290][info] Estimate depth map, view id: 1004938545
Device 0 memory - used: 1643.775024, free: 6548.225098, total: 8192.000000
total size of volume map in GPU memory: 22.807617
nDepths 173, nDepthsToSearch 173 
ps_computeSimilarityVolume elapsed time: 2.000000 ms 
Device 0 memory - used: 1644.212524, free: 6547.787598, total: 8192.000000
total size of volume map in GPU memory: 23.203125
nDepths 176, nDepthsToSearch 176 
ps_computeSimilarityVolume elapsed time: 3.000000 ms 
Device 0 memory - used: 1643.962524, free: 6548.037598, total: 8192.000000
total size of volume map in GPU memory: 22.939453
nDepths 174, nDepthsToSearch 174 
ps_computeSimilarityVolume elapsed time: 2.000000 ms 
Device 0 memory - used: 1643.150024, free: 6548.850098, total: 8192.000000
total size of volume map in GPU memory: 22.148438
nDepths 168, nDepthsToSearch 168 
ps_computeSimilarityVolume elapsed time: 2.000000 ms 
Device 0 memory - used: 1642.337524, free: 6549.662598, total: 8192.000000
total size of volume map in GPU memory: 21.357422
nDepths 162, nDepthsToSearch 162 
ps_computeSimilarityVolume elapsed time: 2.000000 ms 
Device 0 memory - used: 1640.900024, free: 6551.100098, total: 8192.000000
total size of volume map in GPU memory: 19.907227
nDepths 151, nDepthsToSearch 151 
ps_computeSimilarityVolume elapsed time: 2.000000 ms 
Device 0 memory - used: 1640.775024, free: 6551.225098, total: 8192.000000
total size of volume map in GPU memory: 19.775391
nDepths 150, nDepthsToSearch 150 
ps_computeSimilarityVolume elapsed time: 2.000000 ms 
Device 0 memory - used: 1641.587524, free: 6550.412598, total: 8192.000000
total size of volume map in GPU memory: 20.566406
nDepths 156, nDepthsToSearch 156 
ps_computeSimilarityVolume elapsed time: 3.000000 ms 
Device 0 memory - used: 1641.025024, free: 6550.975098, total: 8192.000000
total size of volume map in GPU memory: 20.039063
nDepths 152, nDepthsToSearch 152 
ps_computeSimilarityVolume elapsed time: 2.000000 ms 
Device 0 memory - used: 1636.712524, free: 6555.287598, total: 8192.000000
total size of volume map in GPU memory: 15.688477
nDepths 119, nDepthsToSearch 119 
ps_computeSimilarityVolume elapsed time: 2.000000 ms 
ps_SGMoptimizeSimVolume
ps_updateAggrVolume
ps_aggregatePathVolume
ps_aggregatePathVolume done
ps_updateAggrVolume done
ps_updateAggrVolume
ps_aggregatePathVolume
ps_aggregatePathVolume done
ps_updateAggrVolume done
ps_updateAggrVolume
ps_aggregatePathVolume
ps_aggregatePathVolume done
ps_updateAggrVolume done
ps_updateAggrVolume
ps_aggregatePathVolume
ps_aggregatePathVolume done
ps_updateAggrVolume done
SGM volume gpu elapsed time: 58.000000 ms 
ps_SGMoptimizeSimVolume done
[01:37:08.655291][info] Refine depth map, view id: 1004938545
gpu elapsed time: 7.000000 ms 
gpu elapsed time: 9.000000 ms 
gpu elapsed time: 8.000000 ms 
gpu elapsed time: 6.000000 ms 
gpu elapsed time: 6.000000 ms 
gpu elapsed time: 9.000000 ms 
gpu elapsed time: 9.000000 ms 
gpu elapsed time: 7.000000 ms 
gpu elapsed time: 6.000000 ms 
gpu elapsed time: 8.000000 ms 
gpu elapsed time: 9.000000 ms 
gpu elapsed time: 6.000000 ms 
gpu elapsed time: 7.000000 ms 
gpu elapsed time: 9.000000 ms 
gpu elapsed time: 7.000000 ms 
gpu elapsed time: 6.000000 ms 
gpu elapsed time: 6.000000 ms 
gpu elapsed time: 10.000000 ms 
gpu elapsed time: 9.000000 ms 
gpu elapsed time: 6.000000 ms 
gpu elapsed time: 8.000000 ms 
gpu elapsed time: 7.000000 ms 
gpu elapsed time: 9.000000 ms 
gpu elapsed time: 6.000000 ms 
gpu elapsed time: 23.000000 ms 
gpu elapsed time: 11.000000 ms 
gpu elapsed time: 9.000000 ms 
gpu elapsed time: 10.000000 ms 
rc: 19, gpu elapsed time: 4.000000 ms 
rc: 19, gpu elapsed time: 3.000000 ms 
rc: 19, gpu elapsed time: 3.000000 ms 
rc: 19, gpu elapsed time: 4.000000 ms 
[01:37:09.141293][info] Estimate depth map, view id: 1009773410
Device 0 memory - used: 1632.650024, free: 6559.350098, total: 8192.000000
total size of volume map in GPU memory: 11.671875
nDepths 96, nDepthsToSearch 96 
ps_computeSimilarityVolume elapsed time: 2.000000 ms 
Device 0 memory - used: 1634.025024, free: 6557.975098, total: 8192.000000
total size of volume map in GPU memory: 13.009277
nDepths 107, nDepthsToSearch 107 
ps_computeSimilarityVolume elapsed time: 2.000000 ms 
Device 0 memory - used: 1631.212524, free: 6560.787598, total: 8192.000000
total size of volume map in GPU memory: 10.212891
nDepths 84, nDepthsToSearch 84 
ps_computeSimilarityVolume elapsed time: 2.000000 ms 
Device 0 memory - used: 1634.275024, free: 6557.725098, total: 8192.000000
total size of volume map in GPU memory: 13.252441
nDepths 109, nDepthsToSearch 109 
ps_computeSimilarityVolume elapsed time: 1.000000 ms 
Device 0 memory - used: 1634.962524, free: 6557.037598, total: 8192.000000
total size of volume map in GPU memory: 13.981934
nDepths 115, nDepthsToSearch 115 
ps_computeSimilarityVolume elapsed time: 2.000000 ms 
Device 0 memory - used: 1635.462524, free: 6556.537598, total: 8192.000000
total size of volume map in GPU memory: 14.468262
nDepths 119, nDepthsToSearch 119 
ps_computeSimilarityVolume elapsed time: 2.000000 ms 
Device 0 memory - used: 1635.587524, free: 6556.412598, total: 8192.000000
total size of volume map in GPU memory: 14.589844
nDepths 120, nDepthsToSearch 120 
ps_computeSimilarityVolume elapsed time: 1.000000 ms 
Device 0 memory - used: 1634.462524, free: 6557.537598, total: 8192.000000
total size of volume map in GPU memory: 13.495605
nDepths 111, nDepthsToSearch 111 
ps_computeSimilarityVolume elapsed time: 2.000000 ms 
Device 0 memory - used: 1631.462524, free: 6560.537598, total: 8192.000000
total size of volume map in GPU memory: 10.456055
nDepths 86, nDepthsToSearch 86 
ps_computeSimilarityVolume elapsed time: 2.000000 ms 
Device 0 memory - used: 1632.087524, free: 6559.912598, total: 8192.000000
total size of volume map in GPU memory: 11.063965
nDepths 91, nDepthsToSearch 91 
ps_computeSimilarityVolume elapsed time: 2.000000 ms 
ps_SGMoptimizeSimVolume
ps_updateAggrVolume
ps_aggregatePathVolume
ps_aggregatePathVolume done
ps_updateAggrVolume done
ps_updateAggrVolume
ps_aggregatePathVolume
ps_aggregatePathVolume done
ps_updateAggrVolume done
ps_updateAggrVolume
ps_aggregatePathVolume
ps_aggregatePathVolume done
ps_updateAggrVolume done
ps_updateAggrVolume
ps_aggregatePathVolume
ps_aggregatePathVolume done
ps_updateAggrVolume done
SGM volume gpu elapsed time: 31.000000 ms 
ps_SGMoptimizeSimVolume done
[01:37:09.477293][info] Refine depth map, view id: 1009773410
gpu elapsed time: 6.000000 ms 
gpu elapsed time: 6.000000 ms 
gpu elapsed time: 6.000000 ms 
gpu elapsed time: 5.000000 ms 
gpu elapsed time: 6.000000 ms 
gpu elapsed time: 6.000000 ms 
gpu elapsed time: 6.000000 ms 
gpu elapsed time: 6.000000 ms 
gpu elapsed time: 6.000000 ms 
gpu elapsed time: 6.000000 ms 
gpu elapsed time: 6.000000 ms 
gpu elapsed time: 6.000000 ms 
gpu elapsed time: 6.000000 ms 
gpu elapsed time: 6.000000 ms 
gpu elapsed time: 6.000000 ms 
gpu elapsed time: 4.000000 ms 
gpu elapsed time: 7.000000 ms 
gpu elapsed time: 6.000000 ms 
gpu elapsed time: 6.000000 ms 
gpu elapsed time: 4.000000 ms 
gpu elapsed time: 8.000000 ms 
gpu elapsed time: 6.000000 ms 
gpu elapsed time: 6.000000 ms 
gpu elapsed time: 6.000000 ms 
gpu elapsed time: 13.000000 ms 
gpu elapsed time: 20.000000 ms 
gpu elapsed time: 9.000000 ms 
gpu elapsed time: 9.000000 ms 
rc: 20, gpu elapsed time: 2.000000 ms 
rc: 20, gpu elapsed time: 3.000000 ms 
rc: 20, gpu elapsed time: 3.000000 ms 
rc: 20, gpu elapsed time: 3.000000 ms 
[01:37:09.811295][info] Task done in (s): 3.342000
