Program called with the following parameters:
 * downscale = 2
 * exportIntermediateResults = 0
 * imagesFolder = "D:/Automated-3D-Modeling-Project/Demonstration-for-regular-meeting/7.27/1time-20frame/meshroom/MeshroomCache/PrepareDenseScene/1dddca89113158d92a0723841131f8f481bae0ce"
 * input = "D:/Automated-3D-Modeling-Project/Demonstration-for-regular-meeting/7.27/1time-20frame/meshroom/MeshroomCache/StructureFromMotion/250fee2381dcb52b1c6c19f312a235c95e36881b/sfm.abc"
 * maxViewAngle = 70
 * minViewAngle = 2
 * nbGPUs = 0
 * output = "D:/Automated-3D-Modeling-Project/Demonstration-for-regular-meeting/7.27/1time-20frame/meshroom/MeshroomCache/DepthMap/e819cc894b5ee01627f2ca1b8ea71c0b6866a577"
 * rangeSize = 3
 * rangeStart = 3
 * refineGammaC = 15.5
 * refineGammaP = 8
 * refineMaxTCams = 6
 * refineNDepthsToRefine = 31
 * refineNSamplesHalf = 150
 * refineNiters = 100
 * refineSigma = 15
 * refineUseTcOrRcPixSize = 0
 * refineWSH = 3
 * sgmGammaC = 5.5
 * sgmGammaP = 8
 * sgmMaxTCams = 10
 * sgmWSH = 4
 * verboseLevel = "info"

[01:30:37.519510][info] CUDA-Enabled GPU.
Device information:
	- id:                      0
	- name:                    GeForce RTX 2070 SUPER
	- compute capability:      7.5
	- total device memory:     8192 MB 
	- device memory available: 6688 MB 
	- per-block shared memory: 49152
	- warp size:               32
	- max threads per block:   1024
	- max threads per SM(X):   1024
	- max block sizes:         {1024,1024,64}
	- max grid sizes:          {2147483647,65535,65535}
	- max 2D array texture:    {131072,65536}
	- max 3D array texture:    {16384,16384,16384}
	- max 2D linear texture:   {131072,65000,2097120}
	- max 2D layered texture:  {32768,32768,2048}
	- number of SM(x)s:        40
	- registers per SM(x):     65536
	- registers per block:     65536
	- concurrent kernels:      yes
	- mapping host memory:     yes
	- unified addressing:      yes
	- texture alignment:       512 byte
	- pitch alignment:         32 byte

[01:30:37.745519][info] Supported CUDA-Enabled GPU detected.
[01:30:37.751517][info] Found 25 image dimension(s): 
[01:30:37.751517][info] 	- [283x995]
[01:30:37.751517][info] 	- [354x942]
[01:30:37.751517][info] 	- [387x1016]
[01:30:37.751517][info] 	- [411x999]
[01:30:37.751517][info] 	- [419x1080]
[01:30:37.751517][info] 	- [422x1033]
[01:30:37.751517][info] 	- [426x1044]
[01:30:37.751517][info] 	- [438x1035]
[01:30:37.751517][info] 	- [450x1080]
[01:30:37.751517][info] 	- [456x1080]
[01:30:37.751517][info] 	- [501x1080]
[01:30:37.751517][info] 	- [504x1080]
[01:30:37.751517][info] 	- [511x1080]
[01:30:37.751517][info] 	- [522x1080]
[01:30:37.751517][info] 	- [525x1080]
[01:30:37.751517][info] 	- [555x1080]
[01:30:37.751517][info] 	- [570x1080]
[01:30:37.751517][info] 	- [579x1080]
[01:30:37.751517][info] 	- [588x1080]
[01:30:37.751517][info] 	- [606x1080]
[01:30:37.751517][info] 	- [612x1080]
[01:30:37.751517][info] 	- [615x1080]
[01:30:37.751517][info] 	- [639x1080]
[01:30:37.751517][info] 	- [642x1080]
[01:30:37.751517][info] 	- [660x1080]
[01:30:37.787515][info] Overall maximum dimension: [660x1080]
[01:30:37.787515][info] Create depth maps.
number of CUDA devices:	1
   0: GeForce RTX 2070 SUPER
[01:30:37.787515][info] # GPU devices: 1, # CPU threads: 16
[01:30:37.787515][info] Plane sweeping parameters:
	- scale: 2
	- step: 1
[01:30:37.787515][info] PlaneSweepingCuda:
	- _nImgsInGPUAtTime: 25
	- scales: 2
	- subPixel: Yes
	- varianceWSH: 4
CUDA device no 0 for 0
Device 0 memory - used: 1503.962524, free: 6688.037598, total: 8192.000000
Device 0 memory - used: 1604.962524, free: 6587.037598, total: 8192.000000
[01:30:38.207511][info] Estimate depth map, view id: 395914196
Device 0 memory - used: 1634.150024, free: 6557.850098, total: 8192.000000
total size of volume map in GPU memory: 29.135742
nDepths 221, nDepthsToSearch 221 
ps_computeSimilarityVolume elapsed time: 2.000000 ms 
Device 0 memory - used: 1634.150024, free: 6557.850098, total: 8192.000000
total size of volume map in GPU memory: 29.135742
nDepths 221, nDepthsToSearch 221 
ps_computeSimilarityVolume elapsed time: 4.000000 ms 
Device 0 memory - used: 1626.087524, free: 6565.912598, total: 8192.000000
total size of volume map in GPU memory: 21.093750
nDepths 160, nDepthsToSearch 160 
ps_computeSimilarityVolume elapsed time: 2.000000 ms 
Device 0 memory - used: 1626.775024, free: 6565.225098, total: 8192.000000
total size of volume map in GPU memory: 21.752930
nDepths 165, nDepthsToSearch 165 
ps_computeSimilarityVolume elapsed time: 3.000000 ms 
Device 0 memory - used: 1626.775024, free: 6565.225098, total: 8192.000000
total size of volume map in GPU memory: 21.752930
nDepths 165, nDepthsToSearch 165 
ps_computeSimilarityVolume elapsed time: 2.000000 ms 
Device 0 memory - used: 1634.150024, free: 6557.850098, total: 8192.000000
total size of volume map in GPU memory: 29.135742
nDepths 221, nDepthsToSearch 221 
ps_computeSimilarityVolume elapsed time: 3.000000 ms 
Device 0 memory - used: 1630.150024, free: 6561.850098, total: 8192.000000
total size of volume map in GPU memory: 25.180664
nDepths 191, nDepthsToSearch 191 
ps_computeSimilarityVolume elapsed time: 3.000000 ms 
Device 0 memory - used: 1625.962524, free: 6566.037598, total: 8192.000000
total size of volume map in GPU memory: 20.961914
nDepths 159, nDepthsToSearch 159 
ps_computeSimilarityVolume elapsed time: 2.000000 ms 
Device 0 memory - used: 1626.775024, free: 6565.225098, total: 8192.000000
total size of volume map in GPU memory: 21.752930
nDepths 165, nDepthsToSearch 165 
ps_computeSimilarityVolume elapsed time: 2.000000 ms 
Device 0 memory - used: 1626.775024, free: 6565.225098, total: 8192.000000
total size of volume map in GPU memory: 21.752930
nDepths 165, nDepthsToSearch 165 
ps_computeSimilarityVolume elapsed time: 2.000000 ms 
ps_SGMoptimizeSimVolume
ps_updateAggrVolume
ps_aggregatePathVolume
ps_aggregatePathVolume done
ps_updateAggrVolume done
ps_updateAggrVolume
ps_aggregatePathVolume
ps_aggregatePathVolume done
ps_updateAggrVolume done
ps_updateAggrVolume
ps_aggregatePathVolume
ps_aggregatePathVolume done
ps_updateAggrVolume done
ps_updateAggrVolume
ps_aggregatePathVolume
ps_aggregatePathVolume done
ps_updateAggrVolume done
SGM volume gpu elapsed time: 57.000000 ms 
ps_SGMoptimizeSimVolume done
[01:30:39.004514][info] Refine depth map, view id: 395914196
gpu elapsed time: 6.000000 ms 
gpu elapsed time: 8.000000 ms 
gpu elapsed time: 7.000000 ms 
gpu elapsed time: 7.000000 ms 
gpu elapsed time: 7.000000 ms 
gpu elapsed time: 8.000000 ms 
gpu elapsed time: 9.000000 ms 
gpu elapsed time: 6.000000 ms 
gpu elapsed time: 5.000000 ms 
gpu elapsed time: 7.000000 ms 
gpu elapsed time: 9.000000 ms 
gpu elapsed time: 6.000000 ms 
gpu elapsed time: 7.000000 ms 
gpu elapsed time: 8.000000 ms 
gpu elapsed time: 8.000000 ms 
gpu elapsed time: 8.000000 ms 
gpu elapsed time: 9.000000 ms 
gpu elapsed time: 7.000000 ms 
gpu elapsed time: 8.000000 ms 
gpu elapsed time: 8.000000 ms 
gpu elapsed time: 7.000000 ms 
gpu elapsed time: 7.000000 ms 
gpu elapsed time: 10.000000 ms 
gpu elapsed time: 6.000000 ms 
gpu elapsed time: 14.000000 ms 
gpu elapsed time: 13.000000 ms 
gpu elapsed time: 11.000000 ms 
gpu elapsed time: 9.000000 ms 
rc: 3, gpu elapsed time: 3.000000 ms 
rc: 3, gpu elapsed time: 5.000000 ms 
rc: 3, gpu elapsed time: 3.000000 ms 
rc: 3, gpu elapsed time: 4.000000 ms 
[01:30:39.392517][info] Found only 9/10 nearest cameras for view id: 503898829
[01:30:39.395515][info] Estimate depth map, view id: 503898829
Device 0 memory - used: 1641.275024, free: 6550.725098, total: 8192.000000
total size of volume map in GPU memory: 36.254883
nDepths 275, nDepthsToSearch 275 
ps_computeSimilarityVolume elapsed time: 3.000000 ms 
Device 0 memory - used: 1640.462524, free: 6551.537598, total: 8192.000000
total size of volume map in GPU memory: 35.463867
nDepths 269, nDepthsToSearch 269 
ps_computeSimilarityVolume elapsed time: 3.000000 ms 
Device 0 memory - used: 1636.525024, free: 6555.475098, total: 8192.000000
total size of volume map in GPU memory: 31.508789
nDepths 239, nDepthsToSearch 239 
ps_computeSimilarityVolume elapsed time: 2.000000 ms 
Device 0 memory - used: 1633.087524, free: 6558.912598, total: 8192.000000
total size of volume map in GPU memory: 28.081055
nDepths 213, nDepthsToSearch 213 
ps_computeSimilarityVolume elapsed time: 3.000000 ms 
Device 0 memory - used: 1629.525024, free: 6562.475098, total: 8192.000000
total size of volume map in GPU memory: 24.521484
nDepths 186, nDepthsToSearch 186 
ps_computeSimilarityVolume elapsed time: 2.000000 ms 
Device 0 memory - used: 1627.962524, free: 6564.037598, total: 8192.000000
total size of volume map in GPU memory: 22.939453
nDepths 174, nDepthsToSearch 174 
ps_computeSimilarityVolume elapsed time: 2.000000 ms 
Device 0 memory - used: 1625.837524, free: 6566.162598, total: 8192.000000
total size of volume map in GPU memory: 20.830078
nDepths 158, nDepthsToSearch 158 
ps_computeSimilarityVolume elapsed time: 2.000000 ms 
Device 0 memory - used: 1633.087524, free: 6558.912598, total: 8192.000000
total size of volume map in GPU memory: 28.081055
nDepths 213, nDepthsToSearch 213 
ps_computeSimilarityVolume elapsed time: 3.000000 ms 
Device 0 memory - used: 1633.087524, free: 6558.912598, total: 8192.000000
total size of volume map in GPU memory: 28.081055
nDepths 213, nDepthsToSearch 213 
ps_computeSimilarityVolume elapsed time: 2.000000 ms 
ps_SGMoptimizeSimVolume
ps_updateAggrVolume
ps_aggregatePathVolume
ps_aggregatePathVolume done
ps_updateAggrVolume done
ps_updateAggrVolume
ps_aggregatePathVolume
ps_aggregatePathVolume done
ps_updateAggrVolume done
ps_updateAggrVolume
ps_aggregatePathVolume
ps_aggregatePathVolume done
ps_updateAggrVolume done
ps_updateAggrVolume
ps_aggregatePathVolume
ps_aggregatePathVolume done
ps_updateAggrVolume done
SGM volume gpu elapsed time: 58.000000 ms 
ps_SGMoptimizeSimVolume done
[01:30:39.998520][info] Refine depth map, view id: 503898829
gpu elapsed time: 5.000000 ms 
gpu elapsed time: 6.000000 ms 
gpu elapsed time: 5.000000 ms 
gpu elapsed time: 5.000000 ms 
gpu elapsed time: 6.000000 ms 
gpu elapsed time: 6.000000 ms 
gpu elapsed time: 5.000000 ms 
gpu elapsed time: 5.000000 ms 
gpu elapsed time: 7.000000 ms 
gpu elapsed time: 7.000000 ms 
gpu elapsed time: 5.000000 ms 
gpu elapsed time: 5.000000 ms 
gpu elapsed time: 6.000000 ms 
gpu elapsed time: 5.000000 ms 
gpu elapsed time: 5.000000 ms 
gpu elapsed time: 5.000000 ms 
gpu elapsed time: 5.000000 ms 
gpu elapsed time: 5.000000 ms 
gpu elapsed time: 5.000000 ms 
gpu elapsed time: 6.000000 ms 
gpu elapsed time: 5.000000 ms 
gpu elapsed time: 7.000000 ms 
gpu elapsed time: 5.000000 ms 
gpu elapsed time: 5.000000 ms 
gpu elapsed time: 24.000000 ms 
gpu elapsed time: 11.000000 ms 
gpu elapsed time: 10.000000 ms 
gpu elapsed time: 9.000000 ms 
rc: 4, gpu elapsed time: 3.000000 ms 
rc: 4, gpu elapsed time: 3.000000 ms 
rc: 4, gpu elapsed time: 3.000000 ms 
rc: 4, gpu elapsed time: 3.000000 ms 
[01:30:40.465520][info] Estimate depth map, view id: 590445685
Device 0 memory - used: 1634.525024, free: 6557.475098, total: 8192.000000
total size of volume map in GPU memory: 29.531250
nDepths 224, nDepthsToSearch 224 
ps_computeSimilarityVolume elapsed time: 3.000000 ms 
Device 0 memory - used: 1627.025024, free: 6564.975098, total: 8192.000000
total size of volume map in GPU memory: 22.016602
nDepths 167, nDepthsToSearch 167 
ps_computeSimilarityVolume elapsed time: 2.000000 ms 
Device 0 memory - used: 1626.587524, free: 6565.412598, total: 8192.000000
total size of volume map in GPU memory: 21.621094
nDepths 164, nDepthsToSearch 164 
ps_computeSimilarityVolume elapsed time: 2.000000 ms 
Device 0 memory - used: 1634.525024, free: 6557.475098, total: 8192.000000
total size of volume map in GPU memory: 29.531250
nDepths 224, nDepthsToSearch 224 
ps_computeSimilarityVolume elapsed time: 2.000000 ms 
Device 0 memory - used: 1633.087524, free: 6558.912598, total: 8192.000000
total size of volume map in GPU memory: 28.081055
nDepths 213, nDepthsToSearch 213 
ps_computeSimilarityVolume elapsed time: 2.000000 ms 
Device 0 memory - used: 1633.212524, free: 6558.787598, total: 8192.000000
total size of volume map in GPU memory: 28.212891
nDepths 214, nDepthsToSearch 214 
ps_computeSimilarityVolume elapsed time: 2.000000 ms 
Device 0 memory - used: 1629.525024, free: 6562.475098, total: 8192.000000
total size of volume map in GPU memory: 24.521484
nDepths 186, nDepthsToSearch 186 
ps_computeSimilarityVolume elapsed time: 2.000000 ms 
Device 0 memory - used: 1627.775024, free: 6564.225098, total: 8192.000000
total size of volume map in GPU memory: 22.807617
nDepths 173, nDepthsToSearch 173 
ps_computeSimilarityVolume elapsed time: 2.000000 ms 
Device 0 memory - used: 1625.962524, free: 6566.037598, total: 8192.000000
total size of volume map in GPU memory: 20.961914
nDepths 159, nDepthsToSearch 159 
ps_computeSimilarityVolume elapsed time: 3.000000 ms 
Device 0 memory - used: 1623.212524, free: 6568.787598, total: 8192.000000
total size of volume map in GPU memory: 18.193359
nDepths 138, nDepthsToSearch 138 
ps_computeSimilarityVolume elapsed time: 2.000000 ms 
ps_SGMoptimizeSimVolume
ps_updateAggrVolume
ps_aggregatePathVolume
ps_aggregatePathVolume done
ps_updateAggrVolume done
ps_updateAggrVolume
ps_aggregatePathVolume
ps_aggregatePathVolume done
ps_updateAggrVolume done
ps_updateAggrVolume
ps_aggregatePathVolume
ps_aggregatePathVolume done
ps_updateAggrVolume done
ps_updateAggrVolume
ps_aggregatePathVolume
ps_aggregatePathVolume done
ps_updateAggrVolume done
SGM volume gpu elapsed time: 54.000000 ms 
ps_SGMoptimizeSimVolume done
[01:30:41.038523][info] Refine depth map, view id: 590445685
gpu elapsed time: 5.000000 ms 
gpu elapsed time: 7.000000 ms 
gpu elapsed time: 8.000000 ms 
gpu elapsed time: 5.000000 ms 
gpu elapsed time: 7.000000 ms 
gpu elapsed time: 10.000000 ms 
gpu elapsed time: 7.000000 ms 
gpu elapsed time: 5.000000 ms 
gpu elapsed time: 7.000000 ms 
gpu elapsed time: 7.000000 ms 
gpu elapsed time: 6.000000 ms 
gpu elapsed time: 5.000000 ms 
gpu elapsed time: 5.000000 ms 
gpu elapsed time: 7.000000 ms 
gpu elapsed time: 7.000000 ms 
gpu elapsed time: 5.000000 ms 
gpu elapsed time: 5.000000 ms 
gpu elapsed time: 5.000000 ms 
gpu elapsed time: 7.000000 ms 
gpu elapsed time: 6.000000 ms 
gpu elapsed time: 5.000000 ms 
gpu elapsed time: 7.000000 ms 
gpu elapsed time: 5.000000 ms 
gpu elapsed time: 6.000000 ms 
gpu elapsed time: 25.000000 ms 
gpu elapsed time: 9.000000 ms 
gpu elapsed time: 10.000000 ms 
gpu elapsed time: 9.000000 ms 
rc: 5, gpu elapsed time: 4.000000 ms 
rc: 5, gpu elapsed time: 3.000000 ms 
rc: 5, gpu elapsed time: 4.000000 ms 
rc: 5, gpu elapsed time: 3.000000 ms 
[01:30:41.394524][info] Task done in (s): 3.876000
