Program called with the following parameters:
 * downscale = 2
 * exportIntermediateResults = 0
 * imagesFolder = "D:/Automated-3D-Modeling-Project/Demonstration-for-regular-meeting/7.27/1time-20frame/meshroom/MeshroomCache/PrepareDenseScene/1dddca89113158d92a0723841131f8f481bae0ce"
 * input = "D:/Automated-3D-Modeling-Project/Demonstration-for-regular-meeting/7.27/1time-20frame/meshroom/MeshroomCache/StructureFromMotion/250fee2381dcb52b1c6c19f312a235c95e36881b/sfm.abc"
 * maxViewAngle = 70
 * minViewAngle = 2
 * nbGPUs = 0
 * output = "D:/Automated-3D-Modeling-Project/Demonstration-for-regular-meeting/7.27/1time-20frame/meshroom/MeshroomCache/DepthMap/e819cc894b5ee01627f2ca1b8ea71c0b6866a577"
 * rangeSize = 3
 * rangeStart = 9
 * refineGammaC = 15.5
 * refineGammaP = 8
 * refineMaxTCams = 6
 * refineNDepthsToRefine = 31
 * refineNSamplesHalf = 150
 * refineNiters = 100
 * refineSigma = 15
 * refineUseTcOrRcPixSize = 0
 * refineWSH = 3
 * sgmGammaC = 5.5
 * sgmGammaP = 8
 * sgmMaxTCams = 10
 * sgmWSH = 4
 * verboseLevel = "info"

[01:30:45.607540][info] CUDA-Enabled GPU.
Device information:
	- id:                      0
	- name:                    GeForce RTX 2070 SUPER
	- compute capability:      7.5
	- total device memory:     8192 MB 
	- device memory available: 6688 MB 
	- per-block shared memory: 49152
	- warp size:               32
	- max threads per block:   1024
	- max threads per SM(X):   1024
	- max block sizes:         {1024,1024,64}
	- max grid sizes:          {2147483647,65535,65535}
	- max 2D array texture:    {131072,65536}
	- max 3D array texture:    {16384,16384,16384}
	- max 2D linear texture:   {131072,65000,2097120}
	- max 2D layered texture:  {32768,32768,2048}
	- number of SM(x)s:        40
	- registers per SM(x):     65536
	- registers per block:     65536
	- concurrent kernels:      yes
	- mapping host memory:     yes
	- unified addressing:      yes
	- texture alignment:       512 byte
	- pitch alignment:         32 byte

[01:30:45.802543][info] Supported CUDA-Enabled GPU detected.
[01:30:45.809541][info] Found 25 image dimension(s): 
[01:30:45.809541][info] 	- [283x995]
[01:30:45.809541][info] 	- [354x942]
[01:30:45.809541][info] 	- [387x1016]
[01:30:45.809541][info] 	- [411x999]
[01:30:45.809541][info] 	- [419x1080]
[01:30:45.809541][info] 	- [422x1033]
[01:30:45.809541][info] 	- [426x1044]
[01:30:45.809541][info] 	- [438x1035]
[01:30:45.809541][info] 	- [450x1080]
[01:30:45.809541][info] 	- [456x1080]
[01:30:45.809541][info] 	- [501x1080]
[01:30:45.809541][info] 	- [504x1080]
[01:30:45.809541][info] 	- [511x1080]
[01:30:45.809541][info] 	- [522x1080]
[01:30:45.809541][info] 	- [525x1080]
[01:30:45.809541][info] 	- [555x1080]
[01:30:45.809541][info] 	- [570x1080]
[01:30:45.809541][info] 	- [579x1080]
[01:30:45.809541][info] 	- [588x1080]
[01:30:45.809541][info] 	- [606x1080]
[01:30:45.809541][info] 	- [612x1080]
[01:30:45.809541][info] 	- [615x1080]
[01:30:45.809541][info] 	- [639x1080]
[01:30:45.809541][info] 	- [642x1080]
[01:30:45.809541][info] 	- [660x1080]
[01:30:45.829543][info] Overall maximum dimension: [660x1080]
[01:30:45.829543][info] Create depth maps.
number of CUDA devices:	1
   0: GeForce RTX 2070 SUPER
[01:30:45.830543][info] # GPU devices: 1, # CPU threads: 16
[01:30:45.830543][info] Plane sweeping parameters:
	- scale: 2
	- step: 1
[01:30:45.830543][info] PlaneSweepingCuda:
	- _nImgsInGPUAtTime: 25
	- scales: 2
	- subPixel: Yes
	- varianceWSH: 4
CUDA device no 0 for 0
Device 0 memory - used: 1503.962524, free: 6688.037598, total: 8192.000000
Device 0 memory - used: 1604.962524, free: 6587.037598, total: 8192.000000
[01:30:46.237543][info] Estimate depth map, view id: 1009773410
Device 0 memory - used: 1641.275024, free: 6550.725098, total: 8192.000000
total size of volume map in GPU memory: 36.254883
nDepths 275, nDepthsToSearch 275 
ps_computeSimilarityVolume elapsed time: 4.000000 ms 
Device 0 memory - used: 1644.150024, free: 6547.850098, total: 8192.000000
total size of volume map in GPU memory: 39.155273
nDepths 297, nDepthsToSearch 297 
ps_computeSimilarityVolume elapsed time: 4.000000 ms 
Device 0 memory - used: 1641.775024, free: 6550.225098, total: 8192.000000
total size of volume map in GPU memory: 36.782227
nDepths 279, nDepthsToSearch 279 
ps_computeSimilarityVolume elapsed time: 3.000000 ms 
Device 0 memory - used: 1643.087524, free: 6548.912598, total: 8192.000000
total size of volume map in GPU memory: 38.100586
nDepths 289, nDepthsToSearch 289 
ps_computeSimilarityVolume elapsed time: 2.000000 ms 
Device 0 memory - used: 1637.712524, free: 6554.287598, total: 8192.000000
total size of volume map in GPU memory: 32.695313
nDepths 248, nDepthsToSearch 248 
ps_computeSimilarityVolume elapsed time: 2.000000 ms 
Device 0 memory - used: 1636.775024, free: 6555.225098, total: 8192.000000
total size of volume map in GPU memory: 31.772461
nDepths 241, nDepthsToSearch 241 
ps_computeSimilarityVolume elapsed time: 2.000000 ms 
Device 0 memory - used: 1633.712524, free: 6558.287598, total: 8192.000000
total size of volume map in GPU memory: 28.740234
nDepths 218, nDepthsToSearch 218 
ps_computeSimilarityVolume elapsed time: 3.000000 ms 
Device 0 memory - used: 1628.337524, free: 6563.662598, total: 8192.000000
total size of volume map in GPU memory: 23.334961
nDepths 177, nDepthsToSearch 177 
ps_computeSimilarityVolume elapsed time: 2.000000 ms 
Device 0 memory - used: 1629.275024, free: 6562.725098, total: 8192.000000
total size of volume map in GPU memory: 24.257813
nDepths 184, nDepthsToSearch 184 
ps_computeSimilarityVolume elapsed time: 3.000000 ms 
Device 0 memory - used: 1623.025024, free: 6568.975098, total: 8192.000000
total size of volume map in GPU memory: 18.061523
nDepths 137, nDepthsToSearch 137 
ps_computeSimilarityVolume elapsed time: 2.000000 ms 
ps_SGMoptimizeSimVolume
ps_updateAggrVolume
ps_aggregatePathVolume
ps_aggregatePathVolume done
ps_updateAggrVolume done
ps_updateAggrVolume
ps_aggregatePathVolume
ps_aggregatePathVolume done
ps_updateAggrVolume done
ps_updateAggrVolume
ps_aggregatePathVolume
ps_aggregatePathVolume done
ps_updateAggrVolume done
ps_updateAggrVolume
ps_aggregatePathVolume
ps_aggregatePathVolume done
ps_updateAggrVolume done
SGM volume gpu elapsed time: 64.000000 ms 
ps_SGMoptimizeSimVolume done
[01:30:47.079547][info] Refine depth map, view id: 1009773410
gpu elapsed time: 6.000000 ms 
gpu elapsed time: 10.000000 ms 
gpu elapsed time: 8.000000 ms 
gpu elapsed time: 6.000000 ms 
gpu elapsed time: 8.000000 ms 
gpu elapsed time: 7.000000 ms 
gpu elapsed time: 8.000000 ms 
gpu elapsed time: 6.000000 ms 
gpu elapsed time: 8.000000 ms 
gpu elapsed time: 7.000000 ms 
gpu elapsed time: 7.000000 ms 
gpu elapsed time: 7.000000 ms 
gpu elapsed time: 6.000000 ms 
gpu elapsed time: 7.000000 ms 
gpu elapsed time: 5.000000 ms 
gpu elapsed time: 5.000000 ms 
gpu elapsed time: 5.000000 ms 
gpu elapsed time: 5.000000 ms 
gpu elapsed time: 7.000000 ms 
gpu elapsed time: 5.000000 ms 
gpu elapsed time: 6.000000 ms 
gpu elapsed time: 7.000000 ms 
gpu elapsed time: 6.000000 ms 
gpu elapsed time: 3.000000 ms 
gpu elapsed time: 26.000000 ms 
gpu elapsed time: 13.000000 ms 
gpu elapsed time: 8.000000 ms 
gpu elapsed time: 10.000000 ms 
rc: 9, gpu elapsed time: 3.000000 ms 
rc: 9, gpu elapsed time: 3.000000 ms 
rc: 9, gpu elapsed time: 3.000000 ms 
rc: 9, gpu elapsed time: 3.000000 ms 
[01:30:47.494548][info] Estimate depth map, view id: 1034156287
Device 0 memory - used: 1629.400024, free: 6562.600098, total: 8192.000000
total size of volume map in GPU memory: 24.389648
nDepths 185, nDepthsToSearch 185 
ps_computeSimilarityVolume elapsed time: 2.000000 ms 
Device 0 memory - used: 1638.462524, free: 6553.537598, total: 8192.000000
total size of volume map in GPU memory: 33.486328
nDepths 254, nDepthsToSearch 254 
ps_computeSimilarityVolume elapsed time: 5.000000 ms 
Device 0 memory - used: 1629.400024, free: 6562.600098, total: 8192.000000
total size of volume map in GPU memory: 24.389648
nDepths 185, nDepthsToSearch 185 
ps_computeSimilarityVolume elapsed time: 2.000000 ms 
Device 0 memory - used: 1638.212524, free: 6553.787598, total: 8192.000000
total size of volume map in GPU memory: 33.222656
nDepths 252, nDepthsToSearch 252 
ps_computeSimilarityVolume elapsed time: 2.000000 ms 
Device 0 memory - used: 1638.462524, free: 6553.537598, total: 8192.000000
total size of volume map in GPU memory: 33.486328
nDepths 254, nDepthsToSearch 254 
ps_computeSimilarityVolume elapsed time: 3.000000 ms 
Device 0 memory - used: 1633.212524, free: 6558.787598, total: 8192.000000
total size of volume map in GPU memory: 28.212891
nDepths 214, nDepthsToSearch 214 
ps_computeSimilarityVolume elapsed time: 2.000000 ms 
Device 0 memory - used: 1636.400024, free: 6555.600098, total: 8192.000000
total size of volume map in GPU memory: 31.376953
nDepths 238, nDepthsToSearch 238 
ps_computeSimilarityVolume elapsed time: 3.000000 ms 
Device 0 memory - used: 1627.400024, free: 6564.600098, total: 8192.000000
total size of volume map in GPU memory: 22.412109
nDepths 170, nDepthsToSearch 170 
ps_computeSimilarityVolume elapsed time: 2.000000 ms 
Device 0 memory - used: 1625.837524, free: 6566.162598, total: 8192.000000
total size of volume map in GPU memory: 20.830078
nDepths 158, nDepthsToSearch 158 
ps_computeSimilarityVolume elapsed time: 3.000000 ms 
Device 0 memory - used: 1629.650024, free: 6562.350098, total: 8192.000000
total size of volume map in GPU memory: 24.653320
nDepths 187, nDepthsToSearch 187 
ps_computeSimilarityVolume elapsed time: 2.000000 ms 
ps_SGMoptimizeSimVolume
ps_updateAggrVolume
ps_aggregatePathVolume
ps_aggregatePathVolume done
ps_updateAggrVolume done
ps_updateAggrVolume
ps_aggregatePathVolume
ps_aggregatePathVolume done
ps_updateAggrVolume done
ps_updateAggrVolume
ps_aggregatePathVolume
ps_aggregatePathVolume done
ps_updateAggrVolume done
ps_updateAggrVolume
ps_aggregatePathVolume
ps_aggregatePathVolume done
ps_updateAggrVolume done
SGM volume gpu elapsed time: 52.000000 ms 
ps_SGMoptimizeSimVolume done
[01:30:48.111550][info] Refine depth map, view id: 1034156287
gpu elapsed time: 5.000000 ms 
gpu elapsed time: 5.000000 ms 
gpu elapsed time: 5.000000 ms 
gpu elapsed time: 5.000000 ms 
gpu elapsed time: 6.000000 ms 
gpu elapsed time: 6.000000 ms 
gpu elapsed time: 5.000000 ms 
gpu elapsed time: 5.000000 ms 
gpu elapsed time: 5.000000 ms 
gpu elapsed time: 5.000000 ms 
gpu elapsed time: 5.000000 ms 
gpu elapsed time: 5.000000 ms 
gpu elapsed time: 5.000000 ms 
gpu elapsed time: 5.000000 ms 
gpu elapsed time: 6.000000 ms 
gpu elapsed time: 6.000000 ms 
gpu elapsed time: 5.000000 ms 
gpu elapsed time: 5.000000 ms 
gpu elapsed time: 6.000000 ms 
gpu elapsed time: 5.000000 ms 
gpu elapsed time: 5.000000 ms 
gpu elapsed time: 5.000000 ms 
gpu elapsed time: 5.000000 ms 
gpu elapsed time: 5.000000 ms 
gpu elapsed time: 19.000000 ms 
gpu elapsed time: 10.000000 ms 
gpu elapsed time: 9.000000 ms 
gpu elapsed time: 10.000000 ms 
rc: 10, gpu elapsed time: 3.000000 ms 
rc: 10, gpu elapsed time: 3.000000 ms 
rc: 10, gpu elapsed time: 3.000000 ms 
rc: 10, gpu elapsed time: 3.000000 ms 
[01:30:48.596553][info] Estimate depth map, view id: 1048071823
Device 0 memory - used: 1643.087524, free: 6548.912598, total: 8192.000000
total size of volume map in GPU memory: 38.100586
nDepths 289, nDepthsToSearch 289 
ps_computeSimilarityVolume elapsed time: 2.000000 ms 
Device 0 memory - used: 1634.275024, free: 6557.725098, total: 8192.000000
total size of volume map in GPU memory: 29.267578
nDepths 222, nDepthsToSearch 222 
ps_computeSimilarityVolume elapsed time: 3.000000 ms 
Device 0 memory - used: 1643.650024, free: 6548.350098, total: 8192.000000
total size of volume map in GPU memory: 38.627930
nDepths 293, nDepthsToSearch 293 
ps_computeSimilarityVolume elapsed time: 3.000000 ms 
Device 0 memory - used: 1640.212524, free: 6551.787598, total: 8192.000000
total size of volume map in GPU memory: 35.200195
nDepths 267, nDepthsToSearch 267 
ps_computeSimilarityVolume elapsed time: 3.000000 ms 
Device 0 memory - used: 1636.775024, free: 6555.225098, total: 8192.000000
total size of volume map in GPU memory: 31.772461
nDepths 241, nDepthsToSearch 241 
ps_computeSimilarityVolume elapsed time: 3.000000 ms 
Device 0 memory - used: 1636.775024, free: 6555.225098, total: 8192.000000
total size of volume map in GPU memory: 31.772461
nDepths 241, nDepthsToSearch 241 
ps_computeSimilarityVolume elapsed time: 2.000000 ms 
Device 0 memory - used: 1625.587524, free: 6566.412598, total: 8192.000000
total size of volume map in GPU memory: 20.566406
nDepths 156, nDepthsToSearch 156 
ps_computeSimilarityVolume elapsed time: 2.000000 ms 
Device 0 memory - used: 1634.900024, free: 6557.100098, total: 8192.000000
total size of volume map in GPU memory: 29.926758
nDepths 227, nDepthsToSearch 227 
ps_computeSimilarityVolume elapsed time: 3.000000 ms 
Device 0 memory - used: 1627.150024, free: 6564.850098, total: 8192.000000
total size of volume map in GPU memory: 22.148438
nDepths 168, nDepthsToSearch 168 
ps_computeSimilarityVolume elapsed time: 2.000000 ms 
Device 0 memory - used: 1624.650024, free: 6567.350098, total: 8192.000000
total size of volume map in GPU memory: 19.643555
nDepths 149, nDepthsToSearch 149 
ps_computeSimilarityVolume elapsed time: 2.000000 ms 
ps_SGMoptimizeSimVolume
ps_updateAggrVolume
ps_aggregatePathVolume
ps_aggregatePathVolume done
ps_updateAggrVolume done
ps_updateAggrVolume
ps_aggregatePathVolume
ps_aggregatePathVolume done
ps_updateAggrVolume done
ps_updateAggrVolume
ps_aggregatePathVolume
ps_aggregatePathVolume done
ps_updateAggrVolume done
ps_updateAggrVolume
ps_aggregatePathVolume
ps_aggregatePathVolume done
ps_updateAggrVolume done
SGM volume gpu elapsed time: 64.000000 ms 
ps_SGMoptimizeSimVolume done
[01:30:49.362555][info] Refine depth map, view id: 1048071823
gpu elapsed time: 5.000000 ms 
gpu elapsed time: 7.000000 ms 
gpu elapsed time: 7.000000 ms 
gpu elapsed time: 6.000000 ms 
gpu elapsed time: 5.000000 ms 
gpu elapsed time: 5.000000 ms 
gpu elapsed time: 8.000000 ms 
gpu elapsed time: 5.000000 ms 
gpu elapsed time: 5.000000 ms 
gpu elapsed time: 7.000000 ms 
gpu elapsed time: 7.000000 ms 
gpu elapsed time: 5.000000 ms 
gpu elapsed time: 5.000000 ms 
gpu elapsed time: 7.000000 ms 
gpu elapsed time: 5.000000 ms 
gpu elapsed time: 5.000000 ms 
gpu elapsed time: 6.000000 ms 
gpu elapsed time: 8.000000 ms 
gpu elapsed time: 7.000000 ms 
gpu elapsed time: 7.000000 ms 
gpu elapsed time: 6.000000 ms 
gpu elapsed time: 7.000000 ms 
gpu elapsed time: 7.000000 ms 
gpu elapsed time: 7.000000 ms 
gpu elapsed time: 28.000000 ms 
gpu elapsed time: 10.000000 ms 
gpu elapsed time: 10.000000 ms 
gpu elapsed time: 10.000000 ms 
rc: 11, gpu elapsed time: 3.000000 ms 
rc: 11, gpu elapsed time: 4.000000 ms 
rc: 11, gpu elapsed time: 3.000000 ms 
rc: 11, gpu elapsed time: 3.000000 ms 
[01:30:49.738557][info] Task done in (s): 4.132000
