Program called with the following parameters:
 * downscale = 2
 * exportIntermediateResults = 0
 * imagesFolder = "D:/Automated-3D-Modeling-Project/Demonstration-for-regular-meeting/7.27/1time-20frame/meshroom/MeshroomCache/PrepareDenseScene/1dddca89113158d92a0723841131f8f481bae0ce"
 * input = "D:/Automated-3D-Modeling-Project/Demonstration-for-regular-meeting/7.27/1time-20frame/meshroom/MeshroomCache/StructureFromMotion/250fee2381dcb52b1c6c19f312a235c95e36881b/sfm.abc"
 * maxViewAngle = 70
 * minViewAngle = 2
 * nbGPUs = 0
 * output = "D:/Automated-3D-Modeling-Project/Demonstration-for-regular-meeting/7.27/1time-20frame/meshroom/MeshroomCache/DepthMap/e819cc894b5ee01627f2ca1b8ea71c0b6866a577"
 * rangeSize = 3
 * rangeStart = 12
 * refineGammaC = 15.5
 * refineGammaP = 8
 * refineMaxTCams = 6
 * refineNDepthsToRefine = 31
 * refineNSamplesHalf = 150
 * refineNiters = 100
 * refineSigma = 15
 * refineUseTcOrRcPixSize = 0
 * refineWSH = 3
 * sgmGammaC = 5.5
 * sgmGammaP = 8
 * sgmMaxTCams = 10
 * sgmWSH = 4
 * verboseLevel = "info"

[01:30:50.061560][info] CUDA-Enabled GPU.
Device information:
	- id:                      0
	- name:                    GeForce RTX 2070 SUPER
	- compute capability:      7.5
	- total device memory:     8192 MB 
	- device memory available: 6688 MB 
	- per-block shared memory: 49152
	- warp size:               32
	- max threads per block:   1024
	- max threads per SM(X):   1024
	- max block sizes:         {1024,1024,64}
	- max grid sizes:          {2147483647,65535,65535}
	- max 2D array texture:    {131072,65536}
	- max 3D array texture:    {16384,16384,16384}
	- max 2D linear texture:   {131072,65000,2097120}
	- max 2D layered texture:  {32768,32768,2048}
	- number of SM(x)s:        40
	- registers per SM(x):     65536
	- registers per block:     65536
	- concurrent kernels:      yes
	- mapping host memory:     yes
	- unified addressing:      yes
	- texture alignment:       512 byte
	- pitch alignment:         32 byte

[01:30:50.233567][info] Supported CUDA-Enabled GPU detected.
[01:30:50.246568][info] Found 25 image dimension(s): 
[01:30:50.246568][info] 	- [283x995]
[01:30:50.246568][info] 	- [354x942]
[01:30:50.246568][info] 	- [387x1016]
[01:30:50.246568][info] 	- [411x999]
[01:30:50.246568][info] 	- [419x1080]
[01:30:50.246568][info] 	- [422x1033]
[01:30:50.246568][info] 	- [426x1044]
[01:30:50.246568][info] 	- [438x1035]
[01:30:50.246568][info] 	- [450x1080]
[01:30:50.246568][info] 	- [456x1080]
[01:30:50.246568][info] 	- [501x1080]
[01:30:50.246568][info] 	- [504x1080]
[01:30:50.246568][info] 	- [511x1080]
[01:30:50.246568][info] 	- [522x1080]
[01:30:50.246568][info] 	- [525x1080]
[01:30:50.246568][info] 	- [555x1080]
[01:30:50.246568][info] 	- [570x1080]
[01:30:50.246568][info] 	- [579x1080]
[01:30:50.246568][info] 	- [588x1080]
[01:30:50.246568][info] 	- [606x1080]
[01:30:50.246568][info] 	- [612x1080]
[01:30:50.246568][info] 	- [615x1080]
[01:30:50.246568][info] 	- [639x1080]
[01:30:50.246568][info] 	- [642x1080]
[01:30:50.246568][info] 	- [660x1080]
[01:30:50.268567][info] Overall maximum dimension: [660x1080]
[01:30:50.268567][info] Create depth maps.
number of CUDA devices:	1
   0: GeForce RTX 2070 SUPER
[01:30:50.268567][info] # GPU devices: 1, # CPU threads: 16
[01:30:50.268567][info] Plane sweeping parameters:
	- scale: 2
	- step: 1
[01:30:50.268567][info] PlaneSweepingCuda:
	- _nImgsInGPUAtTime: 25
	- scales: 2
	- subPixel: Yes
	- varianceWSH: 4
CUDA device no 0 for 0
Device 0 memory - used: 1503.962524, free: 6688.037598, total: 8192.000000
Device 0 memory - used: 1604.962524, free: 6587.037598, total: 8192.000000
[01:30:50.674561][info] Estimate depth map, view id: 1140932673
Device 0 memory - used: 1635.337524, free: 6556.662598, total: 8192.000000
total size of volume map in GPU memory: 30.322266
nDepths 230, nDepthsToSearch 230 
ps_computeSimilarityVolume elapsed time: 3.000000 ms 
Device 0 memory - used: 1635.337524, free: 6556.662598, total: 8192.000000
total size of volume map in GPU memory: 30.322266
nDepths 230, nDepthsToSearch 230 
ps_computeSimilarityVolume elapsed time: 4.000000 ms 
Device 0 memory - used: 1635.337524, free: 6556.662598, total: 8192.000000
total size of volume map in GPU memory: 30.322266
nDepths 230, nDepthsToSearch 230 
ps_computeSimilarityVolume elapsed time: 2.000000 ms 
Device 0 memory - used: 1627.025024, free: 6564.975098, total: 8192.000000
total size of volume map in GPU memory: 22.016602
nDepths 167, nDepthsToSearch 167 
ps_computeSimilarityVolume elapsed time: 2.000000 ms 
Device 0 memory - used: 1626.775024, free: 6565.225098, total: 8192.000000
total size of volume map in GPU memory: 21.752930
nDepths 165, nDepthsToSearch 165 
ps_computeSimilarityVolume elapsed time: 2.000000 ms 
Device 0 memory - used: 1633.712524, free: 6558.287598, total: 8192.000000
total size of volume map in GPU memory: 28.740234
nDepths 218, nDepthsToSearch 218 
ps_computeSimilarityVolume elapsed time: 2.000000 ms 
Device 0 memory - used: 1634.650024, free: 6557.350098, total: 8192.000000
total size of volume map in GPU memory: 29.663086
nDepths 225, nDepthsToSearch 225 
ps_computeSimilarityVolume elapsed time: 3.000000 ms 
Device 0 memory - used: 1629.775024, free: 6562.225098, total: 8192.000000
total size of volume map in GPU memory: 24.785156
nDepths 188, nDepthsToSearch 188 
ps_computeSimilarityVolume elapsed time: 3.000000 ms 
Device 0 memory - used: 1624.087524, free: 6567.912598, total: 8192.000000
total size of volume map in GPU memory: 19.116211
nDepths 145, nDepthsToSearch 145 
ps_computeSimilarityVolume elapsed time: 2.000000 ms 
Device 0 memory - used: 1630.587524, free: 6561.412598, total: 8192.000000
total size of volume map in GPU memory: 25.576172
nDepths 194, nDepthsToSearch 194 
ps_computeSimilarityVolume elapsed time: 2.000000 ms 
ps_SGMoptimizeSimVolume
ps_updateAggrVolume
ps_aggregatePathVolume
ps_aggregatePathVolume done
ps_updateAggrVolume done
ps_updateAggrVolume
ps_aggregatePathVolume
ps_aggregatePathVolume done
ps_updateAggrVolume done
ps_updateAggrVolume
ps_aggregatePathVolume
ps_aggregatePathVolume done
ps_updateAggrVolume done
ps_updateAggrVolume
ps_aggregatePathVolume
ps_aggregatePathVolume done
ps_updateAggrVolume done
SGM volume gpu elapsed time: 55.000000 ms 
ps_SGMoptimizeSimVolume done
[01:30:51.471568][info] Refine depth map, view id: 1140932673
gpu elapsed time: 5.000000 ms 
gpu elapsed time: 7.000000 ms 
gpu elapsed time: 7.000000 ms 
gpu elapsed time: 7.000000 ms 
gpu elapsed time: 6.000000 ms 
gpu elapsed time: 8.000000 ms 
gpu elapsed time: 7.000000 ms 
gpu elapsed time: 5.000000 ms 
gpu elapsed time: 5.000000 ms 
gpu elapsed time: 6.000000 ms 
gpu elapsed time: 7.000000 ms 
gpu elapsed time: 5.000000 ms 
gpu elapsed time: 6.000000 ms 
gpu elapsed time: 7.000000 ms 
gpu elapsed time: 7.000000 ms 
gpu elapsed time: 7.000000 ms 
gpu elapsed time: 6.000000 ms 
gpu elapsed time: 7.000000 ms 
gpu elapsed time: 7.000000 ms 
gpu elapsed time: 8.000000 ms 
gpu elapsed time: 6.000000 ms 
gpu elapsed time: 5.000000 ms 
gpu elapsed time: 7.000000 ms 
gpu elapsed time: 5.000000 ms 
gpu elapsed time: 11.000000 ms 
gpu elapsed time: 10.000000 ms 
gpu elapsed time: 11.000000 ms 
gpu elapsed time: 9.000000 ms 
rc: 12, gpu elapsed time: 4.000000 ms 
rc: 12, gpu elapsed time: 3.000000 ms 
rc: 12, gpu elapsed time: 3.000000 ms 
rc: 12, gpu elapsed time: 4.000000 ms 
[01:30:52.081568][info] Estimate depth map, view id: 1199642573
Device 0 memory - used: 1626.775024, free: 6565.225098, total: 8192.000000
total size of volume map in GPU memory: 21.763184
nDepths 179, nDepthsToSearch 179 
ps_computeSimilarityVolume elapsed time: 2.000000 ms 
Device 0 memory - used: 1626.775024, free: 6565.225098, total: 8192.000000
total size of volume map in GPU memory: 21.763184
nDepths 179, nDepthsToSearch 179 
ps_computeSimilarityVolume elapsed time: 5.000000 ms 
Device 0 memory - used: 1621.025024, free: 6570.975098, total: 8192.000000
total size of volume map in GPU memory: 16.048828
nDepths 132, nDepthsToSearch 132 
ps_computeSimilarityVolume elapsed time: 1.000000 ms 
Device 0 memory - used: 1619.962524, free: 6572.037598, total: 8192.000000
total size of volume map in GPU memory: 14.954590
nDepths 123, nDepthsToSearch 123 
ps_computeSimilarityVolume elapsed time: 2.000000 ms 
Device 0 memory - used: 1624.962524, free: 6567.037598, total: 8192.000000
total size of volume map in GPU memory: 19.939453
nDepths 164, nDepthsToSearch 164 
ps_computeSimilarityVolume elapsed time: 2.000000 ms 
Device 0 memory - used: 1619.837524, free: 6572.162598, total: 8192.000000
total size of volume map in GPU memory: 14.833008
nDepths 122, nDepthsToSearch 122 
ps_computeSimilarityVolume elapsed time: 2.000000 ms 
Device 0 memory - used: 1623.337524, free: 6568.662598, total: 8192.000000
total size of volume map in GPU memory: 18.358887
nDepths 151, nDepthsToSearch 151 
ps_computeSimilarityVolume elapsed time: 2.000000 ms 
Device 0 memory - used: 1621.775024, free: 6570.225098, total: 8192.000000
total size of volume map in GPU memory: 16.778320
nDepths 138, nDepthsToSearch 138 
ps_computeSimilarityVolume elapsed time: 2.000000 ms 
Device 0 memory - used: 1615.712524, free: 6576.287598, total: 8192.000000
total size of volume map in GPU memory: 10.699219
nDepths 88, nDepthsToSearch 88 
ps_computeSimilarityVolume elapsed time: 2.000000 ms 
Device 0 memory - used: 1619.837524, free: 6572.162598, total: 8192.000000
total size of volume map in GPU memory: 14.833008
nDepths 122, nDepthsToSearch 122 
ps_computeSimilarityVolume elapsed time: 1.000000 ms 
ps_SGMoptimizeSimVolume
ps_updateAggrVolume
ps_aggregatePathVolume
ps_aggregatePathVolume done
ps_updateAggrVolume done
ps_updateAggrVolume
ps_aggregatePathVolume
ps_aggregatePathVolume done
ps_updateAggrVolume done
ps_updateAggrVolume
ps_aggregatePathVolume
ps_aggregatePathVolume done
ps_updateAggrVolume done
ps_updateAggrVolume
ps_aggregatePathVolume
ps_aggregatePathVolume done
ps_updateAggrVolume done
SGM volume gpu elapsed time: 36.000000 ms 
ps_SGMoptimizeSimVolume done
[01:30:52.516568][info] Refine depth map, view id: 1199642573
gpu elapsed time: 5.000000 ms 
gpu elapsed time: 5.000000 ms 
gpu elapsed time: 5.000000 ms 
gpu elapsed time: 5.000000 ms 
gpu elapsed time: 5.000000 ms 
gpu elapsed time: 5.000000 ms 
gpu elapsed time: 5.000000 ms 
gpu elapsed time: 3.000000 ms 
gpu elapsed time: 5.000000 ms 
gpu elapsed time: 5.000000 ms 
gpu elapsed time: 5.000000 ms 
gpu elapsed time: 5.000000 ms 
gpu elapsed time: 5.000000 ms 
gpu elapsed time: 5.000000 ms 
gpu elapsed time: 5.000000 ms 
gpu elapsed time: 4.000000 ms 
gpu elapsed time: 5.000000 ms 
gpu elapsed time: 5.000000 ms 
gpu elapsed time: 5.000000 ms 
gpu elapsed time: 5.000000 ms 
gpu elapsed time: 4.000000 ms 
gpu elapsed time: 4.000000 ms 
gpu elapsed time: 5.000000 ms 
gpu elapsed time: 5.000000 ms 
gpu elapsed time: 21.000000 ms 
gpu elapsed time: 10.000000 ms 
gpu elapsed time: 11.000000 ms 
gpu elapsed time: 10.000000 ms 
rc: 13, gpu elapsed time: 3.000000 ms 
rc: 13, gpu elapsed time: 3.000000 ms 
rc: 13, gpu elapsed time: 2.000000 ms 
rc: 13, gpu elapsed time: 2.000000 ms 
[01:30:52.834570][info] Estimate depth map, view id: 1292321729
Device 0 memory - used: 1632.025024, free: 6559.975098, total: 8192.000000
total size of volume map in GPU memory: 27.017578
nDepths 212, nDepthsToSearch 212 
ps_computeSimilarityVolume elapsed time: 2.000000 ms 
Device 0 memory - used: 1631.775024, free: 6560.225098, total: 8192.000000
total size of volume map in GPU memory: 26.762695
nDepths 210, nDepthsToSearch 210 
ps_computeSimilarityVolume elapsed time: 3.000000 ms 
Device 0 memory - used: 1631.900024, free: 6560.100098, total: 8192.000000
total size of volume map in GPU memory: 26.890137
nDepths 211, nDepthsToSearch 211 
ps_computeSimilarityVolume elapsed time: 3.000000 ms 
Device 0 memory - used: 1629.587524, free: 6562.412598, total: 8192.000000
total size of volume map in GPU memory: 24.596191
nDepths 193, nDepthsToSearch 193 
ps_computeSimilarityVolume elapsed time: 3.000000 ms 
Device 0 memory - used: 1631.650024, free: 6560.350098, total: 8192.000000
total size of volume map in GPU memory: 26.635254
nDepths 209, nDepthsToSearch 209 
ps_computeSimilarityVolume elapsed time: 2.000000 ms 
Device 0 memory - used: 1625.275024, free: 6566.725098, total: 8192.000000
total size of volume map in GPU memory: 20.263184
nDepths 159, nDepthsToSearch 159 
ps_computeSimilarityVolume elapsed time: 2.000000 ms 
Device 0 memory - used: 1628.337524, free: 6563.662598, total: 8192.000000
total size of volume map in GPU memory: 23.321777
nDepths 183, nDepthsToSearch 183 
ps_computeSimilarityVolume elapsed time: 3.000000 ms 
Device 0 memory - used: 1619.150024, free: 6572.850098, total: 8192.000000
total size of volume map in GPU memory: 14.145996
nDepths 111, nDepthsToSearch 111 
ps_computeSimilarityVolume elapsed time: 6.000000 ms 
Device 0 memory - used: 1624.650024, free: 6567.350098, total: 8192.000000
total size of volume map in GPU memory: 19.625977
nDepths 154, nDepthsToSearch 154 
ps_computeSimilarityVolume elapsed time: 2.000000 ms 
Device 0 memory - used: 1621.275024, free: 6570.725098, total: 8192.000000
total size of volume map in GPU memory: 16.312500
nDepths 128, nDepthsToSearch 128 
ps_computeSimilarityVolume elapsed time: 2.000000 ms 
ps_SGMoptimizeSimVolume
ps_updateAggrVolume
ps_aggregatePathVolume
ps_aggregatePathVolume done
ps_updateAggrVolume done
ps_updateAggrVolume
ps_aggregatePathVolume
ps_aggregatePathVolume done
ps_updateAggrVolume done
ps_updateAggrVolume
ps_aggregatePathVolume
ps_aggregatePathVolume done
ps_updateAggrVolume done
ps_updateAggrVolume
ps_aggregatePathVolume
ps_aggregatePathVolume done
ps_updateAggrVolume done
SGM volume gpu elapsed time: 54.000000 ms 
ps_SGMoptimizeSimVolume done
[01:30:53.322573][info] Refine depth map, view id: 1292321729
gpu elapsed time: 6.000000 ms 
gpu elapsed time: 5.000000 ms 
gpu elapsed time: 5.000000 ms 
gpu elapsed time: 5.000000 ms 
gpu elapsed time: 5.000000 ms 
gpu elapsed time: 5.000000 ms 
gpu elapsed time: 6.000000 ms 
gpu elapsed time: 6.000000 ms 
gpu elapsed time: 5.000000 ms 
gpu elapsed time: 5.000000 ms 
gpu elapsed time: 6.000000 ms 
gpu elapsed time: 4.000000 ms 
gpu elapsed time: 5.000000 ms 
gpu elapsed time: 5.000000 ms 
gpu elapsed time: 5.000000 ms 
gpu elapsed time: 4.000000 ms 
gpu elapsed time: 5.000000 ms 
gpu elapsed time: 5.000000 ms 
gpu elapsed time: 6.000000 ms 
gpu elapsed time: 3.000000 ms 
gpu elapsed time: 5.000000 ms 
gpu elapsed time: 5.000000 ms 
gpu elapsed time: 5.000000 ms 
gpu elapsed time: 3.000000 ms 
gpu elapsed time: 25.000000 ms 
gpu elapsed time: 10.000000 ms 
gpu elapsed time: 10.000000 ms 
gpu elapsed time: 10.000000 ms 
rc: 14, gpu elapsed time: 3.000000 ms 
rc: 14, gpu elapsed time: 3.000000 ms 
rc: 14, gpu elapsed time: 3.000000 ms 
rc: 14, gpu elapsed time: 3.000000 ms 
[01:30:53.630572][info] Task done in (s): 3.570000
