Program called with the following parameters:
 * downscale = 2
 * exportIntermediateResults = 0
 * imagesFolder = "D:/Automated-3D-Modeling-Project/Demonstration-for-regular-meeting/7.27/1time-20frame/meshroom/MeshroomCache/PrepareDenseScene/1dddca89113158d92a0723841131f8f481bae0ce"
 * input = "D:/Automated-3D-Modeling-Project/Demonstration-for-regular-meeting/7.27/1time-20frame/meshroom/MeshroomCache/StructureFromMotion/250fee2381dcb52b1c6c19f312a235c95e36881b/sfm.abc"
 * maxViewAngle = 70
 * minViewAngle = 2
 * nbGPUs = 0
 * output = "D:/Automated-3D-Modeling-Project/Demonstration-for-regular-meeting/7.27/1time-20frame/meshroom/MeshroomCache/DepthMap/e819cc894b5ee01627f2ca1b8ea71c0b6866a577"
 * rangeSize = 3
 * rangeStart = 15
 * refineGammaC = 15.5
 * refineGammaP = 8
 * refineMaxTCams = 6
 * refineNDepthsToRefine = 31
 * refineNSamplesHalf = 150
 * refineNiters = 100
 * refineSigma = 15
 * refineUseTcOrRcPixSize = 0
 * refineWSH = 3
 * sgmGammaC = 5.5
 * sgmGammaP = 8
 * sgmMaxTCams = 10
 * sgmWSH = 4
 * verboseLevel = "info"

[01:30:53.946574][info] CUDA-Enabled GPU.
Device information:
	- id:                      0
	- name:                    GeForce RTX 2070 SUPER
	- compute capability:      7.5
	- total device memory:     8192 MB 
	- device memory available: 6688 MB 
	- per-block shared memory: 49152
	- warp size:               32
	- max threads per block:   1024
	- max threads per SM(X):   1024
	- max block sizes:         {1024,1024,64}
	- max grid sizes:          {2147483647,65535,65535}
	- max 2D array texture:    {131072,65536}
	- max 3D array texture:    {16384,16384,16384}
	- max 2D linear texture:   {131072,65000,2097120}
	- max 2D layered texture:  {32768,32768,2048}
	- number of SM(x)s:        40
	- registers per SM(x):     65536
	- registers per block:     65536
	- concurrent kernels:      yes
	- mapping host memory:     yes
	- unified addressing:      yes
	- texture alignment:       512 byte
	- pitch alignment:         32 byte

[01:30:54.126576][info] Supported CUDA-Enabled GPU detected.
[01:30:54.133577][info] Found 25 image dimension(s): 
[01:30:54.133577][info] 	- [283x995]
[01:30:54.133577][info] 	- [354x942]
[01:30:54.133577][info] 	- [387x1016]
[01:30:54.133577][info] 	- [411x999]
[01:30:54.133577][info] 	- [419x1080]
[01:30:54.133577][info] 	- [422x1033]
[01:30:54.133577][info] 	- [426x1044]
[01:30:54.133577][info] 	- [438x1035]
[01:30:54.133577][info] 	- [450x1080]
[01:30:54.133577][info] 	- [456x1080]
[01:30:54.133577][info] 	- [501x1080]
[01:30:54.133577][info] 	- [504x1080]
[01:30:54.133577][info] 	- [511x1080]
[01:30:54.133577][info] 	- [522x1080]
[01:30:54.133577][info] 	- [525x1080]
[01:30:54.133577][info] 	- [555x1080]
[01:30:54.133577][info] 	- [570x1080]
[01:30:54.133577][info] 	- [579x1080]
[01:30:54.133577][info] 	- [588x1080]
[01:30:54.133577][info] 	- [606x1080]
[01:30:54.133577][info] 	- [612x1080]
[01:30:54.133577][info] 	- [615x1080]
[01:30:54.133577][info] 	- [639x1080]
[01:30:54.133577][info] 	- [642x1080]
[01:30:54.133577][info] 	- [660x1080]
[01:30:54.161577][info] Overall maximum dimension: [660x1080]
[01:30:54.161577][info] Create depth maps.
number of CUDA devices:	1
   0: GeForce RTX 2070 SUPER
[01:30:54.162579][info] # GPU devices: 1, # CPU threads: 16
[01:30:54.162579][info] Plane sweeping parameters:
	- scale: 2
	- step: 1
[01:30:54.162579][info] PlaneSweepingCuda:
	- _nImgsInGPUAtTime: 25
	- scales: 2
	- subPixel: Yes
	- varianceWSH: 4
CUDA device no 0 for 0
Device 0 memory - used: 1503.962524, free: 6688.037598, total: 8192.000000
Device 0 memory - used: 1604.962524, free: 6587.037598, total: 8192.000000
[01:30:54.177579][info] Found only 8/10 nearest cameras for view id: 1386020826
[01:30:54.504576][info] Estimate depth map, view id: 1386020826
Device 0 memory - used: 1635.212524, free: 6556.787598, total: 8192.000000
total size of volume map in GPU memory: 30.190430
nDepths 229, nDepthsToSearch 229 
ps_computeSimilarityVolume elapsed time: 3.000000 ms 
Device 0 memory - used: 1635.212524, free: 6556.787598, total: 8192.000000
total size of volume map in GPU memory: 30.190430
nDepths 229, nDepthsToSearch 229 
ps_computeSimilarityVolume elapsed time: 3.000000 ms 
Device 0 memory - used: 1635.212524, free: 6556.787598, total: 8192.000000
total size of volume map in GPU memory: 30.190430
nDepths 229, nDepthsToSearch 229 
ps_computeSimilarityVolume elapsed time: 2.000000 ms 
Device 0 memory - used: 1632.400024, free: 6559.600098, total: 8192.000000
total size of volume map in GPU memory: 27.421875
nDepths 208, nDepthsToSearch 208 
ps_computeSimilarityVolume elapsed time: 3.000000 ms 
Device 0 memory - used: 1626.587524, free: 6565.412598, total: 8192.000000
total size of volume map in GPU memory: 21.621094
nDepths 164, nDepthsToSearch 164 
ps_computeSimilarityVolume elapsed time: 2.000000 ms 
Device 0 memory - used: 1625.837524, free: 6566.162598, total: 8192.000000
total size of volume map in GPU memory: 20.830078
nDepths 158, nDepthsToSearch 158 
ps_computeSimilarityVolume elapsed time: 2.000000 ms 
Device 0 memory - used: 1624.900024, free: 6567.100098, total: 8192.000000
total size of volume map in GPU memory: 19.907227
nDepths 151, nDepthsToSearch 151 
ps_computeSimilarityVolume elapsed time: 2.000000 ms 
Device 0 memory - used: 1626.587524, free: 6565.412598, total: 8192.000000
total size of volume map in GPU memory: 21.621094
nDepths 164, nDepthsToSearch 164 
ps_computeSimilarityVolume elapsed time: 2.000000 ms 
ps_SGMoptimizeSimVolume
ps_updateAggrVolume
ps_aggregatePathVolume
ps_aggregatePathVolume done
ps_updateAggrVolume done
ps_updateAggrVolume
ps_aggregatePathVolume
ps_aggregatePathVolume done
ps_updateAggrVolume done
ps_updateAggrVolume
ps_aggregatePathVolume
ps_aggregatePathVolume done
ps_updateAggrVolume done
ps_updateAggrVolume
ps_aggregatePathVolume
ps_aggregatePathVolume done
ps_updateAggrVolume done
SGM volume gpu elapsed time: 45.000000 ms 
ps_SGMoptimizeSimVolume done
[01:30:54.951578][info] Refine depth map, view id: 1386020826
gpu elapsed time: 6.000000 ms 
gpu elapsed time: 6.000000 ms 
gpu elapsed time: 5.000000 ms 
gpu elapsed time: 6.000000 ms 
gpu elapsed time: 5.000000 ms 
gpu elapsed time: 5.000000 ms 
gpu elapsed time: 5.000000 ms 
gpu elapsed time: 5.000000 ms 
gpu elapsed time: 5.000000 ms 
gpu elapsed time: 5.000000 ms 
gpu elapsed time: 5.000000 ms 
gpu elapsed time: 5.000000 ms 
gpu elapsed time: 5.000000 ms 
gpu elapsed time: 4.000000 ms 
gpu elapsed time: 5.000000 ms 
gpu elapsed time: 6.000000 ms 
gpu elapsed time: 11.000000 ms 
gpu elapsed time: 5.000000 ms 
gpu elapsed time: 5.000000 ms 
gpu elapsed time: 9.000000 ms 
gpu elapsed time: 5.000000 ms 
gpu elapsed time: 3.000000 ms 
gpu elapsed time: 5.000000 ms 
gpu elapsed time: 8.000000 ms 
gpu elapsed time: 12.000000 ms 
gpu elapsed time: 12.000000 ms 
gpu elapsed time: 11.000000 ms 
gpu elapsed time: 12.000000 ms 
rc: 15, gpu elapsed time: 2.000000 ms 
rc: 15, gpu elapsed time: 3.000000 ms 
rc: 15, gpu elapsed time: 3.000000 ms 
rc: 15, gpu elapsed time: 3.000000 ms 
[01:30:55.527579][info] Estimate depth map, view id: 1488872754
Device 0 memory - used: 1631.775024, free: 6560.225098, total: 8192.000000
total size of volume map in GPU memory: 26.762695
nDepths 203, nDepthsToSearch 203 
ps_computeSimilarityVolume elapsed time: 2.000000 ms 
Device 0 memory - used: 1640.337524, free: 6551.662598, total: 8192.000000
total size of volume map in GPU memory: 35.332031
nDepths 268, nDepthsToSearch 268 
ps_computeSimilarityVolume elapsed time: 4.000000 ms 
Device 0 memory - used: 1631.087524, free: 6560.912598, total: 8192.000000
total size of volume map in GPU memory: 26.103516
nDepths 198, nDepthsToSearch 198 
ps_computeSimilarityVolume elapsed time: 2.000000 ms 
Device 0 memory - used: 1640.337524, free: 6551.662598, total: 8192.000000
total size of volume map in GPU memory: 35.332031
nDepths 268, nDepthsToSearch 268 
ps_computeSimilarityVolume elapsed time: 3.000000 ms 
Device 0 memory - used: 1639.025024, free: 6552.975098, total: 8192.000000
total size of volume map in GPU memory: 34.013672
nDepths 258, nDepthsToSearch 258 
ps_computeSimilarityVolume elapsed time: 2.000000 ms 
Device 0 memory - used: 1631.900024, free: 6560.100098, total: 8192.000000
total size of volume map in GPU memory: 26.894531
nDepths 204, nDepthsToSearch 204 
ps_computeSimilarityVolume elapsed time: 3.000000 ms 
Device 0 memory - used: 1635.712524, free: 6556.287598, total: 8192.000000
total size of volume map in GPU memory: 30.717773
nDepths 233, nDepthsToSearch 233 
ps_computeSimilarityVolume elapsed time: 3.000000 ms 
Device 0 memory - used: 1629.525024, free: 6562.475098, total: 8192.000000
total size of volume map in GPU memory: 24.521484
nDepths 186, nDepthsToSearch 186 
ps_computeSimilarityVolume elapsed time: 3.000000 ms 
Device 0 memory - used: 1630.587524, free: 6561.412598, total: 8192.000000
total size of volume map in GPU memory: 25.576172
nDepths 194, nDepthsToSearch 194 
ps_computeSimilarityVolume elapsed time: 2.000000 ms 
Device 0 memory - used: 1624.900024, free: 6567.100098, total: 8192.000000
total size of volume map in GPU memory: 19.907227
nDepths 151, nDepthsToSearch 151 
ps_computeSimilarityVolume elapsed time: 5.000000 ms 
ps_SGMoptimizeSimVolume
ps_updateAggrVolume
ps_aggregatePathVolume
ps_aggregatePathVolume done
ps_updateAggrVolume done
ps_updateAggrVolume
ps_aggregatePathVolume
ps_aggregatePathVolume done
ps_updateAggrVolume done
ps_updateAggrVolume
ps_aggregatePathVolume
ps_aggregatePathVolume done
ps_updateAggrVolume done
ps_updateAggrVolume
ps_aggregatePathVolume
ps_aggregatePathVolume done
ps_updateAggrVolume done
SGM volume gpu elapsed time: 57.000000 ms 
ps_SGMoptimizeSimVolume done
[01:30:56.299585][info] Refine depth map, view id: 1488872754
gpu elapsed time: 8.000000 ms 
gpu elapsed time: 8.000000 ms 
gpu elapsed time: 7.000000 ms 
gpu elapsed time: 5.000000 ms 
gpu elapsed time: 7.000000 ms 
gpu elapsed time: 8.000000 ms 
gpu elapsed time: 7.000000 ms 
gpu elapsed time: 5.000000 ms 
gpu elapsed time: 7.000000 ms 
gpu elapsed time: 7.000000 ms 
gpu elapsed time: 7.000000 ms 
gpu elapsed time: 6.000000 ms 
gpu elapsed time: 6.000000 ms 
gpu elapsed time: 7.000000 ms 
gpu elapsed time: 7.000000 ms 
gpu elapsed time: 5.000000 ms 
gpu elapsed time: 5.000000 ms 
gpu elapsed time: 6.000000 ms 
gpu elapsed time: 5.000000 ms 
gpu elapsed time: 5.000000 ms 
gpu elapsed time: 5.000000 ms 
gpu elapsed time: 5.000000 ms 
gpu elapsed time: 5.000000 ms 
gpu elapsed time: 5.000000 ms 
gpu elapsed time: 25.000000 ms 
gpu elapsed time: 11.000000 ms 
gpu elapsed time: 9.000000 ms 
gpu elapsed time: 11.000000 ms 
rc: 16, gpu elapsed time: 4.000000 ms 
rc: 16, gpu elapsed time: 3.000000 ms 
rc: 16, gpu elapsed time: 3.000000 ms 
rc: 16, gpu elapsed time: 3.000000 ms 
[01:30:56.657584][info] Estimate depth map, view id: 1513348680
Device 0 memory - used: 1630.962524, free: 6561.037598, total: 8192.000000
total size of volume map in GPU memory: 25.971680
nDepths 197, nDepthsToSearch 197 
ps_computeSimilarityVolume elapsed time: 3.000000 ms 
Device 0 memory - used: 1630.962524, free: 6561.037598, total: 8192.000000
total size of volume map in GPU memory: 25.971680
nDepths 197, nDepthsToSearch 197 
ps_computeSimilarityVolume elapsed time: 2.000000 ms 
Device 0 memory - used: 1630.962524, free: 6561.037598, total: 8192.000000
total size of volume map in GPU memory: 25.971680
nDepths 197, nDepthsToSearch 197 
ps_computeSimilarityVolume elapsed time: 2.000000 ms 
Device 0 memory - used: 1623.962524, free: 6568.037598, total: 8192.000000
total size of volume map in GPU memory: 18.984375
nDepths 144, nDepthsToSearch 144 
ps_computeSimilarityVolume elapsed time: 2.000000 ms 
Device 0 memory - used: 1630.962524, free: 6561.037598, total: 8192.000000
total size of volume map in GPU memory: 25.971680
nDepths 197, nDepthsToSearch 197 
ps_computeSimilarityVolume elapsed time: 3.000000 ms 
Device 0 memory - used: 1624.087524, free: 6567.912598, total: 8192.000000
total size of volume map in GPU memory: 19.116211
nDepths 145, nDepthsToSearch 145 
ps_computeSimilarityVolume elapsed time: 2.000000 ms 
Device 0 memory - used: 1625.150024, free: 6566.850098, total: 8192.000000
total size of volume map in GPU memory: 20.170898
nDepths 153, nDepthsToSearch 153 
ps_computeSimilarityVolume elapsed time: 2.000000 ms 
Device 0 memory - used: 1627.775024, free: 6564.225098, total: 8192.000000
total size of volume map in GPU memory: 22.807617
nDepths 173, nDepthsToSearch 173 
ps_computeSimilarityVolume elapsed time: 3.000000 ms 
Device 0 memory - used: 1618.837524, free: 6573.162598, total: 8192.000000
total size of volume map in GPU memory: 13.842773
nDepths 105, nDepthsToSearch 105 
ps_computeSimilarityVolume elapsed time: 3.000000 ms 
Device 0 memory - used: 1624.650024, free: 6567.350098, total: 8192.000000
total size of volume map in GPU memory: 19.643555
nDepths 149, nDepthsToSearch 149 
ps_computeSimilarityVolume elapsed time: 2.000000 ms 
ps_SGMoptimizeSimVolume
ps_updateAggrVolume
ps_aggregatePathVolume
ps_aggregatePathVolume done
ps_updateAggrVolume done
ps_updateAggrVolume
ps_aggregatePathVolume
ps_aggregatePathVolume done
ps_updateAggrVolume done
ps_updateAggrVolume
ps_aggregatePathVolume
ps_aggregatePathVolume done
ps_updateAggrVolume done
ps_updateAggrVolume
ps_aggregatePathVolume
ps_aggregatePathVolume done
ps_updateAggrVolume done
SGM volume gpu elapsed time: 51.000000 ms 
ps_SGMoptimizeSimVolume done
[01:30:57.238587][info] Refine depth map, view id: 1513348680
gpu elapsed time: 6.000000 ms 
gpu elapsed time: 7.000000 ms 
gpu elapsed time: 7.000000 ms 
gpu elapsed time: 7.000000 ms 
gpu elapsed time: 5.000000 ms 
gpu elapsed time: 8.000000 ms 
gpu elapsed time: 8.000000 ms 
gpu elapsed time: 5.000000 ms 
gpu elapsed time: 5.000000 ms 
gpu elapsed time: 6.000000 ms 
gpu elapsed time: 9.000000 ms 
gpu elapsed time: 6.000000 ms 
gpu elapsed time: 6.000000 ms 
gpu elapsed time: 8.000000 ms 
gpu elapsed time: 7.000000 ms 
gpu elapsed time: 7.000000 ms 
gpu elapsed time: 5.000000 ms 
gpu elapsed time: 9.000000 ms 
gpu elapsed time: 5.000000 ms 
gpu elapsed time: 5.000000 ms 
gpu elapsed time: 6.000000 ms 
gpu elapsed time: 10.000000 ms 
gpu elapsed time: 7.000000 ms 
gpu elapsed time: 10.000000 ms 
gpu elapsed time: 23.000000 ms 
gpu elapsed time: 10.000000 ms 
gpu elapsed time: 11.000000 ms 
gpu elapsed time: 10.000000 ms 
rc: 17, gpu elapsed time: 3.000000 ms 
rc: 17, gpu elapsed time: 3.000000 ms 
rc: 17, gpu elapsed time: 4.000000 ms 
rc: 17, gpu elapsed time: 4.000000 ms 
[01:30:57.620588][info] Task done in (s): 3.675000
