Program called with the following parameters:
 * downscale = 2
 * exportIntermediateResults = 0
 * imagesFolder = "D:/Automated-3D-Modeling-Project/Demonstration-for-regular-meeting/7.27/1time-60frame/meshroom/MeshroomCache/PrepareDenseScene/a3922d5b7ecaa2c7e402ac986e32f8dacda6106b"
 * input = "D:/Automated-3D-Modeling-Project/Demonstration-for-regular-meeting/7.27/1time-60frame/meshroom/MeshroomCache/StructureFromMotion/1525f89206b8cfb498d0e7f076ac99d51dcc32ff/sfm.abc"
 * maxViewAngle = 70
 * minViewAngle = 2
 * nbGPUs = 0
 * output = "D:/Automated-3D-Modeling-Project/Demonstration-for-regular-meeting/7.27/1time-60frame/meshroom/MeshroomCache/DepthMap/4563fa8309c7dfcea3947129619e2bbd3e4137b6"
 * rangeSize = 3
 * rangeStart = 0
 * refineGammaC = 15.5
 * refineGammaP = 8
 * refineMaxTCams = 6
 * refineNDepthsToRefine = 31
 * refineNSamplesHalf = 150
 * refineNiters = 100
 * refineSigma = 15
 * refineUseTcOrRcPixSize = 0
 * refineWSH = 3
 * sgmGammaC = 5.5
 * sgmGammaP = 8
 * sgmMaxTCams = 10
 * sgmWSH = 4
 * verboseLevel = "info"

[02:36:24.152855][info] CUDA-Enabled GPU.
Device information:
	- id:                      0
	- name:                    GeForce RTX 2070 SUPER
	- compute capability:      7.5
	- total device memory:     8192 MB 
	- device memory available: 6688 MB 
	- per-block shared memory: 49152
	- warp size:               32
	- max threads per block:   1024
	- max threads per SM(X):   1024
	- max block sizes:         {1024,1024,64}
	- max grid sizes:          {2147483647,65535,65535}
	- max 2D array texture:    {131072,65536}
	- max 3D array texture:    {16384,16384,16384}
	- max 2D linear texture:   {131072,65000,2097120}
	- max 2D layered texture:  {32768,32768,2048}
	- number of SM(x)s:        40
	- registers per SM(x):     65536
	- registers per block:     65536
	- concurrent kernels:      yes
	- mapping host memory:     yes
	- unified addressing:      yes
	- texture alignment:       512 byte
	- pitch alignment:         32 byte

[02:36:24.442861][info] Supported CUDA-Enabled GPU detected.
[02:36:24.466856][info] Found 63 image dimension(s): 
[02:36:24.466856][info] 	- [153x1080]
[02:36:24.466856][info] 	- [166x1037]
[02:36:24.466856][info] 	- [247x996]
[02:36:24.466856][info] 	- [265x960]
[02:36:24.466856][info] 	- [283x995]
[02:36:24.466856][info] 	- [320x1030]
[02:36:24.466856][info] 	- [343x967]
[02:36:24.466856][info] 	- [351x972]
[02:36:24.466856][info] 	- [354x942]
[02:36:24.466856][info] 	- [387x888]
[02:36:24.466856][info] 	- [387x1016]
[02:36:24.466856][info] 	- [388x1008]
[02:36:24.466856][info] 	- [390x976]
[02:36:24.466856][info] 	- [411x999]
[02:36:24.466856][info] 	- [414x1057]
[02:36:24.466856][info] 	- [419x1080]
[02:36:24.466856][info] 	- [422x1033]
[02:36:24.466856][info] 	- [426x1044]
[02:36:24.466856][info] 	- [429x1058]
[02:36:24.466856][info] 	- [432x991]
[02:36:24.466856][info] 	- [438x1035]
[02:36:24.466856][info] 	- [441x1035]
[02:36:24.466856][info] 	- [444x1051]
[02:36:24.466856][info] 	- [450x1080]
[02:36:24.466856][info] 	- [453x1061]
[02:36:24.466856][info] 	- [454x1080]
[02:36:24.466856][info] 	- [456x1080]
[02:36:24.466856][info] 	- [462x1080]
[02:36:24.466856][info] 	- [468x1080]
[02:36:24.466856][info] 	- [474x1080]
[02:36:24.466856][info] 	- [477x1032]
[02:36:24.466856][info] 	- [486x1080]
[02:36:24.466856][info] 	- [501x1080]
[02:36:24.466856][info] 	- [504x1080]
[02:36:24.466856][info] 	- [510x1080]
[02:36:24.466856][info] 	- [511x1080]
[02:36:24.466856][info] 	- [513x1080]
[02:36:24.466856][info] 	- [519x1080]
[02:36:24.466856][info] 	- [522x1080]
[02:36:24.466856][info] 	- [525x1080]
[02:36:24.466856][info] 	- [527x1080]
[02:36:24.466856][info] 	- [528x1080]
[02:36:24.466856][info] 	- [537x1080]
[02:36:24.466856][info] 	- [546x1080]
[02:36:24.466856][info] 	- [555x1080]
[02:36:24.466856][info] 	- [556x1080]
[02:36:24.466856][info] 	- [558x1080]
[02:36:24.466856][info] 	- [570x1080]
[02:36:24.466856][info] 	- [573x1080]
[02:36:24.466856][info] 	- [579x1080]
[02:36:24.466856][info] 	- [582x1080]
[02:36:24.466856][info] 	- [588x1080]
[02:36:24.466856][info] 	- [594x1080]
[02:36:24.466856][info] 	- [596x1080]
[02:36:24.466856][info] 	- [597x1080]
[02:36:24.466856][info] 	- [606x1080]
[02:36:24.466856][info] 	- [612x1080]
[02:36:24.466856][info] 	- [615x1080]
[02:36:24.466856][info] 	- [621x1080]
[02:36:24.466856][info] 	- [627x1080]
[02:36:24.466856][info] 	- [639x1080]
[02:36:24.466856][info] 	- [642x1080]
[02:36:24.466856][info] 	- [660x1080]
[02:36:24.545852][info] Overall maximum dimension: [660x1080]
[02:36:24.545852][info] Create depth maps.
number of CUDA devices:	1
   0: GeForce RTX 2070 SUPER
[02:36:24.545852][info] # GPU devices: 1, # CPU threads: 16
[02:36:24.545852][info] Plane sweeping parameters:
	- scale: 2
	- step: 1
[02:36:24.545852][info] PlaneSweepingCuda:
	- _nImgsInGPUAtTime: 29
	- scales: 2
	- subPixel: Yes
	- varianceWSH: 4
CUDA device no 0 for 0
Device 0 memory - used: 1503.962524, free: 6688.037598, total: 8192.000000
Device 0 memory - used: 1620.962524, free: 6571.037598, total: 8192.000000
[02:36:24.856850][info] Estimate depth map, view id: 4006058
Device 0 memory - used: 1635.650024, free: 6556.350098, total: 8192.000000
total size of volume map in GPU memory: 14.682129
nDepths 117, nDepthsToSearch 117 
ps_computeSimilarityVolume elapsed time: 2.000000 ms 
Device 0 memory - used: 1641.587524, free: 6550.412598, total: 8192.000000
total size of volume map in GPU memory: 20.580078
nDepths 164, nDepthsToSearch 164 
ps_computeSimilarityVolume elapsed time: 2.000000 ms 
Device 0 memory - used: 1639.587524, free: 6552.412598, total: 8192.000000
total size of volume map in GPU memory: 18.572266
nDepths 148, nDepthsToSearch 148 
ps_computeSimilarityVolume elapsed time: 2.000000 ms 
Device 0 memory - used: 1636.900024, free: 6555.100098, total: 8192.000000
total size of volume map in GPU memory: 15.937012
nDepths 127, nDepthsToSearch 127 
ps_computeSimilarityVolume elapsed time: 2.000000 ms 
Device 0 memory - used: 1641.087524, free: 6550.912598, total: 8192.000000
total size of volume map in GPU memory: 20.078125
nDepths 160, nDepthsToSearch 160 
ps_computeSimilarityVolume elapsed time: 2.000000 ms 
Device 0 memory - used: 1640.587524, free: 6551.412598, total: 8192.000000
total size of volume map in GPU memory: 19.576172
nDepths 156, nDepthsToSearch 156 
ps_computeSimilarityVolume elapsed time: 2.000000 ms 
Device 0 memory - used: 1637.712524, free: 6554.287598, total: 8192.000000
total size of volume map in GPU memory: 16.689941
nDepths 133, nDepthsToSearch 133 
ps_computeSimilarityVolume elapsed time: 2.000000 ms 
Device 0 memory - used: 1639.337524, free: 6552.662598, total: 8192.000000
total size of volume map in GPU memory: 18.321289
nDepths 146, nDepthsToSearch 146 
ps_computeSimilarityVolume elapsed time: 2.000000 ms 
Device 0 memory - used: 1641.587524, free: 6550.412598, total: 8192.000000
total size of volume map in GPU memory: 20.580078
nDepths 164, nDepthsToSearch 164 
ps_computeSimilarityVolume elapsed time: 2.000000 ms 
Device 0 memory - used: 1639.462524, free: 6552.537598, total: 8192.000000
total size of volume map in GPU memory: 18.446777
nDepths 147, nDepthsToSearch 147 
ps_computeSimilarityVolume elapsed time: 2.000000 ms 
ps_SGMoptimizeSimVolume
ps_updateAggrVolume
ps_aggregatePathVolume
ps_aggregatePathVolume done
ps_updateAggrVolume done
ps_updateAggrVolume
ps_aggregatePathVolume
ps_aggregatePathVolume done
ps_updateAggrVolume done
ps_updateAggrVolume
ps_aggregatePathVolume
ps_aggregatePathVolume done
ps_updateAggrVolume done
ps_updateAggrVolume
ps_aggregatePathVolume
ps_aggregatePathVolume done
ps_updateAggrVolume done
SGM volume gpu elapsed time: 40.000000 ms 
ps_SGMoptimizeSimVolume done
[02:36:25.209855][info] Refine depth map, view id: 4006058
gpu elapsed time: 5.000000 ms 
gpu elapsed time: 6.000000 ms 
gpu elapsed time: 6.000000 ms 
gpu elapsed time: 4.000000 ms 
gpu elapsed time: 5.000000 ms 
gpu elapsed time: 4.000000 ms 
gpu elapsed time: 5.000000 ms 
gpu elapsed time: 3.000000 ms 
gpu elapsed time: 7.000000 ms 
gpu elapsed time: 5.000000 ms 
gpu elapsed time: 5.000000 ms 
gpu elapsed time: 2.000000 ms 
gpu elapsed time: 5.000000 ms 
gpu elapsed time: 5.000000 ms 
gpu elapsed time: 5.000000 ms 
gpu elapsed time: 3.000000 ms 
gpu elapsed time: 5.000000 ms 
gpu elapsed time: 4.000000 ms 
gpu elapsed time: 6.000000 ms 
gpu elapsed time: 3.000000 ms 
gpu elapsed time: 5.000000 ms 
gpu elapsed time: 5.000000 ms 
gpu elapsed time: 5.000000 ms 
gpu elapsed time: 4.000000 ms 
gpu elapsed time: 14.000000 ms 
gpu elapsed time: 11.000000 ms 
gpu elapsed time: 9.000000 ms 
gpu elapsed time: 9.000000 ms 
rc: 0, gpu elapsed time: 2.000000 ms 
rc: 0, gpu elapsed time: 3.000000 ms 
rc: 0, gpu elapsed time: 3.000000 ms 
rc: 0, gpu elapsed time: 2.000000 ms 
[02:36:25.835856][info] Estimate depth map, view id: 5835329
Device 0 memory - used: 1638.525024, free: 6553.475098, total: 8192.000000
total size of volume map in GPU memory: 17.534180
nDepths 133, nDepthsToSearch 133 
ps_computeSimilarityVolume elapsed time: 2.000000 ms 
Device 0 memory - used: 1639.025024, free: 6552.975098, total: 8192.000000
total size of volume map in GPU memory: 18.061523
nDepths 137, nDepthsToSearch 137 
ps_computeSimilarityVolume elapsed time: 3.000000 ms 
Device 0 memory - used: 1638.150024, free: 6553.850098, total: 8192.000000
total size of volume map in GPU memory: 17.138672
nDepths 130, nDepthsToSearch 130 
ps_computeSimilarityVolume elapsed time: 2.000000 ms 
Device 0 memory - used: 1635.775024, free: 6556.225098, total: 8192.000000
total size of volume map in GPU memory: 14.765625
nDepths 112, nDepthsToSearch 112 
ps_computeSimilarityVolume elapsed time: 1.000000 ms 
Device 0 memory - used: 1638.525024, free: 6553.475098, total: 8192.000000
total size of volume map in GPU memory: 17.534180
nDepths 133, nDepthsToSearch 133 
ps_computeSimilarityVolume elapsed time: 2.000000 ms 
Device 0 memory - used: 1637.087524, free: 6554.912598, total: 8192.000000
total size of volume map in GPU memory: 16.083984
nDepths 122, nDepthsToSearch 122 
ps_computeSimilarityVolume elapsed time: 2.000000 ms 
Device 0 memory - used: 1637.837524, free: 6554.162598, total: 8192.000000
total size of volume map in GPU memory: 16.875000
nDepths 128, nDepthsToSearch 128 
ps_computeSimilarityVolume elapsed time: 2.000000 ms 
Device 0 memory - used: 1635.900024, free: 6556.100098, total: 8192.000000
total size of volume map in GPU memory: 14.897461
nDepths 113, nDepthsToSearch 113 
ps_computeSimilarityVolume elapsed time: 2.000000 ms 
Device 0 memory - used: 1637.837524, free: 6554.162598, total: 8192.000000
total size of volume map in GPU memory: 16.875000
nDepths 128, nDepthsToSearch 128 
ps_computeSimilarityVolume elapsed time: 2.000000 ms 
Device 0 memory - used: 1635.650024, free: 6556.350098, total: 8192.000000
total size of volume map in GPU memory: 14.633789
nDepths 111, nDepthsToSearch 111 
ps_computeSimilarityVolume elapsed time: 2.000000 ms 
ps_SGMoptimizeSimVolume
ps_updateAggrVolume
ps_aggregatePathVolume
ps_aggregatePathVolume done
ps_updateAggrVolume done
ps_updateAggrVolume
ps_aggregatePathVolume
ps_aggregatePathVolume done
ps_updateAggrVolume done
ps_updateAggrVolume
ps_aggregatePathVolume
ps_aggregatePathVolume done
ps_updateAggrVolume done
ps_updateAggrVolume
ps_aggregatePathVolume
ps_aggregatePathVolume done
ps_updateAggrVolume done
SGM volume gpu elapsed time: 41.000000 ms 
ps_SGMoptimizeSimVolume done
[02:36:26.403857][info] Refine depth map, view id: 5835329
gpu elapsed time: 6.000000 ms 
gpu elapsed time: 6.000000 ms 
gpu elapsed time: 7.000000 ms 
gpu elapsed time: 7.000000 ms 
gpu elapsed time: 5.000000 ms 
gpu elapsed time: 7.000000 ms 
gpu elapsed time: 8.000000 ms 
gpu elapsed time: 5.000000 ms 
gpu elapsed time: 5.000000 ms 
gpu elapsed time: 7.000000 ms 
gpu elapsed time: 9.000000 ms 
gpu elapsed time: 6.000000 ms 
gpu elapsed time: 5.000000 ms 
gpu elapsed time: 8.000000 ms 
gpu elapsed time: 7.000000 ms 
gpu elapsed time: 5.000000 ms 
gpu elapsed time: 6.000000 ms 
gpu elapsed time: 9.000000 ms 
gpu elapsed time: 5.000000 ms 
gpu elapsed time: 5.000000 ms 
gpu elapsed time: 5.000000 ms 
gpu elapsed time: 8.000000 ms 
gpu elapsed time: 7.000000 ms 
gpu elapsed time: 5.000000 ms 
gpu elapsed time: 25.000000 ms 
gpu elapsed time: 11.000000 ms 
gpu elapsed time: 10.000000 ms 
gpu elapsed time: 10.000000 ms 
rc: 1, gpu elapsed time: 3.000000 ms 
rc: 1, gpu elapsed time: 3.000000 ms 
rc: 1, gpu elapsed time: 3.000000 ms 
rc: 1, gpu elapsed time: 4.000000 ms 
[02:36:26.917860][info] Estimate depth map, view id: 12228052
Device 0 memory - used: 1648.400024, free: 6543.600098, total: 8192.000000
total size of volume map in GPU memory: 27.421875
nDepths 208, nDepthsToSearch 208 
ps_computeSimilarityVolume elapsed time: 2.000000 ms 
Device 0 memory - used: 1647.900024, free: 6544.100098, total: 8192.000000
total size of volume map in GPU memory: 26.894531
nDepths 204, nDepthsToSearch 204 
ps_computeSimilarityVolume elapsed time: 4.000000 ms 
Device 0 memory - used: 1648.525024, free: 6543.475098, total: 8192.000000
total size of volume map in GPU memory: 27.553711
nDepths 209, nDepthsToSearch 209 
ps_computeSimilarityVolume elapsed time: 2.000000 ms 
Device 0 memory - used: 1648.025024, free: 6543.975098, total: 8192.000000
total size of volume map in GPU memory: 27.026367
nDepths 205, nDepthsToSearch 205 
ps_computeSimilarityVolume elapsed time: 2.000000 ms 
Device 0 memory - used: 1646.025024, free: 6545.975098, total: 8192.000000
total size of volume map in GPU memory: 25.048828
nDepths 190, nDepthsToSearch 190 
ps_computeSimilarityVolume elapsed time: 2.000000 ms 
Device 0 memory - used: 1646.275024, free: 6545.725098, total: 8192.000000
total size of volume map in GPU memory: 25.312500
nDepths 192, nDepthsToSearch 192 
ps_computeSimilarityVolume elapsed time: 2.000000 ms 
Device 0 memory - used: 1642.775024, free: 6549.225098, total: 8192.000000
total size of volume map in GPU memory: 21.752930
nDepths 165, nDepthsToSearch 165 
ps_computeSimilarityVolume elapsed time: 2.000000 ms 
Device 0 memory - used: 1645.275024, free: 6546.725098, total: 8192.000000
total size of volume map in GPU memory: 24.257813
nDepths 184, nDepthsToSearch 184 
ps_computeSimilarityVolume elapsed time: 2.000000 ms 
Device 0 memory - used: 1646.025024, free: 6545.975098, total: 8192.000000
total size of volume map in GPU memory: 25.048828
nDepths 190, nDepthsToSearch 190 
ps_computeSimilarityVolume elapsed time: 2.000000 ms 
Device 0 memory - used: 1646.025024, free: 6545.975098, total: 8192.000000
total size of volume map in GPU memory: 25.048828
nDepths 190, nDepthsToSearch 190 
ps_computeSimilarityVolume elapsed time: 2.000000 ms 
ps_SGMoptimizeSimVolume
ps_updateAggrVolume
ps_aggregatePathVolume
ps_aggregatePathVolume done
ps_updateAggrVolume done
ps_updateAggrVolume
ps_aggregatePathVolume
ps_aggregatePathVolume done
ps_updateAggrVolume done
ps_updateAggrVolume
ps_aggregatePathVolume
ps_aggregatePathVolume done
ps_updateAggrVolume done
ps_updateAggrVolume
ps_aggregatePathVolume
ps_aggregatePathVolume done
ps_updateAggrVolume done
SGM volume gpu elapsed time: 48.000000 ms 
ps_SGMoptimizeSimVolume done
[02:36:27.409862][info] Refine depth map, view id: 12228052
gpu elapsed time: 5.000000 ms 
gpu elapsed time: 5.000000 ms 
gpu elapsed time: 5.000000 ms 
gpu elapsed time: 5.000000 ms 
gpu elapsed time: 5.000000 ms 
gpu elapsed time: 5.000000 ms 
gpu elapsed time: 5.000000 ms 
gpu elapsed time: 7.000000 ms 
gpu elapsed time: 6.000000 ms 
gpu elapsed time: 5.000000 ms 
gpu elapsed time: 5.000000 ms 
gpu elapsed time: 6.000000 ms 
gpu elapsed time: 5.000000 ms 
gpu elapsed time: 5.000000 ms 
gpu elapsed time: 5.000000 ms 
gpu elapsed time: 6.000000 ms 
gpu elapsed time: 6.000000 ms 
gpu elapsed time: 5.000000 ms 
gpu elapsed time: 4.000000 ms 
gpu elapsed time: 5.000000 ms 
gpu elapsed time: 7.000000 ms 
gpu elapsed time: 5.000000 ms 
gpu elapsed time: 5.000000 ms 
gpu elapsed time: 5.000000 ms 
gpu elapsed time: 26.000000 ms 
gpu elapsed time: 11.000000 ms 
gpu elapsed time: 9.000000 ms 
gpu elapsed time: 10.000000 ms 
rc: 2, gpu elapsed time: 4.000000 ms 
rc: 2, gpu elapsed time: 3.000000 ms 
rc: 2, gpu elapsed time: 2.000000 ms 
rc: 2, gpu elapsed time: 3.000000 ms 
[02:36:27.733861][info] Task done in (s): 3.583000
