Program called with the following parameters:
 * downscale = 2
 * exportIntermediateResults = 0
 * imagesFolder = "D:/Automated-3D-Modeling-Project/Demonstration-for-regular-meeting/7.27/1time-60frame/meshroom/MeshroomCache/PrepareDenseScene/a3922d5b7ecaa2c7e402ac986e32f8dacda6106b"
 * input = "D:/Automated-3D-Modeling-Project/Demonstration-for-regular-meeting/7.27/1time-60frame/meshroom/MeshroomCache/StructureFromMotion/1525f89206b8cfb498d0e7f076ac99d51dcc32ff/sfm.abc"
 * maxViewAngle = 70
 * minViewAngle = 2
 * nbGPUs = 0
 * output = "D:/Automated-3D-Modeling-Project/Demonstration-for-regular-meeting/7.27/1time-60frame/meshroom/MeshroomCache/DepthMap/4563fa8309c7dfcea3947129619e2bbd3e4137b6"
 * rangeSize = 3
 * rangeStart = 33
 * refineGammaC = 15.5
 * refineGammaP = 8
 * refineMaxTCams = 6
 * refineNDepthsToRefine = 31
 * refineNSamplesHalf = 150
 * refineNiters = 100
 * refineSigma = 15
 * refineUseTcOrRcPixSize = 0
 * refineWSH = 3
 * sgmGammaC = 5.5
 * sgmGammaP = 8
 * sgmMaxTCams = 10
 * sgmWSH = 4
 * verboseLevel = "info"

[02:37:09.744049][info] CUDA-Enabled GPU.
Device information:
	- id:                      0
	- name:                    GeForce RTX 2070 SUPER
	- compute capability:      7.5
	- total device memory:     8192 MB 
	- device memory available: 6688 MB 
	- per-block shared memory: 49152
	- warp size:               32
	- max threads per block:   1024
	- max threads per SM(X):   1024
	- max block sizes:         {1024,1024,64}
	- max grid sizes:          {2147483647,65535,65535}
	- max 2D array texture:    {131072,65536}
	- max 3D array texture:    {16384,16384,16384}
	- max 2D linear texture:   {131072,65000,2097120}
	- max 2D layered texture:  {32768,32768,2048}
	- number of SM(x)s:        40
	- registers per SM(x):     65536
	- registers per block:     65536
	- concurrent kernels:      yes
	- mapping host memory:     yes
	- unified addressing:      yes
	- texture alignment:       512 byte
	- pitch alignment:         32 byte

[02:37:09.930055][info] Supported CUDA-Enabled GPU detected.
[02:37:09.953054][info] Found 63 image dimension(s): 
[02:37:09.953054][info] 	- [153x1080]
[02:37:09.953054][info] 	- [166x1037]
[02:37:09.953054][info] 	- [247x996]
[02:37:09.953054][info] 	- [265x960]
[02:37:09.953054][info] 	- [283x995]
[02:37:09.953054][info] 	- [320x1030]
[02:37:09.953054][info] 	- [343x967]
[02:37:09.953054][info] 	- [351x972]
[02:37:09.953054][info] 	- [354x942]
[02:37:09.953054][info] 	- [387x888]
[02:37:09.953054][info] 	- [387x1016]
[02:37:09.953054][info] 	- [388x1008]
[02:37:09.953054][info] 	- [390x976]
[02:37:09.953054][info] 	- [411x999]
[02:37:09.953054][info] 	- [414x1057]
[02:37:09.953054][info] 	- [419x1080]
[02:37:09.953054][info] 	- [422x1033]
[02:37:09.953054][info] 	- [426x1044]
[02:37:09.953054][info] 	- [429x1058]
[02:37:09.953054][info] 	- [432x991]
[02:37:09.953054][info] 	- [438x1035]
[02:37:09.953054][info] 	- [441x1035]
[02:37:09.953054][info] 	- [444x1051]
[02:37:09.953054][info] 	- [450x1080]
[02:37:09.953054][info] 	- [453x1061]
[02:37:09.953054][info] 	- [454x1080]
[02:37:09.953054][info] 	- [456x1080]
[02:37:09.953054][info] 	- [462x1080]
[02:37:09.953054][info] 	- [468x1080]
[02:37:09.953054][info] 	- [474x1080]
[02:37:09.953054][info] 	- [477x1032]
[02:37:09.953054][info] 	- [486x1080]
[02:37:09.953054][info] 	- [501x1080]
[02:37:09.953054][info] 	- [504x1080]
[02:37:09.953054][info] 	- [510x1080]
[02:37:09.953054][info] 	- [511x1080]
[02:37:09.953054][info] 	- [513x1080]
[02:37:09.953054][info] 	- [519x1080]
[02:37:09.953054][info] 	- [522x1080]
[02:37:09.953054][info] 	- [525x1080]
[02:37:09.953054][info] 	- [527x1080]
[02:37:09.953054][info] 	- [528x1080]
[02:37:09.953054][info] 	- [537x1080]
[02:37:09.953054][info] 	- [546x1080]
[02:37:09.953054][info] 	- [555x1080]
[02:37:09.953054][info] 	- [556x1080]
[02:37:09.953054][info] 	- [558x1080]
[02:37:09.953054][info] 	- [570x1080]
[02:37:09.953054][info] 	- [573x1080]
[02:37:09.953054][info] 	- [579x1080]
[02:37:09.953054][info] 	- [582x1080]
[02:37:09.953054][info] 	- [588x1080]
[02:37:09.953054][info] 	- [594x1080]
[02:37:09.953054][info] 	- [596x1080]
[02:37:09.953054][info] 	- [597x1080]
[02:37:09.953054][info] 	- [606x1080]
[02:37:09.953054][info] 	- [612x1080]
[02:37:09.953054][info] 	- [615x1080]
[02:37:09.953054][info] 	- [621x1080]
[02:37:09.953054][info] 	- [627x1080]
[02:37:09.953054][info] 	- [639x1080]
[02:37:09.953054][info] 	- [642x1080]
[02:37:09.953054][info] 	- [660x1080]
[02:37:10.039058][info] Overall maximum dimension: [660x1080]
[02:37:10.039058][info] Create depth maps.
number of CUDA devices:	1
   0: GeForce RTX 2070 SUPER
[02:37:10.039058][info] # GPU devices: 1, # CPU threads: 16
[02:37:10.039058][info] Plane sweeping parameters:
	- scale: 2
	- step: 1
[02:37:10.039058][info] PlaneSweepingCuda:
	- _nImgsInGPUAtTime: 29
	- scales: 2
	- subPixel: Yes
	- varianceWSH: 4
CUDA device no 0 for 0
Device 0 memory - used: 1503.962524, free: 6688.037598, total: 8192.000000
Device 0 memory - used: 1620.962524, free: 6571.037598, total: 8192.000000
[02:37:10.334048][info] Estimate depth map, view id: 1048071823
Device 0 memory - used: 1634.337524, free: 6557.662598, total: 8192.000000
total size of volume map in GPU memory: 13.327637
nDepths 103, nDepthsToSearch 103 
ps_computeSimilarityVolume elapsed time: 2.000000 ms 
Device 0 memory - used: 1633.275024, free: 6558.725098, total: 8192.000000
total size of volume map in GPU memory: 12.292480
nDepths 95, nDepthsToSearch 95 
ps_computeSimilarityVolume elapsed time: 2.000000 ms 
Device 0 memory - used: 1631.712524, free: 6560.287598, total: 8192.000000
total size of volume map in GPU memory: 10.739746
nDepths 83, nDepthsToSearch 83 
ps_computeSimilarityVolume elapsed time: 2.000000 ms 
Device 0 memory - used: 1635.087524, free: 6556.912598, total: 8192.000000
total size of volume map in GPU memory: 14.104004
nDepths 109, nDepthsToSearch 109 
ps_computeSimilarityVolume elapsed time: 2.000000 ms 
Device 0 memory - used: 1635.462524, free: 6556.537598, total: 8192.000000
total size of volume map in GPU memory: 14.492188
nDepths 112, nDepthsToSearch 112 
ps_computeSimilarityVolume elapsed time: 2.000000 ms 
Device 0 memory - used: 1633.275024, free: 6558.725098, total: 8192.000000
total size of volume map in GPU memory: 12.292480
nDepths 95, nDepthsToSearch 95 
ps_computeSimilarityVolume elapsed time: 2.000000 ms 
Device 0 memory - used: 1634.337524, free: 6557.662598, total: 8192.000000
total size of volume map in GPU memory: 13.327637
nDepths 103, nDepthsToSearch 103 
ps_computeSimilarityVolume elapsed time: 2.000000 ms 
Device 0 memory - used: 1634.587524, free: 6557.412598, total: 8192.000000
total size of volume map in GPU memory: 13.586426
nDepths 105, nDepthsToSearch 105 
ps_computeSimilarityVolume elapsed time: 2.000000 ms 
Device 0 memory - used: 1634.212524, free: 6557.787598, total: 8192.000000
total size of volume map in GPU memory: 13.198242
nDepths 102, nDepthsToSearch 102 
ps_computeSimilarityVolume elapsed time: 2.000000 ms 
Device 0 memory - used: 1634.337524, free: 6557.662598, total: 8192.000000
total size of volume map in GPU memory: 13.327637
nDepths 103, nDepthsToSearch 103 
ps_computeSimilarityVolume elapsed time: 1.000000 ms 
ps_SGMoptimizeSimVolume
ps_updateAggrVolume
ps_aggregatePathVolume
ps_aggregatePathVolume done
ps_updateAggrVolume done
ps_updateAggrVolume
ps_aggregatePathVolume
ps_aggregatePathVolume done
ps_updateAggrVolume done
ps_updateAggrVolume
ps_aggregatePathVolume
ps_aggregatePathVolume done
ps_updateAggrVolume done
ps_updateAggrVolume
ps_aggregatePathVolume
ps_aggregatePathVolume done
ps_updateAggrVolume done
SGM volume gpu elapsed time: 35.000000 ms 
ps_SGMoptimizeSimVolume done
[02:37:10.734051][info] Refine depth map, view id: 1048071823
gpu elapsed time: 5.000000 ms 
gpu elapsed time: 5.000000 ms 
gpu elapsed time: 5.000000 ms 
gpu elapsed time: 7.000000 ms 
gpu elapsed time: 5.000000 ms 
gpu elapsed time: 5.000000 ms 
gpu elapsed time: 5.000000 ms 
gpu elapsed time: 7.000000 ms 
gpu elapsed time: 5.000000 ms 
gpu elapsed time: 5.000000 ms 
gpu elapsed time: 5.000000 ms 
gpu elapsed time: 7.000000 ms 
gpu elapsed time: 5.000000 ms 
gpu elapsed time: 5.000000 ms 
gpu elapsed time: 5.000000 ms 
gpu elapsed time: 6.000000 ms 
gpu elapsed time: 6.000000 ms 
gpu elapsed time: 5.000000 ms 
gpu elapsed time: 5.000000 ms 
gpu elapsed time: 5.000000 ms 
gpu elapsed time: 7.000000 ms 
gpu elapsed time: 5.000000 ms 
gpu elapsed time: 5.000000 ms 
gpu elapsed time: 5.000000 ms 
gpu elapsed time: 25.000000 ms 
gpu elapsed time: 13.000000 ms 
gpu elapsed time: 10.000000 ms 
gpu elapsed time: 10.000000 ms 
rc: 33, gpu elapsed time: 4.000000 ms 
rc: 33, gpu elapsed time: 3.000000 ms 
rc: 33, gpu elapsed time: 2.000000 ms 
rc: 33, gpu elapsed time: 2.000000 ms 
[02:37:11.169052][info] Estimate depth map, view id: 1140932673
Device 0 memory - used: 1630.400024, free: 6561.600098, total: 8192.000000
total size of volume map in GPU memory: 9.410156
nDepths 73, nDepthsToSearch 73 
ps_computeSimilarityVolume elapsed time: 2.000000 ms 
Device 0 memory - used: 1632.587524, free: 6559.412598, total: 8192.000000
total size of volume map in GPU memory: 11.601563
nDepths 90, nDepthsToSearch 90 
ps_computeSimilarityVolume elapsed time: 2.000000 ms 
Device 0 memory - used: 1631.587524, free: 6560.412598, total: 8192.000000
total size of volume map in GPU memory: 10.570313
nDepths 82, nDepthsToSearch 82 
ps_computeSimilarityVolume elapsed time: 2.000000 ms 
Device 0 memory - used: 1630.150024, free: 6561.850098, total: 8192.000000
total size of volume map in GPU memory: 9.152344
nDepths 71, nDepthsToSearch 71 
ps_computeSimilarityVolume elapsed time: 2.000000 ms 
Device 0 memory - used: 1631.962524, free: 6560.037598, total: 8192.000000
total size of volume map in GPU memory: 10.957031
nDepths 85, nDepthsToSearch 85 
ps_computeSimilarityVolume elapsed time: 1.000000 ms 
Device 0 memory - used: 1633.337524, free: 6558.662598, total: 8192.000000
total size of volume map in GPU memory: 12.375000
nDepths 96, nDepthsToSearch 96 
ps_computeSimilarityVolume elapsed time: 1.000000 ms 
Device 0 memory - used: 1632.712524, free: 6559.287598, total: 8192.000000
total size of volume map in GPU memory: 11.730469
nDepths 91, nDepthsToSearch 91 
ps_computeSimilarityVolume elapsed time: 2.000000 ms 
Device 0 memory - used: 1632.712524, free: 6559.287598, total: 8192.000000
total size of volume map in GPU memory: 11.730469
nDepths 91, nDepthsToSearch 91 
ps_computeSimilarityVolume elapsed time: 2.000000 ms 
Device 0 memory - used: 1633.525024, free: 6558.475098, total: 8192.000000
total size of volume map in GPU memory: 12.503906
nDepths 97, nDepthsToSearch 97 
ps_computeSimilarityVolume elapsed time: 2.000000 ms 
Device 0 memory - used: 1631.025024, free: 6560.975098, total: 8192.000000
total size of volume map in GPU memory: 10.054688
nDepths 78, nDepthsToSearch 78 
ps_computeSimilarityVolume elapsed time: 1.000000 ms 
ps_SGMoptimizeSimVolume
ps_updateAggrVolume
ps_aggregatePathVolume
ps_aggregatePathVolume done
ps_updateAggrVolume done
ps_updateAggrVolume
ps_aggregatePathVolume
ps_aggregatePathVolume done
ps_updateAggrVolume done
ps_updateAggrVolume
ps_aggregatePathVolume
ps_aggregatePathVolume done
ps_updateAggrVolume done
ps_updateAggrVolume
ps_aggregatePathVolume
ps_aggregatePathVolume done
ps_updateAggrVolume done
SGM volume gpu elapsed time: 30.000000 ms 
ps_SGMoptimizeSimVolume done
[02:37:11.457053][info] Refine depth map, view id: 1140932673
gpu elapsed time: 5.000000 ms 
gpu elapsed time: 6.000000 ms 
gpu elapsed time: 7.000000 ms 
gpu elapsed time: 5.000000 ms 
gpu elapsed time: 5.000000 ms 
gpu elapsed time: 5.000000 ms 
gpu elapsed time: 6.000000 ms 
gpu elapsed time: 5.000000 ms 
gpu elapsed time: 5.000000 ms 
gpu elapsed time: 6.000000 ms 
gpu elapsed time: 7.000000 ms 
gpu elapsed time: 6.000000 ms 
gpu elapsed time: 5.000000 ms 
gpu elapsed time: 6.000000 ms 
gpu elapsed time: 7.000000 ms 
gpu elapsed time: 5.000000 ms 
gpu elapsed time: 5.000000 ms 
gpu elapsed time: 5.000000 ms 
gpu elapsed time: 7.000000 ms 
gpu elapsed time: 4.000000 ms 
gpu elapsed time: 5.000000 ms 
gpu elapsed time: 5.000000 ms 
gpu elapsed time: 6.000000 ms 
gpu elapsed time: 6.000000 ms 
gpu elapsed time: 12.000000 ms 
gpu elapsed time: 15.000000 ms 
gpu elapsed time: 10.000000 ms 
gpu elapsed time: 9.000000 ms 
rc: 34, gpu elapsed time: 3.000000 ms 
rc: 34, gpu elapsed time: 2.000000 ms 
rc: 34, gpu elapsed time: 2.000000 ms 
rc: 34, gpu elapsed time: 2.000000 ms 
[02:37:11.789054][info] Estimate depth map, view id: 1199642573
Device 0 memory - used: 1641.087524, free: 6550.912598, total: 8192.000000
total size of volume map in GPU memory: 20.122559
nDepths 171, nDepthsToSearch 171 
ps_computeSimilarityVolume elapsed time: 2.000000 ms 
Device 0 memory - used: 1641.087524, free: 6550.912598, total: 8192.000000
total size of volume map in GPU memory: 20.122559
nDepths 171, nDepthsToSearch 171 
ps_computeSimilarityVolume elapsed time: 3.000000 ms 
Device 0 memory - used: 1637.587524, free: 6554.412598, total: 8192.000000
total size of volume map in GPU memory: 16.592285
nDepths 141, nDepthsToSearch 141 
ps_computeSimilarityVolume elapsed time: 2.000000 ms 
Device 0 memory - used: 1639.212524, free: 6552.787598, total: 8192.000000
total size of volume map in GPU memory: 18.239746
nDepths 155, nDepthsToSearch 155 
ps_computeSimilarityVolume elapsed time: 2.000000 ms 
Device 0 memory - used: 1641.087524, free: 6550.912598, total: 8192.000000
total size of volume map in GPU memory: 20.122559
nDepths 171, nDepthsToSearch 171 
ps_computeSimilarityVolume elapsed time: 2.000000 ms 
Device 0 memory - used: 1639.712524, free: 6552.287598, total: 8192.000000
total size of volume map in GPU memory: 18.710449
nDepths 159, nDepthsToSearch 159 
ps_computeSimilarityVolume elapsed time: 2.000000 ms 
Device 0 memory - used: 1635.712524, free: 6556.287598, total: 8192.000000
total size of volume map in GPU memory: 14.709473
nDepths 125, nDepthsToSearch 125 
ps_computeSimilarityVolume elapsed time: 2.000000 ms 
Device 0 memory - used: 1641.087524, free: 6550.912598, total: 8192.000000
total size of volume map in GPU memory: 20.122559
nDepths 171, nDepthsToSearch 171 
ps_computeSimilarityVolume elapsed time: 2.000000 ms 
Device 0 memory - used: 1640.400024, free: 6551.600098, total: 8192.000000
total size of volume map in GPU memory: 19.416504
nDepths 165, nDepthsToSearch 165 
ps_computeSimilarityVolume elapsed time: 2.000000 ms 
Device 0 memory - used: 1639.337524, free: 6552.662598, total: 8192.000000
total size of volume map in GPU memory: 18.357422
nDepths 156, nDepthsToSearch 156 
ps_computeSimilarityVolume elapsed time: 2.000000 ms 
ps_SGMoptimizeSimVolume
ps_updateAggrVolume
ps_aggregatePathVolume
ps_aggregatePathVolume done
ps_updateAggrVolume done
ps_updateAggrVolume
ps_aggregatePathVolume
ps_aggregatePathVolume done
ps_updateAggrVolume done
ps_updateAggrVolume
ps_aggregatePathVolume
ps_aggregatePathVolume done
ps_updateAggrVolume done
ps_updateAggrVolume
ps_aggregatePathVolume
ps_aggregatePathVolume done
ps_updateAggrVolume done
SGM volume gpu elapsed time: 37.000000 ms 
ps_SGMoptimizeSimVolume done
[02:37:12.167057][info] Refine depth map, view id: 1199642573
gpu elapsed time: 5.000000 ms 
gpu elapsed time: 5.000000 ms 
gpu elapsed time: 5.000000 ms 
gpu elapsed time: 4.000000 ms 
gpu elapsed time: 5.000000 ms 
gpu elapsed time: 5.000000 ms 
gpu elapsed time: 4.000000 ms 
gpu elapsed time: 3.000000 ms 
gpu elapsed time: 7.000000 ms 
gpu elapsed time: 5.000000 ms 
gpu elapsed time: 4.000000 ms 
gpu elapsed time: 3.000000 ms 
gpu elapsed time: 5.000000 ms 
gpu elapsed time: 6.000000 ms 
gpu elapsed time: 3.000000 ms 
gpu elapsed time: 3.000000 ms 
gpu elapsed time: 3.000000 ms 
gpu elapsed time: 5.000000 ms 
gpu elapsed time: 6.000000 ms 
gpu elapsed time: 5.000000 ms 
gpu elapsed time: 5.000000 ms 
gpu elapsed time: 5.000000 ms 
gpu elapsed time: 4.000000 ms 
gpu elapsed time: 3.000000 ms 
gpu elapsed time: 12.000000 ms 
gpu elapsed time: 10.000000 ms 
gpu elapsed time: 9.000000 ms 
gpu elapsed time: 9.000000 ms 
rc: 35, gpu elapsed time: 2.000000 ms 
rc: 35, gpu elapsed time: 3.000000 ms 
rc: 35, gpu elapsed time: 2.000000 ms 
rc: 35, gpu elapsed time: 4.000000 ms 
[02:37:12.435056][info] Task done in (s): 2.692000
