Program called with the following parameters:
 * downscale = 2
 * exportIntermediateResults = 0
 * imagesFolder = "D:/Automated-3D-Modeling-Project/Demonstration-for-regular-meeting/7.27/1time-60frame/meshroom/MeshroomCache/PrepareDenseScene/a3922d5b7ecaa2c7e402ac986e32f8dacda6106b"
 * input = "D:/Automated-3D-Modeling-Project/Demonstration-for-regular-meeting/7.27/1time-60frame/meshroom/MeshroomCache/StructureFromMotion/1525f89206b8cfb498d0e7f076ac99d51dcc32ff/sfm.abc"
 * maxViewAngle = 70
 * minViewAngle = 2
 * nbGPUs = 0
 * output = "D:/Automated-3D-Modeling-Project/Demonstration-for-regular-meeting/7.27/1time-60frame/meshroom/MeshroomCache/DepthMap/4563fa8309c7dfcea3947129619e2bbd3e4137b6"
 * rangeSize = 3
 * rangeStart = 36
 * refineGammaC = 15.5
 * refineGammaP = 8
 * refineMaxTCams = 6
 * refineNDepthsToRefine = 31
 * refineNSamplesHalf = 150
 * refineNiters = 100
 * refineSigma = 15
 * refineUseTcOrRcPixSize = 0
 * refineWSH = 3
 * sgmGammaC = 5.5
 * sgmGammaP = 8
 * sgmMaxTCams = 10
 * sgmWSH = 4
 * verboseLevel = "info"

[02:37:12.730064][info] CUDA-Enabled GPU.
Device information:
	- id:                      0
	- name:                    GeForce RTX 2070 SUPER
	- compute capability:      7.5
	- total device memory:     8192 MB 
	- device memory available: 6688 MB 
	- per-block shared memory: 49152
	- warp size:               32
	- max threads per block:   1024
	- max threads per SM(X):   1024
	- max block sizes:         {1024,1024,64}
	- max grid sizes:          {2147483647,65535,65535}
	- max 2D array texture:    {131072,65536}
	- max 3D array texture:    {16384,16384,16384}
	- max 2D linear texture:   {131072,65000,2097120}
	- max 2D layered texture:  {32768,32768,2048}
	- number of SM(x)s:        40
	- registers per SM(x):     65536
	- registers per block:     65536
	- concurrent kernels:      yes
	- mapping host memory:     yes
	- unified addressing:      yes
	- texture alignment:       512 byte
	- pitch alignment:         32 byte

[02:37:12.920604][info] Supported CUDA-Enabled GPU detected.
[02:37:12.943608][info] Found 63 image dimension(s): 
[02:37:12.943608][info] 	- [153x1080]
[02:37:12.943608][info] 	- [166x1037]
[02:37:12.943608][info] 	- [247x996]
[02:37:12.943608][info] 	- [265x960]
[02:37:12.943608][info] 	- [283x995]
[02:37:12.943608][info] 	- [320x1030]
[02:37:12.943608][info] 	- [343x967]
[02:37:12.943608][info] 	- [351x972]
[02:37:12.943608][info] 	- [354x942]
[02:37:12.943608][info] 	- [387x888]
[02:37:12.943608][info] 	- [387x1016]
[02:37:12.943608][info] 	- [388x1008]
[02:37:12.943608][info] 	- [390x976]
[02:37:12.943608][info] 	- [411x999]
[02:37:12.943608][info] 	- [414x1057]
[02:37:12.943608][info] 	- [419x1080]
[02:37:12.943608][info] 	- [422x1033]
[02:37:12.943608][info] 	- [426x1044]
[02:37:12.944608][info] 	- [429x1058]
[02:37:12.944608][info] 	- [432x991]
[02:37:12.944608][info] 	- [438x1035]
[02:37:12.944608][info] 	- [441x1035]
[02:37:12.944608][info] 	- [444x1051]
[02:37:12.944608][info] 	- [450x1080]
[02:37:12.944608][info] 	- [453x1061]
[02:37:12.944608][info] 	- [454x1080]
[02:37:12.944608][info] 	- [456x1080]
[02:37:12.944608][info] 	- [462x1080]
[02:37:12.944608][info] 	- [468x1080]
[02:37:12.944608][info] 	- [474x1080]
[02:37:12.944608][info] 	- [477x1032]
[02:37:12.944608][info] 	- [486x1080]
[02:37:12.944608][info] 	- [501x1080]
[02:37:12.944608][info] 	- [504x1080]
[02:37:12.944608][info] 	- [510x1080]
[02:37:12.944608][info] 	- [511x1080]
[02:37:12.944608][info] 	- [513x1080]
[02:37:12.944608][info] 	- [519x1080]
[02:37:12.944608][info] 	- [522x1080]
[02:37:12.944608][info] 	- [525x1080]
[02:37:12.944608][info] 	- [527x1080]
[02:37:12.944608][info] 	- [528x1080]
[02:37:12.944608][info] 	- [537x1080]
[02:37:12.944608][info] 	- [546x1080]
[02:37:12.944608][info] 	- [555x1080]
[02:37:12.944608][info] 	- [556x1080]
[02:37:12.944608][info] 	- [558x1080]
[02:37:12.944608][info] 	- [570x1080]
[02:37:12.944608][info] 	- [573x1080]
[02:37:12.944608][info] 	- [579x1080]
[02:37:12.944608][info] 	- [582x1080]
[02:37:12.944608][info] 	- [588x1080]
[02:37:12.944608][info] 	- [594x1080]
[02:37:12.944608][info] 	- [596x1080]
[02:37:12.944608][info] 	- [597x1080]
[02:37:12.944608][info] 	- [606x1080]
[02:37:12.944608][info] 	- [612x1080]
[02:37:12.944608][info] 	- [615x1080]
[02:37:12.944608][info] 	- [621x1080]
[02:37:12.944608][info] 	- [627x1080]
[02:37:12.944608][info] 	- [639x1080]
[02:37:12.944608][info] 	- [642x1080]
[02:37:12.944608][info] 	- [660x1080]
[02:37:13.017610][info] Overall maximum dimension: [660x1080]
[02:37:13.017610][info] Create depth maps.
number of CUDA devices:	1
   0: GeForce RTX 2070 SUPER
[02:37:13.017610][info] # GPU devices: 1, # CPU threads: 16
[02:37:13.017610][info] Plane sweeping parameters:
	- scale: 2
	- step: 1
[02:37:13.017610][info] PlaneSweepingCuda:
	- _nImgsInGPUAtTime: 29
	- scales: 2
	- subPixel: Yes
	- varianceWSH: 4
CUDA device no 0 for 0
Device 0 memory - used: 1503.962524, free: 6688.037598, total: 8192.000000
Device 0 memory - used: 1620.962524, free: 6571.037598, total: 8192.000000
[02:37:13.464604][info] Estimate depth map, view id: 1264119776
Device 0 memory - used: 1648.025024, free: 6543.975098, total: 8192.000000
total size of volume map in GPU memory: 27.026367
nDepths 205, nDepthsToSearch 205 
ps_computeSimilarityVolume elapsed time: 2.000000 ms 
Device 0 memory - used: 1649.587524, free: 6542.412598, total: 8192.000000
total size of volume map in GPU memory: 28.608398
nDepths 217, nDepthsToSearch 217 
ps_computeSimilarityVolume elapsed time: 3.000000 ms 
Device 0 memory - used: 1650.900024, free: 6541.100098, total: 8192.000000
total size of volume map in GPU memory: 29.926758
nDepths 227, nDepthsToSearch 227 
ps_computeSimilarityVolume elapsed time: 3.000000 ms 
Device 0 memory - used: 1643.275024, free: 6548.725098, total: 8192.000000
total size of volume map in GPU memory: 22.280273
nDepths 169, nDepthsToSearch 169 
ps_computeSimilarityVolume elapsed time: 2.000000 ms 
Device 0 memory - used: 1645.400024, free: 6546.600098, total: 8192.000000
total size of volume map in GPU memory: 24.389648
nDepths 185, nDepthsToSearch 185 
ps_computeSimilarityVolume elapsed time: 2.000000 ms 
Device 0 memory - used: 1640.525024, free: 6551.475098, total: 8192.000000
total size of volume map in GPU memory: 19.511719
nDepths 148, nDepthsToSearch 148 
ps_computeSimilarityVolume elapsed time: 2.000000 ms 
Device 0 memory - used: 1649.462524, free: 6542.537598, total: 8192.000000
total size of volume map in GPU memory: 28.476563
nDepths 216, nDepthsToSearch 216 
ps_computeSimilarityVolume elapsed time: 2.000000 ms 
Device 0 memory - used: 1646.025024, free: 6545.975098, total: 8192.000000
total size of volume map in GPU memory: 25.048828
nDepths 190, nDepthsToSearch 190 
ps_computeSimilarityVolume elapsed time: 2.000000 ms 
Device 0 memory - used: 1649.212524, free: 6542.787598, total: 8192.000000
total size of volume map in GPU memory: 28.212891
nDepths 214, nDepthsToSearch 214 
ps_computeSimilarityVolume elapsed time: 3.000000 ms 
Device 0 memory - used: 1647.775024, free: 6544.225098, total: 8192.000000
total size of volume map in GPU memory: 26.762695
nDepths 203, nDepthsToSearch 203 
ps_computeSimilarityVolume elapsed time: 3.000000 ms 
ps_SGMoptimizeSimVolume
ps_updateAggrVolume
ps_aggregatePathVolume
ps_aggregatePathVolume done
ps_updateAggrVolume done
ps_updateAggrVolume
ps_aggregatePathVolume
ps_aggregatePathVolume done
ps_updateAggrVolume done
ps_updateAggrVolume
ps_aggregatePathVolume
ps_aggregatePathVolume done
ps_updateAggrVolume done
ps_updateAggrVolume
ps_aggregatePathVolume
ps_aggregatePathVolume done
ps_updateAggrVolume done
SGM volume gpu elapsed time: 54.000000 ms 
ps_SGMoptimizeSimVolume done
[02:37:14.204606][info] Refine depth map, view id: 1264119776
gpu elapsed time: 6.000000 ms 
gpu elapsed time: 7.000000 ms 
gpu elapsed time: 9.000000 ms 
gpu elapsed time: 8.000000 ms 
gpu elapsed time: 6.000000 ms 
gpu elapsed time: 8.000000 ms 
gpu elapsed time: 7.000000 ms 
gpu elapsed time: 8.000000 ms 
gpu elapsed time: 7.000000 ms 
gpu elapsed time: 8.000000 ms 
gpu elapsed time: 7.000000 ms 
gpu elapsed time: 8.000000 ms 
gpu elapsed time: 9.000000 ms 
gpu elapsed time: 7.000000 ms 
gpu elapsed time: 7.000000 ms 
gpu elapsed time: 10.000000 ms 
gpu elapsed time: 7.000000 ms 
gpu elapsed time: 7.000000 ms 
gpu elapsed time: 9.000000 ms 
gpu elapsed time: 7.000000 ms 
gpu elapsed time: 7.000000 ms 
gpu elapsed time: 9.000000 ms 
gpu elapsed time: 7.000000 ms 
gpu elapsed time: 7.000000 ms 
gpu elapsed time: 22.000000 ms 
gpu elapsed time: 12.000000 ms 
gpu elapsed time: 10.000000 ms 
gpu elapsed time: 11.000000 ms 
rc: 36, gpu elapsed time: 3.000000 ms 
rc: 36, gpu elapsed time: 3.000000 ms 
rc: 36, gpu elapsed time: 4.000000 ms 
rc: 36, gpu elapsed time: 3.000000 ms 
[02:37:14.835609][info] Estimate depth map, view id: 1292321729
Device 0 memory - used: 1635.900024, free: 6556.100098, total: 8192.000000
total size of volume map in GPU memory: 14.916992
nDepths 130, nDepthsToSearch 130 
ps_computeSimilarityVolume elapsed time: 1.000000 ms 
Device 0 memory - used: 1638.087524, free: 6553.912598, total: 8192.000000
total size of volume map in GPU memory: 17.097168
nDepths 149, nDepthsToSearch 149 
ps_computeSimilarityVolume elapsed time: 2.000000 ms 
Device 0 memory - used: 1638.650024, free: 6553.350098, total: 8192.000000
total size of volume map in GPU memory: 17.670898
nDepths 154, nDepthsToSearch 154 
ps_computeSimilarityVolume elapsed time: 3.000000 ms 
Device 0 memory - used: 1640.712524, free: 6551.287598, total: 8192.000000
total size of volume map in GPU memory: 19.736328
nDepths 172, nDepthsToSearch 172 
ps_computeSimilarityVolume elapsed time: 2.000000 ms 
Device 0 memory - used: 1640.712524, free: 6551.287598, total: 8192.000000
total size of volume map in GPU memory: 19.736328
nDepths 172, nDepthsToSearch 172 
ps_computeSimilarityVolume elapsed time: 2.000000 ms 
Device 0 memory - used: 1640.712524, free: 6551.287598, total: 8192.000000
total size of volume map in GPU memory: 19.736328
nDepths 172, nDepthsToSearch 172 
ps_computeSimilarityVolume elapsed time: 2.000000 ms 
Device 0 memory - used: 1633.837524, free: 6558.162598, total: 8192.000000
total size of volume map in GPU memory: 12.851563
nDepths 112, nDepthsToSearch 112 
ps_computeSimilarityVolume elapsed time: 2.000000 ms 
Device 0 memory - used: 1640.712524, free: 6551.287598, total: 8192.000000
total size of volume map in GPU memory: 19.736328
nDepths 172, nDepthsToSearch 172 
ps_computeSimilarityVolume elapsed time: 3.000000 ms 
Device 0 memory - used: 1640.150024, free: 6551.850098, total: 8192.000000
total size of volume map in GPU memory: 19.162598
nDepths 167, nDepthsToSearch 167 
ps_computeSimilarityVolume elapsed time: 2.000000 ms 
Device 0 memory - used: 1640.962524, free: 6551.037598, total: 8192.000000
total size of volume map in GPU memory: 19.965820
nDepths 174, nDepthsToSearch 174 
ps_computeSimilarityVolume elapsed time: 2.000000 ms 
ps_SGMoptimizeSimVolume
ps_updateAggrVolume
ps_aggregatePathVolume
ps_aggregatePathVolume done
ps_updateAggrVolume done
ps_updateAggrVolume
ps_aggregatePathVolume
ps_aggregatePathVolume done
ps_updateAggrVolume done
ps_updateAggrVolume
ps_aggregatePathVolume
ps_aggregatePathVolume done
ps_updateAggrVolume done
ps_updateAggrVolume
ps_aggregatePathVolume
ps_aggregatePathVolume done
ps_updateAggrVolume done
SGM volume gpu elapsed time: 36.000000 ms 
ps_SGMoptimizeSimVolume done
[02:37:15.219611][info] Refine depth map, view id: 1292321729
gpu elapsed time: 6.000000 ms 
gpu elapsed time: 5.000000 ms 
gpu elapsed time: 3.000000 ms 
gpu elapsed time: 3.000000 ms 
gpu elapsed time: 5.000000 ms 
gpu elapsed time: 6.000000 ms 
gpu elapsed time: 4.000000 ms 
gpu elapsed time: 3.000000 ms 
gpu elapsed time: 4.000000 ms 
gpu elapsed time: 5.000000 ms 
gpu elapsed time: 3.000000 ms 
gpu elapsed time: 4.000000 ms 
gpu elapsed time: 5.000000 ms 
gpu elapsed time: 5.000000 ms 
gpu elapsed time: 5.000000 ms 
gpu elapsed time: 3.000000 ms 
gpu elapsed time: 4.000000 ms 
gpu elapsed time: 5.000000 ms 
gpu elapsed time: 4.000000 ms 
gpu elapsed time: 5.000000 ms 
gpu elapsed time: 3.000000 ms 
gpu elapsed time: 4.000000 ms 
gpu elapsed time: 6.000000 ms 
gpu elapsed time: 5.000000 ms 
gpu elapsed time: 10.000000 ms 
gpu elapsed time: 11.000000 ms 
gpu elapsed time: 9.000000 ms 
gpu elapsed time: 9.000000 ms 
rc: 37, gpu elapsed time: 2.000000 ms 
rc: 37, gpu elapsed time: 3.000000 ms 
rc: 37, gpu elapsed time: 3.000000 ms 
rc: 37, gpu elapsed time: 3.000000 ms 
[02:37:15.827612][info] Estimate depth map, view id: 1302487967
Device 0 memory - used: 1639.462524, free: 6552.537598, total: 8192.000000
total size of volume map in GPU memory: 18.457031
nDepths 140, nDepthsToSearch 140 
ps_computeSimilarityVolume elapsed time: 1.000000 ms 
Device 0 memory - used: 1639.587524, free: 6552.412598, total: 8192.000000
total size of volume map in GPU memory: 18.588867
nDepths 141, nDepthsToSearch 141 
ps_computeSimilarityVolume elapsed time: 3.000000 ms 
Device 0 memory - used: 1641.712524, free: 6550.287598, total: 8192.000000
total size of volume map in GPU memory: 20.698242
nDepths 157, nDepthsToSearch 157 
ps_computeSimilarityVolume elapsed time: 2.000000 ms 
Device 0 memory - used: 1652.650024, free: 6539.350098, total: 8192.000000
total size of volume map in GPU memory: 31.640625
nDepths 240, nDepthsToSearch 240 
ps_computeSimilarityVolume elapsed time: 2.000000 ms 
Device 0 memory - used: 1644.087524, free: 6547.912598, total: 8192.000000
total size of volume map in GPU memory: 23.071289
nDepths 175, nDepthsToSearch 175 
ps_computeSimilarityVolume elapsed time: 2.000000 ms 
Device 0 memory - used: 1646.275024, free: 6545.725098, total: 8192.000000
total size of volume map in GPU memory: 25.312500
nDepths 192, nDepthsToSearch 192 
ps_computeSimilarityVolume elapsed time: 3.000000 ms 
Device 0 memory - used: 1652.650024, free: 6539.350098, total: 8192.000000
total size of volume map in GPU memory: 31.640625
nDepths 240, nDepthsToSearch 240 
ps_computeSimilarityVolume elapsed time: 2.000000 ms 
Device 0 memory - used: 1641.837524, free: 6550.162598, total: 8192.000000
total size of volume map in GPU memory: 20.830078
nDepths 158, nDepthsToSearch 158 
ps_computeSimilarityVolume elapsed time: 2.000000 ms 
Device 0 memory - used: 1648.150024, free: 6543.850098, total: 8192.000000
total size of volume map in GPU memory: 27.158203
nDepths 206, nDepthsToSearch 206 
ps_computeSimilarityVolume elapsed time: 3.000000 ms 
Device 0 memory - used: 1644.337524, free: 6547.662598, total: 8192.000000
total size of volume map in GPU memory: 23.334961
nDepths 177, nDepthsToSearch 177 
ps_computeSimilarityVolume elapsed time: 2.000000 ms 
ps_SGMoptimizeSimVolume
ps_updateAggrVolume
ps_aggregatePathVolume
ps_aggregatePathVolume done
ps_updateAggrVolume done
ps_updateAggrVolume
ps_aggregatePathVolume
ps_aggregatePathVolume done
ps_updateAggrVolume done
ps_updateAggrVolume
ps_aggregatePathVolume
ps_aggregatePathVolume done
ps_updateAggrVolume done
ps_updateAggrVolume
ps_aggregatePathVolume
ps_aggregatePathVolume done
ps_updateAggrVolume done
SGM volume gpu elapsed time: 63.000000 ms 
ps_SGMoptimizeSimVolume done
[02:37:16.605620][info] Refine depth map, view id: 1302487967
gpu elapsed time: 6.000000 ms 
gpu elapsed time: 7.000000 ms 
gpu elapsed time: 7.000000 ms 
gpu elapsed time: 8.000000 ms 
gpu elapsed time: 5.000000 ms 
gpu elapsed time: 8.000000 ms 
gpu elapsed time: 8.000000 ms 
gpu elapsed time: 6.000000 ms 
gpu elapsed time: 5.000000 ms 
gpu elapsed time: 7.000000 ms 
gpu elapsed time: 8.000000 ms 
gpu elapsed time: 6.000000 ms 
gpu elapsed time: 5.000000 ms 
gpu elapsed time: 8.000000 ms 
gpu elapsed time: 7.000000 ms 
gpu elapsed time: 5.000000 ms 
gpu elapsed time: 6.000000 ms 
gpu elapsed time: 9.000000 ms 
gpu elapsed time: 7.000000 ms 
gpu elapsed time: 5.000000 ms 
gpu elapsed time: 7.000000 ms 
gpu elapsed time: 7.000000 ms 
gpu elapsed time: 7.000000 ms 
gpu elapsed time: 7.000000 ms 
gpu elapsed time: 14.000000 ms 
gpu elapsed time: 14.000000 ms 
gpu elapsed time: 9.000000 ms 
gpu elapsed time: 11.000000 ms 
rc: 38, gpu elapsed time: 3.000000 ms 
rc: 38, gpu elapsed time: 3.000000 ms 
rc: 38, gpu elapsed time: 4.000000 ms 
rc: 38, gpu elapsed time: 3.000000 ms 
[02:37:16.995617][info] Task done in (s): 4.266000
