Program called with the following parameters:
 * downscale = 2
 * exportIntermediateResults = 0
 * imagesFolder = "D:/Automated-3D-Modeling-Project/Demonstration-for-regular-meeting/7.27/1time-60frame/meshroom/MeshroomCache/PrepareDenseScene/a3922d5b7ecaa2c7e402ac986e32f8dacda6106b"
 * input = "D:/Automated-3D-Modeling-Project/Demonstration-for-regular-meeting/7.27/1time-60frame/meshroom/MeshroomCache/StructureFromMotion/1525f89206b8cfb498d0e7f076ac99d51dcc32ff/sfm.abc"
 * maxViewAngle = 70
 * minViewAngle = 2
 * nbGPUs = 0
 * output = "D:/Automated-3D-Modeling-Project/Demonstration-for-regular-meeting/7.27/1time-60frame/meshroom/MeshroomCache/DepthMap/4563fa8309c7dfcea3947129619e2bbd3e4137b6"
 * rangeSize = 3
 * rangeStart = 42
 * refineGammaC = 15.5
 * refineGammaP = 8
 * refineMaxTCams = 6
 * refineNDepthsToRefine = 31
 * refineNSamplesHalf = 150
 * refineNiters = 100
 * refineSigma = 15
 * refineUseTcOrRcPixSize = 0
 * refineWSH = 3
 * sgmGammaC = 5.5
 * sgmGammaP = 8
 * sgmMaxTCams = 10
 * sgmWSH = 4
 * verboseLevel = "info"

[02:37:22.027639][info] CUDA-Enabled GPU.
Device information:
	- id:                      0
	- name:                    GeForce RTX 2070 SUPER
	- compute capability:      7.5
	- total device memory:     8192 MB 
	- device memory available: 6688 MB 
	- per-block shared memory: 49152
	- warp size:               32
	- max threads per block:   1024
	- max threads per SM(X):   1024
	- max block sizes:         {1024,1024,64}
	- max grid sizes:          {2147483647,65535,65535}
	- max 2D array texture:    {131072,65536}
	- max 3D array texture:    {16384,16384,16384}
	- max 2D linear texture:   {131072,65000,2097120}
	- max 2D layered texture:  {32768,32768,2048}
	- number of SM(x)s:        40
	- registers per SM(x):     65536
	- registers per block:     65536
	- concurrent kernels:      yes
	- mapping host memory:     yes
	- unified addressing:      yes
	- texture alignment:       512 byte
	- pitch alignment:         32 byte

[02:37:22.243646][info] Supported CUDA-Enabled GPU detected.
[02:37:22.265648][info] Found 63 image dimension(s): 
[02:37:22.265648][info] 	- [153x1080]
[02:37:22.265648][info] 	- [166x1037]
[02:37:22.265648][info] 	- [247x996]
[02:37:22.265648][info] 	- [265x960]
[02:37:22.265648][info] 	- [283x995]
[02:37:22.265648][info] 	- [320x1030]
[02:37:22.265648][info] 	- [343x967]
[02:37:22.265648][info] 	- [351x972]
[02:37:22.265648][info] 	- [354x942]
[02:37:22.265648][info] 	- [387x888]
[02:37:22.265648][info] 	- [387x1016]
[02:37:22.265648][info] 	- [388x1008]
[02:37:22.265648][info] 	- [390x976]
[02:37:22.265648][info] 	- [411x999]
[02:37:22.265648][info] 	- [414x1057]
[02:37:22.265648][info] 	- [419x1080]
[02:37:22.265648][info] 	- [422x1033]
[02:37:22.265648][info] 	- [426x1044]
[02:37:22.265648][info] 	- [429x1058]
[02:37:22.265648][info] 	- [432x991]
[02:37:22.265648][info] 	- [438x1035]
[02:37:22.265648][info] 	- [441x1035]
[02:37:22.265648][info] 	- [444x1051]
[02:37:22.265648][info] 	- [450x1080]
[02:37:22.265648][info] 	- [453x1061]
[02:37:22.265648][info] 	- [454x1080]
[02:37:22.265648][info] 	- [456x1080]
[02:37:22.265648][info] 	- [462x1080]
[02:37:22.265648][info] 	- [468x1080]
[02:37:22.265648][info] 	- [474x1080]
[02:37:22.265648][info] 	- [477x1032]
[02:37:22.265648][info] 	- [486x1080]
[02:37:22.265648][info] 	- [501x1080]
[02:37:22.265648][info] 	- [504x1080]
[02:37:22.265648][info] 	- [510x1080]
[02:37:22.265648][info] 	- [511x1080]
[02:37:22.265648][info] 	- [513x1080]
[02:37:22.265648][info] 	- [519x1080]
[02:37:22.265648][info] 	- [522x1080]
[02:37:22.265648][info] 	- [525x1080]
[02:37:22.265648][info] 	- [527x1080]
[02:37:22.265648][info] 	- [528x1080]
[02:37:22.265648][info] 	- [537x1080]
[02:37:22.265648][info] 	- [546x1080]
[02:37:22.265648][info] 	- [555x1080]
[02:37:22.265648][info] 	- [556x1080]
[02:37:22.265648][info] 	- [558x1080]
[02:37:22.265648][info] 	- [570x1080]
[02:37:22.265648][info] 	- [573x1080]
[02:37:22.265648][info] 	- [579x1080]
[02:37:22.265648][info] 	- [582x1080]
[02:37:22.266646][info] 	- [588x1080]
[02:37:22.266646][info] 	- [594x1080]
[02:37:22.266646][info] 	- [596x1080]
[02:37:22.266646][info] 	- [597x1080]
[02:37:22.266646][info] 	- [606x1080]
[02:37:22.266646][info] 	- [612x1080]
[02:37:22.266646][info] 	- [615x1080]
[02:37:22.266646][info] 	- [621x1080]
[02:37:22.266646][info] 	- [627x1080]
[02:37:22.266646][info] 	- [639x1080]
[02:37:22.266646][info] 	- [642x1080]
[02:37:22.266646][info] 	- [660x1080]
[02:37:22.325646][info] Overall maximum dimension: [660x1080]
[02:37:22.325646][info] Create depth maps.
number of CUDA devices:	1
   0: GeForce RTX 2070 SUPER
[02:37:22.326647][info] # GPU devices: 1, # CPU threads: 16
[02:37:22.326647][info] Plane sweeping parameters:
	- scale: 2
	- step: 1
[02:37:22.326647][info] PlaneSweepingCuda:
	- _nImgsInGPUAtTime: 29
	- scales: 2
	- subPixel: Yes
	- varianceWSH: 4
CUDA device no 0 for 0
Device 0 memory - used: 1503.962524, free: 6688.037598, total: 8192.000000
Device 0 memory - used: 1620.962524, free: 6571.037598, total: 8192.000000
[02:37:22.720641][info] Estimate depth map, view id: 1375514710
Device 0 memory - used: 1637.587524, free: 6554.412598, total: 8192.000000
total size of volume map in GPU memory: 16.611328
nDepths 126, nDepthsToSearch 126 
ps_computeSimilarityVolume elapsed time: 1.000000 ms 
Device 0 memory - used: 1640.212524, free: 6551.787598, total: 8192.000000
total size of volume map in GPU memory: 19.248047
nDepths 146, nDepthsToSearch 146 
ps_computeSimilarityVolume elapsed time: 2.000000 ms 
Device 0 memory - used: 1649.712524, free: 6542.287598, total: 8192.000000
total size of volume map in GPU memory: 28.740234
nDepths 218, nDepthsToSearch 218 
ps_computeSimilarityVolume elapsed time: 3.000000 ms 
Device 0 memory - used: 1642.587524, free: 6549.412598, total: 8192.000000
total size of volume map in GPU memory: 21.621094
nDepths 164, nDepthsToSearch 164 
ps_computeSimilarityVolume elapsed time: 2.000000 ms 
Device 0 memory - used: 1637.087524, free: 6554.912598, total: 8192.000000
total size of volume map in GPU memory: 16.083984
nDepths 122, nDepthsToSearch 122 
ps_computeSimilarityVolume elapsed time: 2.000000 ms 
Device 0 memory - used: 1649.712524, free: 6542.287598, total: 8192.000000
total size of volume map in GPU memory: 28.740234
nDepths 218, nDepthsToSearch 218 
ps_computeSimilarityVolume elapsed time: 2.000000 ms 
Device 0 memory - used: 1642.087524, free: 6549.912598, total: 8192.000000
total size of volume map in GPU memory: 21.093750
nDepths 160, nDepthsToSearch 160 
ps_computeSimilarityVolume elapsed time: 2.000000 ms 
Device 0 memory - used: 1644.587524, free: 6547.412598, total: 8192.000000
total size of volume map in GPU memory: 23.598633
nDepths 179, nDepthsToSearch 179 
ps_computeSimilarityVolume elapsed time: 2.000000 ms 
Device 0 memory - used: 1649.712524, free: 6542.287598, total: 8192.000000
total size of volume map in GPU memory: 28.740234
nDepths 218, nDepthsToSearch 218 
ps_computeSimilarityVolume elapsed time: 3.000000 ms 
Device 0 memory - used: 1646.275024, free: 6545.725098, total: 8192.000000
total size of volume map in GPU memory: 25.312500
nDepths 192, nDepthsToSearch 192 
ps_computeSimilarityVolume elapsed time: 3.000000 ms 
ps_SGMoptimizeSimVolume
ps_updateAggrVolume
ps_aggregatePathVolume
ps_aggregatePathVolume done
ps_updateAggrVolume done
ps_updateAggrVolume
ps_aggregatePathVolume
ps_aggregatePathVolume done
ps_updateAggrVolume done
ps_updateAggrVolume
ps_aggregatePathVolume
ps_aggregatePathVolume done
ps_updateAggrVolume done
ps_updateAggrVolume
ps_aggregatePathVolume
ps_aggregatePathVolume done
ps_updateAggrVolume done
SGM volume gpu elapsed time: 52.000000 ms 
ps_SGMoptimizeSimVolume done
[02:37:23.233642][info] Refine depth map, view id: 1375514710
gpu elapsed time: 5.000000 ms 
gpu elapsed time: 6.000000 ms 
gpu elapsed time: 6.000000 ms 
gpu elapsed time: 5.000000 ms 
gpu elapsed time: 5.000000 ms 
gpu elapsed time: 5.000000 ms 
gpu elapsed time: 6.000000 ms 
gpu elapsed time: 5.000000 ms 
gpu elapsed time: 5.000000 ms 
gpu elapsed time: 5.000000 ms 
gpu elapsed time: 7.000000 ms 
gpu elapsed time: 5.000000 ms 
gpu elapsed time: 5.000000 ms 
gpu elapsed time: 5.000000 ms 
gpu elapsed time: 6.000000 ms 
gpu elapsed time: 4.000000 ms 
gpu elapsed time: 5.000000 ms 
gpu elapsed time: 5.000000 ms 
gpu elapsed time: 5.000000 ms 
gpu elapsed time: 7.000000 ms 
gpu elapsed time: 5.000000 ms 
gpu elapsed time: 5.000000 ms 
gpu elapsed time: 5.000000 ms 
gpu elapsed time: 6.000000 ms 
gpu elapsed time: 25.000000 ms 
gpu elapsed time: 12.000000 ms 
gpu elapsed time: 10.000000 ms 
gpu elapsed time: 9.000000 ms 
rc: 42, gpu elapsed time: 3.000000 ms 
rc: 42, gpu elapsed time: 3.000000 ms 
rc: 42, gpu elapsed time: 3.000000 ms 
rc: 42, gpu elapsed time: 2.000000 ms 
[02:37:23.914645][info] Estimate depth map, view id: 1379510503
Device 0 memory - used: 1637.587524, free: 6554.412598, total: 8192.000000
total size of volume map in GPU memory: 16.611328
nDepths 126, nDepthsToSearch 126 
ps_computeSimilarityVolume elapsed time: 2.000000 ms 
Device 0 memory - used: 1638.025024, free: 6553.975098, total: 8192.000000
total size of volume map in GPU memory: 17.006836
nDepths 129, nDepthsToSearch 129 
ps_computeSimilarityVolume elapsed time: 2.000000 ms 
Device 0 memory - used: 1637.087524, free: 6554.912598, total: 8192.000000
total size of volume map in GPU memory: 16.083984
nDepths 122, nDepthsToSearch 122 
ps_computeSimilarityVolume elapsed time: 2.000000 ms 
Device 0 memory - used: 1637.587524, free: 6554.412598, total: 8192.000000
total size of volume map in GPU memory: 16.611328
nDepths 126, nDepthsToSearch 126 
ps_computeSimilarityVolume elapsed time: 2.000000 ms 
Device 0 memory - used: 1638.275024, free: 6553.725098, total: 8192.000000
total size of volume map in GPU memory: 17.270508
nDepths 131, nDepthsToSearch 131 
ps_computeSimilarityVolume elapsed time: 1.000000 ms 
Device 0 memory - used: 1637.087524, free: 6554.912598, total: 8192.000000
total size of volume map in GPU memory: 16.083984
nDepths 122, nDepthsToSearch 122 
ps_computeSimilarityVolume elapsed time: 2.000000 ms 
Device 0 memory - used: 1638.150024, free: 6553.850098, total: 8192.000000
total size of volume map in GPU memory: 17.138672
nDepths 130, nDepthsToSearch 130 
ps_computeSimilarityVolume elapsed time: 2.000000 ms 
Device 0 memory - used: 1634.962524, free: 6557.037598, total: 8192.000000
total size of volume map in GPU memory: 13.974609
nDepths 106, nDepthsToSearch 106 
ps_computeSimilarityVolume elapsed time: 1.000000 ms 
Device 0 memory - used: 1637.587524, free: 6554.412598, total: 8192.000000
total size of volume map in GPU memory: 16.611328
nDepths 126, nDepthsToSearch 126 
ps_computeSimilarityVolume elapsed time: 2.000000 ms 
Device 0 memory - used: 1636.025024, free: 6555.975098, total: 8192.000000
total size of volume map in GPU memory: 15.029297
nDepths 114, nDepthsToSearch 114 
ps_computeSimilarityVolume elapsed time: 2.000000 ms 
ps_SGMoptimizeSimVolume
ps_updateAggrVolume
ps_aggregatePathVolume
ps_aggregatePathVolume done
ps_updateAggrVolume done
ps_updateAggrVolume
ps_aggregatePathVolume
ps_aggregatePathVolume done
ps_updateAggrVolume done
ps_updateAggrVolume
ps_aggregatePathVolume
ps_aggregatePathVolume done
ps_updateAggrVolume done
ps_updateAggrVolume
ps_aggregatePathVolume
ps_aggregatePathVolume done
ps_updateAggrVolume done
SGM volume gpu elapsed time: 49.000000 ms 
ps_SGMoptimizeSimVolume done
[02:37:24.429647][info] Refine depth map, view id: 1379510503
gpu elapsed time: 5.000000 ms 
gpu elapsed time: 6.000000 ms 
gpu elapsed time: 7.000000 ms 
gpu elapsed time: 6.000000 ms 
gpu elapsed time: 5.000000 ms 
gpu elapsed time: 6.000000 ms 
gpu elapsed time: 8.000000 ms 
gpu elapsed time: 5.000000 ms 
gpu elapsed time: 5.000000 ms 
gpu elapsed time: 7.000000 ms 
gpu elapsed time: 9.000000 ms 
gpu elapsed time: 6.000000 ms 
gpu elapsed time: 7.000000 ms 
gpu elapsed time: 8.000000 ms 
gpu elapsed time: 5.000000 ms 
gpu elapsed time: 3.000000 ms 
gpu elapsed time: 6.000000 ms 
gpu elapsed time: 5.000000 ms 
gpu elapsed time: 7.000000 ms 
gpu elapsed time: 5.000000 ms 
gpu elapsed time: 6.000000 ms 
gpu elapsed time: 9.000000 ms 
gpu elapsed time: 5.000000 ms 
gpu elapsed time: 4.000000 ms 
gpu elapsed time: 15.000000 ms 
gpu elapsed time: 15.000000 ms 
gpu elapsed time: 10.000000 ms 
gpu elapsed time: 10.000000 ms 
rc: 43, gpu elapsed time: 3.000000 ms 
rc: 43, gpu elapsed time: 4.000000 ms 
rc: 43, gpu elapsed time: 3.000000 ms 
rc: 43, gpu elapsed time: 3.000000 ms 
[02:37:25.009649][info] Estimate depth map, view id: 1386020826
Device 0 memory - used: 1633.650024, free: 6558.350098, total: 8192.000000
total size of volume map in GPU memory: 12.656250
nDepths 96, nDepthsToSearch 96 
ps_computeSimilarityVolume elapsed time: 1.000000 ms 
Device 0 memory - used: 1632.462524, free: 6559.537598, total: 8192.000000
total size of volume map in GPU memory: 11.469727
nDepths 87, nDepthsToSearch 87 
ps_computeSimilarityVolume elapsed time: 2.000000 ms 
Device 0 memory - used: 1631.025024, free: 6560.975098, total: 8192.000000
total size of volume map in GPU memory: 10.019531
nDepths 76, nDepthsToSearch 76 
ps_computeSimilarityVolume elapsed time: 2.000000 ms 
Device 0 memory - used: 1635.900024, free: 6556.100098, total: 8192.000000
total size of volume map in GPU memory: 14.897461
nDepths 113, nDepthsToSearch 113 
ps_computeSimilarityVolume elapsed time: 2.000000 ms 
Device 0 memory - used: 1634.462524, free: 6557.537598, total: 8192.000000
total size of volume map in GPU memory: 13.447266
nDepths 102, nDepthsToSearch 102 
ps_computeSimilarityVolume elapsed time: 2.000000 ms 
Device 0 memory - used: 1631.025024, free: 6560.975098, total: 8192.000000
total size of volume map in GPU memory: 10.019531
nDepths 76, nDepthsToSearch 76 
ps_computeSimilarityVolume elapsed time: 1.000000 ms 
Device 0 memory - used: 1635.087524, free: 6556.912598, total: 8192.000000
total size of volume map in GPU memory: 14.106445
nDepths 107, nDepthsToSearch 107 
ps_computeSimilarityVolume elapsed time: 3.000000 ms 
Device 0 memory - used: 1632.587524, free: 6559.412598, total: 8192.000000
total size of volume map in GPU memory: 11.601563
nDepths 88, nDepthsToSearch 88 
ps_computeSimilarityVolume elapsed time: 2.000000 ms 
Device 0 memory - used: 1636.025024, free: 6555.975098, total: 8192.000000
total size of volume map in GPU memory: 15.029297
nDepths 114, nDepthsToSearch 114 
ps_computeSimilarityVolume elapsed time: 1.000000 ms 
Device 0 memory - used: 1635.525024, free: 6556.475098, total: 8192.000000
total size of volume map in GPU memory: 14.501953
nDepths 110, nDepthsToSearch 110 
ps_computeSimilarityVolume elapsed time: 1.000000 ms 
ps_SGMoptimizeSimVolume
ps_updateAggrVolume
ps_aggregatePathVolume
ps_aggregatePathVolume done
ps_updateAggrVolume done
ps_updateAggrVolume
ps_aggregatePathVolume
ps_aggregatePathVolume done
ps_updateAggrVolume done
ps_updateAggrVolume
ps_aggregatePathVolume
ps_aggregatePathVolume done
ps_updateAggrVolume done
ps_updateAggrVolume
ps_aggregatePathVolume
ps_aggregatePathVolume done
ps_updateAggrVolume done
SGM volume gpu elapsed time: 33.000000 ms 
ps_SGMoptimizeSimVolume done
[02:37:25.363653][info] Refine depth map, view id: 1386020826
gpu elapsed time: 6.000000 ms 
gpu elapsed time: 5.000000 ms 
gpu elapsed time: 5.000000 ms 
gpu elapsed time: 7.000000 ms 
gpu elapsed time: 5.000000 ms 
gpu elapsed time: 5.000000 ms 
gpu elapsed time: 5.000000 ms 
gpu elapsed time: 7.000000 ms 
gpu elapsed time: 5.000000 ms 
gpu elapsed time: 5.000000 ms 
gpu elapsed time: 5.000000 ms 
gpu elapsed time: 7.000000 ms 
gpu elapsed time: 5.000000 ms 
gpu elapsed time: 5.000000 ms 
gpu elapsed time: 5.000000 ms 
gpu elapsed time: 6.000000 ms 
gpu elapsed time: 5.000000 ms 
gpu elapsed time: 6.000000 ms 
gpu elapsed time: 5.000000 ms 
gpu elapsed time: 7.000000 ms 
gpu elapsed time: 5.000000 ms 
gpu elapsed time: 5.000000 ms 
gpu elapsed time: 5.000000 ms 
gpu elapsed time: 7.000000 ms 
gpu elapsed time: 26.000000 ms 
gpu elapsed time: 11.000000 ms 
gpu elapsed time: 9.000000 ms 
gpu elapsed time: 10.000000 ms 
rc: 44, gpu elapsed time: 3.000000 ms 
rc: 44, gpu elapsed time: 3.000000 ms 
rc: 44, gpu elapsed time: 3.000000 ms 
rc: 44, gpu elapsed time: 3.000000 ms 
[02:37:25.701653][info] Task done in (s): 3.675000
