Program called with the following parameters:
 * downscale = 2
 * exportIntermediateResults = 0
 * imagesFolder = "D:/Automated-3D-Modeling-Project/Demonstration-for-regular-meeting/7.27/1time-60frame/meshroom/MeshroomCache/PrepareDenseScene/a3922d5b7ecaa2c7e402ac986e32f8dacda6106b"
 * input = "D:/Automated-3D-Modeling-Project/Demonstration-for-regular-meeting/7.27/1time-60frame/meshroom/MeshroomCache/StructureFromMotion/1525f89206b8cfb498d0e7f076ac99d51dcc32ff/sfm.abc"
 * maxViewAngle = 70
 * minViewAngle = 2
 * nbGPUs = 0
 * output = "D:/Automated-3D-Modeling-Project/Demonstration-for-regular-meeting/7.27/1time-60frame/meshroom/MeshroomCache/DepthMap/4563fa8309c7dfcea3947129619e2bbd3e4137b6"
 * rangeSize = 3
 * rangeStart = 48
 * refineGammaC = 15.5
 * refineGammaP = 8
 * refineMaxTCams = 6
 * refineNDepthsToRefine = 31
 * refineNSamplesHalf = 150
 * refineNiters = 100
 * refineSigma = 15
 * refineUseTcOrRcPixSize = 0
 * refineWSH = 3
 * sgmGammaC = 5.5
 * sgmGammaP = 8
 * sgmMaxTCams = 10
 * sgmWSH = 4
 * verboseLevel = "info"

[02:37:30.883646][info] CUDA-Enabled GPU.
Device information:
	- id:                      0
	- name:                    GeForce RTX 2070 SUPER
	- compute capability:      7.5
	- total device memory:     8192 MB 
	- device memory available: 6688 MB 
	- per-block shared memory: 49152
	- warp size:               32
	- max threads per block:   1024
	- max threads per SM(X):   1024
	- max block sizes:         {1024,1024,64}
	- max grid sizes:          {2147483647,65535,65535}
	- max 2D array texture:    {131072,65536}
	- max 3D array texture:    {16384,16384,16384}
	- max 2D linear texture:   {131072,65000,2097120}
	- max 2D layered texture:  {32768,32768,2048}
	- number of SM(x)s:        40
	- registers per SM(x):     65536
	- registers per block:     65536
	- concurrent kernels:      yes
	- mapping host memory:     yes
	- unified addressing:      yes
	- texture alignment:       512 byte
	- pitch alignment:         32 byte

[02:37:31.104664][info] Supported CUDA-Enabled GPU detected.
[02:37:31.125653][info] Found 63 image dimension(s): 
[02:37:31.125653][info] 	- [153x1080]
[02:37:31.125653][info] 	- [166x1037]
[02:37:31.125653][info] 	- [247x996]
[02:37:31.125653][info] 	- [265x960]
[02:37:31.125653][info] 	- [283x995]
[02:37:31.125653][info] 	- [320x1030]
[02:37:31.125653][info] 	- [343x967]
[02:37:31.125653][info] 	- [351x972]
[02:37:31.125653][info] 	- [354x942]
[02:37:31.125653][info] 	- [387x888]
[02:37:31.125653][info] 	- [387x1016]
[02:37:31.125653][info] 	- [388x1008]
[02:37:31.125653][info] 	- [390x976]
[02:37:31.125653][info] 	- [411x999]
[02:37:31.125653][info] 	- [414x1057]
[02:37:31.125653][info] 	- [419x1080]
[02:37:31.125653][info] 	- [422x1033]
[02:37:31.125653][info] 	- [426x1044]
[02:37:31.125653][info] 	- [429x1058]
[02:37:31.126652][info] 	- [432x991]
[02:37:31.126652][info] 	- [438x1035]
[02:37:31.126652][info] 	- [441x1035]
[02:37:31.126652][info] 	- [444x1051]
[02:37:31.126652][info] 	- [450x1080]
[02:37:31.126652][info] 	- [453x1061]
[02:37:31.126652][info] 	- [454x1080]
[02:37:31.126652][info] 	- [456x1080]
[02:37:31.126652][info] 	- [462x1080]
[02:37:31.126652][info] 	- [468x1080]
[02:37:31.126652][info] 	- [474x1080]
[02:37:31.126652][info] 	- [477x1032]
[02:37:31.126652][info] 	- [486x1080]
[02:37:31.126652][info] 	- [501x1080]
[02:37:31.126652][info] 	- [504x1080]
[02:37:31.126652][info] 	- [510x1080]
[02:37:31.126652][info] 	- [511x1080]
[02:37:31.126652][info] 	- [513x1080]
[02:37:31.126652][info] 	- [519x1080]
[02:37:31.126652][info] 	- [522x1080]
[02:37:31.126652][info] 	- [525x1080]
[02:37:31.126652][info] 	- [527x1080]
[02:37:31.126652][info] 	- [528x1080]
[02:37:31.126652][info] 	- [537x1080]
[02:37:31.126652][info] 	- [546x1080]
[02:37:31.126652][info] 	- [555x1080]
[02:37:31.126652][info] 	- [556x1080]
[02:37:31.126652][info] 	- [558x1080]
[02:37:31.126652][info] 	- [570x1080]
[02:37:31.126652][info] 	- [573x1080]
[02:37:31.126652][info] 	- [579x1080]
[02:37:31.126652][info] 	- [582x1080]
[02:37:31.126652][info] 	- [588x1080]
[02:37:31.126652][info] 	- [594x1080]
[02:37:31.126652][info] 	- [596x1080]
[02:37:31.126652][info] 	- [597x1080]
[02:37:31.126652][info] 	- [606x1080]
[02:37:31.126652][info] 	- [612x1080]
[02:37:31.126652][info] 	- [615x1080]
[02:37:31.126652][info] 	- [621x1080]
[02:37:31.126652][info] 	- [627x1080]
[02:37:31.126652][info] 	- [639x1080]
[02:37:31.126652][info] 	- [642x1080]
[02:37:31.126652][info] 	- [660x1080]
[02:37:31.187653][info] Overall maximum dimension: [660x1080]
[02:37:31.187653][info] Create depth maps.
number of CUDA devices:	1
   0: GeForce RTX 2070 SUPER
[02:37:31.187653][info] # GPU devices: 1, # CPU threads: 16
[02:37:31.187653][info] Plane sweeping parameters:
	- scale: 2
	- step: 1
[02:37:31.187653][info] PlaneSweepingCuda:
	- _nImgsInGPUAtTime: 29
	- scales: 2
	- subPixel: Yes
	- varianceWSH: 4
CUDA device no 0 for 0
Device 0 memory - used: 1503.962524, free: 6688.037598, total: 8192.000000
Device 0 memory - used: 1620.962524, free: 6571.037598, total: 8192.000000
[02:37:31.621650][info] Estimate depth map, view id: 1442672628
Device 0 memory - used: 1644.962524, free: 6547.037598, total: 8192.000000
total size of volume map in GPU memory: 23.994141
nDepths 182, nDepthsToSearch 182 
ps_computeSimilarityVolume elapsed time: 2.000000 ms 
Device 0 memory - used: 1646.837524, free: 6545.162598, total: 8192.000000
total size of volume map in GPU memory: 25.839844
nDepths 196, nDepthsToSearch 196 
ps_computeSimilarityVolume elapsed time: 4.000000 ms 
Device 0 memory - used: 1642.337524, free: 6549.662598, total: 8192.000000
total size of volume map in GPU memory: 21.357422
nDepths 162, nDepthsToSearch 162 
ps_computeSimilarityVolume elapsed time: 2.000000 ms 
Device 0 memory - used: 1640.087524, free: 6551.912598, total: 8192.000000
total size of volume map in GPU memory: 19.116211
nDepths 145, nDepthsToSearch 145 
ps_computeSimilarityVolume elapsed time: 2.000000 ms 
Device 0 memory - used: 1639.837524, free: 6552.162598, total: 8192.000000
total size of volume map in GPU memory: 18.852539
nDepths 143, nDepthsToSearch 143 
ps_computeSimilarityVolume elapsed time: 2.000000 ms 
Device 0 memory - used: 1648.275024, free: 6543.725098, total: 8192.000000
total size of volume map in GPU memory: 27.290039
nDepths 207, nDepthsToSearch 207 
ps_computeSimilarityVolume elapsed time: 2.000000 ms 
Device 0 memory - used: 1650.275024, free: 6541.725098, total: 8192.000000
total size of volume map in GPU memory: 29.267578
nDepths 222, nDepthsToSearch 222 
ps_computeSimilarityVolume elapsed time: 2.000000 ms 
Device 0 memory - used: 1652.900024, free: 6539.100098, total: 8192.000000
total size of volume map in GPU memory: 31.904297
nDepths 242, nDepthsToSearch 242 
ps_computeSimilarityVolume elapsed time: 3.000000 ms 
Device 0 memory - used: 1652.900024, free: 6539.100098, total: 8192.000000
total size of volume map in GPU memory: 31.904297
nDepths 242, nDepthsToSearch 242 
ps_computeSimilarityVolume elapsed time: 3.000000 ms 
Device 0 memory - used: 1642.462524, free: 6549.537598, total: 8192.000000
total size of volume map in GPU memory: 21.489258
nDepths 163, nDepthsToSearch 163 
ps_computeSimilarityVolume elapsed time: 2.000000 ms 
ps_SGMoptimizeSimVolume
ps_updateAggrVolume
ps_aggregatePathVolume
ps_aggregatePathVolume done
ps_updateAggrVolume done
ps_updateAggrVolume
ps_aggregatePathVolume
ps_aggregatePathVolume done
ps_updateAggrVolume done
ps_updateAggrVolume
ps_aggregatePathVolume
ps_aggregatePathVolume done
ps_updateAggrVolume done
ps_updateAggrVolume
ps_aggregatePathVolume
ps_aggregatePathVolume done
ps_updateAggrVolume done
SGM volume gpu elapsed time: 63.000000 ms 
ps_SGMoptimizeSimVolume done
[02:37:32.434654][info] Refine depth map, view id: 1442672628
gpu elapsed time: 7.000000 ms 
gpu elapsed time: 6.000000 ms 
gpu elapsed time: 7.000000 ms 
gpu elapsed time: 8.000000 ms 
gpu elapsed time: 6.000000 ms 
gpu elapsed time: 5.000000 ms 
gpu elapsed time: 7.000000 ms 
gpu elapsed time: 9.000000 ms 
gpu elapsed time: 6.000000 ms 
gpu elapsed time: 7.000000 ms 
gpu elapsed time: 8.000000 ms 
gpu elapsed time: 7.000000 ms 
gpu elapsed time: 5.000000 ms 
gpu elapsed time: 7.000000 ms 
gpu elapsed time: 9.000000 ms 
gpu elapsed time: 5.000000 ms 
gpu elapsed time: 5.000000 ms 
gpu elapsed time: 8.000000 ms 
gpu elapsed time: 8.000000 ms 
gpu elapsed time: 7.000000 ms 
gpu elapsed time: 6.000000 ms 
gpu elapsed time: 6.000000 ms 
gpu elapsed time: 7.000000 ms 
gpu elapsed time: 7.000000 ms 
gpu elapsed time: 14.000000 ms 
gpu elapsed time: 14.000000 ms 
gpu elapsed time: 10.000000 ms 
gpu elapsed time: 11.000000 ms 
rc: 48, gpu elapsed time: 3.000000 ms 
rc: 48, gpu elapsed time: 3.000000 ms 
rc: 48, gpu elapsed time: 3.000000 ms 
rc: 48, gpu elapsed time: 4.000000 ms 
[02:37:33.063653][info] Estimate depth map, view id: 1486227816
Device 0 memory - used: 1639.462524, free: 6552.537598, total: 8192.000000
total size of volume map in GPU memory: 18.457031
nDepths 140, nDepthsToSearch 140 
ps_computeSimilarityVolume elapsed time: 2.000000 ms 
Device 0 memory - used: 1641.837524, free: 6550.162598, total: 8192.000000
total size of volume map in GPU memory: 20.830078
nDepths 158, nDepthsToSearch 158 
ps_computeSimilarityVolume elapsed time: 4.000000 ms 
Device 0 memory - used: 1652.900024, free: 6539.100098, total: 8192.000000
total size of volume map in GPU memory: 31.904297
nDepths 242, nDepthsToSearch 242 
ps_computeSimilarityVolume elapsed time: 2.000000 ms 
Device 0 memory - used: 1639.712524, free: 6552.287598, total: 8192.000000
total size of volume map in GPU memory: 18.720703
nDepths 142, nDepthsToSearch 142 
ps_computeSimilarityVolume elapsed time: 3.000000 ms 
Device 0 memory - used: 1644.587524, free: 6547.412598, total: 8192.000000
total size of volume map in GPU memory: 23.598633
nDepths 179, nDepthsToSearch 179 
ps_computeSimilarityVolume elapsed time: 2.000000 ms 
Device 0 memory - used: 1642.087524, free: 6549.912598, total: 8192.000000
total size of volume map in GPU memory: 21.093750
nDepths 160, nDepthsToSearch 160 
ps_computeSimilarityVolume elapsed time: 2.000000 ms 
Device 0 memory - used: 1644.462524, free: 6547.537598, total: 8192.000000
total size of volume map in GPU memory: 23.466797
nDepths 178, nDepthsToSearch 178 
ps_computeSimilarityVolume elapsed time: 2.000000 ms 
Device 0 memory - used: 1652.900024, free: 6539.100098, total: 8192.000000
total size of volume map in GPU memory: 31.904297
nDepths 242, nDepthsToSearch 242 
ps_computeSimilarityVolume elapsed time: 3.000000 ms 
Device 0 memory - used: 1648.025024, free: 6543.975098, total: 8192.000000
total size of volume map in GPU memory: 27.026367
nDepths 205, nDepthsToSearch 205 
ps_computeSimilarityVolume elapsed time: 4.000000 ms 
Device 0 memory - used: 1646.587524, free: 6545.412598, total: 8192.000000
total size of volume map in GPU memory: 25.576172
nDepths 194, nDepthsToSearch 194 
ps_computeSimilarityVolume elapsed time: 2.000000 ms 
ps_SGMoptimizeSimVolume
ps_updateAggrVolume
ps_aggregatePathVolume
ps_aggregatePathVolume done
ps_updateAggrVolume done
ps_updateAggrVolume
ps_aggregatePathVolume
ps_aggregatePathVolume done
ps_updateAggrVolume done
ps_updateAggrVolume
ps_aggregatePathVolume
ps_aggregatePathVolume done
ps_updateAggrVolume done
ps_updateAggrVolume
ps_aggregatePathVolume
ps_aggregatePathVolume done
ps_updateAggrVolume done
SGM volume gpu elapsed time: 61.000000 ms 
ps_SGMoptimizeSimVolume done
[02:37:33.809657][info] Refine depth map, view id: 1486227816
gpu elapsed time: 6.000000 ms 
gpu elapsed time: 7.000000 ms 
gpu elapsed time: 7.000000 ms 
gpu elapsed time: 7.000000 ms 
gpu elapsed time: 5.000000 ms 
gpu elapsed time: 7.000000 ms 
gpu elapsed time: 9.000000 ms 
gpu elapsed time: 5.000000 ms 
gpu elapsed time: 7.000000 ms 
gpu elapsed time: 7.000000 ms 
gpu elapsed time: 8.000000 ms 
gpu elapsed time: 6.000000 ms 
gpu elapsed time: 7.000000 ms 
gpu elapsed time: 9.000000 ms 
gpu elapsed time: 7.000000 ms 
gpu elapsed time: 6.000000 ms 
gpu elapsed time: 6.000000 ms 
gpu elapsed time: 8.000000 ms 
gpu elapsed time: 7.000000 ms 
gpu elapsed time: 5.000000 ms 
gpu elapsed time: 8.000000 ms 
gpu elapsed time: 7.000000 ms 
gpu elapsed time: 8.000000 ms 
gpu elapsed time: 7.000000 ms 
gpu elapsed time: 25.000000 ms 
gpu elapsed time: 11.000000 ms 
gpu elapsed time: 11.000000 ms 
gpu elapsed time: 10.000000 ms 
rc: 49, gpu elapsed time: 4.000000 ms 
rc: 49, gpu elapsed time: 3.000000 ms 
rc: 49, gpu elapsed time: 4.000000 ms 
rc: 49, gpu elapsed time: 4.000000 ms 
[02:37:34.413660][info] Estimate depth map, view id: 1486347209
Device 0 memory - used: 1634.962524, free: 6557.037598, total: 8192.000000
total size of volume map in GPU memory: 13.974609
nDepths 106, nDepthsToSearch 106 
ps_computeSimilarityVolume elapsed time: 1.000000 ms 
Device 0 memory - used: 1637.087524, free: 6554.912598, total: 8192.000000
total size of volume map in GPU memory: 16.083984
nDepths 122, nDepthsToSearch 122 
ps_computeSimilarityVolume elapsed time: 2.000000 ms 
Device 0 memory - used: 1634.025024, free: 6557.975098, total: 8192.000000
total size of volume map in GPU memory: 13.051758
nDepths 99, nDepthsToSearch 99 
ps_computeSimilarityVolume elapsed time: 2.000000 ms 
Device 0 memory - used: 1635.775024, free: 6556.225098, total: 8192.000000
total size of volume map in GPU memory: 14.765625
nDepths 112, nDepthsToSearch 112 
ps_computeSimilarityVolume elapsed time: 2.000000 ms 
Device 0 memory - used: 1634.587524, free: 6557.412598, total: 8192.000000
total size of volume map in GPU memory: 13.579102
nDepths 103, nDepthsToSearch 103 
ps_computeSimilarityVolume elapsed time: 2.000000 ms 
Device 0 memory - used: 1636.525024, free: 6555.475098, total: 8192.000000
total size of volume map in GPU memory: 15.556641
nDepths 118, nDepthsToSearch 118 
ps_computeSimilarityVolume elapsed time: 2.000000 ms 
Device 0 memory - used: 1632.962524, free: 6559.037598, total: 8192.000000
total size of volume map in GPU memory: 11.997070
nDepths 91, nDepthsToSearch 91 
ps_computeSimilarityVolume elapsed time: 2.000000 ms 
Device 0 memory - used: 1635.775024, free: 6556.225098, total: 8192.000000
total size of volume map in GPU memory: 14.765625
nDepths 112, nDepthsToSearch 112 
ps_computeSimilarityVolume elapsed time: 3.000000 ms 
Device 0 memory - used: 1635.900024, free: 6556.100098, total: 8192.000000
total size of volume map in GPU memory: 14.897461
nDepths 113, nDepthsToSearch 113 
ps_computeSimilarityVolume elapsed time: 2.000000 ms 
Device 0 memory - used: 1637.587524, free: 6554.412598, total: 8192.000000
total size of volume map in GPU memory: 16.611328
nDepths 126, nDepthsToSearch 126 
ps_computeSimilarityVolume elapsed time: 2.000000 ms 
ps_SGMoptimizeSimVolume
ps_updateAggrVolume
ps_aggregatePathVolume
ps_aggregatePathVolume done
ps_updateAggrVolume done
ps_updateAggrVolume
ps_aggregatePathVolume
ps_aggregatePathVolume done
ps_updateAggrVolume done
ps_updateAggrVolume
ps_aggregatePathVolume
ps_aggregatePathVolume done
ps_updateAggrVolume done
ps_updateAggrVolume
ps_aggregatePathVolume
ps_aggregatePathVolume done
ps_updateAggrVolume done
SGM volume gpu elapsed time: 41.000000 ms 
ps_SGMoptimizeSimVolume done
[02:37:34.923660][info] Refine depth map, view id: 1486347209
gpu elapsed time: 7.000000 ms 
gpu elapsed time: 5.000000 ms 
gpu elapsed time: 8.000000 ms 
gpu elapsed time: 6.000000 ms 
gpu elapsed time: 5.000000 ms 
gpu elapsed time: 7.000000 ms 
gpu elapsed time: 6.000000 ms 
gpu elapsed time: 7.000000 ms 
gpu elapsed time: 6.000000 ms 
gpu elapsed time: 7.000000 ms 
gpu elapsed time: 9.000000 ms 
gpu elapsed time: 5.000000 ms 
gpu elapsed time: 6.000000 ms 
gpu elapsed time: 7.000000 ms 
gpu elapsed time: 9.000000 ms 
gpu elapsed time: 6.000000 ms 
gpu elapsed time: 5.000000 ms 
gpu elapsed time: 8.000000 ms 
gpu elapsed time: 7.000000 ms 
gpu elapsed time: 5.000000 ms 
gpu elapsed time: 6.000000 ms 
gpu elapsed time: 8.000000 ms 
gpu elapsed time: 7.000000 ms 
gpu elapsed time: 7.000000 ms 
gpu elapsed time: 25.000000 ms 
gpu elapsed time: 12.000000 ms 
gpu elapsed time: 10.000000 ms 
gpu elapsed time: 9.000000 ms 
rc: 50, gpu elapsed time: 3.000000 ms 
rc: 50, gpu elapsed time: 4.000000 ms 
rc: 50, gpu elapsed time: 5.000000 ms 
rc: 50, gpu elapsed time: 4.000000 ms 
[02:37:35.334662][info] Task done in (s): 4.453000
