Program called with the following parameters:
 * downscale = 2
 * exportIntermediateResults = 0
 * imagesFolder = "D:/Automated-3D-Modeling-Project/Demonstration-for-regular-meeting/7.27/1time-60frame/meshroom/MeshroomCache/PrepareDenseScene/a3922d5b7ecaa2c7e402ac986e32f8dacda6106b"
 * input = "D:/Automated-3D-Modeling-Project/Demonstration-for-regular-meeting/7.27/1time-60frame/meshroom/MeshroomCache/StructureFromMotion/1525f89206b8cfb498d0e7f076ac99d51dcc32ff/sfm.abc"
 * maxViewAngle = 70
 * minViewAngle = 2
 * nbGPUs = 0
 * output = "D:/Automated-3D-Modeling-Project/Demonstration-for-regular-meeting/7.27/1time-60frame/meshroom/MeshroomCache/DepthMap/4563fa8309c7dfcea3947129619e2bbd3e4137b6"
 * rangeSize = 3
 * rangeStart = 57
 * refineGammaC = 15.5
 * refineGammaP = 8
 * refineMaxTCams = 6
 * refineNDepthsToRefine = 31
 * refineNSamplesHalf = 150
 * refineNiters = 100
 * refineSigma = 15
 * refineUseTcOrRcPixSize = 0
 * refineWSH = 3
 * sgmGammaC = 5.5
 * sgmGammaP = 8
 * sgmMaxTCams = 10
 * sgmWSH = 4
 * verboseLevel = "info"

[02:37:43.713100][info] CUDA-Enabled GPU.
Device information:
	- id:                      0
	- name:                    GeForce RTX 2070 SUPER
	- compute capability:      7.5
	- total device memory:     8192 MB 
	- device memory available: 6688 MB 
	- per-block shared memory: 49152
	- warp size:               32
	- max threads per block:   1024
	- max threads per SM(X):   1024
	- max block sizes:         {1024,1024,64}
	- max grid sizes:          {2147483647,65535,65535}
	- max 2D array texture:    {131072,65536}
	- max 3D array texture:    {16384,16384,16384}
	- max 2D linear texture:   {131072,65000,2097120}
	- max 2D layered texture:  {32768,32768,2048}
	- number of SM(x)s:        40
	- registers per SM(x):     65536
	- registers per block:     65536
	- concurrent kernels:      yes
	- mapping host memory:     yes
	- unified addressing:      yes
	- texture alignment:       512 byte
	- pitch alignment:         32 byte

[02:37:43.931106][info] Supported CUDA-Enabled GPU detected.
[02:37:43.953104][info] Found 63 image dimension(s): 
[02:37:43.953104][info] 	- [153x1080]
[02:37:43.953104][info] 	- [166x1037]
[02:37:43.953104][info] 	- [247x996]
[02:37:43.953104][info] 	- [265x960]
[02:37:43.953104][info] 	- [283x995]
[02:37:43.953104][info] 	- [320x1030]
[02:37:43.953104][info] 	- [343x967]
[02:37:43.953104][info] 	- [351x972]
[02:37:43.953104][info] 	- [354x942]
[02:37:43.953104][info] 	- [387x888]
[02:37:43.953104][info] 	- [387x1016]
[02:37:43.953104][info] 	- [388x1008]
[02:37:43.953104][info] 	- [390x976]
[02:37:43.953104][info] 	- [411x999]
[02:37:43.953104][info] 	- [414x1057]
[02:37:43.953104][info] 	- [419x1080]
[02:37:43.953104][info] 	- [422x1033]
[02:37:43.953104][info] 	- [426x1044]
[02:37:43.953104][info] 	- [429x1058]
[02:37:43.953104][info] 	- [432x991]
[02:37:43.953104][info] 	- [438x1035]
[02:37:43.953104][info] 	- [441x1035]
[02:37:43.953104][info] 	- [444x1051]
[02:37:43.953104][info] 	- [450x1080]
[02:37:43.953104][info] 	- [453x1061]
[02:37:43.953104][info] 	- [454x1080]
[02:37:43.953104][info] 	- [456x1080]
[02:37:43.953104][info] 	- [462x1080]
[02:37:43.953104][info] 	- [468x1080]
[02:37:43.953104][info] 	- [474x1080]
[02:37:43.953104][info] 	- [477x1032]
[02:37:43.953104][info] 	- [486x1080]
[02:37:43.953104][info] 	- [501x1080]
[02:37:43.953104][info] 	- [504x1080]
[02:37:43.953104][info] 	- [510x1080]
[02:37:43.953104][info] 	- [511x1080]
[02:37:43.953104][info] 	- [513x1080]
[02:37:43.953104][info] 	- [519x1080]
[02:37:43.953104][info] 	- [522x1080]
[02:37:43.953104][info] 	- [525x1080]
[02:37:43.953104][info] 	- [527x1080]
[02:37:43.953104][info] 	- [528x1080]
[02:37:43.953104][info] 	- [537x1080]
[02:37:43.953104][info] 	- [546x1080]
[02:37:43.953104][info] 	- [555x1080]
[02:37:43.953104][info] 	- [556x1080]
[02:37:43.953104][info] 	- [558x1080]
[02:37:43.953104][info] 	- [570x1080]
[02:37:43.953104][info] 	- [573x1080]
[02:37:43.953104][info] 	- [579x1080]
[02:37:43.953104][info] 	- [582x1080]
[02:37:43.953104][info] 	- [588x1080]
[02:37:43.953104][info] 	- [594x1080]
[02:37:43.953104][info] 	- [596x1080]
[02:37:43.953104][info] 	- [597x1080]
[02:37:43.953104][info] 	- [606x1080]
[02:37:43.953104][info] 	- [612x1080]
[02:37:43.953104][info] 	- [615x1080]
[02:37:43.953104][info] 	- [621x1080]
[02:37:43.953104][info] 	- [627x1080]
[02:37:43.953104][info] 	- [639x1080]
[02:37:43.953104][info] 	- [642x1080]
[02:37:43.953104][info] 	- [660x1080]
[02:37:44.017102][info] Overall maximum dimension: [660x1080]
[02:37:44.017102][info] Create depth maps.
number of CUDA devices:	1
   0: GeForce RTX 2070 SUPER
[02:37:44.018103][info] # GPU devices: 1, # CPU threads: 16
[02:37:44.018103][info] Plane sweeping parameters:
	- scale: 2
	- step: 1
[02:37:44.018103][info] PlaneSweepingCuda:
	- _nImgsInGPUAtTime: 29
	- scales: 2
	- subPixel: Yes
	- varianceWSH: 4
CUDA device no 0 for 0
Device 0 memory - used: 1503.962524, free: 6688.037598, total: 8192.000000
Device 0 memory - used: 1620.962524, free: 6571.037598, total: 8192.000000
[02:37:44.420100][info] Estimate depth map, view id: 1620293563
Device 0 memory - used: 1646.275024, free: 6545.725098, total: 8192.000000
total size of volume map in GPU memory: 25.312500
nDepths 192, nDepthsToSearch 192 
ps_computeSimilarityVolume elapsed time: 2.000000 ms 
Device 0 memory - used: 1644.587524, free: 6547.412598, total: 8192.000000
total size of volume map in GPU memory: 23.598633
nDepths 179, nDepthsToSearch 179 
ps_computeSimilarityVolume elapsed time: 4.000000 ms 
Device 0 memory - used: 1642.775024, free: 6549.225098, total: 8192.000000
total size of volume map in GPU memory: 21.752930
nDepths 165, nDepthsToSearch 165 
ps_computeSimilarityVolume elapsed time: 2.000000 ms 
Device 0 memory - used: 1637.837524, free: 6554.162598, total: 8192.000000
total size of volume map in GPU memory: 16.875000
nDepths 128, nDepthsToSearch 128 
ps_computeSimilarityVolume elapsed time: 2.000000 ms 
Device 0 memory - used: 1640.525024, free: 6551.475098, total: 8192.000000
total size of volume map in GPU memory: 19.511719
nDepths 148, nDepthsToSearch 148 
ps_computeSimilarityVolume elapsed time: 2.000000 ms 
Device 0 memory - used: 1640.900024, free: 6551.100098, total: 8192.000000
total size of volume map in GPU memory: 19.907227
nDepths 151, nDepthsToSearch 151 
ps_computeSimilarityVolume elapsed time: 2.000000 ms 
Device 0 memory - used: 1649.712524, free: 6542.287598, total: 8192.000000
total size of volume map in GPU memory: 28.740234
nDepths 218, nDepthsToSearch 218 
ps_computeSimilarityVolume elapsed time: 3.000000 ms 
Device 0 memory - used: 1646.962524, free: 6545.037598, total: 8192.000000
total size of volume map in GPU memory: 25.971680
nDepths 197, nDepthsToSearch 197 
ps_computeSimilarityVolume elapsed time: 3.000000 ms 
Device 0 memory - used: 1640.650024, free: 6551.350098, total: 8192.000000
total size of volume map in GPU memory: 19.643555
nDepths 149, nDepthsToSearch 149 
ps_computeSimilarityVolume elapsed time: 2.000000 ms 
Device 0 memory - used: 1648.275024, free: 6543.725098, total: 8192.000000
total size of volume map in GPU memory: 27.290039
nDepths 207, nDepthsToSearch 207 
ps_computeSimilarityVolume elapsed time: 2.000000 ms 
ps_SGMoptimizeSimVolume
ps_updateAggrVolume
ps_aggregatePathVolume
ps_aggregatePathVolume done
ps_updateAggrVolume done
ps_updateAggrVolume
ps_aggregatePathVolume
ps_aggregatePathVolume done
ps_updateAggrVolume done
ps_updateAggrVolume
ps_aggregatePathVolume
ps_aggregatePathVolume done
ps_updateAggrVolume done
ps_updateAggrVolume
ps_aggregatePathVolume
ps_aggregatePathVolume done
ps_updateAggrVolume done
SGM volume gpu elapsed time: 57.000000 ms 
ps_SGMoptimizeSimVolume done
[02:37:45.134105][info] Refine depth map, view id: 1620293563
gpu elapsed time: 5.000000 ms 
gpu elapsed time: 7.000000 ms 
gpu elapsed time: 8.000000 ms 
gpu elapsed time: 7.000000 ms 
gpu elapsed time: 6.000000 ms 
gpu elapsed time: 9.000000 ms 
gpu elapsed time: 7.000000 ms 
gpu elapsed time: 7.000000 ms 
gpu elapsed time: 9.000000 ms 
gpu elapsed time: 8.000000 ms 
gpu elapsed time: 7.000000 ms 
gpu elapsed time: 9.000000 ms 
gpu elapsed time: 7.000000 ms 
gpu elapsed time: 8.000000 ms 
gpu elapsed time: 8.000000 ms 
gpu elapsed time: 7.000000 ms 
gpu elapsed time: 7.000000 ms 
gpu elapsed time: 9.000000 ms 
gpu elapsed time: 7.000000 ms 
gpu elapsed time: 7.000000 ms 
gpu elapsed time: 7.000000 ms 
gpu elapsed time: 7.000000 ms 
gpu elapsed time: 8.000000 ms 
gpu elapsed time: 5.000000 ms 
gpu elapsed time: 26.000000 ms 
gpu elapsed time: 10.000000 ms 
gpu elapsed time: 10.000000 ms 
gpu elapsed time: 10.000000 ms 
rc: 57, gpu elapsed time: 3.000000 ms 
rc: 57, gpu elapsed time: 3.000000 ms 
rc: 57, gpu elapsed time: 4.000000 ms 
rc: 57, gpu elapsed time: 4.000000 ms 
[02:37:45.860106][info] Estimate depth map, view id: 1676500074
Device 0 memory - used: 1641.962524, free: 6550.037598, total: 8192.000000
total size of volume map in GPU memory: 20.961914
nDepths 159, nDepthsToSearch 159 
ps_computeSimilarityVolume elapsed time: 1.000000 ms 
Device 0 memory - used: 1654.212524, free: 6537.787598, total: 8192.000000
total size of volume map in GPU memory: 33.222656
nDepths 252, nDepthsToSearch 252 
ps_computeSimilarityVolume elapsed time: 5.000000 ms 
Device 0 memory - used: 1654.212524, free: 6537.787598, total: 8192.000000
total size of volume map in GPU memory: 33.222656
nDepths 252, nDepthsToSearch 252 
ps_computeSimilarityVolume elapsed time: 3.000000 ms 
Device 0 memory - used: 1644.212524, free: 6547.787598, total: 8192.000000
total size of volume map in GPU memory: 23.203125
nDepths 176, nDepthsToSearch 176 
ps_computeSimilarityVolume elapsed time: 2.000000 ms 
Device 0 memory - used: 1646.587524, free: 6545.412598, total: 8192.000000
total size of volume map in GPU memory: 25.576172
nDepths 194, nDepthsToSearch 194 
ps_computeSimilarityVolume elapsed time: 2.000000 ms 
Device 0 memory - used: 1643.962524, free: 6548.037598, total: 8192.000000
total size of volume map in GPU memory: 22.939453
nDepths 174, nDepthsToSearch 174 
ps_computeSimilarityVolume elapsed time: 2.000000 ms 
Device 0 memory - used: 1641.587524, free: 6550.412598, total: 8192.000000
total size of volume map in GPU memory: 20.566406
nDepths 156, nDepthsToSearch 156 
ps_computeSimilarityVolume elapsed time: 2.000000 ms 
Device 0 memory - used: 1648.650024, free: 6543.350098, total: 8192.000000
total size of volume map in GPU memory: 27.685547
nDepths 210, nDepthsToSearch 210 
ps_computeSimilarityVolume elapsed time: 2.000000 ms 
Device 0 memory - used: 1650.150024, free: 6541.850098, total: 8192.000000
total size of volume map in GPU memory: 29.135742
nDepths 221, nDepthsToSearch 221 
ps_computeSimilarityVolume elapsed time: 2.000000 ms 
Device 0 memory - used: 1646.462524, free: 6545.537598, total: 8192.000000
total size of volume map in GPU memory: 25.444336
nDepths 193, nDepthsToSearch 193 
ps_computeSimilarityVolume elapsed time: 2.000000 ms 
ps_SGMoptimizeSimVolume
ps_updateAggrVolume
ps_aggregatePathVolume
ps_aggregatePathVolume done
ps_updateAggrVolume done
ps_updateAggrVolume
ps_aggregatePathVolume
ps_aggregatePathVolume done
ps_updateAggrVolume done
ps_updateAggrVolume
ps_aggregatePathVolume
ps_aggregatePathVolume done
ps_updateAggrVolume done
ps_updateAggrVolume
ps_aggregatePathVolume
ps_aggregatePathVolume done
ps_updateAggrVolume done
SGM volume gpu elapsed time: 62.000000 ms 
ps_SGMoptimizeSimVolume done
[02:37:46.630112][info] Refine depth map, view id: 1676500074
gpu elapsed time: 7.000000 ms 
gpu elapsed time: 9.000000 ms 
gpu elapsed time: 7.000000 ms 
gpu elapsed time: 6.000000 ms 
gpu elapsed time: 9.000000 ms 
gpu elapsed time: 7.000000 ms 
gpu elapsed time: 7.000000 ms 
gpu elapsed time: 7.000000 ms 
gpu elapsed time: 7.000000 ms 
gpu elapsed time: 8.000000 ms 
gpu elapsed time: 7.000000 ms 
gpu elapsed time: 7.000000 ms 
gpu elapsed time: 6.000000 ms 
gpu elapsed time: 7.000000 ms 
gpu elapsed time: 8.000000 ms 
gpu elapsed time: 5.000000 ms 
gpu elapsed time: 5.000000 ms 
gpu elapsed time: 7.000000 ms 
gpu elapsed time: 9.000000 ms 
gpu elapsed time: 5.000000 ms 
gpu elapsed time: 6.000000 ms 
gpu elapsed time: 9.000000 ms 
gpu elapsed time: 8.000000 ms 
gpu elapsed time: 6.000000 ms 
gpu elapsed time: 25.000000 ms 
gpu elapsed time: 11.000000 ms 
gpu elapsed time: 8.000000 ms 
gpu elapsed time: 11.000000 ms 
rc: 58, gpu elapsed time: 4.000000 ms 
rc: 58, gpu elapsed time: 3.000000 ms 
rc: 58, gpu elapsed time: 3.000000 ms 
rc: 58, gpu elapsed time: 2.000000 ms 
[02:37:47.298112][info] Estimate depth map, view id: 1686609582
Device 0 memory - used: 1639.025024, free: 6552.975098, total: 8192.000000
total size of volume map in GPU memory: 18.061523
nDepths 137, nDepthsToSearch 137 
ps_computeSimilarityVolume elapsed time: 2.000000 ms 
Device 0 memory - used: 1639.587524, free: 6552.412598, total: 8192.000000
total size of volume map in GPU memory: 18.588867
nDepths 141, nDepthsToSearch 141 
ps_computeSimilarityVolume elapsed time: 4.000000 ms 
Device 0 memory - used: 1636.275024, free: 6555.725098, total: 8192.000000
total size of volume map in GPU memory: 15.292969
nDepths 116, nDepthsToSearch 116 
ps_computeSimilarityVolume elapsed time: 2.000000 ms 
Device 0 memory - used: 1637.462524, free: 6554.537598, total: 8192.000000
total size of volume map in GPU memory: 16.479492
nDepths 125, nDepthsToSearch 125 
ps_computeSimilarityVolume elapsed time: 2.000000 ms 
Device 0 memory - used: 1639.962524, free: 6552.037598, total: 8192.000000
total size of volume map in GPU memory: 18.984375
nDepths 144, nDepthsToSearch 144 
ps_computeSimilarityVolume elapsed time: 2.000000 ms 
Device 0 memory - used: 1639.212524, free: 6552.787598, total: 8192.000000
total size of volume map in GPU memory: 18.193359
nDepths 138, nDepthsToSearch 138 
ps_computeSimilarityVolume elapsed time: 2.000000 ms 
Device 0 memory - used: 1640.212524, free: 6551.787598, total: 8192.000000
total size of volume map in GPU memory: 19.248047
nDepths 146, nDepthsToSearch 146 
ps_computeSimilarityVolume elapsed time: 2.000000 ms 
Device 0 memory - used: 1638.525024, free: 6553.475098, total: 8192.000000
total size of volume map in GPU memory: 17.534180
nDepths 133, nDepthsToSearch 133 
ps_computeSimilarityVolume elapsed time: 2.000000 ms 
Device 0 memory - used: 1638.525024, free: 6553.475098, total: 8192.000000
total size of volume map in GPU memory: 17.534180
nDepths 133, nDepthsToSearch 133 
ps_computeSimilarityVolume elapsed time: 2.000000 ms 
Device 0 memory - used: 1638.775024, free: 6553.225098, total: 8192.000000
total size of volume map in GPU memory: 17.797852
nDepths 135, nDepthsToSearch 135 
ps_computeSimilarityVolume elapsed time: 2.000000 ms 
ps_SGMoptimizeSimVolume
ps_updateAggrVolume
ps_aggregatePathVolume
ps_aggregatePathVolume done
ps_updateAggrVolume done
ps_updateAggrVolume
ps_aggregatePathVolume
ps_aggregatePathVolume done
ps_updateAggrVolume done
ps_updateAggrVolume
ps_aggregatePathVolume
ps_aggregatePathVolume done
ps_updateAggrVolume done
ps_updateAggrVolume
ps_aggregatePathVolume
ps_aggregatePathVolume done
ps_updateAggrVolume done
SGM volume gpu elapsed time: 42.000000 ms 
ps_SGMoptimizeSimVolume done
[02:37:47.813114][info] Refine depth map, view id: 1686609582
gpu elapsed time: 6.000000 ms 
gpu elapsed time: 7.000000 ms 
gpu elapsed time: 7.000000 ms 
gpu elapsed time: 5.000000 ms 
gpu elapsed time: 6.000000 ms 
gpu elapsed time: 5.000000 ms 
gpu elapsed time: 7.000000 ms 
gpu elapsed time: 7.000000 ms 
gpu elapsed time: 5.000000 ms 
gpu elapsed time: 7.000000 ms 
gpu elapsed time: 7.000000 ms 
gpu elapsed time: 7.000000 ms 
gpu elapsed time: 5.000000 ms 
gpu elapsed time: 7.000000 ms 
gpu elapsed time: 8.000000 ms 
gpu elapsed time: 5.000000 ms 
gpu elapsed time: 5.000000 ms 
gpu elapsed time: 6.000000 ms 
gpu elapsed time: 8.000000 ms 
gpu elapsed time: 5.000000 ms 
gpu elapsed time: 6.000000 ms 
gpu elapsed time: 8.000000 ms 
gpu elapsed time: 7.000000 ms 
gpu elapsed time: 5.000000 ms 
gpu elapsed time: 25.000000 ms 
gpu elapsed time: 11.000000 ms 
gpu elapsed time: 9.000000 ms 
gpu elapsed time: 11.000000 ms 
rc: 59, gpu elapsed time: 3.000000 ms 
rc: 59, gpu elapsed time: 3.000000 ms 
rc: 59, gpu elapsed time: 4.000000 ms 
rc: 59, gpu elapsed time: 3.000000 ms 
[02:37:48.198114][info] Task done in (s): 4.487000
