Program called with the following parameters:
 * downscale = 2
 * exportIntermediateResults = 0
 * imagesFolder = "D:/Automated-3D-Modeling-Project/Demonstration-for-regular-meeting/7.27/1time-60frame/meshroom/MeshroomCache/PrepareDenseScene/a3922d5b7ecaa2c7e402ac986e32f8dacda6106b"
 * input = "D:/Automated-3D-Modeling-Project/Demonstration-for-regular-meeting/7.27/1time-60frame/meshroom/MeshroomCache/StructureFromMotion/1525f89206b8cfb498d0e7f076ac99d51dcc32ff/sfm.abc"
 * maxViewAngle = 70
 * minViewAngle = 2
 * nbGPUs = 0
 * output = "D:/Automated-3D-Modeling-Project/Demonstration-for-regular-meeting/7.27/1time-60frame/meshroom/MeshroomCache/DepthMap/4563fa8309c7dfcea3947129619e2bbd3e4137b6"
 * rangeSize = 3
 * rangeStart = 60
 * refineGammaC = 15.5
 * refineGammaP = 8
 * refineMaxTCams = 6
 * refineNDepthsToRefine = 31
 * refineNSamplesHalf = 150
 * refineNiters = 100
 * refineSigma = 15
 * refineUseTcOrRcPixSize = 0
 * refineWSH = 3
 * sgmGammaC = 5.5
 * sgmGammaP = 8
 * sgmMaxTCams = 10
 * sgmWSH = 4
 * verboseLevel = "info"

[02:37:48.535122][info] CUDA-Enabled GPU.
Device information:
	- id:                      0
	- name:                    GeForce RTX 2070 SUPER
	- compute capability:      7.5
	- total device memory:     8192 MB 
	- device memory available: 6688 MB 
	- per-block shared memory: 49152
	- warp size:               32
	- max threads per block:   1024
	- max threads per SM(X):   1024
	- max block sizes:         {1024,1024,64}
	- max grid sizes:          {2147483647,65535,65535}
	- max 2D array texture:    {131072,65536}
	- max 3D array texture:    {16384,16384,16384}
	- max 2D linear texture:   {131072,65000,2097120}
	- max 2D layered texture:  {32768,32768,2048}
	- number of SM(x)s:        40
	- registers per SM(x):     65536
	- registers per block:     65536
	- concurrent kernels:      yes
	- mapping host memory:     yes
	- unified addressing:      yes
	- texture alignment:       512 byte
	- pitch alignment:         32 byte

[02:37:48.742121][info] Supported CUDA-Enabled GPU detected.
[02:37:48.767122][info] Found 63 image dimension(s): 
[02:37:48.767122][info] 	- [153x1080]
[02:37:48.767122][info] 	- [166x1037]
[02:37:48.767122][info] 	- [247x996]
[02:37:48.767122][info] 	- [265x960]
[02:37:48.767122][info] 	- [283x995]
[02:37:48.767122][info] 	- [320x1030]
[02:37:48.767122][info] 	- [343x967]
[02:37:48.767122][info] 	- [351x972]
[02:37:48.767122][info] 	- [354x942]
[02:37:48.767122][info] 	- [387x888]
[02:37:48.767122][info] 	- [387x1016]
[02:37:48.767122][info] 	- [388x1008]
[02:37:48.767122][info] 	- [390x976]
[02:37:48.767122][info] 	- [411x999]
[02:37:48.767122][info] 	- [414x1057]
[02:37:48.767122][info] 	- [419x1080]
[02:37:48.767122][info] 	- [422x1033]
[02:37:48.767122][info] 	- [426x1044]
[02:37:48.767122][info] 	- [429x1058]
[02:37:48.767122][info] 	- [432x991]
[02:37:48.767122][info] 	- [438x1035]
[02:37:48.767122][info] 	- [441x1035]
[02:37:48.767122][info] 	- [444x1051]
[02:37:48.767122][info] 	- [450x1080]
[02:37:48.767122][info] 	- [453x1061]
[02:37:48.767122][info] 	- [454x1080]
[02:37:48.767122][info] 	- [456x1080]
[02:37:48.767122][info] 	- [462x1080]
[02:37:48.767122][info] 	- [468x1080]
[02:37:48.767122][info] 	- [474x1080]
[02:37:48.767122][info] 	- [477x1032]
[02:37:48.767122][info] 	- [486x1080]
[02:37:48.767122][info] 	- [501x1080]
[02:37:48.767122][info] 	- [504x1080]
[02:37:48.767122][info] 	- [510x1080]
[02:37:48.767122][info] 	- [511x1080]
[02:37:48.767122][info] 	- [513x1080]
[02:37:48.767122][info] 	- [519x1080]
[02:37:48.767122][info] 	- [522x1080]
[02:37:48.767122][info] 	- [525x1080]
[02:37:48.767122][info] 	- [527x1080]
[02:37:48.767122][info] 	- [528x1080]
[02:37:48.767122][info] 	- [537x1080]
[02:37:48.767122][info] 	- [546x1080]
[02:37:48.767122][info] 	- [555x1080]
[02:37:48.767122][info] 	- [556x1080]
[02:37:48.767122][info] 	- [558x1080]
[02:37:48.767122][info] 	- [570x1080]
[02:37:48.767122][info] 	- [573x1080]
[02:37:48.767122][info] 	- [579x1080]
[02:37:48.767122][info] 	- [582x1080]
[02:37:48.767122][info] 	- [588x1080]
[02:37:48.767122][info] 	- [594x1080]
[02:37:48.767122][info] 	- [596x1080]
[02:37:48.767122][info] 	- [597x1080]
[02:37:48.767122][info] 	- [606x1080]
[02:37:48.767122][info] 	- [612x1080]
[02:37:48.767122][info] 	- [615x1080]
[02:37:48.767122][info] 	- [621x1080]
[02:37:48.767122][info] 	- [627x1080]
[02:37:48.767122][info] 	- [639x1080]
[02:37:48.767122][info] 	- [642x1080]
[02:37:48.767122][info] 	- [660x1080]
[02:37:48.845127][info] Overall maximum dimension: [660x1080]
[02:37:48.845127][info] Create depth maps.
number of CUDA devices:	1
   0: GeForce RTX 2070 SUPER
[02:37:48.846125][info] # GPU devices: 1, # CPU threads: 16
[02:37:48.846125][info] Plane sweeping parameters:
	- scale: 2
	- step: 1
[02:37:48.846125][info] PlaneSweepingCuda:
	- _nImgsInGPUAtTime: 29
	- scales: 2
	- subPixel: Yes
	- varianceWSH: 4
CUDA device no 0 for 0
Device 0 memory - used: 1503.962524, free: 6688.037598, total: 8192.000000
Device 0 memory - used: 1620.962524, free: 6571.037598, total: 8192.000000
[02:37:49.160120][info] Estimate depth map, view id: 1704613598
Device 0 memory - used: 1645.962524, free: 6546.037598, total: 8192.000000
total size of volume map in GPU memory: 24.943359
nDepths 198, nDepthsToSearch 198 
ps_computeSimilarityVolume elapsed time: 2.000000 ms 
Device 0 memory - used: 1636.212524, free: 6555.787598, total: 8192.000000
total size of volume map in GPU memory: 15.243164
nDepths 121, nDepthsToSearch 121 
ps_computeSimilarityVolume elapsed time: 2.000000 ms 
Device 0 memory - used: 1633.212524, free: 6558.787598, total: 8192.000000
total size of volume map in GPU memory: 12.219727
nDepths 97, nDepthsToSearch 97 
ps_computeSimilarityVolume elapsed time: 2.000000 ms 
Device 0 memory - used: 1645.962524, free: 6546.037598, total: 8192.000000
total size of volume map in GPU memory: 24.943359
nDepths 198, nDepthsToSearch 198 
ps_computeSimilarityVolume elapsed time: 2.000000 ms 
Device 0 memory - used: 1645.962524, free: 6546.037598, total: 8192.000000
total size of volume map in GPU memory: 24.943359
nDepths 198, nDepthsToSearch 198 
ps_computeSimilarityVolume elapsed time: 3.000000 ms 
Device 0 memory - used: 1639.775024, free: 6552.225098, total: 8192.000000
total size of volume map in GPU memory: 18.770508
nDepths 149, nDepthsToSearch 149 
ps_computeSimilarityVolume elapsed time: 2.000000 ms 
Device 0 memory - used: 1645.962524, free: 6546.037598, total: 8192.000000
total size of volume map in GPU memory: 24.943359
nDepths 198, nDepthsToSearch 198 
ps_computeSimilarityVolume elapsed time: 2.000000 ms 
Device 0 memory - used: 1640.775024, free: 6551.225098, total: 8192.000000
total size of volume map in GPU memory: 19.778320
nDepths 157, nDepthsToSearch 157 
ps_computeSimilarityVolume elapsed time: 2.000000 ms 
Device 0 memory - used: 1645.962524, free: 6546.037598, total: 8192.000000
total size of volume map in GPU memory: 24.943359
nDepths 198, nDepthsToSearch 198 
ps_computeSimilarityVolume elapsed time: 2.000000 ms 
Device 0 memory - used: 1638.150024, free: 6553.850098, total: 8192.000000
total size of volume map in GPU memory: 17.132813
nDepths 136, nDepthsToSearch 136 
ps_computeSimilarityVolume elapsed time: 2.000000 ms 
ps_SGMoptimizeSimVolume
ps_updateAggrVolume
ps_aggregatePathVolume
ps_aggregatePathVolume done
ps_updateAggrVolume done
ps_updateAggrVolume
ps_aggregatePathVolume
ps_aggregatePathVolume done
ps_updateAggrVolume done
ps_updateAggrVolume
ps_aggregatePathVolume
ps_aggregatePathVolume done
ps_updateAggrVolume done
ps_updateAggrVolume
ps_aggregatePathVolume
ps_aggregatePathVolume done
ps_updateAggrVolume done
SGM volume gpu elapsed time: 44.000000 ms 
ps_SGMoptimizeSimVolume done
[02:37:49.690122][info] Refine depth map, view id: 1704613598
gpu elapsed time: 4.000000 ms 
gpu elapsed time: 5.000000 ms 
gpu elapsed time: 5.000000 ms 
gpu elapsed time: 6.000000 ms 
gpu elapsed time: 5.000000 ms 
gpu elapsed time: 6.000000 ms 
gpu elapsed time: 6.000000 ms 
gpu elapsed time: 6.000000 ms 
gpu elapsed time: 6.000000 ms 
gpu elapsed time: 5.000000 ms 
gpu elapsed time: 5.000000 ms 
gpu elapsed time: 3.000000 ms 
gpu elapsed time: 4.000000 ms 
gpu elapsed time: 5.000000 ms 
gpu elapsed time: 5.000000 ms 
gpu elapsed time: 6.000000 ms 
gpu elapsed time: 6.000000 ms 
gpu elapsed time: 5.000000 ms 
gpu elapsed time: 5.000000 ms 
gpu elapsed time: 6.000000 ms 
gpu elapsed time: 4.000000 ms 
gpu elapsed time: 7.000000 ms 
gpu elapsed time: 5.000000 ms 
gpu elapsed time: 5.000000 ms 
gpu elapsed time: 14.000000 ms 
gpu elapsed time: 16.000000 ms 
gpu elapsed time: 11.000000 ms 
gpu elapsed time: 9.000000 ms 
rc: 60, gpu elapsed time: 2.000000 ms 
rc: 60, gpu elapsed time: 2.000000 ms 
rc: 60, gpu elapsed time: 2.000000 ms 
rc: 60, gpu elapsed time: 4.000000 ms 
[02:37:49.981122][info] Found only 6/10 nearest cameras for view id: 1756966558
[02:37:50.106122][info] Estimate depth map, view id: 1756966558
Device 0 memory - used: 1627.712524, free: 6564.287598, total: 8192.000000
total size of volume map in GPU memory: 6.702637
nDepths 53, nDepthsToSearch 53 
ps_computeSimilarityVolume elapsed time: 1.000000 ms 
Device 0 memory - used: 1627.712524, free: 6564.287598, total: 8192.000000
total size of volume map in GPU memory: 6.702637
nDepths 53, nDepthsToSearch 53 
ps_computeSimilarityVolume elapsed time: 2.000000 ms 
Device 0 memory - used: 1627.837524, free: 6564.162598, total: 8192.000000
total size of volume map in GPU memory: 6.829102
nDepths 54, nDepthsToSearch 54 
ps_computeSimilarityVolume elapsed time: 2.000000 ms 
ps_SGMoptimizeSimVolume
ps_updateAggrVolume
ps_aggregatePathVolume
ps_aggregatePathVolume done
ps_updateAggrVolume done
ps_updateAggrVolume
ps_aggregatePathVolume
ps_aggregatePathVolume done
ps_updateAggrVolume done
ps_updateAggrVolume
ps_aggregatePathVolume
ps_aggregatePathVolume done
ps_updateAggrVolume done
ps_updateAggrVolume
ps_aggregatePathVolume
ps_aggregatePathVolume done
ps_updateAggrVolume done
SGM volume gpu elapsed time: 21.000000 ms 
ps_SGMoptimizeSimVolume done
[02:37:50.191124][info] Refine depth map, view id: 1756966558
gpu elapsed time: 1.000000 ms 
gpu elapsed time: 1.000000 ms 
gpu elapsed time: 0.000000 ms 
gpu elapsed time: 0.000000 ms 
gpu elapsed time: 0.000000 ms 
gpu elapsed time: 0.000000 ms 
gpu elapsed time: 1.000000 ms 
gpu elapsed time: 1.000000 ms 
gpu elapsed time: 1.000000 ms 
gpu elapsed time: 1.000000 ms 
gpu elapsed time: 1.000000 ms 
gpu elapsed time: 1.000000 ms 
gpu elapsed time: 1.000000 ms 
gpu elapsed time: 0.000000 ms 
gpu elapsed time: 0.000000 ms 
gpu elapsed time: 0.000000 ms 
gpu elapsed time: 0.000000 ms 
gpu elapsed time: 1.000000 ms 
gpu elapsed time: 0.000000 ms 
gpu elapsed time: 1.000000 ms 
gpu elapsed time: 1.000000 ms 
gpu elapsed time: 0.000000 ms 
gpu elapsed time: 0.000000 ms 
gpu elapsed time: 1.000000 ms 
gpu elapsed time: 9.000000 ms 
gpu elapsed time: 9.000000 ms 
gpu elapsed time: 9.000000 ms 
gpu elapsed time: 9.000000 ms 
rc: 61, gpu elapsed time: 2.000000 ms 
rc: 61, gpu elapsed time: 3.000000 ms 
rc: 61, gpu elapsed time: 2.000000 ms 
rc: 61, gpu elapsed time: 2.000000 ms 
[02:37:50.810127][info] Estimate depth map, view id: 1757274528
Device 0 memory - used: 1641.587524, free: 6550.412598, total: 8192.000000
total size of volume map in GPU memory: 20.566406
nDepths 156, nDepthsToSearch 156 
ps_computeSimilarityVolume elapsed time: 2.000000 ms 
Device 0 memory - used: 1653.712524, free: 6538.287598, total: 8192.000000
total size of volume map in GPU memory: 32.695313
nDepths 248, nDepthsToSearch 248 
ps_computeSimilarityVolume elapsed time: 4.000000 ms 
Device 0 memory - used: 1646.712524, free: 6545.287598, total: 8192.000000
total size of volume map in GPU memory: 25.708008
nDepths 195, nDepthsToSearch 195 
ps_computeSimilarityVolume elapsed time: 2.000000 ms 
Device 0 memory - used: 1644.087524, free: 6547.912598, total: 8192.000000
total size of volume map in GPU memory: 23.071289
nDepths 175, nDepthsToSearch 175 
ps_computeSimilarityVolume elapsed time: 3.000000 ms 
Device 0 memory - used: 1653.712524, free: 6538.287598, total: 8192.000000
total size of volume map in GPU memory: 32.695313
nDepths 248, nDepthsToSearch 248 
ps_computeSimilarityVolume elapsed time: 2.000000 ms 
Device 0 memory - used: 1648.400024, free: 6543.600098, total: 8192.000000
total size of volume map in GPU memory: 27.421875
nDepths 208, nDepthsToSearch 208 
ps_computeSimilarityVolume elapsed time: 3.000000 ms 
Device 0 memory - used: 1649.712524, free: 6542.287598, total: 8192.000000
total size of volume map in GPU memory: 28.740234
nDepths 218, nDepthsToSearch 218 
ps_computeSimilarityVolume elapsed time: 2.000000 ms 
Device 0 memory - used: 1641.025024, free: 6550.975098, total: 8192.000000
total size of volume map in GPU memory: 20.039063
nDepths 152, nDepthsToSearch 152 
ps_computeSimilarityVolume elapsed time: 2.000000 ms 
Device 0 memory - used: 1643.650024, free: 6548.350098, total: 8192.000000
total size of volume map in GPU memory: 22.675781
nDepths 172, nDepthsToSearch 172 
ps_computeSimilarityVolume elapsed time: 2.000000 ms 
Device 0 memory - used: 1645.900024, free: 6546.100098, total: 8192.000000
total size of volume map in GPU memory: 24.916992
nDepths 189, nDepthsToSearch 189 
ps_computeSimilarityVolume elapsed time: 3.000000 ms 
ps_SGMoptimizeSimVolume
ps_updateAggrVolume
ps_aggregatePathVolume
ps_aggregatePathVolume done
ps_updateAggrVolume done
ps_updateAggrVolume
ps_aggregatePathVolume
ps_aggregatePathVolume done
ps_updateAggrVolume done
ps_updateAggrVolume
ps_aggregatePathVolume
ps_aggregatePathVolume done
ps_updateAggrVolume done
ps_updateAggrVolume
ps_aggregatePathVolume
ps_aggregatePathVolume done
ps_updateAggrVolume done
SGM volume gpu elapsed time: 59.000000 ms 
ps_SGMoptimizeSimVolume done
[02:37:51.534137][info] Refine depth map, view id: 1757274528
gpu elapsed time: 7.000000 ms 
gpu elapsed time: 5.000000 ms 
gpu elapsed time: 5.000000 ms 
gpu elapsed time: 7.000000 ms 
gpu elapsed time: 6.000000 ms 
gpu elapsed time: 5.000000 ms 
gpu elapsed time: 5.000000 ms 
gpu elapsed time: 6.000000 ms 
gpu elapsed time: 5.000000 ms 
gpu elapsed time: 5.000000 ms 
gpu elapsed time: 6.000000 ms 
gpu elapsed time: 7.000000 ms 
gpu elapsed time: 6.000000 ms 
gpu elapsed time: 5.000000 ms 
gpu elapsed time: 5.000000 ms 
gpu elapsed time: 5.000000 ms 
gpu elapsed time: 6.000000 ms 
gpu elapsed time: 5.000000 ms 
gpu elapsed time: 5.000000 ms 
gpu elapsed time: 6.000000 ms 
gpu elapsed time: 7.000000 ms 
gpu elapsed time: 5.000000 ms 
gpu elapsed time: 5.000000 ms 
gpu elapsed time: 5.000000 ms 
gpu elapsed time: 20.000000 ms 
gpu elapsed time: 11.000000 ms 
gpu elapsed time: 10.000000 ms 
gpu elapsed time: 10.000000 ms 
rc: 62, gpu elapsed time: 3.000000 ms 
rc: 62, gpu elapsed time: 3.000000 ms 
rc: 62, gpu elapsed time: 3.000000 ms 
rc: 62, gpu elapsed time: 3.000000 ms 
[02:37:51.894130][info] Task done in (s): 3.359000
