Program called with the following parameters:
 * downscale = 2
 * exportIntermediateResults = 0
 * imagesFolder = "D:/Automated-3D-Modeling-Project/Demonstration-for-regular-meeting/7.27/1time-60frame/meshroom/MeshroomCache/PrepareDenseScene/a3922d5b7ecaa2c7e402ac986e32f8dacda6106b"
 * input = "D:/Automated-3D-Modeling-Project/Demonstration-for-regular-meeting/7.27/1time-60frame/meshroom/MeshroomCache/StructureFromMotion/1525f89206b8cfb498d0e7f076ac99d51dcc32ff/sfm.abc"
 * maxViewAngle = 70
 * minViewAngle = 2
 * nbGPUs = 0
 * output = "D:/Automated-3D-Modeling-Project/Demonstration-for-regular-meeting/7.27/1time-60frame/meshroom/MeshroomCache/DepthMap/4563fa8309c7dfcea3947129619e2bbd3e4137b6"
 * rangeSize = 3
 * rangeStart = 63
 * refineGammaC = 15.5
 * refineGammaP = 8
 * refineMaxTCams = 6
 * refineNDepthsToRefine = 31
 * refineNSamplesHalf = 150
 * refineNiters = 100
 * refineSigma = 15
 * refineUseTcOrRcPixSize = 0
 * refineWSH = 3
 * sgmGammaC = 5.5
 * sgmGammaP = 8
 * sgmMaxTCams = 10
 * sgmWSH = 4
 * verboseLevel = "info"

[02:37:52.246138][info] CUDA-Enabled GPU.
Device information:
	- id:                      0
	- name:                    GeForce RTX 2070 SUPER
	- compute capability:      7.5
	- total device memory:     8192 MB 
	- device memory available: 6688 MB 
	- per-block shared memory: 49152
	- warp size:               32
	- max threads per block:   1024
	- max threads per SM(X):   1024
	- max block sizes:         {1024,1024,64}
	- max grid sizes:          {2147483647,65535,65535}
	- max 2D array texture:    {131072,65536}
	- max 3D array texture:    {16384,16384,16384}
	- max 2D linear texture:   {131072,65000,2097120}
	- max 2D layered texture:  {32768,32768,2048}
	- number of SM(x)s:        40
	- registers per SM(x):     65536
	- registers per block:     65536
	- concurrent kernels:      yes
	- mapping host memory:     yes
	- unified addressing:      yes
	- texture alignment:       512 byte
	- pitch alignment:         32 byte

[02:37:52.441143][info] Supported CUDA-Enabled GPU detected.
[02:37:52.466140][info] Found 63 image dimension(s): 
[02:37:52.466140][info] 	- [153x1080]
[02:37:52.466140][info] 	- [166x1037]
[02:37:52.466140][info] 	- [247x996]
[02:37:52.466140][info] 	- [265x960]
[02:37:52.466140][info] 	- [283x995]
[02:37:52.466140][info] 	- [320x1030]
[02:37:52.466140][info] 	- [343x967]
[02:37:52.466140][info] 	- [351x972]
[02:37:52.466140][info] 	- [354x942]
[02:37:52.466140][info] 	- [387x888]
[02:37:52.466140][info] 	- [387x1016]
[02:37:52.466140][info] 	- [388x1008]
[02:37:52.466140][info] 	- [390x976]
[02:37:52.466140][info] 	- [411x999]
[02:37:52.466140][info] 	- [414x1057]
[02:37:52.466140][info] 	- [419x1080]
[02:37:52.466140][info] 	- [422x1033]
[02:37:52.466140][info] 	- [426x1044]
[02:37:52.466140][info] 	- [429x1058]
[02:37:52.466140][info] 	- [432x991]
[02:37:52.466140][info] 	- [438x1035]
[02:37:52.466140][info] 	- [441x1035]
[02:37:52.466140][info] 	- [444x1051]
[02:37:52.466140][info] 	- [450x1080]
[02:37:52.466140][info] 	- [453x1061]
[02:37:52.466140][info] 	- [454x1080]
[02:37:52.466140][info] 	- [456x1080]
[02:37:52.466140][info] 	- [462x1080]
[02:37:52.466140][info] 	- [468x1080]
[02:37:52.466140][info] 	- [474x1080]
[02:37:52.466140][info] 	- [477x1032]
[02:37:52.466140][info] 	- [486x1080]
[02:37:52.466140][info] 	- [501x1080]
[02:37:52.466140][info] 	- [504x1080]
[02:37:52.466140][info] 	- [510x1080]
[02:37:52.466140][info] 	- [511x1080]
[02:37:52.466140][info] 	- [513x1080]
[02:37:52.466140][info] 	- [519x1080]
[02:37:52.466140][info] 	- [522x1080]
[02:37:52.466140][info] 	- [525x1080]
[02:37:52.466140][info] 	- [527x1080]
[02:37:52.466140][info] 	- [528x1080]
[02:37:52.466140][info] 	- [537x1080]
[02:37:52.466140][info] 	- [546x1080]
[02:37:52.466140][info] 	- [555x1080]
[02:37:52.466140][info] 	- [556x1080]
[02:37:52.466140][info] 	- [558x1080]
[02:37:52.466140][info] 	- [570x1080]
[02:37:52.466140][info] 	- [573x1080]
[02:37:52.466140][info] 	- [579x1080]
[02:37:52.466140][info] 	- [582x1080]
[02:37:52.466140][info] 	- [588x1080]
[02:37:52.466140][info] 	- [594x1080]
[02:37:52.466140][info] 	- [596x1080]
[02:37:52.466140][info] 	- [597x1080]
[02:37:52.466140][info] 	- [606x1080]
[02:37:52.466140][info] 	- [612x1080]
[02:37:52.466140][info] 	- [615x1080]
[02:37:52.466140][info] 	- [621x1080]
[02:37:52.466140][info] 	- [627x1080]
[02:37:52.466140][info] 	- [639x1080]
[02:37:52.466140][info] 	- [642x1080]
[02:37:52.466140][info] 	- [660x1080]
[02:37:52.528140][info] Overall maximum dimension: [660x1080]
[02:37:52.528140][info] Create depth maps.
number of CUDA devices:	1
   0: GeForce RTX 2070 SUPER
[02:37:52.529139][info] # GPU devices: 1, # CPU threads: 16
[02:37:52.529139][info] Plane sweeping parameters:
	- scale: 2
	- step: 1
[02:37:52.529139][info] PlaneSweepingCuda:
	- _nImgsInGPUAtTime: 29
	- scales: 2
	- subPixel: Yes
	- varianceWSH: 4
CUDA device no 0 for 0
Device 0 memory - used: 1503.962524, free: 6688.037598, total: 8192.000000
Device 0 memory - used: 1620.962524, free: 6571.037598, total: 8192.000000
[02:37:52.882135][info] Estimate depth map, view id: 1768137885
Device 0 memory - used: 1636.712524, free: 6555.287598, total: 8192.000000
total size of volume map in GPU memory: 15.688477
nDepths 119, nDepthsToSearch 119 
ps_computeSimilarityVolume elapsed time: 1.000000 ms 
Device 0 memory - used: 1641.837524, free: 6550.162598, total: 8192.000000
total size of volume map in GPU memory: 20.830078
nDepths 158, nDepthsToSearch 158 
ps_computeSimilarityVolume elapsed time: 2.000000 ms 
Device 0 memory - used: 1639.462524, free: 6552.537598, total: 8192.000000
total size of volume map in GPU memory: 18.457031
nDepths 140, nDepthsToSearch 140 
ps_computeSimilarityVolume elapsed time: 2.000000 ms 
Device 0 memory - used: 1633.400024, free: 6558.600098, total: 8192.000000
total size of volume map in GPU memory: 12.392578
nDepths 94, nDepthsToSearch 94 
ps_computeSimilarityVolume elapsed time: 2.000000 ms 
Device 0 memory - used: 1649.587524, free: 6542.412598, total: 8192.000000
total size of volume map in GPU memory: 28.608398
nDepths 217, nDepthsToSearch 217 
ps_computeSimilarityVolume elapsed time: 3.000000 ms 
Device 0 memory - used: 1643.650024, free: 6548.350098, total: 8192.000000
total size of volume map in GPU memory: 22.675781
nDepths 172, nDepthsToSearch 172 
ps_computeSimilarityVolume elapsed time: 3.000000 ms 
Device 0 memory - used: 1637.087524, free: 6554.912598, total: 8192.000000
total size of volume map in GPU memory: 16.083984
nDepths 122, nDepthsToSearch 122 
ps_computeSimilarityVolume elapsed time: 2.000000 ms 
Device 0 memory - used: 1639.587524, free: 6552.412598, total: 8192.000000
total size of volume map in GPU memory: 18.588867
nDepths 141, nDepthsToSearch 141 
ps_computeSimilarityVolume elapsed time: 2.000000 ms 
Device 0 memory - used: 1645.650024, free: 6546.350098, total: 8192.000000
total size of volume map in GPU memory: 24.653320
nDepths 187, nDepthsToSearch 187 
ps_computeSimilarityVolume elapsed time: 2.000000 ms 
Device 0 memory - used: 1633.900024, free: 6558.100098, total: 8192.000000
total size of volume map in GPU memory: 12.919922
nDepths 98, nDepthsToSearch 98 
ps_computeSimilarityVolume elapsed time: 2.000000 ms 
ps_SGMoptimizeSimVolume
ps_updateAggrVolume
ps_aggregatePathVolume
ps_aggregatePathVolume done
ps_updateAggrVolume done
ps_updateAggrVolume
ps_aggregatePathVolume
ps_aggregatePathVolume done
ps_updateAggrVolume done
ps_updateAggrVolume
ps_aggregatePathVolume
ps_aggregatePathVolume done
ps_updateAggrVolume done
ps_updateAggrVolume
ps_aggregatePathVolume
ps_aggregatePathVolume done
ps_updateAggrVolume done
SGM volume gpu elapsed time: 49.000000 ms 
ps_SGMoptimizeSimVolume done
[02:37:53.439136][info] Refine depth map, view id: 1768137885
gpu elapsed time: 6.000000 ms 
gpu elapsed time: 5.000000 ms 
gpu elapsed time: 5.000000 ms 
gpu elapsed time: 7.000000 ms 
gpu elapsed time: 5.000000 ms 
gpu elapsed time: 6.000000 ms 
gpu elapsed time: 6.000000 ms 
gpu elapsed time: 8.000000 ms 
gpu elapsed time: 5.000000 ms 
gpu elapsed time: 5.000000 ms 
gpu elapsed time: 5.000000 ms 
gpu elapsed time: 6.000000 ms 
gpu elapsed time: 5.000000 ms 
gpu elapsed time: 5.000000 ms 
gpu elapsed time: 5.000000 ms 
gpu elapsed time: 7.000000 ms 
gpu elapsed time: 6.000000 ms 
gpu elapsed time: 5.000000 ms 
gpu elapsed time: 6.000000 ms 
gpu elapsed time: 7.000000 ms 
gpu elapsed time: 5.000000 ms 
gpu elapsed time: 5.000000 ms 
gpu elapsed time: 5.000000 ms 
gpu elapsed time: 6.000000 ms 
gpu elapsed time: 10.000000 ms 
gpu elapsed time: 10.000000 ms 
gpu elapsed time: 11.000000 ms 
gpu elapsed time: 10.000000 ms 
rc: 63, gpu elapsed time: 3.000000 ms 
rc: 63, gpu elapsed time: 3.000000 ms 
rc: 63, gpu elapsed time: 3.000000 ms 
rc: 63, gpu elapsed time: 3.000000 ms 
[02:37:53.988138][info] Estimate depth map, view id: 1772891979
Device 0 memory - used: 1639.712524, free: 6552.287598, total: 8192.000000
total size of volume map in GPU memory: 18.720703
nDepths 142, nDepthsToSearch 142 
ps_computeSimilarityVolume elapsed time: 2.000000 ms 
Device 0 memory - used: 1653.025024, free: 6538.975098, total: 8192.000000
total size of volume map in GPU memory: 32.036133
nDepths 243, nDepthsToSearch 243 
ps_computeSimilarityVolume elapsed time: 3.000000 ms 
Device 0 memory - used: 1640.212524, free: 6551.787598, total: 8192.000000
total size of volume map in GPU memory: 19.248047
nDepths 146, nDepthsToSearch 146 
ps_computeSimilarityVolume elapsed time: 2.000000 ms 
Device 0 memory - used: 1653.025024, free: 6538.975098, total: 8192.000000
total size of volume map in GPU memory: 32.036133
nDepths 243, nDepthsToSearch 243 
ps_computeSimilarityVolume elapsed time: 2.000000 ms 
Device 0 memory - used: 1642.587524, free: 6549.412598, total: 8192.000000
total size of volume map in GPU memory: 21.621094
nDepths 164, nDepthsToSearch 164 
ps_computeSimilarityVolume elapsed time: 2.000000 ms 
Device 0 memory - used: 1642.900024, free: 6549.100098, total: 8192.000000
total size of volume map in GPU memory: 21.884766
nDepths 166, nDepthsToSearch 166 
ps_computeSimilarityVolume elapsed time: 3.000000 ms 
Device 0 memory - used: 1644.962524, free: 6547.037598, total: 8192.000000
total size of volume map in GPU memory: 23.994141
nDepths 182, nDepthsToSearch 182 
ps_computeSimilarityVolume elapsed time: 2.000000 ms 
Device 0 memory - used: 1645.150024, free: 6546.850098, total: 8192.000000
total size of volume map in GPU memory: 24.125977
nDepths 183, nDepthsToSearch 183 
ps_computeSimilarityVolume elapsed time: 2.000000 ms 
Device 0 memory - used: 1646.712524, free: 6545.287598, total: 8192.000000
total size of volume map in GPU memory: 25.708008
nDepths 195, nDepthsToSearch 195 
ps_computeSimilarityVolume elapsed time: 2.000000 ms 
Device 0 memory - used: 1649.837524, free: 6542.162598, total: 8192.000000
total size of volume map in GPU memory: 28.872070
nDepths 219, nDepthsToSearch 219 
ps_computeSimilarityVolume elapsed time: 3.000000 ms 
ps_SGMoptimizeSimVolume
ps_updateAggrVolume
ps_aggregatePathVolume
ps_aggregatePathVolume done
ps_updateAggrVolume done
ps_updateAggrVolume
ps_aggregatePathVolume
ps_aggregatePathVolume done
ps_updateAggrVolume done
ps_updateAggrVolume
ps_aggregatePathVolume
ps_aggregatePathVolume done
ps_updateAggrVolume done
ps_updateAggrVolume
ps_aggregatePathVolume
ps_aggregatePathVolume done
ps_updateAggrVolume done
SGM volume gpu elapsed time: 56.000000 ms 
ps_SGMoptimizeSimVolume done
[02:37:54.659142][info] Refine depth map, view id: 1772891979
gpu elapsed time: 6.000000 ms 
gpu elapsed time: 5.000000 ms 
gpu elapsed time: 5.000000 ms 
gpu elapsed time: 5.000000 ms 
gpu elapsed time: 6.000000 ms 
gpu elapsed time: 6.000000 ms 
gpu elapsed time: 5.000000 ms 
gpu elapsed time: 5.000000 ms 
gpu elapsed time: 6.000000 ms 
gpu elapsed time: 6.000000 ms 
gpu elapsed time: 5.000000 ms 
gpu elapsed time: 5.000000 ms 
gpu elapsed time: 5.000000 ms 
gpu elapsed time: 6.000000 ms 
gpu elapsed time: 5.000000 ms 
gpu elapsed time: 5.000000 ms 
gpu elapsed time: 5.000000 ms 
gpu elapsed time: 7.000000 ms 
gpu elapsed time: 5.000000 ms 
gpu elapsed time: 5.000000 ms 
gpu elapsed time: 5.000000 ms 
gpu elapsed time: 6.000000 ms 
gpu elapsed time: 5.000000 ms 
gpu elapsed time: 5.000000 ms 
gpu elapsed time: 24.000000 ms 
gpu elapsed time: 9.000000 ms 
gpu elapsed time: 9.000000 ms 
gpu elapsed time: 9.000000 ms 
rc: 64, gpu elapsed time: 3.000000 ms 
rc: 64, gpu elapsed time: 4.000000 ms 
rc: 64, gpu elapsed time: 3.000000 ms 
rc: 64, gpu elapsed time: 3.000000 ms 
[02:37:55.158142][info] Estimate depth map, view id: 1838167405
Device 0 memory - used: 1630.212524, free: 6561.787598, total: 8192.000000
total size of volume map in GPU memory: 9.196289
nDepths 73, nDepthsToSearch 73 
ps_computeSimilarityVolume elapsed time: 1.000000 ms 
Device 0 memory - used: 1628.775024, free: 6563.225098, total: 8192.000000
total size of volume map in GPU memory: 7.810547
nDepths 62, nDepthsToSearch 62 
ps_computeSimilarityVolume elapsed time: 2.000000 ms 
Device 0 memory - used: 1631.212524, free: 6560.787598, total: 8192.000000
total size of volume map in GPU memory: 10.204102
nDepths 81, nDepthsToSearch 81 
ps_computeSimilarityVolume elapsed time: 2.000000 ms 
Device 0 memory - used: 1630.462524, free: 6561.537598, total: 8192.000000
total size of volume map in GPU memory: 9.448242
nDepths 75, nDepthsToSearch 75 
ps_computeSimilarityVolume elapsed time: 2.000000 ms 
Device 0 memory - used: 1630.212524, free: 6561.787598, total: 8192.000000
total size of volume map in GPU memory: 9.196289
nDepths 73, nDepthsToSearch 73 
ps_computeSimilarityVolume elapsed time: 2.000000 ms 
Device 0 memory - used: 1631.087524, free: 6560.912598, total: 8192.000000
total size of volume map in GPU memory: 10.078125
nDepths 80, nDepthsToSearch 80 
ps_computeSimilarityVolume elapsed time: 1.000000 ms 
Device 0 memory - used: 1631.837524, free: 6560.162598, total: 8192.000000
total size of volume map in GPU memory: 10.833984
nDepths 86, nDepthsToSearch 86 
ps_computeSimilarityVolume elapsed time: 1.000000 ms 
Device 0 memory - used: 1629.025024, free: 6562.975098, total: 8192.000000
total size of volume map in GPU memory: 8.062500
nDepths 64, nDepthsToSearch 64 
ps_computeSimilarityVolume elapsed time: 1.000000 ms 
Device 0 memory - used: 1628.900024, free: 6563.100098, total: 8192.000000
total size of volume map in GPU memory: 7.936523
nDepths 63, nDepthsToSearch 63 
ps_computeSimilarityVolume elapsed time: 1.000000 ms 
Device 0 memory - used: 1629.462524, free: 6562.537598, total: 8192.000000
total size of volume map in GPU memory: 8.440430
nDepths 67, nDepthsToSearch 67 
ps_computeSimilarityVolume elapsed time: 1.000000 ms 
ps_SGMoptimizeSimVolume
ps_updateAggrVolume
ps_aggregatePathVolume
ps_aggregatePathVolume done
ps_updateAggrVolume done
ps_updateAggrVolume
ps_aggregatePathVolume
ps_aggregatePathVolume done
ps_updateAggrVolume done
ps_updateAggrVolume
ps_aggregatePathVolume
ps_aggregatePathVolume done
ps_updateAggrVolume done
ps_updateAggrVolume
ps_aggregatePathVolume
ps_aggregatePathVolume done
ps_updateAggrVolume done
SGM volume gpu elapsed time: 30.000000 ms 
ps_SGMoptimizeSimVolume done
[02:37:55.467144][info] Refine depth map, view id: 1838167405
gpu elapsed time: 5.000000 ms 
gpu elapsed time: 6.000000 ms 
gpu elapsed time: 6.000000 ms 
gpu elapsed time: 6.000000 ms 
gpu elapsed time: 5.000000 ms 
gpu elapsed time: 6.000000 ms 
gpu elapsed time: 5.000000 ms 
gpu elapsed time: 5.000000 ms 
gpu elapsed time: 5.000000 ms 
gpu elapsed time: 6.000000 ms 
gpu elapsed time: 6.000000 ms 
gpu elapsed time: 5.000000 ms 
gpu elapsed time: 5.000000 ms 
gpu elapsed time: 5.000000 ms 
gpu elapsed time: 6.000000 ms 
gpu elapsed time: 5.000000 ms 
gpu elapsed time: 5.000000 ms 
gpu elapsed time: 5.000000 ms 
gpu elapsed time: 7.000000 ms 
gpu elapsed time: 6.000000 ms 
gpu elapsed time: 5.000000 ms 
gpu elapsed time: 5.000000 ms 
gpu elapsed time: 7.000000 ms 
gpu elapsed time: 6.000000 ms 
gpu elapsed time: 12.000000 ms 
gpu elapsed time: 12.000000 ms 
gpu elapsed time: 10.000000 ms 
gpu elapsed time: 10.000000 ms 
rc: 65, gpu elapsed time: 3.000000 ms 
rc: 65, gpu elapsed time: 2.000000 ms 
rc: 65, gpu elapsed time: 2.000000 ms 
rc: 65, gpu elapsed time: 3.000000 ms 
[02:37:55.793145][info] Task done in (s): 3.548000
