Program called with the following parameters:
 * downscale = 2
 * exportIntermediateResults = 0
 * imagesFolder = "D:/Automated-3D-Modeling-Project/Demonstration-for-regular-meeting/7.27/1time-60frame/meshroom/MeshroomCache/PrepareDenseScene/a3922d5b7ecaa2c7e402ac986e32f8dacda6106b"
 * input = "D:/Automated-3D-Modeling-Project/Demonstration-for-regular-meeting/7.27/1time-60frame/meshroom/MeshroomCache/StructureFromMotion/1525f89206b8cfb498d0e7f076ac99d51dcc32ff/sfm.abc"
 * maxViewAngle = 70
 * minViewAngle = 2
 * nbGPUs = 0
 * output = "D:/Automated-3D-Modeling-Project/Demonstration-for-regular-meeting/7.27/1time-60frame/meshroom/MeshroomCache/DepthMap/4563fa8309c7dfcea3947129619e2bbd3e4137b6"
 * rangeSize = 3
 * rangeStart = 66
 * refineGammaC = 15.5
 * refineGammaP = 8
 * refineMaxTCams = 6
 * refineNDepthsToRefine = 31
 * refineNSamplesHalf = 150
 * refineNiters = 100
 * refineSigma = 15
 * refineUseTcOrRcPixSize = 0
 * refineWSH = 3
 * sgmGammaC = 5.5
 * sgmGammaP = 8
 * sgmMaxTCams = 10
 * sgmWSH = 4
 * verboseLevel = "info"

[02:37:56.106152][info] CUDA-Enabled GPU.
Device information:
	- id:                      0
	- name:                    GeForce RTX 2070 SUPER
	- compute capability:      7.5
	- total device memory:     8192 MB 
	- device memory available: 6688 MB 
	- per-block shared memory: 49152
	- warp size:               32
	- max threads per block:   1024
	- max threads per SM(X):   1024
	- max block sizes:         {1024,1024,64}
	- max grid sizes:          {2147483647,65535,65535}
	- max 2D array texture:    {131072,65536}
	- max 3D array texture:    {16384,16384,16384}
	- max 2D linear texture:   {131072,65000,2097120}
	- max 2D layered texture:  {32768,32768,2048}
	- number of SM(x)s:        40
	- registers per SM(x):     65536
	- registers per block:     65536
	- concurrent kernels:      yes
	- mapping host memory:     yes
	- unified addressing:      yes
	- texture alignment:       512 byte
	- pitch alignment:         32 byte

[02:37:56.320157][info] Supported CUDA-Enabled GPU detected.
[02:37:56.357160][info] Found 63 image dimension(s): 
[02:37:56.357160][info] 	- [153x1080]
[02:37:56.357160][info] 	- [166x1037]
[02:37:56.357160][info] 	- [247x996]
[02:37:56.357160][info] 	- [265x960]
[02:37:56.357160][info] 	- [283x995]
[02:37:56.357160][info] 	- [320x1030]
[02:37:56.357160][info] 	- [343x967]
[02:37:56.357160][info] 	- [351x972]
[02:37:56.357160][info] 	- [354x942]
[02:37:56.357160][info] 	- [387x888]
[02:37:56.358155][info] 	- [387x1016]
[02:37:56.358155][info] 	- [388x1008]
[02:37:56.358155][info] 	- [390x976]
[02:37:56.358155][info] 	- [411x999]
[02:37:56.358155][info] 	- [414x1057]
[02:37:56.358155][info] 	- [419x1080]
[02:37:56.358155][info] 	- [422x1033]
[02:37:56.358155][info] 	- [426x1044]
[02:37:56.358155][info] 	- [429x1058]
[02:37:56.358155][info] 	- [432x991]
[02:37:56.358155][info] 	- [438x1035]
[02:37:56.358155][info] 	- [441x1035]
[02:37:56.358155][info] 	- [444x1051]
[02:37:56.358155][info] 	- [450x1080]
[02:37:56.358155][info] 	- [453x1061]
[02:37:56.358155][info] 	- [454x1080]
[02:37:56.358155][info] 	- [456x1080]
[02:37:56.358155][info] 	- [462x1080]
[02:37:56.358155][info] 	- [468x1080]
[02:37:56.358155][info] 	- [474x1080]
[02:37:56.358155][info] 	- [477x1032]
[02:37:56.358155][info] 	- [486x1080]
[02:37:56.358155][info] 	- [501x1080]
[02:37:56.358155][info] 	- [504x1080]
[02:37:56.358155][info] 	- [510x1080]
[02:37:56.358155][info] 	- [511x1080]
[02:37:56.358155][info] 	- [513x1080]
[02:37:56.358155][info] 	- [519x1080]
[02:37:56.358155][info] 	- [522x1080]
[02:37:56.358155][info] 	- [525x1080]
[02:37:56.358155][info] 	- [527x1080]
[02:37:56.358155][info] 	- [528x1080]
[02:37:56.358155][info] 	- [537x1080]
[02:37:56.358155][info] 	- [546x1080]
[02:37:56.358155][info] 	- [555x1080]
[02:37:56.358155][info] 	- [556x1080]
[02:37:56.358155][info] 	- [558x1080]
[02:37:56.358155][info] 	- [570x1080]
[02:37:56.358155][info] 	- [573x1080]
[02:37:56.358155][info] 	- [579x1080]
[02:37:56.358155][info] 	- [582x1080]
[02:37:56.358155][info] 	- [588x1080]
[02:37:56.358155][info] 	- [594x1080]
[02:37:56.358155][info] 	- [596x1080]
[02:37:56.358155][info] 	- [597x1080]
[02:37:56.358155][info] 	- [606x1080]
[02:37:56.358155][info] 	- [612x1080]
[02:37:56.358155][info] 	- [615x1080]
[02:37:56.358155][info] 	- [621x1080]
[02:37:56.358155][info] 	- [627x1080]
[02:37:56.358155][info] 	- [639x1080]
[02:37:56.358155][info] 	- [642x1080]
[02:37:56.358155][info] 	- [660x1080]
[02:37:56.419158][info] Overall maximum dimension: [660x1080]
[02:37:56.419158][info] Create depth maps.
number of CUDA devices:	1
   0: GeForce RTX 2070 SUPER
[02:37:56.420155][info] # GPU devices: 1, # CPU threads: 16
[02:37:56.420155][info] Plane sweeping parameters:
	- scale: 2
	- step: 1
[02:37:56.420155][info] PlaneSweepingCuda:
	- _nImgsInGPUAtTime: 29
	- scales: 2
	- subPixel: Yes
	- varianceWSH: 4
CUDA device no 0 for 0
Device 0 memory - used: 1503.962524, free: 6688.037598, total: 8192.000000
Device 0 memory - used: 1620.962524, free: 6571.037598, total: 8192.000000
[02:37:56.727150][info] Estimate depth map, view id: 1863203546
Device 0 memory - used: 1636.212524, free: 6555.787598, total: 8192.000000
total size of volume map in GPU memory: 15.234375
nDepths 130, nDepthsToSearch 130 
ps_computeSimilarityVolume elapsed time: 2.000000 ms 
Device 0 memory - used: 1639.275024, free: 6552.725098, total: 8192.000000
total size of volume map in GPU memory: 18.281250
nDepths 156, nDepthsToSearch 156 
ps_computeSimilarityVolume elapsed time: 3.000000 ms 
Device 0 memory - used: 1639.275024, free: 6552.725098, total: 8192.000000
total size of volume map in GPU memory: 18.281250
nDepths 156, nDepthsToSearch 156 
ps_computeSimilarityVolume elapsed time: 2.000000 ms 
Device 0 memory - used: 1637.400024, free: 6554.600098, total: 8192.000000
total size of volume map in GPU memory: 16.406250
nDepths 140, nDepthsToSearch 140 
ps_computeSimilarityVolume elapsed time: 2.000000 ms 
Device 0 memory - used: 1639.400024, free: 6552.600098, total: 8192.000000
total size of volume map in GPU memory: 18.398438
nDepths 157, nDepthsToSearch 157 
ps_computeSimilarityVolume elapsed time: 2.000000 ms 
Device 0 memory - used: 1637.525024, free: 6554.475098, total: 8192.000000
total size of volume map in GPU memory: 16.523438
nDepths 141, nDepthsToSearch 141 
ps_computeSimilarityVolume elapsed time: 2.000000 ms 
Device 0 memory - used: 1639.400024, free: 6552.600098, total: 8192.000000
total size of volume map in GPU memory: 18.398438
nDepths 157, nDepthsToSearch 157 
ps_computeSimilarityVolume elapsed time: 2.000000 ms 
Device 0 memory - used: 1638.337524, free: 6553.662598, total: 8192.000000
total size of volume map in GPU memory: 17.343750
nDepths 148, nDepthsToSearch 148 
ps_computeSimilarityVolume elapsed time: 2.000000 ms 
Device 0 memory - used: 1638.462524, free: 6553.537598, total: 8192.000000
total size of volume map in GPU memory: 17.460938
nDepths 149, nDepthsToSearch 149 
ps_computeSimilarityVolume elapsed time: 3.000000 ms 
Device 0 memory - used: 1639.275024, free: 6552.725098, total: 8192.000000
total size of volume map in GPU memory: 18.281250
nDepths 156, nDepthsToSearch 156 
ps_computeSimilarityVolume elapsed time: 2.000000 ms 
ps_SGMoptimizeSimVolume
ps_updateAggrVolume
ps_aggregatePathVolume
ps_aggregatePathVolume done
ps_updateAggrVolume done
ps_updateAggrVolume
ps_aggregatePathVolume
ps_aggregatePathVolume done
ps_updateAggrVolume done
ps_updateAggrVolume
ps_aggregatePathVolume
ps_aggregatePathVolume done
ps_updateAggrVolume done
ps_updateAggrVolume
ps_aggregatePathVolume
ps_aggregatePathVolume done
ps_updateAggrVolume done
SGM volume gpu elapsed time: 33.000000 ms 
ps_SGMoptimizeSimVolume done
[02:37:57.068150][info] Refine depth map, view id: 1863203546
gpu elapsed time: 5.000000 ms 
gpu elapsed time: 4.000000 ms 
gpu elapsed time: 4.000000 ms 
gpu elapsed time: 3.000000 ms 
gpu elapsed time: 6.000000 ms 
gpu elapsed time: 5.000000 ms 
gpu elapsed time: 5.000000 ms 
gpu elapsed time: 3.000000 ms 
gpu elapsed time: 5.000000 ms 
gpu elapsed time: 6.000000 ms 
gpu elapsed time: 5.000000 ms 
gpu elapsed time: 3.000000 ms 
gpu elapsed time: 5.000000 ms 
gpu elapsed time: 3.000000 ms 
gpu elapsed time: 7.000000 ms 
gpu elapsed time: 2.000000 ms 
gpu elapsed time: 2.000000 ms 
gpu elapsed time: 3.000000 ms 
gpu elapsed time: 4.000000 ms 
gpu elapsed time: 3.000000 ms 
gpu elapsed time: 6.000000 ms 
gpu elapsed time: 3.000000 ms 
gpu elapsed time: 4.000000 ms 
gpu elapsed time: 2.000000 ms 
gpu elapsed time: 9.000000 ms 
gpu elapsed time: 10.000000 ms 
gpu elapsed time: 10.000000 ms 
gpu elapsed time: 10.000000 ms 
rc: 66, gpu elapsed time: 3.000000 ms 
rc: 66, gpu elapsed time: 2.000000 ms 
rc: 66, gpu elapsed time: 2.000000 ms 
rc: 66, gpu elapsed time: 3.000000 ms 
[02:37:57.683153][info] Estimate depth map, view id: 1880922669
Device 0 memory - used: 1639.962524, free: 6552.037598, total: 8192.000000
total size of volume map in GPU memory: 18.984375
nDepths 144, nDepthsToSearch 144 
ps_computeSimilarityVolume elapsed time: 2.000000 ms 
Device 0 memory - used: 1637.462524, free: 6554.537598, total: 8192.000000
total size of volume map in GPU memory: 16.479492
nDepths 125, nDepthsToSearch 125 
ps_computeSimilarityVolume elapsed time: 3.000000 ms 
Device 0 memory - used: 1639.212524, free: 6552.787598, total: 8192.000000
total size of volume map in GPU memory: 18.193359
nDepths 138, nDepthsToSearch 138 
ps_computeSimilarityVolume elapsed time: 2.000000 ms 
Device 0 memory - used: 1640.400024, free: 6551.600098, total: 8192.000000
total size of volume map in GPU memory: 19.379883
nDepths 147, nDepthsToSearch 147 
ps_computeSimilarityVolume elapsed time: 3.000000 ms 
Device 0 memory - used: 1637.462524, free: 6554.537598, total: 8192.000000
total size of volume map in GPU memory: 16.479492
nDepths 125, nDepthsToSearch 125 
ps_computeSimilarityVolume elapsed time: 2.000000 ms 
Device 0 memory - used: 1638.650024, free: 6553.350098, total: 8192.000000
total size of volume map in GPU memory: 17.666016
nDepths 134, nDepthsToSearch 134 
ps_computeSimilarityVolume elapsed time: 2.000000 ms 
Device 0 memory - used: 1639.462524, free: 6552.537598, total: 8192.000000
total size of volume map in GPU memory: 18.457031
nDepths 140, nDepthsToSearch 140 
ps_computeSimilarityVolume elapsed time: 2.000000 ms 
Device 0 memory - used: 1640.400024, free: 6551.600098, total: 8192.000000
total size of volume map in GPU memory: 19.379883
nDepths 147, nDepthsToSearch 147 
ps_computeSimilarityVolume elapsed time: 3.000000 ms 
Device 0 memory - used: 1638.525024, free: 6553.475098, total: 8192.000000
total size of volume map in GPU memory: 17.534180
nDepths 133, nDepthsToSearch 133 
ps_computeSimilarityVolume elapsed time: 2.000000 ms 
Device 0 memory - used: 1641.150024, free: 6550.850098, total: 8192.000000
total size of volume map in GPU memory: 20.170898
nDepths 153, nDepthsToSearch 153 
ps_computeSimilarityVolume elapsed time: 3.000000 ms 
ps_SGMoptimizeSimVolume
ps_updateAggrVolume
ps_aggregatePathVolume
ps_aggregatePathVolume done
ps_updateAggrVolume done
ps_updateAggrVolume
ps_aggregatePathVolume
ps_aggregatePathVolume done
ps_updateAggrVolume done
ps_updateAggrVolume
ps_aggregatePathVolume
ps_aggregatePathVolume done
ps_updateAggrVolume done
ps_updateAggrVolume
ps_aggregatePathVolume
ps_aggregatePathVolume done
ps_updateAggrVolume done
SGM volume gpu elapsed time: 43.000000 ms 
ps_SGMoptimizeSimVolume done
[02:37:58.252156][info] Refine depth map, view id: 1880922669
gpu elapsed time: 5.000000 ms 
gpu elapsed time: 8.000000 ms 
gpu elapsed time: 7.000000 ms 
gpu elapsed time: 5.000000 ms 
gpu elapsed time: 6.000000 ms 
gpu elapsed time: 9.000000 ms 
gpu elapsed time: 7.000000 ms 
gpu elapsed time: 5.000000 ms 
gpu elapsed time: 7.000000 ms 
gpu elapsed time: 7.000000 ms 
gpu elapsed time: 7.000000 ms 
gpu elapsed time: 6.000000 ms 
gpu elapsed time: 6.000000 ms 
gpu elapsed time: 7.000000 ms 
gpu elapsed time: 7.000000 ms 
gpu elapsed time: 6.000000 ms 
gpu elapsed time: 5.000000 ms 
gpu elapsed time: 7.000000 ms 
gpu elapsed time: 7.000000 ms 
gpu elapsed time: 6.000000 ms 
gpu elapsed time: 5.000000 ms 
gpu elapsed time: 7.000000 ms 
gpu elapsed time: 9.000000 ms 
gpu elapsed time: 5.000000 ms 
gpu elapsed time: 26.000000 ms 
gpu elapsed time: 12.000000 ms 
gpu elapsed time: 10.000000 ms 
gpu elapsed time: 10.000000 ms 
rc: 67, gpu elapsed time: 5.000000 ms 
rc: 67, gpu elapsed time: 3.000000 ms 
rc: 67, gpu elapsed time: 3.000000 ms 
rc: 67, gpu elapsed time: 4.000000 ms 
[02:37:58.753158][info] Estimate depth map, view id: 1893867912
Device 0 memory - used: 1630.400024, free: 6561.600098, total: 8192.000000
total size of volume map in GPU memory: 9.407227
nDepths 78, nDepthsToSearch 78 
ps_computeSimilarityVolume elapsed time: 1.000000 ms 
Device 0 memory - used: 1631.150024, free: 6560.850098, total: 8192.000000
total size of volume map in GPU memory: 10.130859
nDepths 84, nDepthsToSearch 84 
ps_computeSimilarityVolume elapsed time: 2.000000 ms 
Device 0 memory - used: 1631.025024, free: 6560.975098, total: 8192.000000
total size of volume map in GPU memory: 10.010254
nDepths 83, nDepthsToSearch 83 
ps_computeSimilarityVolume elapsed time: 2.000000 ms 
Device 0 memory - used: 1630.150024, free: 6561.850098, total: 8192.000000
total size of volume map in GPU memory: 9.166016
nDepths 76, nDepthsToSearch 76 
ps_computeSimilarityVolume elapsed time: 1.000000 ms 
Device 0 memory - used: 1629.087524, free: 6562.912598, total: 8192.000000
total size of volume map in GPU memory: 8.080566
nDepths 67, nDepthsToSearch 67 
ps_computeSimilarityVolume elapsed time: 2.000000 ms 
Device 0 memory - used: 1628.837524, free: 6563.162598, total: 8192.000000
total size of volume map in GPU memory: 7.839355
nDepths 65, nDepthsToSearch 65 
ps_computeSimilarityVolume elapsed time: 1.000000 ms 
Device 0 memory - used: 1630.400024, free: 6561.600098, total: 8192.000000
total size of volume map in GPU memory: 9.407227
nDepths 78, nDepthsToSearch 78 
ps_computeSimilarityVolume elapsed time: 1.000000 ms 
Device 0 memory - used: 1631.587524, free: 6560.412598, total: 8192.000000
total size of volume map in GPU memory: 10.613281
nDepths 88, nDepthsToSearch 88 
ps_computeSimilarityVolume elapsed time: 2.000000 ms 
Device 0 memory - used: 1631.587524, free: 6560.412598, total: 8192.000000
total size of volume map in GPU memory: 10.613281
nDepths 88, nDepthsToSearch 88 
ps_computeSimilarityVolume elapsed time: 2.000000 ms 
Device 0 memory - used: 1631.712524, free: 6560.287598, total: 8192.000000
total size of volume map in GPU memory: 10.733887
nDepths 89, nDepthsToSearch 89 
ps_computeSimilarityVolume elapsed time: 2.000000 ms 
ps_SGMoptimizeSimVolume
ps_updateAggrVolume
ps_aggregatePathVolume
ps_aggregatePathVolume done
ps_updateAggrVolume done
ps_updateAggrVolume
ps_aggregatePathVolume
ps_aggregatePathVolume done
ps_updateAggrVolume done
ps_updateAggrVolume
ps_aggregatePathVolume
ps_aggregatePathVolume done
ps_updateAggrVolume done
ps_updateAggrVolume
ps_aggregatePathVolume
ps_aggregatePathVolume done
ps_updateAggrVolume done
SGM volume gpu elapsed time: 28.000000 ms 
ps_SGMoptimizeSimVolume done
[02:37:59.008157][info] Refine depth map, view id: 1893867912
gpu elapsed time: 6.000000 ms 
gpu elapsed time: 5.000000 ms 
gpu elapsed time: 5.000000 ms 
gpu elapsed time: 5.000000 ms 
gpu elapsed time: 5.000000 ms 
gpu elapsed time: 6.000000 ms 
gpu elapsed time: 5.000000 ms 
gpu elapsed time: 4.000000 ms 
gpu elapsed time: 5.000000 ms 
gpu elapsed time: 7.000000 ms 
gpu elapsed time: 5.000000 ms 
gpu elapsed time: 5.000000 ms 
gpu elapsed time: 5.000000 ms 
gpu elapsed time: 6.000000 ms 
gpu elapsed time: 5.000000 ms 
gpu elapsed time: 5.000000 ms 
gpu elapsed time: 5.000000 ms 
gpu elapsed time: 5.000000 ms 
gpu elapsed time: 6.000000 ms 
gpu elapsed time: 5.000000 ms 
gpu elapsed time: 5.000000 ms 
gpu elapsed time: 5.000000 ms 
gpu elapsed time: 6.000000 ms 
gpu elapsed time: 5.000000 ms 
gpu elapsed time: 13.000000 ms 
gpu elapsed time: 15.000000 ms 
gpu elapsed time: 10.000000 ms 
gpu elapsed time: 9.000000 ms 
rc: 68, gpu elapsed time: 2.000000 ms 
rc: 68, gpu elapsed time: 2.000000 ms 
rc: 68, gpu elapsed time: 3.000000 ms 
rc: 68, gpu elapsed time: 3.000000 ms 
[02:37:59.325159][info] Task done in (s): 3.220000
