Program called with the following parameters:
 * downscale = 2
 * exportIntermediateResults = 0
 * imagesFolder = "D:/Automated-3D-Modeling-Project/Demonstration-for-regular-meeting/7.27/1time-60frame/meshroom/MeshroomCache/PrepareDenseScene/a3922d5b7ecaa2c7e402ac986e32f8dacda6106b"
 * input = "D:/Automated-3D-Modeling-Project/Demonstration-for-regular-meeting/7.27/1time-60frame/meshroom/MeshroomCache/StructureFromMotion/1525f89206b8cfb498d0e7f076ac99d51dcc32ff/sfm.abc"
 * maxViewAngle = 70
 * minViewAngle = 2
 * nbGPUs = 0
 * output = "D:/Automated-3D-Modeling-Project/Demonstration-for-regular-meeting/7.27/1time-60frame/meshroom/MeshroomCache/DepthMap/4563fa8309c7dfcea3947129619e2bbd3e4137b6"
 * rangeSize = 3
 * rangeStart = 72
 * refineGammaC = 15.5
 * refineGammaP = 8
 * refineMaxTCams = 6
 * refineNDepthsToRefine = 31
 * refineNSamplesHalf = 150
 * refineNiters = 100
 * refineSigma = 15
 * refineUseTcOrRcPixSize = 0
 * refineWSH = 3
 * sgmGammaC = 5.5
 * sgmGammaP = 8
 * sgmMaxTCams = 10
 * sgmWSH = 4
 * verboseLevel = "info"

[02:38:04.173183][info] CUDA-Enabled GPU.
Device information:
	- id:                      0
	- name:                    GeForce RTX 2070 SUPER
	- compute capability:      7.5
	- total device memory:     8192 MB 
	- device memory available: 6688 MB 
	- per-block shared memory: 49152
	- warp size:               32
	- max threads per block:   1024
	- max threads per SM(X):   1024
	- max block sizes:         {1024,1024,64}
	- max grid sizes:          {2147483647,65535,65535}
	- max 2D array texture:    {131072,65536}
	- max 3D array texture:    {16384,16384,16384}
	- max 2D linear texture:   {131072,65000,2097120}
	- max 2D layered texture:  {32768,32768,2048}
	- number of SM(x)s:        40
	- registers per SM(x):     65536
	- registers per block:     65536
	- concurrent kernels:      yes
	- mapping host memory:     yes
	- unified addressing:      yes
	- texture alignment:       512 byte
	- pitch alignment:         32 byte

[02:38:04.392187][info] Supported CUDA-Enabled GPU detected.
[02:38:04.416189][info] Found 63 image dimension(s): 
[02:38:04.416189][info] 	- [153x1080]
[02:38:04.416189][info] 	- [166x1037]
[02:38:04.416189][info] 	- [247x996]
[02:38:04.416189][info] 	- [265x960]
[02:38:04.416189][info] 	- [283x995]
[02:38:04.416189][info] 	- [320x1030]
[02:38:04.416189][info] 	- [343x967]
[02:38:04.416189][info] 	- [351x972]
[02:38:04.416189][info] 	- [354x942]
[02:38:04.416189][info] 	- [387x888]
[02:38:04.416189][info] 	- [387x1016]
[02:38:04.416189][info] 	- [388x1008]
[02:38:04.416189][info] 	- [390x976]
[02:38:04.416189][info] 	- [411x999]
[02:38:04.416189][info] 	- [414x1057]
[02:38:04.416189][info] 	- [419x1080]
[02:38:04.416189][info] 	- [422x1033]
[02:38:04.416189][info] 	- [426x1044]
[02:38:04.416189][info] 	- [429x1058]
[02:38:04.416189][info] 	- [432x991]
[02:38:04.416189][info] 	- [438x1035]
[02:38:04.416189][info] 	- [441x1035]
[02:38:04.416189][info] 	- [444x1051]
[02:38:04.416189][info] 	- [450x1080]
[02:38:04.416189][info] 	- [453x1061]
[02:38:04.416189][info] 	- [454x1080]
[02:38:04.416189][info] 	- [456x1080]
[02:38:04.416189][info] 	- [462x1080]
[02:38:04.416189][info] 	- [468x1080]
[02:38:04.416189][info] 	- [474x1080]
[02:38:04.416189][info] 	- [477x1032]
[02:38:04.416189][info] 	- [486x1080]
[02:38:04.416189][info] 	- [501x1080]
[02:38:04.416189][info] 	- [504x1080]
[02:38:04.416189][info] 	- [510x1080]
[02:38:04.416189][info] 	- [511x1080]
[02:38:04.416189][info] 	- [513x1080]
[02:38:04.416189][info] 	- [519x1080]
[02:38:04.416189][info] 	- [522x1080]
[02:38:04.416189][info] 	- [525x1080]
[02:38:04.416189][info] 	- [527x1080]
[02:38:04.416189][info] 	- [528x1080]
[02:38:04.416189][info] 	- [537x1080]
[02:38:04.416189][info] 	- [546x1080]
[02:38:04.416189][info] 	- [555x1080]
[02:38:04.416189][info] 	- [556x1080]
[02:38:04.416189][info] 	- [558x1080]
[02:38:04.416189][info] 	- [570x1080]
[02:38:04.416189][info] 	- [573x1080]
[02:38:04.416189][info] 	- [579x1080]
[02:38:04.416189][info] 	- [582x1080]
[02:38:04.416189][info] 	- [588x1080]
[02:38:04.416189][info] 	- [594x1080]
[02:38:04.416189][info] 	- [596x1080]
[02:38:04.416189][info] 	- [597x1080]
[02:38:04.416189][info] 	- [606x1080]
[02:38:04.416189][info] 	- [612x1080]
[02:38:04.416189][info] 	- [615x1080]
[02:38:04.416189][info] 	- [621x1080]
[02:38:04.416189][info] 	- [627x1080]
[02:38:04.416189][info] 	- [639x1080]
[02:38:04.416189][info] 	- [642x1080]
[02:38:04.416189][info] 	- [660x1080]
[02:38:04.478185][info] Overall maximum dimension: [660x1080]
[02:38:04.478185][info] Create depth maps.
number of CUDA devices:	1
   0: GeForce RTX 2070 SUPER
[02:38:04.478185][info] # GPU devices: 1, # CPU threads: 16
[02:38:04.478185][info] Plane sweeping parameters:
	- scale: 2
	- step: 1
[02:38:04.478185][info] PlaneSweepingCuda:
	- _nImgsInGPUAtTime: 29
	- scales: 2
	- subPixel: Yes
	- varianceWSH: 4
CUDA device no 0 for 0
Device 0 memory - used: 1503.962524, free: 6688.037598, total: 8192.000000
Device 0 memory - used: 1620.962524, free: 6571.037598, total: 8192.000000
[02:38:04.778183][info] Estimate depth map, view id: 1955067201
Device 0 memory - used: 1644.712524, free: 6547.287598, total: 8192.000000
total size of volume map in GPU memory: 23.730469
nDepths 180, nDepthsToSearch 180 
ps_computeSimilarityVolume elapsed time: 1.000000 ms 
Device 0 memory - used: 1637.587524, free: 6554.412598, total: 8192.000000
total size of volume map in GPU memory: 16.611328
nDepths 126, nDepthsToSearch 126 
ps_computeSimilarityVolume elapsed time: 2.000000 ms 
Device 0 memory - used: 1644.712524, free: 6547.287598, total: 8192.000000
total size of volume map in GPU memory: 23.730469
nDepths 180, nDepthsToSearch 180 
ps_computeSimilarityVolume elapsed time: 3.000000 ms 
Device 0 memory - used: 1639.025024, free: 6552.975098, total: 8192.000000
total size of volume map in GPU memory: 18.061523
nDepths 137, nDepthsToSearch 137 
ps_computeSimilarityVolume elapsed time: 2.000000 ms 
Device 0 memory - used: 1640.087524, free: 6551.912598, total: 8192.000000
total size of volume map in GPU memory: 19.116211
nDepths 145, nDepthsToSearch 145 
ps_computeSimilarityVolume elapsed time: 2.000000 ms 
Device 0 memory - used: 1640.087524, free: 6551.912598, total: 8192.000000
total size of volume map in GPU memory: 19.116211
nDepths 145, nDepthsToSearch 145 
ps_computeSimilarityVolume elapsed time: 2.000000 ms 
Device 0 memory - used: 1641.962524, free: 6550.037598, total: 8192.000000
total size of volume map in GPU memory: 20.961914
nDepths 159, nDepthsToSearch 159 
ps_computeSimilarityVolume elapsed time: 3.000000 ms 
Device 0 memory - used: 1643.025024, free: 6548.975098, total: 8192.000000
total size of volume map in GPU memory: 22.016602
nDepths 167, nDepthsToSearch 167 
ps_computeSimilarityVolume elapsed time: 2.000000 ms 
Device 0 memory - used: 1642.087524, free: 6549.912598, total: 8192.000000
total size of volume map in GPU memory: 21.093750
nDepths 160, nDepthsToSearch 160 
ps_computeSimilarityVolume elapsed time: 2.000000 ms 
Device 0 memory - used: 1642.212524, free: 6549.787598, total: 8192.000000
total size of volume map in GPU memory: 21.225586
nDepths 161, nDepthsToSearch 161 
ps_computeSimilarityVolume elapsed time: 2.000000 ms 
ps_SGMoptimizeSimVolume
ps_updateAggrVolume
ps_aggregatePathVolume
ps_aggregatePathVolume done
ps_updateAggrVolume done
ps_updateAggrVolume
ps_aggregatePathVolume
ps_aggregatePathVolume done
ps_updateAggrVolume done
ps_updateAggrVolume
ps_aggregatePathVolume
ps_aggregatePathVolume done
ps_updateAggrVolume done
ps_updateAggrVolume
ps_aggregatePathVolume
ps_aggregatePathVolume done
ps_updateAggrVolume done
SGM volume gpu elapsed time: 33.000000 ms 
ps_SGMoptimizeSimVolume done
[02:38:05.065182][info] Refine depth map, view id: 1955067201
gpu elapsed time: 3.000000 ms 
gpu elapsed time: 4.000000 ms 
gpu elapsed time: 3.000000 ms 
gpu elapsed time: 3.000000 ms 
gpu elapsed time: 3.000000 ms 
gpu elapsed time: 3.000000 ms 
gpu elapsed time: 4.000000 ms 
gpu elapsed time: 3.000000 ms 
gpu elapsed time: 3.000000 ms 
gpu elapsed time: 3.000000 ms 
gpu elapsed time: 3.000000 ms 
gpu elapsed time: 3.000000 ms 
gpu elapsed time: 4.000000 ms 
gpu elapsed time: 4.000000 ms 
gpu elapsed time: 3.000000 ms 
gpu elapsed time: 3.000000 ms 
gpu elapsed time: 3.000000 ms 
gpu elapsed time: 3.000000 ms 
gpu elapsed time: 3.000000 ms 
gpu elapsed time: 4.000000 ms 
gpu elapsed time: 3.000000 ms 
gpu elapsed time: 3.000000 ms 
gpu elapsed time: 3.000000 ms 
gpu elapsed time: 3.000000 ms 
gpu elapsed time: 10.000000 ms 
gpu elapsed time: 9.000000 ms 
gpu elapsed time: 9.000000 ms 
gpu elapsed time: 9.000000 ms 
rc: 72, gpu elapsed time: 2.000000 ms 
rc: 72, gpu elapsed time: 2.000000 ms 
rc: 72, gpu elapsed time: 2.000000 ms 
rc: 72, gpu elapsed time: 2.000000 ms 
[02:38:05.643186][info] Estimate depth map, view id: 1994239242
Device 0 memory - used: 1646.837524, free: 6545.162598, total: 8192.000000
total size of volume map in GPU memory: 25.839844
nDepths 196, nDepthsToSearch 196 
ps_computeSimilarityVolume elapsed time: 2.000000 ms 
Device 0 memory - used: 1639.462524, free: 6552.537598, total: 8192.000000
total size of volume map in GPU memory: 18.457031
nDepths 140, nDepthsToSearch 140 
ps_computeSimilarityVolume elapsed time: 2.000000 ms 
Device 0 memory - used: 1649.587524, free: 6542.412598, total: 8192.000000
total size of volume map in GPU memory: 28.608398
nDepths 217, nDepthsToSearch 217 
ps_computeSimilarityVolume elapsed time: 2.000000 ms 
Device 0 memory - used: 1648.400024, free: 6543.600098, total: 8192.000000
total size of volume map in GPU memory: 27.421875
nDepths 208, nDepthsToSearch 208 
ps_computeSimilarityVolume elapsed time: 2.000000 ms 
Device 0 memory - used: 1642.087524, free: 6549.912598, total: 8192.000000
total size of volume map in GPU memory: 21.093750
nDepths 160, nDepthsToSearch 160 
ps_computeSimilarityVolume elapsed time: 2.000000 ms 
Device 0 memory - used: 1644.337524, free: 6547.662598, total: 8192.000000
total size of volume map in GPU memory: 23.334961
nDepths 177, nDepthsToSearch 177 
ps_computeSimilarityVolume elapsed time: 2.000000 ms 
Device 0 memory - used: 1645.150024, free: 6546.850098, total: 8192.000000
total size of volume map in GPU memory: 24.125977
nDepths 183, nDepthsToSearch 183 
ps_computeSimilarityVolume elapsed time: 2.000000 ms 
Device 0 memory - used: 1649.462524, free: 6542.537598, total: 8192.000000
total size of volume map in GPU memory: 28.476563
nDepths 216, nDepthsToSearch 216 
ps_computeSimilarityVolume elapsed time: 2.000000 ms 
Device 0 memory - used: 1639.462524, free: 6552.537598, total: 8192.000000
total size of volume map in GPU memory: 18.457031
nDepths 140, nDepthsToSearch 140 
ps_computeSimilarityVolume elapsed time: 2.000000 ms 
Device 0 memory - used: 1641.712524, free: 6550.287598, total: 8192.000000
total size of volume map in GPU memory: 20.698242
nDepths 157, nDepthsToSearch 157 
ps_computeSimilarityVolume elapsed time: 2.000000 ms 
ps_SGMoptimizeSimVolume
ps_updateAggrVolume
ps_aggregatePathVolume
ps_aggregatePathVolume done
ps_updateAggrVolume done
ps_updateAggrVolume
ps_aggregatePathVolume
ps_aggregatePathVolume done
ps_updateAggrVolume done
ps_updateAggrVolume
ps_aggregatePathVolume
ps_aggregatePathVolume done
ps_updateAggrVolume done
ps_updateAggrVolume
ps_aggregatePathVolume
ps_aggregatePathVolume done
ps_updateAggrVolume done
SGM volume gpu elapsed time: 56.000000 ms 
ps_SGMoptimizeSimVolume done
[02:38:06.379190][info] Refine depth map, view id: 1994239242
gpu elapsed time: 6.000000 ms 
gpu elapsed time: 7.000000 ms 
gpu elapsed time: 7.000000 ms 
gpu elapsed time: 7.000000 ms 
gpu elapsed time: 7.000000 ms 
gpu elapsed time: 7.000000 ms 
gpu elapsed time: 8.000000 ms 
gpu elapsed time: 9.000000 ms 
gpu elapsed time: 5.000000 ms 
gpu elapsed time: 7.000000 ms 
gpu elapsed time: 9.000000 ms 
gpu elapsed time: 7.000000 ms 
gpu elapsed time: 5.000000 ms 
gpu elapsed time: 7.000000 ms 
gpu elapsed time: 7.000000 ms 
gpu elapsed time: 7.000000 ms 
gpu elapsed time: 5.000000 ms 
gpu elapsed time: 10.000000 ms 
gpu elapsed time: 7.000000 ms 
gpu elapsed time: 7.000000 ms 
gpu elapsed time: 7.000000 ms 
gpu elapsed time: 7.000000 ms 
gpu elapsed time: 7.000000 ms 
gpu elapsed time: 9.000000 ms 
gpu elapsed time: 24.000000 ms 
gpu elapsed time: 10.000000 ms 
gpu elapsed time: 11.000000 ms 
gpu elapsed time: 10.000000 ms 
rc: 73, gpu elapsed time: 3.000000 ms 
rc: 73, gpu elapsed time: 4.000000 ms 
rc: 73, gpu elapsed time: 4.000000 ms 
rc: 73, gpu elapsed time: 4.000000 ms 
[02:38:06.908191][info] Estimate depth map, view id: 2044755424
Device 0 memory - used: 1648.962524, free: 6543.037598, total: 8192.000000
total size of volume map in GPU memory: 27.949219
nDepths 212, nDepthsToSearch 212 
ps_computeSimilarityVolume elapsed time: 3.000000 ms 
Device 0 memory - used: 1649.837524, free: 6542.162598, total: 8192.000000
total size of volume map in GPU memory: 28.872070
nDepths 219, nDepthsToSearch 219 
ps_computeSimilarityVolume elapsed time: 3.000000 ms 
Device 0 memory - used: 1647.087524, free: 6544.912598, total: 8192.000000
total size of volume map in GPU memory: 26.103516
nDepths 198, nDepthsToSearch 198 
ps_computeSimilarityVolume elapsed time: 2.000000 ms 
Device 0 memory - used: 1644.962524, free: 6547.037598, total: 8192.000000
total size of volume map in GPU memory: 23.994141
nDepths 182, nDepthsToSearch 182 
ps_computeSimilarityVolume elapsed time: 3.000000 ms 
Device 0 memory - used: 1649.462524, free: 6542.537598, total: 8192.000000
total size of volume map in GPU memory: 28.476563
nDepths 216, nDepthsToSearch 216 
ps_computeSimilarityVolume elapsed time: 2.000000 ms 
Device 0 memory - used: 1648.837524, free: 6543.162598, total: 8192.000000
total size of volume map in GPU memory: 27.817383
nDepths 211, nDepthsToSearch 211 
ps_computeSimilarityVolume elapsed time: 2.000000 ms 
Device 0 memory - used: 1642.587524, free: 6549.412598, total: 8192.000000
total size of volume map in GPU memory: 21.621094
nDepths 164, nDepthsToSearch 164 
ps_computeSimilarityVolume elapsed time: 2.000000 ms 
Device 0 memory - used: 1648.837524, free: 6543.162598, total: 8192.000000
total size of volume map in GPU memory: 27.817383
nDepths 211, nDepthsToSearch 211 
ps_computeSimilarityVolume elapsed time: 2.000000 ms 
Device 0 memory - used: 1639.837524, free: 6552.162598, total: 8192.000000
total size of volume map in GPU memory: 18.852539
nDepths 143, nDepthsToSearch 143 
ps_computeSimilarityVolume elapsed time: 3.000000 ms 
Device 0 memory - used: 1646.837524, free: 6545.162598, total: 8192.000000
total size of volume map in GPU memory: 25.839844
nDepths 196, nDepthsToSearch 196 
ps_computeSimilarityVolume elapsed time: 3.000000 ms 
ps_SGMoptimizeSimVolume
ps_updateAggrVolume
ps_aggregatePathVolume
ps_aggregatePathVolume done
ps_updateAggrVolume done
ps_updateAggrVolume
ps_aggregatePathVolume
ps_aggregatePathVolume done
ps_updateAggrVolume done
ps_updateAggrVolume
ps_aggregatePathVolume
ps_aggregatePathVolume done
ps_updateAggrVolume done
ps_updateAggrVolume
ps_aggregatePathVolume
ps_aggregatePathVolume done
ps_updateAggrVolume done
SGM volume gpu elapsed time: 52.000000 ms 
ps_SGMoptimizeSimVolume done
[02:38:07.472192][info] Refine depth map, view id: 2044755424
gpu elapsed time: 7.000000 ms 
gpu elapsed time: 5.000000 ms 
gpu elapsed time: 5.000000 ms 
gpu elapsed time: 5.000000 ms 
gpu elapsed time: 7.000000 ms 
gpu elapsed time: 5.000000 ms 
gpu elapsed time: 5.000000 ms 
gpu elapsed time: 5.000000 ms 
gpu elapsed time: 7.000000 ms 
gpu elapsed time: 5.000000 ms 
gpu elapsed time: 5.000000 ms 
gpu elapsed time: 5.000000 ms 
gpu elapsed time: 7.000000 ms 
gpu elapsed time: 5.000000 ms 
gpu elapsed time: 5.000000 ms 
gpu elapsed time: 5.000000 ms 
gpu elapsed time: 6.000000 ms 
gpu elapsed time: 6.000000 ms 
gpu elapsed time: 5.000000 ms 
gpu elapsed time: 5.000000 ms 
gpu elapsed time: 5.000000 ms 
gpu elapsed time: 7.000000 ms 
gpu elapsed time: 5.000000 ms 
gpu elapsed time: 5.000000 ms 
gpu elapsed time: 17.000000 ms 
gpu elapsed time: 12.000000 ms 
gpu elapsed time: 10.000000 ms 
gpu elapsed time: 10.000000 ms 
rc: 74, gpu elapsed time: 3.000000 ms 
rc: 74, gpu elapsed time: 3.000000 ms 
rc: 74, gpu elapsed time: 3.000000 ms 
rc: 74, gpu elapsed time: 4.000000 ms 
[02:38:07.798765][info] Task done in (s): 3.626000
