Program called with the following parameters:
 * downscale = 2
 * exportIntermediateResults = 0
 * imagesFolder = "D:/Automated-3D-Modeling-Project/Demonstration-for-regular-meeting/7.27/1time-60frame/meshroom/MeshroomCache/PrepareDenseScene/a3922d5b7ecaa2c7e402ac986e32f8dacda6106b"
 * input = "D:/Automated-3D-Modeling-Project/Demonstration-for-regular-meeting/7.27/1time-60frame/meshroom/MeshroomCache/StructureFromMotion/1525f89206b8cfb498d0e7f076ac99d51dcc32ff/sfm.abc"
 * maxViewAngle = 70
 * minViewAngle = 2
 * nbGPUs = 0
 * output = "D:/Automated-3D-Modeling-Project/Demonstration-for-regular-meeting/7.27/1time-60frame/meshroom/MeshroomCache/DepthMap/4563fa8309c7dfcea3947129619e2bbd3e4137b6"
 * rangeSize = 3
 * rangeStart = 15
 * refineGammaC = 15.5
 * refineGammaP = 8
 * refineMaxTCams = 6
 * refineNDepthsToRefine = 31
 * refineNSamplesHalf = 150
 * refineNiters = 100
 * refineSigma = 15
 * refineUseTcOrRcPixSize = 0
 * refineWSH = 3
 * sgmGammaC = 5.5
 * sgmGammaP = 8
 * sgmMaxTCams = 10
 * sgmWSH = 4
 * verboseLevel = "info"

[02:36:45.707025][info] CUDA-Enabled GPU.
Device information:
	- id:                      0
	- name:                    GeForce RTX 2070 SUPER
	- compute capability:      7.5
	- total device memory:     8192 MB 
	- device memory available: 6688 MB 
	- per-block shared memory: 49152
	- warp size:               32
	- max threads per block:   1024
	- max threads per SM(X):   1024
	- max block sizes:         {1024,1024,64}
	- max grid sizes:          {2147483647,65535,65535}
	- max 2D array texture:    {131072,65536}
	- max 3D array texture:    {16384,16384,16384}
	- max 2D linear texture:   {131072,65000,2097120}
	- max 2D layered texture:  {32768,32768,2048}
	- number of SM(x)s:        40
	- registers per SM(x):     65536
	- registers per block:     65536
	- concurrent kernels:      yes
	- mapping host memory:     yes
	- unified addressing:      yes
	- texture alignment:       512 byte
	- pitch alignment:         32 byte

[02:36:45.918029][info] Supported CUDA-Enabled GPU detected.
[02:36:45.940029][info] Found 63 image dimension(s): 
[02:36:45.940029][info] 	- [153x1080]
[02:36:45.940029][info] 	- [166x1037]
[02:36:45.940029][info] 	- [247x996]
[02:36:45.940029][info] 	- [265x960]
[02:36:45.940029][info] 	- [283x995]
[02:36:45.940029][info] 	- [320x1030]
[02:36:45.940029][info] 	- [343x967]
[02:36:45.940029][info] 	- [351x972]
[02:36:45.940029][info] 	- [354x942]
[02:36:45.940029][info] 	- [387x888]
[02:36:45.940029][info] 	- [387x1016]
[02:36:45.940029][info] 	- [388x1008]
[02:36:45.940029][info] 	- [390x976]
[02:36:45.940029][info] 	- [411x999]
[02:36:45.940029][info] 	- [414x1057]
[02:36:45.940029][info] 	- [419x1080]
[02:36:45.940029][info] 	- [422x1033]
[02:36:45.940029][info] 	- [426x1044]
[02:36:45.940029][info] 	- [429x1058]
[02:36:45.940029][info] 	- [432x991]
[02:36:45.940029][info] 	- [438x1035]
[02:36:45.940029][info] 	- [441x1035]
[02:36:45.940029][info] 	- [444x1051]
[02:36:45.940029][info] 	- [450x1080]
[02:36:45.940029][info] 	- [453x1061]
[02:36:45.940029][info] 	- [454x1080]
[02:36:45.940029][info] 	- [456x1080]
[02:36:45.940029][info] 	- [462x1080]
[02:36:45.940029][info] 	- [468x1080]
[02:36:45.940029][info] 	- [474x1080]
[02:36:45.940029][info] 	- [477x1032]
[02:36:45.940029][info] 	- [486x1080]
[02:36:45.940029][info] 	- [501x1080]
[02:36:45.940029][info] 	- [504x1080]
[02:36:45.940029][info] 	- [510x1080]
[02:36:45.940029][info] 	- [511x1080]
[02:36:45.940029][info] 	- [513x1080]
[02:36:45.940029][info] 	- [519x1080]
[02:36:45.940029][info] 	- [522x1080]
[02:36:45.940029][info] 	- [525x1080]
[02:36:45.940029][info] 	- [527x1080]
[02:36:45.940029][info] 	- [528x1080]
[02:36:45.940029][info] 	- [537x1080]
[02:36:45.940029][info] 	- [546x1080]
[02:36:45.940029][info] 	- [555x1080]
[02:36:45.940029][info] 	- [556x1080]
[02:36:45.940029][info] 	- [558x1080]
[02:36:45.940029][info] 	- [570x1080]
[02:36:45.940029][info] 	- [573x1080]
[02:36:45.940029][info] 	- [579x1080]
[02:36:45.940029][info] 	- [582x1080]
[02:36:45.940029][info] 	- [588x1080]
[02:36:45.940029][info] 	- [594x1080]
[02:36:45.940029][info] 	- [596x1080]
[02:36:45.940029][info] 	- [597x1080]
[02:36:45.940029][info] 	- [606x1080]
[02:36:45.940029][info] 	- [612x1080]
[02:36:45.940029][info] 	- [615x1080]
[02:36:45.940029][info] 	- [621x1080]
[02:36:45.940029][info] 	- [627x1080]
[02:36:45.940029][info] 	- [639x1080]
[02:36:45.940029][info] 	- [642x1080]
[02:36:45.941027][info] 	- [660x1080]
[02:36:46.003031][info] Overall maximum dimension: [660x1080]
[02:36:46.003031][info] Create depth maps.
number of CUDA devices:	1
   0: GeForce RTX 2070 SUPER
[02:36:46.003031][info] # GPU devices: 1, # CPU threads: 16
[02:36:46.003031][info] Plane sweeping parameters:
	- scale: 2
	- step: 1
[02:36:46.004031][info] PlaneSweepingCuda:
	- _nImgsInGPUAtTime: 29
	- scales: 2
	- subPixel: Yes
	- varianceWSH: 4
CUDA device no 0 for 0
Device 0 memory - used: 1503.962524, free: 6688.037598, total: 8192.000000
Device 0 memory - used: 1620.962524, free: 6571.037598, total: 8192.000000
[02:36:46.330023][info] Estimate depth map, view id: 395914196
Device 0 memory - used: 1632.462524, free: 6559.537598, total: 8192.000000
total size of volume map in GPU memory: 11.469727
nDepths 90, nDepthsToSearch 90 
ps_computeSimilarityVolume elapsed time: 2.000000 ms 
Device 0 memory - used: 1634.150024, free: 6557.850098, total: 8192.000000
total size of volume map in GPU memory: 13.126465
nDepths 103, nDepthsToSearch 103 
ps_computeSimilarityVolume elapsed time: 2.000000 ms 
Device 0 memory - used: 1633.212524, free: 6558.787598, total: 8192.000000
total size of volume map in GPU memory: 12.234375
nDepths 96, nDepthsToSearch 96 
ps_computeSimilarityVolume elapsed time: 2.000000 ms 
Device 0 memory - used: 1630.837524, free: 6561.162598, total: 8192.000000
total size of volume map in GPU memory: 9.812988
nDepths 77, nDepthsToSearch 77 
ps_computeSimilarityVolume elapsed time: 2.000000 ms 
Device 0 memory - used: 1630.837524, free: 6561.162598, total: 8192.000000
total size of volume map in GPU memory: 9.812988
nDepths 77, nDepthsToSearch 77 
ps_computeSimilarityVolume elapsed time: 3.000000 ms 
Device 0 memory - used: 1635.025024, free: 6556.975098, total: 8192.000000
total size of volume map in GPU memory: 14.018555
nDepths 110, nDepthsToSearch 110 
ps_computeSimilarityVolume elapsed time: 1.000000 ms 
Device 0 memory - used: 1634.650024, free: 6557.350098, total: 8192.000000
total size of volume map in GPU memory: 13.636230
nDepths 107, nDepthsToSearch 107 
ps_computeSimilarityVolume elapsed time: 1.000000 ms 
Device 0 memory - used: 1632.337524, free: 6559.662598, total: 8192.000000
total size of volume map in GPU memory: 11.342285
nDepths 89, nDepthsToSearch 89 
ps_computeSimilarityVolume elapsed time: 2.000000 ms 
Device 0 memory - used: 1633.962524, free: 6558.037598, total: 8192.000000
total size of volume map in GPU memory: 12.999023
nDepths 102, nDepthsToSearch 102 
ps_computeSimilarityVolume elapsed time: 1.000000 ms 
Device 0 memory - used: 1633.212524, free: 6558.787598, total: 8192.000000
total size of volume map in GPU memory: 12.234375
nDepths 96, nDepthsToSearch 96 
ps_computeSimilarityVolume elapsed time: 2.000000 ms 
ps_SGMoptimizeSimVolume
ps_updateAggrVolume
ps_aggregatePathVolume
ps_aggregatePathVolume done
ps_updateAggrVolume done
ps_updateAggrVolume
ps_aggregatePathVolume
ps_aggregatePathVolume done
ps_updateAggrVolume done
ps_updateAggrVolume
ps_aggregatePathVolume
ps_aggregatePathVolume done
ps_updateAggrVolume done
ps_updateAggrVolume
ps_aggregatePathVolume
ps_aggregatePathVolume done
ps_updateAggrVolume done
SGM volume gpu elapsed time: 32.000000 ms 
ps_SGMoptimizeSimVolume done
[02:36:46.686024][info] Refine depth map, view id: 395914196
gpu elapsed time: 5.000000 ms 
gpu elapsed time: 5.000000 ms 
gpu elapsed time: 5.000000 ms 
gpu elapsed time: 7.000000 ms 
gpu elapsed time: 5.000000 ms 
gpu elapsed time: 6.000000 ms 
gpu elapsed time: 5.000000 ms 
gpu elapsed time: 7.000000 ms 
gpu elapsed time: 5.000000 ms 
gpu elapsed time: 5.000000 ms 
gpu elapsed time: 5.000000 ms 
gpu elapsed time: 7.000000 ms 
gpu elapsed time: 5.000000 ms 
gpu elapsed time: 5.000000 ms 
gpu elapsed time: 5.000000 ms 
gpu elapsed time: 6.000000 ms 
gpu elapsed time: 5.000000 ms 
gpu elapsed time: 5.000000 ms 
gpu elapsed time: 5.000000 ms 
gpu elapsed time: 4.000000 ms 
gpu elapsed time: 7.000000 ms 
gpu elapsed time: 5.000000 ms 
gpu elapsed time: 5.000000 ms 
gpu elapsed time: 6.000000 ms 
gpu elapsed time: 10.000000 ms 
gpu elapsed time: 20.000000 ms 
gpu elapsed time: 10.000000 ms 
gpu elapsed time: 9.000000 ms 
rc: 15, gpu elapsed time: 3.000000 ms 
rc: 15, gpu elapsed time: 3.000000 ms 
rc: 15, gpu elapsed time: 3.000000 ms 
rc: 15, gpu elapsed time: 3.000000 ms 
[02:36:47.074025][info] Estimate depth map, view id: 503898829
Device 0 memory - used: 1634.712524, free: 6557.287598, total: 8192.000000
total size of volume map in GPU memory: 13.710938
nDepths 104, nDepthsToSearch 104 
ps_computeSimilarityVolume elapsed time: 2.000000 ms 
Device 0 memory - used: 1636.025024, free: 6555.975098, total: 8192.000000
total size of volume map in GPU memory: 15.029297
nDepths 114, nDepthsToSearch 114 
ps_computeSimilarityVolume elapsed time: 2.000000 ms 
Device 0 memory - used: 1636.837524, free: 6555.162598, total: 8192.000000
total size of volume map in GPU memory: 15.820313
nDepths 120, nDepthsToSearch 120 
ps_computeSimilarityVolume elapsed time: 2.000000 ms 
Device 0 memory - used: 1632.712524, free: 6559.287598, total: 8192.000000
total size of volume map in GPU memory: 11.733398
nDepths 89, nDepthsToSearch 89 
ps_computeSimilarityVolume elapsed time: 2.000000 ms 
Device 0 memory - used: 1637.837524, free: 6554.162598, total: 8192.000000
total size of volume map in GPU memory: 16.875000
nDepths 128, nDepthsToSearch 128 
ps_computeSimilarityVolume elapsed time: 2.000000 ms 
Device 0 memory - used: 1637.212524, free: 6554.787598, total: 8192.000000
total size of volume map in GPU memory: 16.215820
nDepths 123, nDepthsToSearch 123 
ps_computeSimilarityVolume elapsed time: 2.000000 ms 
Device 0 memory - used: 1638.025024, free: 6553.975098, total: 8192.000000
total size of volume map in GPU memory: 17.006836
nDepths 129, nDepthsToSearch 129 
ps_computeSimilarityVolume elapsed time: 2.000000 ms 
Device 0 memory - used: 1632.712524, free: 6559.287598, total: 8192.000000
total size of volume map in GPU memory: 11.733398
nDepths 89, nDepthsToSearch 89 
ps_computeSimilarityVolume elapsed time: 2.000000 ms 
Device 0 memory - used: 1636.837524, free: 6555.162598, total: 8192.000000
total size of volume map in GPU memory: 15.820313
nDepths 120, nDepthsToSearch 120 
ps_computeSimilarityVolume elapsed time: 2.000000 ms 
Device 0 memory - used: 1633.525024, free: 6558.475098, total: 8192.000000
total size of volume map in GPU memory: 12.524414
nDepths 95, nDepthsToSearch 95 
ps_computeSimilarityVolume elapsed time: 2.000000 ms 
ps_SGMoptimizeSimVolume
ps_updateAggrVolume
ps_aggregatePathVolume
ps_aggregatePathVolume done
ps_updateAggrVolume done
ps_updateAggrVolume
ps_aggregatePathVolume
ps_aggregatePathVolume done
ps_updateAggrVolume done
ps_updateAggrVolume
ps_aggregatePathVolume
ps_aggregatePathVolume done
ps_updateAggrVolume done
ps_updateAggrVolume
ps_aggregatePathVolume
ps_aggregatePathVolume done
ps_updateAggrVolume done
SGM volume gpu elapsed time: 40.000000 ms 
ps_SGMoptimizeSimVolume done
[02:36:47.417026][info] Refine depth map, view id: 503898829
gpu elapsed time: 7.000000 ms 
gpu elapsed time: 5.000000 ms 
gpu elapsed time: 5.000000 ms 
gpu elapsed time: 6.000000 ms 
gpu elapsed time: 7.000000 ms 
gpu elapsed time: 5.000000 ms 
gpu elapsed time: 5.000000 ms 
gpu elapsed time: 5.000000 ms 
gpu elapsed time: 6.000000 ms 
gpu elapsed time: 5.000000 ms 
gpu elapsed time: 5.000000 ms 
gpu elapsed time: 5.000000 ms 
gpu elapsed time: 5.000000 ms 
gpu elapsed time: 6.000000 ms 
gpu elapsed time: 5.000000 ms 
gpu elapsed time: 5.000000 ms 
gpu elapsed time: 6.000000 ms 
gpu elapsed time: 7.000000 ms 
gpu elapsed time: 6.000000 ms 
gpu elapsed time: 5.000000 ms 
gpu elapsed time: 6.000000 ms 
gpu elapsed time: 6.000000 ms 
gpu elapsed time: 6.000000 ms 
gpu elapsed time: 6.000000 ms 
gpu elapsed time: 11.000000 ms 
gpu elapsed time: 14.000000 ms 
gpu elapsed time: 11.000000 ms 
gpu elapsed time: 10.000000 ms 
rc: 16, gpu elapsed time: 3.000000 ms 
rc: 16, gpu elapsed time: 3.000000 ms 
rc: 16, gpu elapsed time: 3.000000 ms 
rc: 16, gpu elapsed time: 3.000000 ms 
[02:36:48.089030][info] Estimate depth map, view id: 550651474
Device 0 memory - used: 1638.900024, free: 6553.100098, total: 8192.000000
total size of volume map in GPU memory: 17.929688
nDepths 136, nDepthsToSearch 136 
ps_computeSimilarityVolume elapsed time: 2.000000 ms 
Device 0 memory - used: 1643.650024, free: 6548.350098, total: 8192.000000
total size of volume map in GPU memory: 22.675781
nDepths 172, nDepthsToSearch 172 
ps_computeSimilarityVolume elapsed time: 4.000000 ms 
Device 0 memory - used: 1641.837524, free: 6550.162598, total: 8192.000000
total size of volume map in GPU memory: 20.830078
nDepths 158, nDepthsToSearch 158 
ps_computeSimilarityVolume elapsed time: 2.000000 ms 
Device 0 memory - used: 1652.400024, free: 6539.600098, total: 8192.000000
total size of volume map in GPU memory: 31.376953
nDepths 238, nDepthsToSearch 238 
ps_computeSimilarityVolume elapsed time: 2.000000 ms 
Device 0 memory - used: 1652.400024, free: 6539.600098, total: 8192.000000
total size of volume map in GPU memory: 31.376953
nDepths 238, nDepthsToSearch 238 
ps_computeSimilarityVolume elapsed time: 2.000000 ms 
Device 0 memory - used: 1645.775024, free: 6546.225098, total: 8192.000000
total size of volume map in GPU memory: 24.785156
nDepths 188, nDepthsToSearch 188 
ps_computeSimilarityVolume elapsed time: 3.000000 ms 
Device 0 memory - used: 1641.962524, free: 6550.037598, total: 8192.000000
total size of volume map in GPU memory: 20.961914
nDepths 159, nDepthsToSearch 159 
ps_computeSimilarityVolume elapsed time: 2.000000 ms 
Device 0 memory - used: 1638.900024, free: 6553.100098, total: 8192.000000
total size of volume map in GPU memory: 17.929688
nDepths 136, nDepthsToSearch 136 
ps_computeSimilarityVolume elapsed time: 2.000000 ms 
Device 0 memory - used: 1647.775024, free: 6544.225098, total: 8192.000000
total size of volume map in GPU memory: 26.762695
nDepths 203, nDepthsToSearch 203 
ps_computeSimilarityVolume elapsed time: 2.000000 ms 
Device 0 memory - used: 1643.962524, free: 6548.037598, total: 8192.000000
total size of volume map in GPU memory: 22.939453
nDepths 174, nDepthsToSearch 174 
ps_computeSimilarityVolume elapsed time: 2.000000 ms 
ps_SGMoptimizeSimVolume
ps_updateAggrVolume
ps_aggregatePathVolume
ps_aggregatePathVolume done
ps_updateAggrVolume done
ps_updateAggrVolume
ps_aggregatePathVolume
ps_aggregatePathVolume done
ps_updateAggrVolume done
ps_updateAggrVolume
ps_aggregatePathVolume
ps_aggregatePathVolume done
ps_updateAggrVolume done
ps_updateAggrVolume
ps_aggregatePathVolume
ps_aggregatePathVolume done
ps_updateAggrVolume done
SGM volume gpu elapsed time: 60.000000 ms 
ps_SGMoptimizeSimVolume done
[02:36:48.823035][info] Refine depth map, view id: 550651474
gpu elapsed time: 5.000000 ms 
gpu elapsed time: 7.000000 ms 
gpu elapsed time: 9.000000 ms 
gpu elapsed time: 5.000000 ms 
gpu elapsed time: 5.000000 ms 
gpu elapsed time: 8.000000 ms 
gpu elapsed time: 8.000000 ms 
gpu elapsed time: 5.000000 ms 
gpu elapsed time: 6.000000 ms 
gpu elapsed time: 8.000000 ms 
gpu elapsed time: 7.000000 ms 
gpu elapsed time: 6.000000 ms 
gpu elapsed time: 7.000000 ms 
gpu elapsed time: 8.000000 ms 
gpu elapsed time: 7.000000 ms 
gpu elapsed time: 5.000000 ms 
gpu elapsed time: 7.000000 ms 
gpu elapsed time: 7.000000 ms 
gpu elapsed time: 7.000000 ms 
gpu elapsed time: 8.000000 ms 
gpu elapsed time: 7.000000 ms 
gpu elapsed time: 6.000000 ms 
gpu elapsed time: 8.000000 ms 
gpu elapsed time: 6.000000 ms 
gpu elapsed time: 14.000000 ms 
gpu elapsed time: 11.000000 ms 
gpu elapsed time: 9.000000 ms 
gpu elapsed time: 10.000000 ms 
rc: 17, gpu elapsed time: 4.000000 ms 
rc: 17, gpu elapsed time: 3.000000 ms 
rc: 17, gpu elapsed time: 4.000000 ms 
rc: 17, gpu elapsed time: 3.000000 ms 
[02:36:49.198034][info] Task done in (s): 3.492000
