Program called with the following parameters:
 * downscale = 2
 * exportIntermediateResults = 0
 * imagesFolder = "D:/Automated-3D-Modeling-Project/Demonstration-for-regular-meeting/7.27/1time-60frame/meshroom/MeshroomCache/PrepareDenseScene/a3922d5b7ecaa2c7e402ac986e32f8dacda6106b"
 * input = "D:/Automated-3D-Modeling-Project/Demonstration-for-regular-meeting/7.27/1time-60frame/meshroom/MeshroomCache/StructureFromMotion/1525f89206b8cfb498d0e7f076ac99d51dcc32ff/sfm.abc"
 * maxViewAngle = 70
 * minViewAngle = 2
 * nbGPUs = 0
 * output = "D:/Automated-3D-Modeling-Project/Demonstration-for-regular-meeting/7.27/1time-60frame/meshroom/MeshroomCache/DepthMap/4563fa8309c7dfcea3947129619e2bbd3e4137b6"
 * rangeSize = 3
 * rangeStart = 18
 * refineGammaC = 15.5
 * refineGammaP = 8
 * refineMaxTCams = 6
 * refineNDepthsToRefine = 31
 * refineNSamplesHalf = 150
 * refineNiters = 100
 * refineSigma = 15
 * refineUseTcOrRcPixSize = 0
 * refineWSH = 3
 * sgmGammaC = 5.5
 * sgmGammaP = 8
 * sgmMaxTCams = 10
 * sgmWSH = 4
 * verboseLevel = "info"

[02:36:49.516039][info] CUDA-Enabled GPU.
Device information:
	- id:                      0
	- name:                    GeForce RTX 2070 SUPER
	- compute capability:      7.5
	- total device memory:     8192 MB 
	- device memory available: 6688 MB 
	- per-block shared memory: 49152
	- warp size:               32
	- max threads per block:   1024
	- max threads per SM(X):   1024
	- max block sizes:         {1024,1024,64}
	- max grid sizes:          {2147483647,65535,65535}
	- max 2D array texture:    {131072,65536}
	- max 3D array texture:    {16384,16384,16384}
	- max 2D linear texture:   {131072,65000,2097120}
	- max 2D layered texture:  {32768,32768,2048}
	- number of SM(x)s:        40
	- registers per SM(x):     65536
	- registers per block:     65536
	- concurrent kernels:      yes
	- mapping host memory:     yes
	- unified addressing:      yes
	- texture alignment:       512 byte
	- pitch alignment:         32 byte

[02:36:49.718043][info] Supported CUDA-Enabled GPU detected.
[02:36:49.740043][info] Found 63 image dimension(s): 
[02:36:49.740043][info] 	- [153x1080]
[02:36:49.740043][info] 	- [166x1037]
[02:36:49.740043][info] 	- [247x996]
[02:36:49.740043][info] 	- [265x960]
[02:36:49.740043][info] 	- [283x995]
[02:36:49.740043][info] 	- [320x1030]
[02:36:49.740043][info] 	- [343x967]
[02:36:49.740043][info] 	- [351x972]
[02:36:49.740043][info] 	- [354x942]
[02:36:49.740043][info] 	- [387x888]
[02:36:49.740043][info] 	- [387x1016]
[02:36:49.740043][info] 	- [388x1008]
[02:36:49.740043][info] 	- [390x976]
[02:36:49.740043][info] 	- [411x999]
[02:36:49.740043][info] 	- [414x1057]
[02:36:49.740043][info] 	- [419x1080]
[02:36:49.740043][info] 	- [422x1033]
[02:36:49.740043][info] 	- [426x1044]
[02:36:49.740043][info] 	- [429x1058]
[02:36:49.740043][info] 	- [432x991]
[02:36:49.740043][info] 	- [438x1035]
[02:36:49.740043][info] 	- [441x1035]
[02:36:49.740043][info] 	- [444x1051]
[02:36:49.740043][info] 	- [450x1080]
[02:36:49.740043][info] 	- [453x1061]
[02:36:49.740043][info] 	- [454x1080]
[02:36:49.740043][info] 	- [456x1080]
[02:36:49.740043][info] 	- [462x1080]
[02:36:49.740043][info] 	- [468x1080]
[02:36:49.740043][info] 	- [474x1080]
[02:36:49.740043][info] 	- [477x1032]
[02:36:49.740043][info] 	- [486x1080]
[02:36:49.740043][info] 	- [501x1080]
[02:36:49.740043][info] 	- [504x1080]
[02:36:49.740043][info] 	- [510x1080]
[02:36:49.740043][info] 	- [511x1080]
[02:36:49.740043][info] 	- [513x1080]
[02:36:49.740043][info] 	- [519x1080]
[02:36:49.740043][info] 	- [522x1080]
[02:36:49.740043][info] 	- [525x1080]
[02:36:49.740043][info] 	- [527x1080]
[02:36:49.740043][info] 	- [528x1080]
[02:36:49.740043][info] 	- [537x1080]
[02:36:49.740043][info] 	- [546x1080]
[02:36:49.740043][info] 	- [555x1080]
[02:36:49.740043][info] 	- [556x1080]
[02:36:49.740043][info] 	- [558x1080]
[02:36:49.740043][info] 	- [570x1080]
[02:36:49.740043][info] 	- [573x1080]
[02:36:49.740043][info] 	- [579x1080]
[02:36:49.740043][info] 	- [582x1080]
[02:36:49.740043][info] 	- [588x1080]
[02:36:49.740043][info] 	- [594x1080]
[02:36:49.740043][info] 	- [596x1080]
[02:36:49.740043][info] 	- [597x1080]
[02:36:49.740043][info] 	- [606x1080]
[02:36:49.740043][info] 	- [612x1080]
[02:36:49.740043][info] 	- [615x1080]
[02:36:49.740043][info] 	- [621x1080]
[02:36:49.740043][info] 	- [627x1080]
[02:36:49.740043][info] 	- [639x1080]
[02:36:49.740043][info] 	- [642x1080]
[02:36:49.740043][info] 	- [660x1080]
[02:36:49.798044][info] Overall maximum dimension: [660x1080]
[02:36:49.798044][info] Create depth maps.
number of CUDA devices:	1
   0: GeForce RTX 2070 SUPER
[02:36:49.798044][info] # GPU devices: 1, # CPU threads: 16
[02:36:49.798044][info] Plane sweeping parameters:
	- scale: 2
	- step: 1
[02:36:49.798044][info] PlaneSweepingCuda:
	- _nImgsInGPUAtTime: 29
	- scales: 2
	- subPixel: Yes
	- varianceWSH: 4
CUDA device no 0 for 0
Device 0 memory - used: 1503.962524, free: 6688.037598, total: 8192.000000
Device 0 memory - used: 1620.962524, free: 6571.037598, total: 8192.000000
[02:36:50.203038][info] Estimate depth map, view id: 587410873
Device 0 memory - used: 1653.150024, free: 6538.850098, total: 8192.000000
total size of volume map in GPU memory: 32.167969
nDepths 244, nDepthsToSearch 244 
ps_computeSimilarityVolume elapsed time: 2.000000 ms 
Device 0 memory - used: 1639.962524, free: 6552.037598, total: 8192.000000
total size of volume map in GPU memory: 18.984375
nDepths 144, nDepthsToSearch 144 
ps_computeSimilarityVolume elapsed time: 3.000000 ms 
Device 0 memory - used: 1653.150024, free: 6538.850098, total: 8192.000000
total size of volume map in GPU memory: 32.167969
nDepths 244, nDepthsToSearch 244 
ps_computeSimilarityVolume elapsed time: 3.000000 ms 
Device 0 memory - used: 1641.962524, free: 6550.037598, total: 8192.000000
total size of volume map in GPU memory: 20.961914
nDepths 159, nDepthsToSearch 159 
ps_computeSimilarityVolume elapsed time: 2.000000 ms 
Device 0 memory - used: 1639.587524, free: 6552.412598, total: 8192.000000
total size of volume map in GPU memory: 18.588867
nDepths 141, nDepthsToSearch 141 
ps_computeSimilarityVolume elapsed time: 2.000000 ms 
Device 0 memory - used: 1644.837524, free: 6547.162598, total: 8192.000000
total size of volume map in GPU memory: 23.862305
nDepths 181, nDepthsToSearch 181 
ps_computeSimilarityVolume elapsed time: 2.000000 ms 
Device 0 memory - used: 1642.337524, free: 6549.662598, total: 8192.000000
total size of volume map in GPU memory: 21.357422
nDepths 162, nDepthsToSearch 162 
ps_computeSimilarityVolume elapsed time: 2.000000 ms 
Device 0 memory - used: 1644.712524, free: 6547.287598, total: 8192.000000
total size of volume map in GPU memory: 23.730469
nDepths 180, nDepthsToSearch 180 
ps_computeSimilarityVolume elapsed time: 2.000000 ms 
Device 0 memory - used: 1646.462524, free: 6545.537598, total: 8192.000000
total size of volume map in GPU memory: 25.444336
nDepths 193, nDepthsToSearch 193 
ps_computeSimilarityVolume elapsed time: 3.000000 ms 
Device 0 memory - used: 1648.400024, free: 6543.600098, total: 8192.000000
total size of volume map in GPU memory: 27.421875
nDepths 208, nDepthsToSearch 208 
ps_computeSimilarityVolume elapsed time: 2.000000 ms 
ps_SGMoptimizeSimVolume
ps_updateAggrVolume
ps_aggregatePathVolume
ps_aggregatePathVolume done
ps_updateAggrVolume done
ps_updateAggrVolume
ps_aggregatePathVolume
ps_aggregatePathVolume done
ps_updateAggrVolume done
ps_updateAggrVolume
ps_aggregatePathVolume
ps_aggregatePathVolume done
ps_updateAggrVolume done
ps_updateAggrVolume
ps_aggregatePathVolume
ps_aggregatePathVolume done
ps_updateAggrVolume done
SGM volume gpu elapsed time: 58.000000 ms 
ps_SGMoptimizeSimVolume done
[02:36:50.904043][info] Refine depth map, view id: 587410873
gpu elapsed time: 6.000000 ms 
gpu elapsed time: 5.000000 ms 
gpu elapsed time: 7.000000 ms 
gpu elapsed time: 5.000000 ms 
gpu elapsed time: 5.000000 ms 
gpu elapsed time: 5.000000 ms 
gpu elapsed time: 7.000000 ms 
gpu elapsed time: 5.000000 ms 
gpu elapsed time: 6.000000 ms 
gpu elapsed time: 6.000000 ms 
gpu elapsed time: 7.000000 ms 
gpu elapsed time: 5.000000 ms 
gpu elapsed time: 5.000000 ms 
gpu elapsed time: 5.000000 ms 
gpu elapsed time: 7.000000 ms 
gpu elapsed time: 5.000000 ms 
gpu elapsed time: 5.000000 ms 
gpu elapsed time: 5.000000 ms 
gpu elapsed time: 5.000000 ms 
gpu elapsed time: 5.000000 ms 
gpu elapsed time: 5.000000 ms 
gpu elapsed time: 5.000000 ms 
gpu elapsed time: 5.000000 ms 
gpu elapsed time: 7.000000 ms 
gpu elapsed time: 26.000000 ms 
gpu elapsed time: 10.000000 ms 
gpu elapsed time: 10.000000 ms 
gpu elapsed time: 10.000000 ms 
rc: 18, gpu elapsed time: 3.000000 ms 
rc: 18, gpu elapsed time: 3.000000 ms 
rc: 18, gpu elapsed time: 3.000000 ms 
rc: 18, gpu elapsed time: 4.000000 ms 
[02:36:51.482043][info] Estimate depth map, view id: 590445685
Device 0 memory - used: 1635.900024, free: 6556.100098, total: 8192.000000
total size of volume map in GPU memory: 14.882813
nDepths 120, nDepthsToSearch 120 
ps_computeSimilarityVolume elapsed time: 2.000000 ms 
Device 0 memory - used: 1632.900024, free: 6559.100098, total: 8192.000000
total size of volume map in GPU memory: 11.906250
nDepths 96, nDepthsToSearch 96 
ps_computeSimilarityVolume elapsed time: 2.000000 ms 
Device 0 memory - used: 1635.275024, free: 6556.725098, total: 8192.000000
total size of volume map in GPU memory: 14.262695
nDepths 115, nDepthsToSearch 115 
ps_computeSimilarityVolume elapsed time: 2.000000 ms 
Device 0 memory - used: 1640.212524, free: 6551.787598, total: 8192.000000
total size of volume map in GPU memory: 19.223633
nDepths 155, nDepthsToSearch 155 
ps_computeSimilarityVolume elapsed time: 2.000000 ms 
Device 0 memory - used: 1638.212524, free: 6553.787598, total: 8192.000000
total size of volume map in GPU memory: 17.239258
nDepths 139, nDepthsToSearch 139 
ps_computeSimilarityVolume elapsed time: 2.000000 ms 
Device 0 memory - used: 1637.837524, free: 6554.162598, total: 8192.000000
total size of volume map in GPU memory: 16.867188
nDepths 136, nDepthsToSearch 136 
ps_computeSimilarityVolume elapsed time: 2.000000 ms 
Device 0 memory - used: 1646.400024, free: 6545.600098, total: 8192.000000
total size of volume map in GPU memory: 25.424805
nDepths 205, nDepthsToSearch 205 
ps_computeSimilarityVolume elapsed time: 2.000000 ms 
Device 0 memory - used: 1640.712524, free: 6551.287598, total: 8192.000000
total size of volume map in GPU memory: 19.719727
nDepths 159, nDepthsToSearch 159 
ps_computeSimilarityVolume elapsed time: 2.000000 ms 
Device 0 memory - used: 1641.212524, free: 6550.787598, total: 8192.000000
total size of volume map in GPU memory: 20.215820
nDepths 163, nDepthsToSearch 163 
ps_computeSimilarityVolume elapsed time: 2.000000 ms 
Device 0 memory - used: 1641.962524, free: 6550.037598, total: 8192.000000
total size of volume map in GPU memory: 20.959961
nDepths 169, nDepthsToSearch 169 
ps_computeSimilarityVolume elapsed time: 2.000000 ms 
ps_SGMoptimizeSimVolume
ps_updateAggrVolume
ps_aggregatePathVolume
ps_aggregatePathVolume done
ps_updateAggrVolume done
ps_updateAggrVolume
ps_aggregatePathVolume
ps_aggregatePathVolume done
ps_updateAggrVolume done
ps_updateAggrVolume
ps_aggregatePathVolume
ps_aggregatePathVolume done
ps_updateAggrVolume done
ps_updateAggrVolume
ps_aggregatePathVolume
ps_aggregatePathVolume done
ps_updateAggrVolume done
SGM volume gpu elapsed time: 42.000000 ms 
ps_SGMoptimizeSimVolume done
[02:36:51.880045][info] Refine depth map, view id: 590445685
gpu elapsed time: 5.000000 ms 
gpu elapsed time: 7.000000 ms 
gpu elapsed time: 5.000000 ms 
gpu elapsed time: 3.000000 ms 
gpu elapsed time: 5.000000 ms 
gpu elapsed time: 6.000000 ms 
gpu elapsed time: 5.000000 ms 
gpu elapsed time: 3.000000 ms 
gpu elapsed time: 4.000000 ms 
gpu elapsed time: 5.000000 ms 
gpu elapsed time: 6.000000 ms 
gpu elapsed time: 4.000000 ms 
gpu elapsed time: 5.000000 ms 
gpu elapsed time: 5.000000 ms 
gpu elapsed time: 4.000000 ms 
gpu elapsed time: 6.000000 ms 
gpu elapsed time: 5.000000 ms 
gpu elapsed time: 5.000000 ms 
gpu elapsed time: 5.000000 ms 
gpu elapsed time: 3.000000 ms 
gpu elapsed time: 6.000000 ms 
gpu elapsed time: 5.000000 ms 
gpu elapsed time: 4.000000 ms 
gpu elapsed time: 4.000000 ms 
gpu elapsed time: 12.000000 ms 
gpu elapsed time: 10.000000 ms 
gpu elapsed time: 10.000000 ms 
gpu elapsed time: 10.000000 ms 
rc: 19, gpu elapsed time: 3.000000 ms 
rc: 19, gpu elapsed time: 3.000000 ms 
rc: 19, gpu elapsed time: 3.000000 ms 
rc: 19, gpu elapsed time: 3.000000 ms 
[02:36:52.250048][info] Estimate depth map, view id: 672191495
Device 0 memory - used: 1639.587524, free: 6552.412598, total: 8192.000000
total size of volume map in GPU memory: 18.588867
nDepths 141, nDepthsToSearch 141 
ps_computeSimilarityVolume elapsed time: 2.000000 ms 
Device 0 memory - used: 1653.150024, free: 6538.850098, total: 8192.000000
total size of volume map in GPU memory: 32.167969
nDepths 244, nDepthsToSearch 244 
ps_computeSimilarityVolume elapsed time: 2.000000 ms 
Device 0 memory - used: 1653.150024, free: 6538.850098, total: 8192.000000
total size of volume map in GPU memory: 32.167969
nDepths 244, nDepthsToSearch 244 
ps_computeSimilarityVolume elapsed time: 2.000000 ms 
Device 0 memory - used: 1642.462524, free: 6549.537598, total: 8192.000000
total size of volume map in GPU memory: 21.489258
nDepths 163, nDepthsToSearch 163 
ps_computeSimilarityVolume elapsed time: 2.000000 ms 
Device 0 memory - used: 1642.087524, free: 6549.912598, total: 8192.000000
total size of volume map in GPU memory: 21.093750
nDepths 160, nDepthsToSearch 160 
ps_computeSimilarityVolume elapsed time: 2.000000 ms 
Device 0 memory - used: 1639.587524, free: 6552.412598, total: 8192.000000
total size of volume map in GPU memory: 18.588867
nDepths 141, nDepthsToSearch 141 
ps_computeSimilarityVolume elapsed time: 2.000000 ms 
Device 0 memory - used: 1644.462524, free: 6547.537598, total: 8192.000000
total size of volume map in GPU memory: 23.466797
nDepths 178, nDepthsToSearch 178 
ps_computeSimilarityVolume elapsed time: 3.000000 ms 
Device 0 memory - used: 1648.150024, free: 6543.850098, total: 8192.000000
total size of volume map in GPU memory: 27.158203
nDepths 206, nDepthsToSearch 206 
ps_computeSimilarityVolume elapsed time: 3.000000 ms 
Device 0 memory - used: 1644.837524, free: 6547.162598, total: 8192.000000
total size of volume map in GPU memory: 23.862305
nDepths 181, nDepthsToSearch 181 
ps_computeSimilarityVolume elapsed time: 2.000000 ms 
Device 0 memory - used: 1646.837524, free: 6545.162598, total: 8192.000000
total size of volume map in GPU memory: 25.839844
nDepths 196, nDepthsToSearch 196 
ps_computeSimilarityVolume elapsed time: 2.000000 ms 
ps_SGMoptimizeSimVolume
ps_updateAggrVolume
ps_aggregatePathVolume
ps_aggregatePathVolume done
ps_updateAggrVolume done
ps_updateAggrVolume
ps_aggregatePathVolume
ps_aggregatePathVolume done
ps_updateAggrVolume done
ps_updateAggrVolume
ps_aggregatePathVolume
ps_aggregatePathVolume done
ps_updateAggrVolume done
ps_updateAggrVolume
ps_aggregatePathVolume
ps_aggregatePathVolume done
ps_updateAggrVolume done
SGM volume gpu elapsed time: 58.000000 ms 
ps_SGMoptimizeSimVolume done
[02:36:52.912052][info] Refine depth map, view id: 672191495
gpu elapsed time: 6.000000 ms 
gpu elapsed time: 7.000000 ms 
gpu elapsed time: 8.000000 ms 
gpu elapsed time: 6.000000 ms 
gpu elapsed time: 6.000000 ms 
gpu elapsed time: 8.000000 ms 
gpu elapsed time: 10.000000 ms 
gpu elapsed time: 6.000000 ms 
gpu elapsed time: 6.000000 ms 
gpu elapsed time: 8.000000 ms 
gpu elapsed time: 7.000000 ms 
gpu elapsed time: 7.000000 ms 
gpu elapsed time: 6.000000 ms 
gpu elapsed time: 9.000000 ms 
gpu elapsed time: 7.000000 ms 
gpu elapsed time: 5.000000 ms 
gpu elapsed time: 5.000000 ms 
gpu elapsed time: 8.000000 ms 
gpu elapsed time: 7.000000 ms 
gpu elapsed time: 5.000000 ms 
gpu elapsed time: 7.000000 ms 
gpu elapsed time: 7.000000 ms 
gpu elapsed time: 7.000000 ms 
gpu elapsed time: 6.000000 ms 
gpu elapsed time: 25.000000 ms 
gpu elapsed time: 11.000000 ms 
gpu elapsed time: 11.000000 ms 
gpu elapsed time: 9.000000 ms 
rc: 20, gpu elapsed time: 3.000000 ms 
rc: 20, gpu elapsed time: 3.000000 ms 
rc: 20, gpu elapsed time: 4.000000 ms 
rc: 20, gpu elapsed time: 4.000000 ms 
[02:36:53.300050][info] Task done in (s): 3.784000
