Program called with the following parameters:
 * downscale = 2
 * exportIntermediateResults = 0
 * imagesFolder = "D:/Automated-3D-Modeling-Project/Demonstration-for-regular-meeting/7.27/1time-60frame/meshroom/MeshroomCache/PrepareDenseScene/a3922d5b7ecaa2c7e402ac986e32f8dacda6106b"
 * input = "D:/Automated-3D-Modeling-Project/Demonstration-for-regular-meeting/7.27/1time-60frame/meshroom/MeshroomCache/StructureFromMotion/1525f89206b8cfb498d0e7f076ac99d51dcc32ff/sfm.abc"
 * maxViewAngle = 70
 * minViewAngle = 2
 * nbGPUs = 0
 * output = "D:/Automated-3D-Modeling-Project/Demonstration-for-regular-meeting/7.27/1time-60frame/meshroom/MeshroomCache/DepthMap/4563fa8309c7dfcea3947129619e2bbd3e4137b6"
 * rangeSize = 3
 * rangeStart = 21
 * refineGammaC = 15.5
 * refineGammaP = 8
 * refineMaxTCams = 6
 * refineNDepthsToRefine = 31
 * refineNSamplesHalf = 150
 * refineNiters = 100
 * refineSigma = 15
 * refineUseTcOrRcPixSize = 0
 * refineWSH = 3
 * sgmGammaC = 5.5
 * sgmGammaP = 8
 * sgmMaxTCams = 10
 * sgmWSH = 4
 * verboseLevel = "info"

[02:36:53.626053][info] CUDA-Enabled GPU.
Device information:
	- id:                      0
	- name:                    GeForce RTX 2070 SUPER
	- compute capability:      7.5
	- total device memory:     8192 MB 
	- device memory available: 6688 MB 
	- per-block shared memory: 49152
	- warp size:               32
	- max threads per block:   1024
	- max threads per SM(X):   1024
	- max block sizes:         {1024,1024,64}
	- max grid sizes:          {2147483647,65535,65535}
	- max 2D array texture:    {131072,65536}
	- max 3D array texture:    {16384,16384,16384}
	- max 2D linear texture:   {131072,65000,2097120}
	- max 2D layered texture:  {32768,32768,2048}
	- number of SM(x)s:        40
	- registers per SM(x):     65536
	- registers per block:     65536
	- concurrent kernels:      yes
	- mapping host memory:     yes
	- unified addressing:      yes
	- texture alignment:       512 byte
	- pitch alignment:         32 byte

[02:36:53.807057][info] Supported CUDA-Enabled GPU detected.
[02:36:53.831060][info] Found 63 image dimension(s): 
[02:36:53.831060][info] 	- [153x1080]
[02:36:53.831060][info] 	- [166x1037]
[02:36:53.831060][info] 	- [247x996]
[02:36:53.831060][info] 	- [265x960]
[02:36:53.831060][info] 	- [283x995]
[02:36:53.831060][info] 	- [320x1030]
[02:36:53.831060][info] 	- [343x967]
[02:36:53.831060][info] 	- [351x972]
[02:36:53.831060][info] 	- [354x942]
[02:36:53.831060][info] 	- [387x888]
[02:36:53.831060][info] 	- [387x1016]
[02:36:53.831060][info] 	- [388x1008]
[02:36:53.831060][info] 	- [390x976]
[02:36:53.831060][info] 	- [411x999]
[02:36:53.831060][info] 	- [414x1057]
[02:36:53.831060][info] 	- [419x1080]
[02:36:53.831060][info] 	- [422x1033]
[02:36:53.831060][info] 	- [426x1044]
[02:36:53.831060][info] 	- [429x1058]
[02:36:53.831060][info] 	- [432x991]
[02:36:53.831060][info] 	- [438x1035]
[02:36:53.831060][info] 	- [441x1035]
[02:36:53.831060][info] 	- [444x1051]
[02:36:53.831060][info] 	- [450x1080]
[02:36:53.831060][info] 	- [453x1061]
[02:36:53.831060][info] 	- [454x1080]
[02:36:53.831060][info] 	- [456x1080]
[02:36:53.831060][info] 	- [462x1080]
[02:36:53.831060][info] 	- [468x1080]
[02:36:53.831060][info] 	- [474x1080]
[02:36:53.832059][info] 	- [477x1032]
[02:36:53.832059][info] 	- [486x1080]
[02:36:53.832059][info] 	- [501x1080]
[02:36:53.832059][info] 	- [504x1080]
[02:36:53.832059][info] 	- [510x1080]
[02:36:53.832059][info] 	- [511x1080]
[02:36:53.832059][info] 	- [513x1080]
[02:36:53.832059][info] 	- [519x1080]
[02:36:53.832059][info] 	- [522x1080]
[02:36:53.832059][info] 	- [525x1080]
[02:36:53.832059][info] 	- [527x1080]
[02:36:53.832059][info] 	- [528x1080]
[02:36:53.832059][info] 	- [537x1080]
[02:36:53.832059][info] 	- [546x1080]
[02:36:53.832059][info] 	- [555x1080]
[02:36:53.832059][info] 	- [556x1080]
[02:36:53.832059][info] 	- [558x1080]
[02:36:53.832059][info] 	- [570x1080]
[02:36:53.832059][info] 	- [573x1080]
[02:36:53.832059][info] 	- [579x1080]
[02:36:53.832059][info] 	- [582x1080]
[02:36:53.832059][info] 	- [588x1080]
[02:36:53.832059][info] 	- [594x1080]
[02:36:53.832059][info] 	- [596x1080]
[02:36:53.832059][info] 	- [597x1080]
[02:36:53.832059][info] 	- [606x1080]
[02:36:53.832059][info] 	- [612x1080]
[02:36:53.832059][info] 	- [615x1080]
[02:36:53.832059][info] 	- [621x1080]
[02:36:53.832059][info] 	- [627x1080]
[02:36:53.832059][info] 	- [639x1080]
[02:36:53.832059][info] 	- [642x1080]
[02:36:53.832059][info] 	- [660x1080]
[02:36:53.915064][info] Overall maximum dimension: [660x1080]
[02:36:53.916062][info] Create depth maps.
number of CUDA devices:	1
   0: GeForce RTX 2070 SUPER
[02:36:53.916062][info] # GPU devices: 1, # CPU threads: 16
[02:36:53.916062][info] Plane sweeping parameters:
	- scale: 2
	- step: 1
[02:36:53.916062][info] PlaneSweepingCuda:
	- _nImgsInGPUAtTime: 29
	- scales: 2
	- subPixel: Yes
	- varianceWSH: 4
CUDA device no 0 for 0
Device 0 memory - used: 1503.962524, free: 6688.037598, total: 8192.000000
Device 0 memory - used: 1620.962524, free: 6571.037598, total: 8192.000000
[02:36:54.333055][info] Estimate depth map, view id: 704993788
Device 0 memory - used: 1639.212524, free: 6552.787598, total: 8192.000000
total size of volume map in GPU memory: 18.193359
nDepths 138, nDepthsToSearch 138 
ps_computeSimilarityVolume elapsed time: 2.000000 ms 
Device 0 memory - used: 1641.837524, free: 6550.162598, total: 8192.000000
total size of volume map in GPU memory: 20.830078
nDepths 158, nDepthsToSearch 158 
ps_computeSimilarityVolume elapsed time: 3.000000 ms 
Device 0 memory - used: 1653.025024, free: 6538.975098, total: 8192.000000
total size of volume map in GPU memory: 32.036133
nDepths 243, nDepthsToSearch 243 
ps_computeSimilarityVolume elapsed time: 2.000000 ms 
Device 0 memory - used: 1644.087524, free: 6547.912598, total: 8192.000000
total size of volume map in GPU memory: 23.071289
nDepths 175, nDepthsToSearch 175 
ps_computeSimilarityVolume elapsed time: 2.000000 ms 
Device 0 memory - used: 1638.900024, free: 6553.100098, total: 8192.000000
total size of volume map in GPU memory: 17.929688
nDepths 136, nDepthsToSearch 136 
ps_computeSimilarityVolume elapsed time: 2.000000 ms 
Device 0 memory - used: 1653.025024, free: 6538.975098, total: 8192.000000
total size of volume map in GPU memory: 32.036133
nDepths 243, nDepthsToSearch 243 
ps_computeSimilarityVolume elapsed time: 2.000000 ms 
Device 0 memory - used: 1641.587524, free: 6550.412598, total: 8192.000000
total size of volume map in GPU memory: 20.566406
nDepths 156, nDepthsToSearch 156 
ps_computeSimilarityVolume elapsed time: 3.000000 ms 
Device 0 memory - used: 1646.462524, free: 6545.537598, total: 8192.000000
total size of volume map in GPU memory: 25.444336
nDepths 193, nDepthsToSearch 193 
ps_computeSimilarityVolume elapsed time: 2.000000 ms 
Device 0 memory - used: 1644.212524, free: 6547.787598, total: 8192.000000
total size of volume map in GPU memory: 23.203125
nDepths 176, nDepthsToSearch 176 
ps_computeSimilarityVolume elapsed time: 2.000000 ms 
Device 0 memory - used: 1645.775024, free: 6546.225098, total: 8192.000000
total size of volume map in GPU memory: 24.785156
nDepths 188, nDepthsToSearch 188 
ps_computeSimilarityVolume elapsed time: 2.000000 ms 
ps_SGMoptimizeSimVolume
ps_updateAggrVolume
ps_aggregatePathVolume
ps_aggregatePathVolume done
ps_updateAggrVolume done
ps_updateAggrVolume
ps_aggregatePathVolume
ps_aggregatePathVolume done
ps_updateAggrVolume done
ps_updateAggrVolume
ps_aggregatePathVolume
ps_aggregatePathVolume done
ps_updateAggrVolume done
ps_updateAggrVolume
ps_aggregatePathVolume
ps_aggregatePathVolume done
ps_updateAggrVolume done
SGM volume gpu elapsed time: 59.000000 ms 
ps_SGMoptimizeSimVolume done
[02:36:55.047058][info] Refine depth map, view id: 704993788
gpu elapsed time: 5.000000 ms 
gpu elapsed time: 7.000000 ms 
gpu elapsed time: 7.000000 ms 
gpu elapsed time: 7.000000 ms 
gpu elapsed time: 5.000000 ms 
gpu elapsed time: 7.000000 ms 
gpu elapsed time: 8.000000 ms 
gpu elapsed time: 5.000000 ms 
gpu elapsed time: 7.000000 ms 
gpu elapsed time: 7.000000 ms 
gpu elapsed time: 8.000000 ms 
gpu elapsed time: 5.000000 ms 
gpu elapsed time: 5.000000 ms 
gpu elapsed time: 8.000000 ms 
gpu elapsed time: 5.000000 ms 
gpu elapsed time: 5.000000 ms 
gpu elapsed time: 5.000000 ms 
gpu elapsed time: 8.000000 ms 
gpu elapsed time: 8.000000 ms 
gpu elapsed time: 5.000000 ms 
gpu elapsed time: 5.000000 ms 
gpu elapsed time: 9.000000 ms 
gpu elapsed time: 7.000000 ms 
gpu elapsed time: 5.000000 ms 
gpu elapsed time: 26.000000 ms 
gpu elapsed time: 10.000000 ms 
gpu elapsed time: 10.000000 ms 
gpu elapsed time: 9.000000 ms 
rc: 21, gpu elapsed time: 3.000000 ms 
rc: 21, gpu elapsed time: 3.000000 ms 
rc: 21, gpu elapsed time: 3.000000 ms 
rc: 21, gpu elapsed time: 3.000000 ms 
[02:36:55.537059][info] Estimate depth map, view id: 710202055
Device 0 memory - used: 1639.837524, free: 6552.162598, total: 8192.000000
total size of volume map in GPU memory: 18.852539
nDepths 143, nDepthsToSearch 143 
ps_computeSimilarityVolume elapsed time: 2.000000 ms 
Device 0 memory - used: 1642.587524, free: 6549.412598, total: 8192.000000
total size of volume map in GPU memory: 21.621094
nDepths 164, nDepthsToSearch 164 
ps_computeSimilarityVolume elapsed time: 4.000000 ms 
Device 0 memory - used: 1651.587524, free: 6540.412598, total: 8192.000000
total size of volume map in GPU memory: 30.585938
nDepths 232, nDepthsToSearch 232 
ps_computeSimilarityVolume elapsed time: 3.000000 ms 
Device 0 memory - used: 1644.962524, free: 6547.037598, total: 8192.000000
total size of volume map in GPU memory: 23.994141
nDepths 182, nDepthsToSearch 182 
ps_computeSimilarityVolume elapsed time: 3.000000 ms 
Device 0 memory - used: 1646.462524, free: 6545.537598, total: 8192.000000
total size of volume map in GPU memory: 25.444336
nDepths 193, nDepthsToSearch 193 
ps_computeSimilarityVolume elapsed time: 3.000000 ms 
Device 0 memory - used: 1651.587524, free: 6540.412598, total: 8192.000000
total size of volume map in GPU memory: 30.585938
nDepths 232, nDepthsToSearch 232 
ps_computeSimilarityVolume elapsed time: 3.000000 ms 
Device 0 memory - used: 1647.900024, free: 6544.100098, total: 8192.000000
total size of volume map in GPU memory: 26.894531
nDepths 204, nDepthsToSearch 204 
ps_computeSimilarityVolume elapsed time: 2.000000 ms 
Device 0 memory - used: 1651.587524, free: 6540.412598, total: 8192.000000
total size of volume map in GPU memory: 30.585938
nDepths 232, nDepthsToSearch 232 
ps_computeSimilarityVolume elapsed time: 2.000000 ms 
Device 0 memory - used: 1647.212524, free: 6544.787598, total: 8192.000000
total size of volume map in GPU memory: 26.235352
nDepths 199, nDepthsToSearch 199 
ps_computeSimilarityVolume elapsed time: 2.000000 ms 
Device 0 memory - used: 1648.025024, free: 6543.975098, total: 8192.000000
total size of volume map in GPU memory: 27.026367
nDepths 205, nDepthsToSearch 205 
ps_computeSimilarityVolume elapsed time: 2.000000 ms 
ps_SGMoptimizeSimVolume
ps_updateAggrVolume
ps_aggregatePathVolume
ps_aggregatePathVolume done
ps_updateAggrVolume done
ps_updateAggrVolume
ps_aggregatePathVolume
ps_aggregatePathVolume done
ps_updateAggrVolume done
ps_updateAggrVolume
ps_aggregatePathVolume
ps_aggregatePathVolume done
ps_updateAggrVolume done
ps_updateAggrVolume
ps_aggregatePathVolume
ps_aggregatePathVolume done
ps_updateAggrVolume done
SGM volume gpu elapsed time: 55.000000 ms 
ps_SGMoptimizeSimVolume done
[02:36:56.167064][info] Refine depth map, view id: 710202055
gpu elapsed time: 5.000000 ms 
gpu elapsed time: 6.000000 ms 
gpu elapsed time: 6.000000 ms 
gpu elapsed time: 4.000000 ms 
gpu elapsed time: 6.000000 ms 
gpu elapsed time: 6.000000 ms 
gpu elapsed time: 7.000000 ms 
gpu elapsed time: 5.000000 ms 
gpu elapsed time: 5.000000 ms 
gpu elapsed time: 5.000000 ms 
gpu elapsed time: 6.000000 ms 
gpu elapsed time: 5.000000 ms 
gpu elapsed time: 5.000000 ms 
gpu elapsed time: 5.000000 ms 
gpu elapsed time: 5.000000 ms 
gpu elapsed time: 7.000000 ms 
gpu elapsed time: 5.000000 ms 
gpu elapsed time: 5.000000 ms 
gpu elapsed time: 5.000000 ms 
gpu elapsed time: 6.000000 ms 
gpu elapsed time: 5.000000 ms 
gpu elapsed time: 5.000000 ms 
gpu elapsed time: 5.000000 ms 
gpu elapsed time: 4.000000 ms 
gpu elapsed time: 26.000000 ms 
gpu elapsed time: 12.000000 ms 
gpu elapsed time: 9.000000 ms 
gpu elapsed time: 10.000000 ms 
rc: 22, gpu elapsed time: 3.000000 ms 
rc: 22, gpu elapsed time: 3.000000 ms 
rc: 22, gpu elapsed time: 2.000000 ms 
rc: 22, gpu elapsed time: 2.000000 ms 
[02:36:56.867065][info] Estimate depth map, view id: 723561013
Device 0 memory - used: 1647.087524, free: 6544.912598, total: 8192.000000
total size of volume map in GPU memory: 26.103516
nDepths 198, nDepthsToSearch 198 
ps_computeSimilarityVolume elapsed time: 2.000000 ms 
Device 0 memory - used: 1649.087524, free: 6542.912598, total: 8192.000000
total size of volume map in GPU memory: 28.081055
nDepths 213, nDepthsToSearch 213 
ps_computeSimilarityVolume elapsed time: 3.000000 ms 
Device 0 memory - used: 1649.462524, free: 6542.537598, total: 8192.000000
total size of volume map in GPU memory: 28.476563
nDepths 216, nDepthsToSearch 216 
ps_computeSimilarityVolume elapsed time: 2.000000 ms 
Device 0 memory - used: 1648.837524, free: 6543.162598, total: 8192.000000
total size of volume map in GPU memory: 27.817383
nDepths 211, nDepthsToSearch 211 
ps_computeSimilarityVolume elapsed time: 2.000000 ms 
Device 0 memory - used: 1648.650024, free: 6543.350098, total: 8192.000000
total size of volume map in GPU memory: 27.685547
nDepths 210, nDepthsToSearch 210 
ps_computeSimilarityVolume elapsed time: 2.000000 ms 
Device 0 memory - used: 1643.025024, free: 6548.975098, total: 8192.000000
total size of volume map in GPU memory: 22.016602
nDepths 167, nDepthsToSearch 167 
ps_computeSimilarityVolume elapsed time: 2.000000 ms 
Device 0 memory - used: 1645.525024, free: 6546.475098, total: 8192.000000
total size of volume map in GPU memory: 24.521484
nDepths 186, nDepthsToSearch 186 
ps_computeSimilarityVolume elapsed time: 2.000000 ms 
Device 0 memory - used: 1647.212524, free: 6544.787598, total: 8192.000000
total size of volume map in GPU memory: 26.235352
nDepths 199, nDepthsToSearch 199 
ps_computeSimilarityVolume elapsed time: 3.000000 ms 
Device 0 memory - used: 1646.837524, free: 6545.162598, total: 8192.000000
total size of volume map in GPU memory: 25.839844
nDepths 196, nDepthsToSearch 196 
ps_computeSimilarityVolume elapsed time: 3.000000 ms 
Device 0 memory - used: 1646.275024, free: 6545.725098, total: 8192.000000
total size of volume map in GPU memory: 25.312500
nDepths 192, nDepthsToSearch 192 
ps_computeSimilarityVolume elapsed time: 2.000000 ms 
ps_SGMoptimizeSimVolume
ps_updateAggrVolume
ps_aggregatePathVolume
ps_aggregatePathVolume done
ps_updateAggrVolume done
ps_updateAggrVolume
ps_aggregatePathVolume
ps_aggregatePathVolume done
ps_updateAggrVolume done
ps_updateAggrVolume
ps_aggregatePathVolume
ps_aggregatePathVolume done
ps_updateAggrVolume done
ps_updateAggrVolume
ps_aggregatePathVolume
ps_aggregatePathVolume done
ps_updateAggrVolume done
SGM volume gpu elapsed time: 52.000000 ms 
ps_SGMoptimizeSimVolume done
[02:36:57.558067][info] Refine depth map, view id: 723561013
gpu elapsed time: 5.000000 ms 
gpu elapsed time: 5.000000 ms 
gpu elapsed time: 5.000000 ms 
gpu elapsed time: 6.000000 ms 
gpu elapsed time: 6.000000 ms 
gpu elapsed time: 6.000000 ms 
gpu elapsed time: 5.000000 ms 
gpu elapsed time: 6.000000 ms 
gpu elapsed time: 5.000000 ms 
gpu elapsed time: 5.000000 ms 
gpu elapsed time: 5.000000 ms 
gpu elapsed time: 7.000000 ms 
gpu elapsed time: 6.000000 ms 
gpu elapsed time: 5.000000 ms 
gpu elapsed time: 5.000000 ms 
gpu elapsed time: 5.000000 ms 
gpu elapsed time: 6.000000 ms 
gpu elapsed time: 5.000000 ms 
gpu elapsed time: 5.000000 ms 
gpu elapsed time: 5.000000 ms 
gpu elapsed time: 7.000000 ms 
gpu elapsed time: 5.000000 ms 
gpu elapsed time: 5.000000 ms 
gpu elapsed time: 6.000000 ms 
gpu elapsed time: 27.000000 ms 
gpu elapsed time: 11.000000 ms 
gpu elapsed time: 9.000000 ms 
gpu elapsed time: 10.000000 ms 
rc: 23, gpu elapsed time: 3.000000 ms 
rc: 23, gpu elapsed time: 3.000000 ms 
rc: 23, gpu elapsed time: 3.000000 ms 
rc: 23, gpu elapsed time: 3.000000 ms 
[02:36:57.898069][info] Task done in (s): 4.273000
