Program called with the following parameters:
 * downscale = 2
 * exportIntermediateResults = 0
 * imagesFolder = "D:/Automated-3D-Modeling-Project/Demonstration-for-regular-meeting/7.27/1time-60frame/meshroom/MeshroomCache/PrepareDenseScene/a3922d5b7ecaa2c7e402ac986e32f8dacda6106b"
 * input = "D:/Automated-3D-Modeling-Project/Demonstration-for-regular-meeting/7.27/1time-60frame/meshroom/MeshroomCache/StructureFromMotion/1525f89206b8cfb498d0e7f076ac99d51dcc32ff/sfm.abc"
 * maxViewAngle = 70
 * minViewAngle = 2
 * nbGPUs = 0
 * output = "D:/Automated-3D-Modeling-Project/Demonstration-for-regular-meeting/7.27/1time-60frame/meshroom/MeshroomCache/DepthMap/4563fa8309c7dfcea3947129619e2bbd3e4137b6"
 * rangeSize = 3
 * rangeStart = 24
 * refineGammaC = 15.5
 * refineGammaP = 8
 * refineMaxTCams = 6
 * refineNDepthsToRefine = 31
 * refineNSamplesHalf = 150
 * refineNiters = 100
 * refineSigma = 15
 * refineUseTcOrRcPixSize = 0
 * refineWSH = 3
 * sgmGammaC = 5.5
 * sgmGammaP = 8
 * sgmMaxTCams = 10
 * sgmWSH = 4
 * verboseLevel = "info"

[02:36:58.240073][info] CUDA-Enabled GPU.
Device information:
	- id:                      0
	- name:                    GeForce RTX 2070 SUPER
	- compute capability:      7.5
	- total device memory:     8192 MB 
	- device memory available: 6688 MB 
	- per-block shared memory: 49152
	- warp size:               32
	- max threads per block:   1024
	- max threads per SM(X):   1024
	- max block sizes:         {1024,1024,64}
	- max grid sizes:          {2147483647,65535,65535}
	- max 2D array texture:    {131072,65536}
	- max 3D array texture:    {16384,16384,16384}
	- max 2D linear texture:   {131072,65000,2097120}
	- max 2D layered texture:  {32768,32768,2048}
	- number of SM(x)s:        40
	- registers per SM(x):     65536
	- registers per block:     65536
	- concurrent kernels:      yes
	- mapping host memory:     yes
	- unified addressing:      yes
	- texture alignment:       512 byte
	- pitch alignment:         32 byte

[02:36:58.440078][info] Supported CUDA-Enabled GPU detected.
[02:36:58.466079][info] Found 63 image dimension(s): 
[02:36:58.466079][info] 	- [153x1080]
[02:36:58.466079][info] 	- [166x1037]
[02:36:58.466079][info] 	- [247x996]
[02:36:58.466079][info] 	- [265x960]
[02:36:58.466079][info] 	- [283x995]
[02:36:58.466079][info] 	- [320x1030]
[02:36:58.466079][info] 	- [343x967]
[02:36:58.466079][info] 	- [351x972]
[02:36:58.466079][info] 	- [354x942]
[02:36:58.466079][info] 	- [387x888]
[02:36:58.466079][info] 	- [387x1016]
[02:36:58.466079][info] 	- [388x1008]
[02:36:58.466079][info] 	- [390x976]
[02:36:58.466079][info] 	- [411x999]
[02:36:58.466079][info] 	- [414x1057]
[02:36:58.466079][info] 	- [419x1080]
[02:36:58.466079][info] 	- [422x1033]
[02:36:58.466079][info] 	- [426x1044]
[02:36:58.466079][info] 	- [429x1058]
[02:36:58.466079][info] 	- [432x991]
[02:36:58.466079][info] 	- [438x1035]
[02:36:58.466079][info] 	- [441x1035]
[02:36:58.466079][info] 	- [444x1051]
[02:36:58.466079][info] 	- [450x1080]
[02:36:58.466079][info] 	- [453x1061]
[02:36:58.466079][info] 	- [454x1080]
[02:36:58.466079][info] 	- [456x1080]
[02:36:58.466079][info] 	- [462x1080]
[02:36:58.466079][info] 	- [468x1080]
[02:36:58.466079][info] 	- [474x1080]
[02:36:58.466079][info] 	- [477x1032]
[02:36:58.466079][info] 	- [486x1080]
[02:36:58.466079][info] 	- [501x1080]
[02:36:58.466079][info] 	- [504x1080]
[02:36:58.466079][info] 	- [510x1080]
[02:36:58.466079][info] 	- [511x1080]
[02:36:58.466079][info] 	- [513x1080]
[02:36:58.466079][info] 	- [519x1080]
[02:36:58.466079][info] 	- [522x1080]
[02:36:58.466079][info] 	- [525x1080]
[02:36:58.466079][info] 	- [527x1080]
[02:36:58.466079][info] 	- [528x1080]
[02:36:58.466079][info] 	- [537x1080]
[02:36:58.466079][info] 	- [546x1080]
[02:36:58.466079][info] 	- [555x1080]
[02:36:58.466079][info] 	- [556x1080]
[02:36:58.466079][info] 	- [558x1080]
[02:36:58.466079][info] 	- [570x1080]
[02:36:58.466079][info] 	- [573x1080]
[02:36:58.466079][info] 	- [579x1080]
[02:36:58.466079][info] 	- [582x1080]
[02:36:58.466079][info] 	- [588x1080]
[02:36:58.466079][info] 	- [594x1080]
[02:36:58.466079][info] 	- [596x1080]
[02:36:58.466079][info] 	- [597x1080]
[02:36:58.466079][info] 	- [606x1080]
[02:36:58.466079][info] 	- [612x1080]
[02:36:58.466079][info] 	- [615x1080]
[02:36:58.466079][info] 	- [621x1080]
[02:36:58.466079][info] 	- [627x1080]
[02:36:58.466079][info] 	- [639x1080]
[02:36:58.466079][info] 	- [642x1080]
[02:36:58.466079][info] 	- [660x1080]
[02:36:58.528079][info] Overall maximum dimension: [660x1080]
[02:36:58.528079][info] Create depth maps.
number of CUDA devices:	1
   0: GeForce RTX 2070 SUPER
[02:36:58.528079][info] # GPU devices: 1, # CPU threads: 16
[02:36:58.528079][info] Plane sweeping parameters:
	- scale: 2
	- step: 1
[02:36:58.528079][info] PlaneSweepingCuda:
	- _nImgsInGPUAtTime: 29
	- scales: 2
	- subPixel: Yes
	- varianceWSH: 4
CUDA device no 0 for 0
Device 0 memory - used: 1503.962524, free: 6688.037598, total: 8192.000000
Device 0 memory - used: 1620.962524, free: 6571.037598, total: 8192.000000
[02:36:58.844073][info] Estimate depth map, view id: 741873699
Device 0 memory - used: 1637.212524, free: 6554.787598, total: 8192.000000
total size of volume map in GPU memory: 16.226563
nDepths 134, nDepthsToSearch 134 
ps_computeSimilarityVolume elapsed time: 2.000000 ms 
Device 0 memory - used: 1640.712524, free: 6551.287598, total: 8192.000000
total size of volume map in GPU memory: 19.738281
nDepths 163, nDepthsToSearch 163 
ps_computeSimilarityVolume elapsed time: 3.000000 ms 
Device 0 memory - used: 1640.712524, free: 6551.287598, total: 8192.000000
total size of volume map in GPU memory: 19.738281
nDepths 163, nDepthsToSearch 163 
ps_computeSimilarityVolume elapsed time: 2.000000 ms 
Device 0 memory - used: 1640.025024, free: 6551.975098, total: 8192.000000
total size of volume map in GPU memory: 19.011719
nDepths 157, nDepthsToSearch 157 
ps_computeSimilarityVolume elapsed time: 2.000000 ms 
Device 0 memory - used: 1637.337524, free: 6554.662598, total: 8192.000000
total size of volume map in GPU memory: 16.347656
nDepths 135, nDepthsToSearch 135 
ps_computeSimilarityVolume elapsed time: 2.000000 ms 
Device 0 memory - used: 1640.587524, free: 6551.412598, total: 8192.000000
total size of volume map in GPU memory: 19.617188
nDepths 162, nDepthsToSearch 162 
ps_computeSimilarityVolume elapsed time: 2.000000 ms 
Device 0 memory - used: 1639.525024, free: 6552.475098, total: 8192.000000
total size of volume map in GPU memory: 18.527344
nDepths 153, nDepthsToSearch 153 
ps_computeSimilarityVolume elapsed time: 2.000000 ms 
Device 0 memory - used: 1638.400024, free: 6553.600098, total: 8192.000000
total size of volume map in GPU memory: 17.437500
nDepths 144, nDepthsToSearch 144 
ps_computeSimilarityVolume elapsed time: 2.000000 ms 
Device 0 memory - used: 1640.712524, free: 6551.287598, total: 8192.000000
total size of volume map in GPU memory: 19.738281
nDepths 163, nDepthsToSearch 163 
ps_computeSimilarityVolume elapsed time: 2.000000 ms 
Device 0 memory - used: 1638.525024, free: 6553.475098, total: 8192.000000
total size of volume map in GPU memory: 17.558594
nDepths 145, nDepthsToSearch 145 
ps_computeSimilarityVolume elapsed time: 2.000000 ms 
ps_SGMoptimizeSimVolume
ps_updateAggrVolume
ps_aggregatePathVolume
ps_aggregatePathVolume done
ps_updateAggrVolume done
ps_updateAggrVolume
ps_aggregatePathVolume
ps_aggregatePathVolume done
ps_updateAggrVolume done
ps_updateAggrVolume
ps_aggregatePathVolume
ps_aggregatePathVolume done
ps_updateAggrVolume done
ps_updateAggrVolume
ps_aggregatePathVolume
ps_aggregatePathVolume done
ps_updateAggrVolume done
SGM volume gpu elapsed time: 35.000000 ms 
ps_SGMoptimizeSimVolume done
[02:36:59.205074][info] Refine depth map, view id: 741873699
gpu elapsed time: 5.000000 ms 
gpu elapsed time: 5.000000 ms 
gpu elapsed time: 5.000000 ms 
gpu elapsed time: 2.000000 ms 
gpu elapsed time: 6.000000 ms 
gpu elapsed time: 5.000000 ms 
gpu elapsed time: 5.000000 ms 
gpu elapsed time: 3.000000 ms 
gpu elapsed time: 6.000000 ms 
gpu elapsed time: 7.000000 ms 
gpu elapsed time: 5.000000 ms 
gpu elapsed time: 2.000000 ms 
gpu elapsed time: 5.000000 ms 
gpu elapsed time: 4.000000 ms 
gpu elapsed time: 7.000000 ms 
gpu elapsed time: 3.000000 ms 
gpu elapsed time: 4.000000 ms 
gpu elapsed time: 5.000000 ms 
gpu elapsed time: 5.000000 ms 
gpu elapsed time: 4.000000 ms 
gpu elapsed time: 3.000000 ms 
gpu elapsed time: 3.000000 ms 
gpu elapsed time: 5.000000 ms 
gpu elapsed time: 3.000000 ms 
gpu elapsed time: 10.000000 ms 
gpu elapsed time: 9.000000 ms 
gpu elapsed time: 9.000000 ms 
gpu elapsed time: 9.000000 ms 
rc: 24, gpu elapsed time: 2.000000 ms 
rc: 24, gpu elapsed time: 3.000000 ms 
rc: 24, gpu elapsed time: 2.000000 ms 
rc: 24, gpu elapsed time: 3.000000 ms 
[02:36:59.560076][info] Estimate depth map, view id: 865425758
Device 0 memory - used: 1631.837524, free: 6560.162598, total: 8192.000000
total size of volume map in GPU memory: 10.833984
nDepths 86, nDepthsToSearch 86 
ps_computeSimilarityVolume elapsed time: 1.000000 ms 
Device 0 memory - used: 1633.462524, free: 6558.537598, total: 8192.000000
total size of volume map in GPU memory: 12.471680
nDepths 99, nDepthsToSearch 99 
ps_computeSimilarityVolume elapsed time: 2.000000 ms 
Device 0 memory - used: 1632.837524, free: 6559.162598, total: 8192.000000
total size of volume map in GPU memory: 11.841797
nDepths 94, nDepthsToSearch 94 
ps_computeSimilarityVolume elapsed time: 2.000000 ms 
Device 0 memory - used: 1632.962524, free: 6559.037598, total: 8192.000000
total size of volume map in GPU memory: 11.967773
nDepths 95, nDepthsToSearch 95 
ps_computeSimilarityVolume elapsed time: 2.000000 ms 
Device 0 memory - used: 1630.212524, free: 6561.787598, total: 8192.000000
total size of volume map in GPU memory: 9.196289
nDepths 73, nDepthsToSearch 73 
ps_computeSimilarityVolume elapsed time: 2.000000 ms 
Device 0 memory - used: 1633.712524, free: 6558.287598, total: 8192.000000
total size of volume map in GPU memory: 12.723633
nDepths 101, nDepthsToSearch 101 
ps_computeSimilarityVolume elapsed time: 1.000000 ms 
Device 0 memory - used: 1631.837524, free: 6560.162598, total: 8192.000000
total size of volume map in GPU memory: 10.833984
nDepths 86, nDepthsToSearch 86 
ps_computeSimilarityVolume elapsed time: 1.000000 ms 
Device 0 memory - used: 1630.462524, free: 6561.537598, total: 8192.000000
total size of volume map in GPU memory: 9.448242
nDepths 75, nDepthsToSearch 75 
ps_computeSimilarityVolume elapsed time: 1.000000 ms 
Device 0 memory - used: 1633.087524, free: 6558.912598, total: 8192.000000
total size of volume map in GPU memory: 12.093750
nDepths 96, nDepthsToSearch 96 
ps_computeSimilarityVolume elapsed time: 2.000000 ms 
Device 0 memory - used: 1631.837524, free: 6560.162598, total: 8192.000000
total size of volume map in GPU memory: 10.833984
nDepths 86, nDepthsToSearch 86 
ps_computeSimilarityVolume elapsed time: 1.000000 ms 
ps_SGMoptimizeSimVolume
ps_updateAggrVolume
ps_aggregatePathVolume
ps_aggregatePathVolume done
ps_updateAggrVolume done
ps_updateAggrVolume
ps_aggregatePathVolume
ps_aggregatePathVolume done
ps_updateAggrVolume done
ps_updateAggrVolume
ps_aggregatePathVolume
ps_aggregatePathVolume done
ps_updateAggrVolume done
ps_updateAggrVolume
ps_aggregatePathVolume
ps_aggregatePathVolume done
ps_updateAggrVolume done
SGM volume gpu elapsed time: 32.000000 ms 
ps_SGMoptimizeSimVolume done
[02:36:59.885077][info] Refine depth map, view id: 865425758
gpu elapsed time: 5.000000 ms 
gpu elapsed time: 5.000000 ms 
gpu elapsed time: 6.000000 ms 
gpu elapsed time: 5.000000 ms 
gpu elapsed time: 6.000000 ms 
gpu elapsed time: 5.000000 ms 
gpu elapsed time: 5.000000 ms 
gpu elapsed time: 5.000000 ms 
gpu elapsed time: 6.000000 ms 
gpu elapsed time: 5.000000 ms 
gpu elapsed time: 6.000000 ms 
gpu elapsed time: 6.000000 ms 
gpu elapsed time: 5.000000 ms 
gpu elapsed time: 5.000000 ms 
gpu elapsed time: 6.000000 ms 
gpu elapsed time: 5.000000 ms 
gpu elapsed time: 7.000000 ms 
gpu elapsed time: 6.000000 ms 
gpu elapsed time: 5.000000 ms 
gpu elapsed time: 5.000000 ms 
gpu elapsed time: 7.000000 ms 
gpu elapsed time: 5.000000 ms 
gpu elapsed time: 5.000000 ms 
gpu elapsed time: 5.000000 ms 
gpu elapsed time: 23.000000 ms 
gpu elapsed time: 10.000000 ms 
gpu elapsed time: 12.000000 ms 
gpu elapsed time: 10.000000 ms 
rc: 25, gpu elapsed time: 3.000000 ms 
rc: 25, gpu elapsed time: 3.000000 ms 
rc: 25, gpu elapsed time: 3.000000 ms 
rc: 25, gpu elapsed time: 2.000000 ms 
[02:37:00.217079][info] Estimate depth map, view id: 949647164
Device 0 memory - used: 1643.150024, free: 6548.850098, total: 8192.000000
total size of volume map in GPU memory: 22.127930
nDepths 182, nDepthsToSearch 182 
ps_computeSimilarityVolume elapsed time: 1.000000 ms 
Device 0 memory - used: 1639.087524, free: 6552.912598, total: 8192.000000
total size of volume map in GPU memory: 18.115723
nDepths 149, nDepthsToSearch 149 
ps_computeSimilarityVolume elapsed time: 2.000000 ms 
Device 0 memory - used: 1637.400024, free: 6554.600098, total: 8192.000000
total size of volume map in GPU memory: 16.413574
nDepths 135, nDepthsToSearch 135 
ps_computeSimilarityVolume elapsed time: 1.000000 ms 
Device 0 memory - used: 1643.150024, free: 6548.850098, total: 8192.000000
total size of volume map in GPU memory: 22.127930
nDepths 182, nDepthsToSearch 182 
ps_computeSimilarityVolume elapsed time: 2.000000 ms 
Device 0 memory - used: 1643.150024, free: 6548.850098, total: 8192.000000
total size of volume map in GPU memory: 22.127930
nDepths 182, nDepthsToSearch 182 
ps_computeSimilarityVolume elapsed time: 2.000000 ms 
Device 0 memory - used: 1641.400024, free: 6550.600098, total: 8192.000000
total size of volume map in GPU memory: 20.425781
nDepths 168, nDepthsToSearch 168 
ps_computeSimilarityVolume elapsed time: 3.000000 ms 
Device 0 memory - used: 1641.650024, free: 6550.350098, total: 8192.000000
total size of volume map in GPU memory: 20.668945
nDepths 170, nDepthsToSearch 170 
ps_computeSimilarityVolume elapsed time: 2.000000 ms 
Device 0 memory - used: 1638.837524, free: 6553.162598, total: 8192.000000
total size of volume map in GPU memory: 17.872559
nDepths 147, nDepthsToSearch 147 
ps_computeSimilarityVolume elapsed time: 2.000000 ms 
Device 0 memory - used: 1640.712524, free: 6551.287598, total: 8192.000000
total size of volume map in GPU memory: 19.696289
nDepths 162, nDepthsToSearch 162 
ps_computeSimilarityVolume elapsed time: 2.000000 ms 
Device 0 memory - used: 1639.962524, free: 6552.037598, total: 8192.000000
total size of volume map in GPU memory: 18.966797
nDepths 156, nDepthsToSearch 156 
ps_computeSimilarityVolume elapsed time: 2.000000 ms 
ps_SGMoptimizeSimVolume
ps_updateAggrVolume
ps_aggregatePathVolume
ps_aggregatePathVolume done
ps_updateAggrVolume done
ps_updateAggrVolume
ps_aggregatePathVolume
ps_aggregatePathVolume done
ps_updateAggrVolume done
ps_updateAggrVolume
ps_aggregatePathVolume
ps_aggregatePathVolume done
ps_updateAggrVolume done
ps_updateAggrVolume
ps_aggregatePathVolume
ps_aggregatePathVolume done
ps_updateAggrVolume done
SGM volume gpu elapsed time: 34.000000 ms 
ps_SGMoptimizeSimVolume done
[02:37:00.528079][info] Refine depth map, view id: 949647164
gpu elapsed time: 3.000000 ms 
gpu elapsed time: 3.000000 ms 
gpu elapsed time: 3.000000 ms 
gpu elapsed time: 3.000000 ms 
gpu elapsed time: 3.000000 ms 
gpu elapsed time: 3.000000 ms 
gpu elapsed time: 3.000000 ms 
gpu elapsed time: 3.000000 ms 
gpu elapsed time: 4.000000 ms 
gpu elapsed time: 3.000000 ms 
gpu elapsed time: 3.000000 ms 
gpu elapsed time: 3.000000 ms 
gpu elapsed time: 3.000000 ms 
gpu elapsed time: 2.000000 ms 
gpu elapsed time: 3.000000 ms 
gpu elapsed time: 4.000000 ms 
gpu elapsed time: 3.000000 ms 
gpu elapsed time: 3.000000 ms 
gpu elapsed time: 3.000000 ms 
gpu elapsed time: 2.000000 ms 
gpu elapsed time: 3.000000 ms 
gpu elapsed time: 3.000000 ms 
gpu elapsed time: 4.000000 ms 
gpu elapsed time: 3.000000 ms 
gpu elapsed time: 9.000000 ms 
gpu elapsed time: 9.000000 ms 
gpu elapsed time: 10.000000 ms 
gpu elapsed time: 10.000000 ms 
rc: 26, gpu elapsed time: 2.000000 ms 
rc: 26, gpu elapsed time: 3.000000 ms 
rc: 26, gpu elapsed time: 3.000000 ms 
rc: 26, gpu elapsed time: 3.000000 ms 
[02:37:00.758080][info] Task done in (s): 2.519000
