Program called with the following parameters:
 * downscale = 2
 * exportIntermediateResults = 0
 * imagesFolder = "D:/Automated-3D-Modeling-Project/Demonstration-for-regular-meeting/7.27/1time-60frame/meshroom/MeshroomCache/PrepareDenseScene/a3922d5b7ecaa2c7e402ac986e32f8dacda6106b"
 * input = "D:/Automated-3D-Modeling-Project/Demonstration-for-regular-meeting/7.27/1time-60frame/meshroom/MeshroomCache/StructureFromMotion/1525f89206b8cfb498d0e7f076ac99d51dcc32ff/sfm.abc"
 * maxViewAngle = 70
 * minViewAngle = 2
 * nbGPUs = 0
 * output = "D:/Automated-3D-Modeling-Project/Demonstration-for-regular-meeting/7.27/1time-60frame/meshroom/MeshroomCache/DepthMap/4563fa8309c7dfcea3947129619e2bbd3e4137b6"
 * rangeSize = 3
 * rangeStart = 27
 * refineGammaC = 15.5
 * refineGammaP = 8
 * refineMaxTCams = 6
 * refineNDepthsToRefine = 31
 * refineNSamplesHalf = 150
 * refineNiters = 100
 * refineSigma = 15
 * refineUseTcOrRcPixSize = 0
 * refineWSH = 3
 * sgmGammaC = 5.5
 * sgmGammaP = 8
 * sgmMaxTCams = 10
 * sgmWSH = 4
 * verboseLevel = "info"

[02:37:01.092082][info] CUDA-Enabled GPU.
Device information:
	- id:                      0
	- name:                    GeForce RTX 2070 SUPER
	- compute capability:      7.5
	- total device memory:     8192 MB 
	- device memory available: 6688 MB 
	- per-block shared memory: 49152
	- warp size:               32
	- max threads per block:   1024
	- max threads per SM(X):   1024
	- max block sizes:         {1024,1024,64}
	- max grid sizes:          {2147483647,65535,65535}
	- max 2D array texture:    {131072,65536}
	- max 3D array texture:    {16384,16384,16384}
	- max 2D linear texture:   {131072,65000,2097120}
	- max 2D layered texture:  {32768,32768,2048}
	- number of SM(x)s:        40
	- registers per SM(x):     65536
	- registers per block:     65536
	- concurrent kernels:      yes
	- mapping host memory:     yes
	- unified addressing:      yes
	- texture alignment:       512 byte
	- pitch alignment:         32 byte

[02:37:01.303092][info] Supported CUDA-Enabled GPU detected.
[02:37:01.329092][info] Found 63 image dimension(s): 
[02:37:01.329092][info] 	- [153x1080]
[02:37:01.329092][info] 	- [166x1037]
[02:37:01.329092][info] 	- [247x996]
[02:37:01.329092][info] 	- [265x960]
[02:37:01.329092][info] 	- [283x995]
[02:37:01.329092][info] 	- [320x1030]
[02:37:01.329092][info] 	- [343x967]
[02:37:01.329092][info] 	- [351x972]
[02:37:01.329092][info] 	- [354x942]
[02:37:01.329092][info] 	- [387x888]
[02:37:01.329092][info] 	- [387x1016]
[02:37:01.329092][info] 	- [388x1008]
[02:37:01.329092][info] 	- [390x976]
[02:37:01.329092][info] 	- [411x999]
[02:37:01.329092][info] 	- [414x1057]
[02:37:01.329092][info] 	- [419x1080]
[02:37:01.329092][info] 	- [422x1033]
[02:37:01.329092][info] 	- [426x1044]
[02:37:01.329092][info] 	- [429x1058]
[02:37:01.329092][info] 	- [432x991]
[02:37:01.329092][info] 	- [438x1035]
[02:37:01.329092][info] 	- [441x1035]
[02:37:01.329092][info] 	- [444x1051]
[02:37:01.329092][info] 	- [450x1080]
[02:37:01.329092][info] 	- [453x1061]
[02:37:01.329092][info] 	- [454x1080]
[02:37:01.329092][info] 	- [456x1080]
[02:37:01.329092][info] 	- [462x1080]
[02:37:01.329092][info] 	- [468x1080]
[02:37:01.329092][info] 	- [474x1080]
[02:37:01.329092][info] 	- [477x1032]
[02:37:01.329092][info] 	- [486x1080]
[02:37:01.329092][info] 	- [501x1080]
[02:37:01.329092][info] 	- [504x1080]
[02:37:01.329092][info] 	- [510x1080]
[02:37:01.329092][info] 	- [511x1080]
[02:37:01.329092][info] 	- [513x1080]
[02:37:01.329092][info] 	- [519x1080]
[02:37:01.329092][info] 	- [522x1080]
[02:37:01.329092][info] 	- [525x1080]
[02:37:01.329092][info] 	- [527x1080]
[02:37:01.329092][info] 	- [528x1080]
[02:37:01.329092][info] 	- [537x1080]
[02:37:01.329092][info] 	- [546x1080]
[02:37:01.329092][info] 	- [555x1080]
[02:37:01.329092][info] 	- [556x1080]
[02:37:01.329092][info] 	- [558x1080]
[02:37:01.329092][info] 	- [570x1080]
[02:37:01.329092][info] 	- [573x1080]
[02:37:01.329092][info] 	- [579x1080]
[02:37:01.329092][info] 	- [582x1080]
[02:37:01.329092][info] 	- [588x1080]
[02:37:01.329092][info] 	- [594x1080]
[02:37:01.329092][info] 	- [596x1080]
[02:37:01.329092][info] 	- [597x1080]
[02:37:01.329092][info] 	- [606x1080]
[02:37:01.329092][info] 	- [612x1080]
[02:37:01.329092][info] 	- [615x1080]
[02:37:01.329092][info] 	- [621x1080]
[02:37:01.329092][info] 	- [627x1080]
[02:37:01.329092][info] 	- [639x1080]
[02:37:01.329092][info] 	- [642x1080]
[02:37:01.329092][info] 	- [660x1080]
[02:37:01.403090][info] Overall maximum dimension: [660x1080]
[02:37:01.403090][info] Create depth maps.
number of CUDA devices:	1
   0: GeForce RTX 2070 SUPER
[02:37:01.403090][info] # GPU devices: 1, # CPU threads: 16
[02:37:01.404090][info] Plane sweeping parameters:
	- scale: 2
	- step: 1
[02:37:01.404090][info] PlaneSweepingCuda:
	- _nImgsInGPUAtTime: 29
	- scales: 2
	- subPixel: Yes
	- varianceWSH: 4
CUDA device no 0 for 0
Device 0 memory - used: 1503.962524, free: 6688.037598, total: 8192.000000
Device 0 memory - used: 1620.962524, free: 6571.037598, total: 8192.000000
[02:37:01.847086][info] Estimate depth map, view id: 1001621905
Device 0 memory - used: 1644.587524, free: 6547.412598, total: 8192.000000
total size of volume map in GPU memory: 23.598633
nDepths 179, nDepthsToSearch 179 
ps_computeSimilarityVolume elapsed time: 2.000000 ms 
Device 0 memory - used: 1642.775024, free: 6549.225098, total: 8192.000000
total size of volume map in GPU memory: 21.752930
nDepths 165, nDepthsToSearch 165 
ps_computeSimilarityVolume elapsed time: 3.000000 ms 
Device 0 memory - used: 1646.837524, free: 6545.162598, total: 8192.000000
total size of volume map in GPU memory: 25.839844
nDepths 196, nDepthsToSearch 196 
ps_computeSimilarityVolume elapsed time: 3.000000 ms 
Device 0 memory - used: 1640.400024, free: 6551.600098, total: 8192.000000
total size of volume map in GPU memory: 19.379883
nDepths 147, nDepthsToSearch 147 
ps_computeSimilarityVolume elapsed time: 2.000000 ms 
Device 0 memory - used: 1640.212524, free: 6551.787598, total: 8192.000000
total size of volume map in GPU memory: 19.248047
nDepths 146, nDepthsToSearch 146 
ps_computeSimilarityVolume elapsed time: 2.000000 ms 
Device 0 memory - used: 1648.275024, free: 6543.725098, total: 8192.000000
total size of volume map in GPU memory: 27.290039
nDepths 207, nDepthsToSearch 207 
ps_computeSimilarityVolume elapsed time: 3.000000 ms 
Device 0 memory - used: 1651.837524, free: 6540.162598, total: 8192.000000
total size of volume map in GPU memory: 30.849609
nDepths 234, nDepthsToSearch 234 
ps_computeSimilarityVolume elapsed time: 3.000000 ms 
Device 0 memory - used: 1642.587524, free: 6549.412598, total: 8192.000000
total size of volume map in GPU memory: 21.621094
nDepths 164, nDepthsToSearch 164 
ps_computeSimilarityVolume elapsed time: 2.000000 ms 
Device 0 memory - used: 1650.150024, free: 6541.850098, total: 8192.000000
total size of volume map in GPU memory: 29.135742
nDepths 221, nDepthsToSearch 221 
ps_computeSimilarityVolume elapsed time: 3.000000 ms 
Device 0 memory - used: 1645.400024, free: 6546.600098, total: 8192.000000
total size of volume map in GPU memory: 24.389648
nDepths 185, nDepthsToSearch 185 
ps_computeSimilarityVolume elapsed time: 2.000000 ms 
ps_SGMoptimizeSimVolume
ps_updateAggrVolume
ps_aggregatePathVolume
ps_aggregatePathVolume done
ps_updateAggrVolume done
ps_updateAggrVolume
ps_aggregatePathVolume
ps_aggregatePathVolume done
ps_updateAggrVolume done
ps_updateAggrVolume
ps_aggregatePathVolume
ps_aggregatePathVolume done
ps_updateAggrVolume done
ps_updateAggrVolume
ps_aggregatePathVolume
ps_aggregatePathVolume done
ps_updateAggrVolume done
SGM volume gpu elapsed time: 64.000000 ms 
ps_SGMoptimizeSimVolume done
[02:37:02.659097][info] Refine depth map, view id: 1001621905
gpu elapsed time: 5.000000 ms 
gpu elapsed time: 9.000000 ms 
gpu elapsed time: 7.000000 ms 
gpu elapsed time: 6.000000 ms 
gpu elapsed time: 5.000000 ms 
gpu elapsed time: 9.000000 ms 
gpu elapsed time: 7.000000 ms 
gpu elapsed time: 6.000000 ms 
gpu elapsed time: 6.000000 ms 
gpu elapsed time: 5.000000 ms 
gpu elapsed time: 7.000000 ms 
gpu elapsed time: 7.000000 ms 
gpu elapsed time: 7.000000 ms 
gpu elapsed time: 7.000000 ms 
gpu elapsed time: 7.000000 ms 
gpu elapsed time: 7.000000 ms 
gpu elapsed time: 6.000000 ms 
gpu elapsed time: 7.000000 ms 
gpu elapsed time: 8.000000 ms 
gpu elapsed time: 5.000000 ms 
gpu elapsed time: 5.000000 ms 
gpu elapsed time: 7.000000 ms 
gpu elapsed time: 8.000000 ms 
gpu elapsed time: 6.000000 ms 
gpu elapsed time: 26.000000 ms 
gpu elapsed time: 10.000000 ms 
gpu elapsed time: 10.000000 ms 
gpu elapsed time: 10.000000 ms 
rc: 27, gpu elapsed time: 4.000000 ms 
rc: 27, gpu elapsed time: 3.000000 ms 
rc: 27, gpu elapsed time: 3.000000 ms 
rc: 27, gpu elapsed time: 3.000000 ms 
[02:37:03.359091][info] Estimate depth map, view id: 1004938545
Device 0 memory - used: 1631.650024, free: 6560.350098, total: 8192.000000
total size of volume map in GPU memory: 10.678711
nDepths 81, nDepthsToSearch 81 
ps_computeSimilarityVolume elapsed time: 1.000000 ms 
Device 0 memory - used: 1632.462524, free: 6559.537598, total: 8192.000000
total size of volume map in GPU memory: 11.469727
nDepths 87, nDepthsToSearch 87 
ps_computeSimilarityVolume elapsed time: 2.000000 ms 
Device 0 memory - used: 1632.337524, free: 6559.662598, total: 8192.000000
total size of volume map in GPU memory: 11.337891
nDepths 86, nDepthsToSearch 86 
ps_computeSimilarityVolume elapsed time: 2.000000 ms 
Device 0 memory - used: 1630.212524, free: 6561.787598, total: 8192.000000
total size of volume map in GPU memory: 9.228516
nDepths 70, nDepthsToSearch 70 
ps_computeSimilarityVolume elapsed time: 2.000000 ms 
Device 0 memory - used: 1630.212524, free: 6561.787598, total: 8192.000000
total size of volume map in GPU memory: 9.228516
nDepths 70, nDepthsToSearch 70 
ps_computeSimilarityVolume elapsed time: 1.000000 ms 
Device 0 memory - used: 1633.150024, free: 6558.850098, total: 8192.000000
total size of volume map in GPU memory: 12.128906
nDepths 92, nDepthsToSearch 92 
ps_computeSimilarityVolume elapsed time: 2.000000 ms 
Device 0 memory - used: 1633.400024, free: 6558.600098, total: 8192.000000
total size of volume map in GPU memory: 12.392578
nDepths 94, nDepthsToSearch 94 
ps_computeSimilarityVolume elapsed time: 2.000000 ms 
Device 0 memory - used: 1632.962524, free: 6559.037598, total: 8192.000000
total size of volume map in GPU memory: 11.997070
nDepths 91, nDepthsToSearch 91 
ps_computeSimilarityVolume elapsed time: 2.000000 ms 
Device 0 memory - used: 1631.525024, free: 6560.475098, total: 8192.000000
total size of volume map in GPU memory: 10.546875
nDepths 80, nDepthsToSearch 80 
ps_computeSimilarityVolume elapsed time: 2.000000 ms 
Device 0 memory - used: 1633.400024, free: 6558.600098, total: 8192.000000
total size of volume map in GPU memory: 12.392578
nDepths 94, nDepthsToSearch 94 
ps_computeSimilarityVolume elapsed time: 1.000000 ms 
ps_SGMoptimizeSimVolume
ps_updateAggrVolume
ps_aggregatePathVolume
ps_aggregatePathVolume done
ps_updateAggrVolume done
ps_updateAggrVolume
ps_aggregatePathVolume
ps_aggregatePathVolume done
ps_updateAggrVolume done
ps_updateAggrVolume
ps_aggregatePathVolume
ps_aggregatePathVolume done
ps_updateAggrVolume done
ps_updateAggrVolume
ps_aggregatePathVolume
ps_aggregatePathVolume done
ps_updateAggrVolume done
SGM volume gpu elapsed time: 35.000000 ms 
ps_SGMoptimizeSimVolume done
[02:37:03.727092][info] Refine depth map, view id: 1004938545
gpu elapsed time: 5.000000 ms 
gpu elapsed time: 5.000000 ms 
gpu elapsed time: 5.000000 ms 
gpu elapsed time: 5.000000 ms 
gpu elapsed time: 6.000000 ms 
gpu elapsed time: 5.000000 ms 
gpu elapsed time: 5.000000 ms 
gpu elapsed time: 4.000000 ms 
gpu elapsed time: 6.000000 ms 
gpu elapsed time: 5.000000 ms 
gpu elapsed time: 5.000000 ms 
gpu elapsed time: 5.000000 ms 
gpu elapsed time: 7.000000 ms 
gpu elapsed time: 5.000000 ms 
gpu elapsed time: 5.000000 ms 
gpu elapsed time: 5.000000 ms 
gpu elapsed time: 7.000000 ms 
gpu elapsed time: 5.000000 ms 
gpu elapsed time: 5.000000 ms 
gpu elapsed time: 5.000000 ms 
gpu elapsed time: 6.000000 ms 
gpu elapsed time: 7.000000 ms 
gpu elapsed time: 5.000000 ms 
gpu elapsed time: 4.000000 ms 
gpu elapsed time: 11.000000 ms 
gpu elapsed time: 12.000000 ms 
gpu elapsed time: 11.000000 ms 
gpu elapsed time: 10.000000 ms 
rc: 28, gpu elapsed time: 2.000000 ms 
rc: 28, gpu elapsed time: 2.000000 ms 
rc: 28, gpu elapsed time: 3.000000 ms 
rc: 28, gpu elapsed time: 4.000000 ms 
[02:37:04.193094][info] Estimate depth map, view id: 1009773410
Device 0 memory - used: 1636.337524, free: 6555.662598, total: 8192.000000
total size of volume map in GPU memory: 15.369141
nDepths 122, nDepthsToSearch 122 
ps_computeSimilarityVolume elapsed time: 2.000000 ms 
Device 0 memory - used: 1638.025024, free: 6553.975098, total: 8192.000000
total size of volume map in GPU memory: 17.006836
nDepths 135, nDepthsToSearch 135 
ps_computeSimilarityVolume elapsed time: 2.000000 ms 
Device 0 memory - used: 1639.025024, free: 6552.975098, total: 8192.000000
total size of volume map in GPU memory: 18.014648
nDepths 143, nDepthsToSearch 143 
ps_computeSimilarityVolume elapsed time: 2.000000 ms 
Device 0 memory - used: 1646.587524, free: 6545.412598, total: 8192.000000
total size of volume map in GPU memory: 25.573242
nDepths 203, nDepthsToSearch 203 
ps_computeSimilarityVolume elapsed time: 2.000000 ms 
Device 0 memory - used: 1646.587524, free: 6545.412598, total: 8192.000000
total size of volume map in GPU memory: 25.573242
nDepths 203, nDepthsToSearch 203 
ps_computeSimilarityVolume elapsed time: 3.000000 ms 
Device 0 memory - used: 1641.150024, free: 6550.850098, total: 8192.000000
total size of volume map in GPU memory: 20.156250
nDepths 160, nDepthsToSearch 160 
ps_computeSimilarityVolume elapsed time: 2.000000 ms 
Device 0 memory - used: 1633.087524, free: 6558.912598, total: 8192.000000
total size of volume map in GPU memory: 12.093750
nDepths 96, nDepthsToSearch 96 
ps_computeSimilarityVolume elapsed time: 2.000000 ms 
Device 0 memory - used: 1642.275024, free: 6549.725098, total: 8192.000000
total size of volume map in GPU memory: 21.290039
nDepths 169, nDepthsToSearch 169 
ps_computeSimilarityVolume elapsed time: 2.000000 ms 
Device 0 memory - used: 1638.525024, free: 6553.475098, total: 8192.000000
total size of volume map in GPU memory: 17.510742
nDepths 139, nDepthsToSearch 139 
ps_computeSimilarityVolume elapsed time: 2.000000 ms 
Device 0 memory - used: 1638.275024, free: 6553.725098, total: 8192.000000
total size of volume map in GPU memory: 17.258789
nDepths 137, nDepthsToSearch 137 
ps_computeSimilarityVolume elapsed time: 2.000000 ms 
ps_SGMoptimizeSimVolume
ps_updateAggrVolume
ps_aggregatePathVolume
ps_aggregatePathVolume done
ps_updateAggrVolume done
ps_updateAggrVolume
ps_aggregatePathVolume
ps_aggregatePathVolume done
ps_updateAggrVolume done
ps_updateAggrVolume
ps_aggregatePathVolume
ps_aggregatePathVolume done
ps_updateAggrVolume done
ps_updateAggrVolume
ps_aggregatePathVolume
ps_aggregatePathVolume done
ps_updateAggrVolume done
SGM volume gpu elapsed time: 46.000000 ms 
ps_SGMoptimizeSimVolume done
[02:37:04.691096][info] Refine depth map, view id: 1009773410
gpu elapsed time: 5.000000 ms 
gpu elapsed time: 5.000000 ms 
gpu elapsed time: 5.000000 ms 
gpu elapsed time: 6.000000 ms 
gpu elapsed time: 5.000000 ms 
gpu elapsed time: 5.000000 ms 
gpu elapsed time: 5.000000 ms 
gpu elapsed time: 6.000000 ms 
gpu elapsed time: 5.000000 ms 
gpu elapsed time: 5.000000 ms 
gpu elapsed time: 5.000000 ms 
gpu elapsed time: 5.000000 ms 
gpu elapsed time: 6.000000 ms 
gpu elapsed time: 6.000000 ms 
gpu elapsed time: 5.000000 ms 
gpu elapsed time: 6.000000 ms 
gpu elapsed time: 6.000000 ms 
gpu elapsed time: 5.000000 ms 
gpu elapsed time: 5.000000 ms 
gpu elapsed time: 6.000000 ms 
gpu elapsed time: 7.000000 ms 
gpu elapsed time: 6.000000 ms 
gpu elapsed time: 5.000000 ms 
gpu elapsed time: 4.000000 ms 
gpu elapsed time: 18.000000 ms 
gpu elapsed time: 13.000000 ms 
gpu elapsed time: 10.000000 ms 
gpu elapsed time: 10.000000 ms 
rc: 29, gpu elapsed time: 3.000000 ms 
rc: 29, gpu elapsed time: 3.000000 ms 
rc: 29, gpu elapsed time: 3.000000 ms 
rc: 29, gpu elapsed time: 3.000000 ms 
[02:37:05.017098][info] Task done in (s): 3.926000
